Starting Tests: Mon 10/15/2018  4:30:05.37 
UpdateCTestConfiguration  from :C:/Development/libsbml-32-packages/DartConfiguration.tcl
Parse Config file:C:/Development/libsbml-32-packages/DartConfiguration.tcl
UpdateCTestConfiguration  from :C:/Development/libsbml-32-packages/DartConfiguration.tcl
Parse Config file:C:/Development/libsbml-32-packages/DartConfiguration.tcl
Test project C:/Development/libsbml-32-packages
Constructing a list of tests
Done constructing a list of tests
Updating test list for fixtures
Added 0 tests to meet fixture requirements
Checking test dependency graph...
Checking test dependency graph end
test 1
        Start   1: test_extension_package_arrays_run

1: Test command: C:\Development\libsbml-32-packages\src\sbml\packages\arrays\extension\test\test_extension_package_arrays.exe
1: Environment variables: 
1:  srcdir=C:/Development/libsbml-with-packages/src/sbml/packages/arrays/extension/test
1: Test timeout computed to be: 3000
1: Running suite(s): ArraysExtension
1:  WriteArraysExtension
1:  ReadArraysExtension
1:  ReadMathML
1:  WriteMathMLFromAST
1:  ArrayInfixParsing
1:  ArrayInfixWriting
1:  ArrayInfixToMathML
1: 100%: Checks: 68, Failures: 0, Errors: 0
  1/186 Test   #1: test_extension_package_arrays_run .............   Passed    1.73 sec
test 2
        Start   2: test_arrays_util_run

2: Test command: C:\Development\libsbml-32-packages\src\sbml\packages\arrays\util\test\test_arrays_util.exe
2: Environment variables: 
2:  srcdir=C:/Development/libsbml-with-packages/src/sbml/packages/arrays/util/test
2: Test timeout computed to be: 3000
2: Running suite(s): SBMLArraysFlatteningConverter
2: 100%: Checks: 19, Failures: 0, Errors: 0
  2/186 Test   #2: test_arrays_util_run ..........................   Passed    1.88 sec
test 3
        Start   3: test_comp_extensions_run

3: Test command: C:\Development\libsbml-32-packages\src\sbml\packages\comp\extension\test\test_comp_extensions.exe
3: Environment variables: 
3:  srcdir=C:/Development/libsbml-with-packages/src/sbml/packages/comp/extension/test
3: Test timeout computed to be: 3000
3: Running suite(s): SBMLCompExtensionObjects
3:  TestMultipleNamespaces
3:  SBMLCompCheckConsistency
3: 100%: Checks: 14, Failures: 0, Errors: 0
  3/186 Test   #3: test_comp_extensions_run ......................   Passed    2.00 sec
test 4
        Start   4: test_comp_sbase_run

4: Test command: C:\Development\libsbml-32-packages\src\sbml\packages\comp\sbml\test\test_comp_sbase.exe
4: Environment variables: 
4:  srcdir=C:/Development/libsbml-with-packages/src/sbml/packages/comp/sbml/test
4: Test timeout computed to be: 3000
4: Running suite(s): SBMLCompSBaseObjects
4:  SBMLCompIdNamspace
4:  SBMLCompSBaseObjects
4:  comp_deletion
4:  comp_externalModelDefinition
4:  comp_modelDefinition
4:  comp_port
4:  comp_replacedBy
4:  comp_replacedElement
4:  comp_sBaseRef
4:  comp_submodel
4: 100%: Checks: 94, Failures: 0, Errors: 0
  4/186 Test   #4: test_comp_sbase_run ...........................   Passed    1.60 sec
test 5
        Start   5: test_comp_util_run

5: Test command: C:\Development\libsbml-32-packages\src\sbml\packages\comp\util\test\test_comp_util.exe
5: Environment variables: 
5:  srcdir=C:/Development/libsbml-with-packages/src/sbml/packages/comp/util/test
5: Test timeout computed to be: 3000
5: Running suite(s): SBMLCompURIResolvers
5:  SBMLCompLevelVersionConversion
5:  SBMLCompFlatteningUnknownPackageRefs
5:  SBMLCompFlatteningErrorMessages
5:  SBMLCompFlatteningConverter
5:  ExternalModelResolving
5:  SBMLCompFlatteningNewFlags
5:  SBMLCompFlatteningConverterStripPackage
5: 100%: Checks: 354, Failures: 0, Errors: 0
  5/186 Test   #5: test_comp_util_run ............................   Passed    9.67 sec
test 6
        Start   6: test_comp_validator_run

6: Test command: C:\Development\libsbml-32-packages\src\sbml\packages\comp\validator\test\test_comp_validator.exe "C:/Development/libsbml-with-packages/src/sbml/packages/comp/validator/test"
6: Environment variables: 
6:  srcdir=C:/Development/libsbml-with-packages/src/sbml/packages/comp/validator/test
6: Test timeout computed to be: 3000
6: 
6: Validator testrunner
6: ====================
6: using test data from           : C:/Development/libsbml-with-packages/src/sbml/packages/comp/validator/test/test-data
6: 
6: Testing General XML Consistency Constraints (20000 - 29999).
6: 100%: Checks: 279, Failures: 0
6: Testing Id Consistency Constraints (10300 - 10399).
6: 100%: Checks: 14, Failures: 0
6: Testing Unit Consistency Constraints (10500 - 10599).
6: 100%: Checks: 20, Failures: 0
  6/186 Test   #6: test_comp_validator_run .......................   Passed    4.18 sec
test 7
        Start   7: test_extension_package_distrib_run

7: Test command: C:\Development\libsbml-32-packages\src\sbml\packages\distrib\extension\test\test_extension_package_distrib.exe
7: Environment variables: 
7:  srcdir=C:/Development/libsbml-with-packages/src/sbml/packages/distrib/extension/test
7: Test timeout computed to be: 3000
7: Running suite(s): DistribExtension
7:  ReadMathML
7:  WriteMathMLFromAST
7: 100%: Checks: 32, Failures: 0, Errors: 0
  7/186 Test   #7: test_extension_package_distrib_run ............   Passed    1.48 sec
test 8
        Start   8: test_sbml_package_distrib_run

8: Test command: C:\Development\libsbml-32-packages\src\sbml\packages\distrib\sbml\test\test_sbml_package_distrib.exe
8: Environment variables: 
8:  srcdir=C:/Development/libsbml-with-packages/src/sbml/packages/distrib/sbml/test
8: Test timeout computed to be: 3000
8: Running suite(s): TestUncertBound
8:  TestExternalParameters
8:  TestUncertStats
8:  TestIdName
8: 100%: Checks: 17, Failures: 0, Errors: 0
  8/186 Test   #8: test_sbml_package_distrib_run .................   Passed    1.91 sec
test 9
        Start   9: test_distrib_util_run

9: Test command: C:\Development\libsbml-32-packages\src\sbml\packages\distrib\util\test\test_distrib_util.exe
9: Environment variables: 
9:  srcdir=C:/Development/libsbml-with-packages/src/sbml/packages/distrib/util/test
9: Test timeout computed to be: 3000
9: Running suite(s): SBMLDistribAnnotationConverter
9: 100%: Checks: 24, Failures: 0, Errors: 0
  9/186 Test   #9: test_distrib_util_run .........................   Passed    2.02 sec
test 10
        Start  10: test_distrib_validator_run

10: Test command: C:\Development\libsbml-32-packages\src\sbml\packages\distrib\validator\test\test_distrib_validator.exe "C:/Development/libsbml-with-packages/src/sbml/packages/distrib/validator/test"
10: Environment variables: 
10:  srcdir=C:/Development/libsbml-with-packages/src/sbml/packages/distrib/validator/test
10: Test timeout computed to be: 3000
10: 
10: Validator testrunner
10: ====================
10: using test data from           : C:/Development/libsbml-with-packages/src/sbml/packages/distrib/validator/test/test-data
10: 
10: Testing General XML Consistency Constraints (20000 - 29999).
10: 100%: Checks: 5, Failures: 0
10: Testing Id Consistency Constraints (10300 - 10399).
10: 100%: Checks: 19, Failures: 0
 10/186 Test  #10: test_distrib_validator_run ....................   Passed    0.75 sec
test 11
        Start  11: test_extension_package_dyn_run

11: Test command: C:\Development\libsbml-32-packages\src\sbml\packages\dyn\extension\test\test_extension_package_dyn.exe
11: Environment variables: 
11:  srcdir=C:/Development/libsbml-with-packages/src/sbml/packages/dyn/extension/test
11: Test timeout computed to be: 3000
11: Running suite(s): DynExtension
11:  WriteDynExtension
11:  ReadDynExtension
11: 100%: Checks: 15, Failures: 0, Errors: 0
 11/186 Test  #11: test_extension_package_dyn_run ................   Passed    1.28 sec
test 12
        Start  12: test_sbml_package_fbc_run

12: Test command: C:\Development\libsbml-32-packages\src\sbml\packages\fbc\extension\test\test_sbml_package_fbc.exe
12: Environment variables: 
12:  srcdir=C:/Development/libsbml-with-packages/src/sbml/packages/fbc/extension/test
12: Test timeout computed to be: 3000
12: Running suite(s): FbcExtension
12:  WriteFbcExtension
12:  ReadFbcExtension
12:  FbcAssociation
12: 100%: Checks: 36, Failures: 0, Errors: 0
 12/186 Test  #12: test_sbml_package_fbc_run .....................   Passed    1.62 sec
test 13
        Start  13: test_fbc_validator_run

13: Test command: C:\Development\libsbml-32-packages\src\sbml\packages\fbc\validator\test\test_fbc_validator.exe "C:/Development/libsbml-with-packages/src/sbml/packages/fbc/validator/test"
13: Environment variables: 
13:  srcdir=C:/Development/libsbml-with-packages/src/sbml/packages/fbc/validator/test
13: Test timeout computed to be: 3000
13: 
13: Validator testrunner
13: ====================
13: using test data from           : C:/Development/libsbml-with-packages/src/sbml/packages/fbc/validator/test/test-data
13: 
13: Testing General XML Consistency Constraints (20000 - 29999).
13: 100%: Checks: 170, Failures: 0
13: Testing Id Consistency Constraints (10300 - 10399).
13: 100%: Checks: 11, Failures: 0
 13/186 Test  #13: test_fbc_validator_run ........................   Passed    3.11 sec
test 14
        Start  14: test_extension_package_groups_run

14: Test command: C:\Development\libsbml-32-packages\src\sbml\packages\groups\extension\test\test_extension_package_groups.exe
14: Environment variables: 
14:  srcdir=C:/Development/libsbml-with-packages/src/sbml/packages/groups/extension/test
14: Test timeout computed to be: 3000
14: Running suite(s): GroupsExtension
14:  WriteGroupsExtension
14:  ReadGroupsExtension
14:  GroupsModelPlugin
14: 100%: Checks: 25, Failures: 0, Errors: 0
 14/186 Test  #14: test_extension_package_groups_run .............   Passed    1.54 sec
test 15
        Start  15: test_groups_validator_run

15: Test command: C:\Development\libsbml-32-packages\src\sbml\packages\groups\validator\test\test_groups_validator.exe "C:/Development/libsbml-with-packages/src/sbml/packages/groups/validator/test"
15: Environment variables: 
15:  srcdir=C:/Development/libsbml-with-packages/src/sbml/packages/groups/validator/test
15: Test timeout computed to be: 3000
15: 
15: Validator testrunner
15: ====================
15: using test data from           : C:/Development/libsbml-with-packages/src/sbml/packages/groups/validator/test/test-data
15: 
15: Testing General XML Consistency Constraints (20000 - 29999).
15: 100%: Checks: 95, Failures: 0
15: Testing Id Consistency Constraints (10300 - 10399).
15: 100%: Checks: 11, Failures: 0
 15/186 Test  #15: test_groups_validator_run .....................   Passed    1.62 sec
test 16
        Start  16: test_l3v2extendedmath_validator_run

16: Test command: C:\Development\libsbml-32-packages\src\sbml\packages\l3v2extendedmath\validator\test\test_l3v2extendedmath_validator.exe "C:/Development/libsbml-with-packages/src/sbml/packages/l3v2extendedmath/validator/test"
16: Environment variables: 
16:  srcdir=C:/Development/libsbml-with-packages/src/sbml/packages/l3v2extendedmath/validator/test
16: Test timeout computed to be: 3000
16: 
16: Validator testrunner
16: ====================
16: using test data from           : C:/Development/libsbml-with-packages/src/sbml/packages/l3v2extendedmath/validator/test/test-data
16: 
16: Testing MathML Consistency Constraints (10200 - 10299).
16: 100%: Checks: 4, Failures: 0
16: Testing Unit Consistency Constraints (10500 - 10599).
16: 100%: Checks: 6, Failures: 0
 16/186 Test  #16: test_l3v2extendedmath_validator_run ...........   Passed    0.70 sec
test 17
        Start  17: test_extension_package_l3v2extendedmath_run

17: Test command: C:\Development\libsbml-32-packages\src\sbml\packages\l3v2extendedmath\extension\test\test_extension_package_l3v2extendedmath.exe
17: Environment variables: 
17:  srcdir=C:/Development/libsbml-with-packages/src/sbml/packages/l3v2extendedmath/extension/test
17: Test timeout computed to be: 3000
17: Running suite(s): L3v2EMExtension
17:  WriteL3v2EMExtension
17:  ReadL3v2EMExtension
17: 100%: Checks: 12, Failures: 0, Errors: 0
 17/186 Test  #17: test_extension_package_l3v2extendedmath_run ...   Passed    1.22 sec
test 18
        Start  18: test_sbml_package_layout_run

18: Test command: C:\Development\libsbml-32-packages\src\sbml\packages\layout\sbml\test\test_sbml_package_layout.exe
18: Environment variables: 
18:  srcdir=C:/Development/libsbml-with-packages/src/sbml/packages/layout/sbml/test
18: Test timeout computed to be: 3000
18: Running suite(s): Point
18:  Dimensions
18:  BoundingBox
18:  LineSegment
18:  CubicBezier
18:  Curve
18:  GraphicalObject
18:  CompartmentGlyph
18:  SpeciesGlyph
18:  ReactionGlyph
18:  GeneralGlyph
18:  ReferenceGlyph
18:  SpeciesReferenceGlyph
18:  TextGlyph
18:  Layout
18:  LayoutCreation
18:  LayoutFormatter
18:  SBMLHandler
18:  LayoutWriting
18: 100%: Checks: 288, Failures: 0, Errors: 0
 18/186 Test  #18: test_sbml_package_layout_run ..................   Passed    0.89 sec
test 19
        Start  19: test_layout_validator_run

19: Test command: C:\Development\libsbml-32-packages\src\sbml\packages\layout\validator\test\test_layout_validator.exe "C:/Development/libsbml-with-packages/src/sbml/packages/layout/validator/test"
19: Environment variables: 
19:  srcdir=C:/Development/libsbml-with-packages/src/sbml/packages/layout/validator/test
19: Test timeout computed to be: 3000
19: 
19: Validator testrunner
19: ====================
19: using test data from           : C:/Development/libsbml-with-packages/src/sbml/packages/layout/validator/test/test-data
19: 
19: Testing General XML Consistency Constraints (20000 - 29999).
19: 100%: Checks: 223, Failures: 0
19: Testing Id Consistency Constraints (10300 - 10399).
19: 100%: Checks: 18, Failures: 0
 19/186 Test  #19: test_layout_validator_run .....................   Passed    4.27 sec
test 20
        Start  20: test_sbml_package_multi_run

20: Test command: C:\Development\libsbml-32-packages\src\sbml\packages\multi\extension\test\test_sbml_package_multi.exe
20: Environment variables: 
20:  srcdir=C:/Development/libsbml-with-packages/src/sbml/packages/multi/extension/test
20: Test timeout computed to be: 3000
20: Running suite(s): MultiExtension
20:  MultiCheckConsistency
20:  MultiAST
20: 100%: Checks: 16, Failures: 0, Errors: 0
 20/186 Test  #20: test_sbml_package_multi_run ...................   Passed    0.78 sec
test 21
        Start  21: test_multi_validator_run

21: Test command: C:\Development\libsbml-32-packages\src\sbml\packages\multi\validator\test\test_multi_validator.exe "C:/Development/libsbml-with-packages/src/sbml/packages/multi/validator/test"
21: Environment variables: 
21:  srcdir=C:/Development/libsbml-with-packages/src/sbml/packages/multi/validator/test
21: Test timeout computed to be: 3000
21: 
21: Validator testrunner
21: ====================
21: using test data from           : C:/Development/libsbml-with-packages/src/sbml/packages/multi/validator/test/test-data
21: 
21: Testing MathML Consistency Constraints (10200 - 10299).
21: 100%: Checks: 5, Failures: 0
21: Testing General XML Consistency Constraints (20000 - 29999).
21: 100%: Checks: 123, Failures: 0
21: Testing Id Consistency Constraints (10300 - 10999).
21: 100%: Checks: 16, Failures: 0
 21/186 Test  #21: test_multi_validator_run ......................   Passed    1.82 sec
test 22
        Start  22: test_extension_package_qual_run

22: Test command: C:\Development\libsbml-32-packages\src\sbml\packages\qual\extension\test\test_extension_package_qual.exe
22: Environment variables: 
22:  srcdir=C:/Development/libsbml-with-packages/src/sbml/packages/qual/extension/test
22: Test timeout computed to be: 3000
22: Running suite(s): QualExtension
22:  WriteQualExtension
22:  ReadQualExtension
22:  GetAllElements
22: 100%: Checks: 20, Failures: 0, Errors: 0
 22/186 Test  #22: test_extension_package_qual_run ...............   Passed    1.51 sec
test 23
        Start  23: test_sbml_package_qual_run

23: Test command: C:\Development\libsbml-32-packages\src\sbml\packages\qual\sbml\test\test_sbml_package_qual.exe
23: Environment variables: 
23:  srcdir=C:/Development/libsbml-with-packages/src/sbml/packages/qual/sbml/test
23: Test timeout computed to be: 3000
23: Running suite(s): Input
23:  Output
23:  FunctionTerm
23:  Transition
23:  QualitativeSpecies
23:  DefaultTerm
23:  ListOfFunctionTerms
23:  CopyAndClone
23: 100%: Checks: 73, Failures: 0, Errors: 0
 23/186 Test  #23: test_sbml_package_qual_run ....................   Passed    1.49 sec
test 24
        Start  24: test_qual_validator_run

24: Test command: C:\Development\libsbml-32-packages\src\sbml\packages\qual\validator\test\test_qual_validator.exe "C:/Development/libsbml-with-packages/src/sbml/packages/qual/validator/test"
24: Environment variables: 
24:  srcdir=C:/Development/libsbml-with-packages/src/sbml/packages/qual/validator/test
24: Test timeout computed to be: 3000
24: 
24: Validator testrunner
24: ====================
24: using test data from           : C:/Development/libsbml-with-packages/src/sbml/packages/qual/validator/test/test-data
24: 
24: Testing General XML Consistency Constraints (20000 - 29999).
24: 100%: Checks: 81, Failures: 0
24: Testing Id Consistency Constraints (10300 - 10399).
24: 100%: Checks: 4, Failures: 0
24: Testing Math Consistency Constraints (10200 - 10299).
24: 100%: Checks: 3, Failures: 0
 24/186 Test  #24: test_qual_validator_run .......................   Passed    2.01 sec
test 25
        Start  25: test_sbml_package_render_run

25: Test command: C:\Development\libsbml-32-packages\src\sbml\packages\render\sbml\test\test_sbml_package_render.exe
25: Environment variables: 
25:  srcdir=C:/Development/libsbml-with-packages/src/sbml/packages/render/sbml/test
25: Test timeout computed to be: 3000
25: Running suite(s): RenderExtension
25:  RelAbsVector
25:  ColorDefinition
25:  GradientStop
25:  RenderPoint
25:  RenderCubicBezier
25:  GradientBaseTest
25:  LinearGradient
25:  RadialGradient
25:  Transformation
25:  Transformation2D
25:  Image
25:  GraphicalPrimitive1D
25:  RenderCurve
25:  Text
25:  GraphicalPrimitive2D
25:  Rectangle
25:  Ellipse
25:  Polygon
25:  Group
25:  LineEnding
25:  Style
25:  GlobalStyle
25:  LocalStyle
25:  RenderInformationBase
25:  GlobalRenderInformation
25:  LocalRenderInformation
25:  RenderReading
25:  RenderWriting
25: 100%: Checks: 136, Failures: 0, Errors: 0
 25/186 Test  #25: test_sbml_package_render_run ..................   Passed    1.84 sec
test 26
        Start  26: test_render_validator_run

26: Test command: C:\Development\libsbml-32-packages\src\sbml\packages\render\validator\test\test_render_validator.exe "C:/Development/libsbml-with-packages/src/sbml/packages/render/validator/test"
26: Environment variables: 
26:  srcdir=C:/Development/libsbml-with-packages/src/sbml/packages/render/validator/test
26: Test timeout computed to be: 3000
26: 
26: Validator testrunner
26: ====================
26: using test data from           : C:/Development/libsbml-with-packages/src/sbml/packages/render/validator/test/test-data
26: 
26: Testing General XML Consistency Constraints (20000 - 29999).
26: 100%: Checks: 111, Failures: 0
 26/186 Test  #26: test_render_validator_run .....................   Passed    2.23 sec
test 27
        Start  27: test_sbml_package_req_run

27: Test command: C:\Development\libsbml-32-packages\src\sbml\packages\req\extension\test\test_sbml_package_req.exe
27: Environment variables: 
27:  srcdir=C:/Development/libsbml-with-packages/src/sbml/packages/req/extension/test
27: Test timeout computed to be: 3000
27: Running suite(s): ReqExtension
27:  WriteReqExtension
27:  ReadReqExtension
27: 100%: Checks: 14, Failures: 0, Errors: 0
 27/186 Test  #27: test_sbml_package_req_run .....................   Passed    1.34 sec
test 28
        Start  28: test_sbml_package_spatial_run

28: Test command: C:\Development\libsbml-32-packages\src\sbml\packages\spatial\extension\test\test_sbml_package_spatial.exe
28: Environment variables: 
28:  srcdir=C:/Development/libsbml-with-packages/src/sbml/packages/spatial/extension/test
28: Test timeout computed to be: 3000
28: Running suite(s): SpatialExtension
28:  WriteSpatialExtension
28:  ReadSpatialExtension
28: 100%: Checks: 22, Failures: 0, Errors: 0
 28/186 Test  #28: test_sbml_package_spatial_run .................   Passed    1.83 sec
test 29
        Start  29: test_sbml_objects_package_spatial

29: Test command: C:\Development\libsbml-32-packages\src\sbml\packages\spatial\sbml\test\test_sbml_objects_package_spatial.exe
29: Environment variables: 
29:  srcdir=C:/Development/libsbml-with-packages/src/sbml/packages/spatial/sbml/test
29: Test timeout computed to be: 3000
29: Running suite(s): ParametricObject
29:  ParametricObject
29:  SampledField
29:  TransformationComponent
29:  CopyAndClone
29: 100%: Checks: 28, Failures: 0, Errors: 0
 29/186 Test  #29: test_sbml_objects_package_spatial .............   Passed    0.80 sec
test 30
        Start  30: test_spatial_validator_run

30: Test command: C:\Development\libsbml-32-packages\src\sbml\packages\spatial\validator\test\test_spatial_validator.exe "C:/Development/libsbml-with-packages/src/sbml/packages/spatial/validator/test"
30: Environment variables: 
30:  srcdir=C:/Development/libsbml-with-packages/src/sbml/packages/spatial/validator/test
30: Test timeout computed to be: 3000
30: 
30: Validator testrunner
30: ====================
30: using test data from           : C:/Development/libsbml-with-packages/src/sbml/packages/spatial/validator/test/test-data
30: 
30: Testing General XML Consistency Constraints (20000 - 29999).
30: 100%: Checks: 179, Failures: 0
30: Testing Id Consistency Constraints (10300 - 10399).
30: 100%: Checks: 38, Failures: 0
 30/186 Test  #30: test_spatial_validator_run ....................   Passed    3.35 sec
test 31
        Start  31: test_sbml_annotation_run

31: Test command: C:\Development\libsbml-32-packages\src\sbml\annotation\test\test_sbml_annotation.exe
31: Environment variables: 
31:  srcdir=C:/Development/libsbml-with-packages/src/sbml/annotation/test
31: Test timeout computed to be: 3000
31: Running suite(s): CVTerms
31:  CVTerms_newSetters
31:  ModelHistory
31:  Date_newSetters
31:  ModelCreator_newSetters
31:  ModelHistory_newSetters
31:  CopyAndClone
31:  RDFAnnotation
31:  RDFAnnotation2
31:  Validation
31:  RDFAnnotation_C
31:  L3ModelHistory
31:  SyncAnnotation
31:  RDFAnnotationMetaid
31:  RDFAnnotationNestedCVTerm
31:  RDFAnnotationV4
31: 100%: Checks: 180, Failures: 0, Errors: 0
 31/186 Test  #31: test_sbml_annotation_run ......................   Passed    1.97 sec
test 32
        Start  32: test_sbml_conversion_run

32: Test command: C:\Development\libsbml-32-packages\src\sbml\conversion\test\test_sbml_conversion.exe
32: Environment variables: 
32:  srcdir=C:/Development/libsbml-with-packages/src/sbml/conversion/test
32: Test timeout computed to be: 3000
32: Running suite(s): ConversionOption
32:  SBMLRuleConverter
32:  ConversionProperties
32:  SBMLConverterRegistry
32:  UnitsConverter
32:  UnitsConverter2
32:  UnitsConverterL2
32:  InferUnitsConverter
32:  StripPackageConverter
32:  LevelVersionConverter
32:  RateOfConverter
32: 100%: Checks: 170, Failures: 0, Errors: 0
 32/186 Test  #32: test_sbml_conversion_run ......................   Passed    2.33 sec
test 33
        Start  33: test_sbml_extension_run

33: Test command: C:\Development\libsbml-32-packages\src\sbml\extension\test\test_sbml_extension.exe
33: Environment variables: 
33:  srcdir=C:/Development/libsbml-with-packages/src/sbml/extension/test
33: Test timeout computed to be: 3000
33: Running suite(s): SBaseExtensionPoint
33:  SBasePlugin
33:  SBasePluginCreator
33:  SBasePluginCreatorBase
33:  SBMLDocumentPlugin
33:  SBMLExtension
33:  SBMLExtensionNamespaces
33:  SBMLExtensionRegistry
33:  TestUnknownPackages
33: 100%: Checks: 30, Failures: 0, Errors: 0
 33/186 Test  #33: test_sbml_extension_run .......................   Passed    1.45 sec
test 34
        Start  34: test_sbml_math_run

34: Test command: C:\Development\libsbml-32-packages\src\sbml\math\test\test_sbml_math.exe
34: Environment variables: 
34:  srcdir=C:/Development/libsbml-with-packages/src/sbml/math/test
34: Test timeout computed to be: 3000
34: Running suite(s): ASTNode
34:  FormulaFormatter
34:  FormulaParser
34:  L3FormulaFormatter
34:  L3FormulaParser
34:  L3FormulaParserC
34:  FormulaTokenizer
34:  ReadMathML
34:  WriteMathML
34:  WriteMathMLFromAST
34:  test-data/mathML_1.xml
34:  test-data/mathML_2.xml
34:  TestValidASTNode
34:  TestChildFunctions
34:  TestGetValue
34:  test-data/L3V2Math.xml
34: 100%: Checks: 676, Failures: 0, Errors: 0
 34/186 Test  #34: test_sbml_math_run ............................   Passed    1.23 sec
test 35
        Start  35: test_sbml_sbml_run

35: Test command: C:\Development\libsbml-32-packages\src\sbml\test\test_sbml_sbml.exe
35: Environment variables: 
35:  srcdir=C:/Development/libsbml-with-packages/src/sbml/test
35: Test timeout computed to be: 3000
35: Running suite(s): ReadSBML
35:  SBMLValidator API
35:  RenameIDs
35:  RemoveFromParent
35:  GetMultipleObjects
35:  WriteSBML
35:  WriteL3SBML
35:  WriteL3V2SBML
35:  AlgebraicRule
35:  AssignmentRule
35:  Compartment
35:  L3_Compartment
35:  Compartment_newSetters
35:  CompartmentType
35:  CompartmentType_newSetters
35:  CompartmentVolumeRule
35:  Constraint
35:  Constraint_newSetters
35:  Delay
35:  Event
35:  L3_Event
35:  Event_newSetters
35:  EventAssignment
35:  EventAssignment_newSetters
35:  FunctionDefinition
35:  FunctionDefinition_newSetters
35:  InitialAssignment
35:  InitialAssignment_newSetters
35:  KineticLaw
35:  KineticLaw_newSetters
35:  L3_KineticLaw
35:  ListOf
35:  Model
35:  L3_Model
35:  Model_newSetters
35:  ModifierSpeciesReference
35:  Parameter
35:  L3_Parameter
35:  L3_LocalParameter
35:  Parameter_newSetters
35:  ParameterRule
35:  Priority
35:  RateRule
35:  Reaction
35:  L3_Reaction
35:  Reaction_newSetters
35:  Rule
35:  Rule_newSetters
35:  SBase
35:  SBase_newSetters
35:  Species
35:  L3_Species
35:  Species_newSetters
35:  SpeciesReference
35:  L3_SpeciesReference
35:  SpeciesReference_newSetters
35:  SpeciesConcentrationRule
35:  SpeciesType
35:  SpeciesType_newSetters
35:  StoichiometryMath
35:  Trigger
35:  L3Trigger
35:  Unit
35:  L3_Unit
35:  Unit_newSetters
35:  UnitDefinition
35:  UnitDefinition_newSetters
35:  UnitKind
35:  CopyAndClone
35:  SBMLConvert
35:  SBMLConvertStrict
35:  SBMLConvertFromL3V2
35:  SBMLDocument
35:  SBMLError
35:  test-data/l1v1-branch.xml
35:  test-data/l1v1-units.xml
35:  test-data/l1v1-rules.xml
35:  test-data/l1v1-minimal.xml
35:  test-data/l2v1-assignment.xml
35:  test-data/l2v2-newComponents.xml
35:  test-data/l2v3-all.xml
35:  test-data/l2v4-new.xml
35:  test-data/l3v1-new.xml
35:  test-data/l2v5-all.xml
35:  test-data/l3v2-all.xml
35:  test-data/l3v2-no-model.xml
35:  test-data/l3v2-empty-lo-1.xml
35:  test-data/l3v2-empty-lo-2.xml
35:  test-data/l3v2-empty-math.xml
35:  test-data/l3v2-empty-event.xml
35:  test-data/l3v2-empty-event2.xml
35:  ConsistencyChecks
35:  ParentObject
35:  AncestorObject
35:  InternalConsistencyChecks
35:  HasReqdAtt
35:  HasReqdElements
35:  SBMLNamespaces
35:  SyntaxChecker
35:  SBMLConstructorException
35:  SBMLTransforms
35:  GetMultipleObjects
35:  LevelCompatibility
35:  SBaseIdName
35:  Generic Attribute Functions
35: 100%: Checks: 1730, Failures: 0, Errors: 0
 35/186 Test  #35: test_sbml_sbml_run ............................   Passed    4.07 sec
test 36
        Start  36: test_sbml_units_run

36: Test command: C:\Development\libsbml-32-packages\src\sbml\units\test\test_sbml_units.exe
36: Environment variables: 
36:  srcdir=C:/Development/libsbml-with-packages/src/sbml/units/test
36: Test timeout computed to be: 3000
36: Running suite(s): UtilsUnit
36:  UtilsUnitDefinition
36:  UnitFormulaFormatter
36:  UnitFormulaFormatter1
36:  FormulaUnitData
36:  FormulaUnitDataMap
36:  DerivedUnitDefinition
36:  UnitFormulaFormatter2
36:  CalcUnitDefinition
36:  UnitFormulaFormatter3
36:  DerivedUnitDefinitionUndefined
36: 100%: Checks: 173, Failures: 0, Errors: 0
 36/186 Test  #36: test_sbml_units_run ...........................   Passed    1.72 sec
test 37
        Start  37: test_sbml_util_run

37: Test command: C:\Development\libsbml-32-packages\src\sbml\util\test\test_sbml_util.exe
37: Test timeout computed to be: 3000
37: Running suite(s): memory
37:  util
37:  List
37:  Stack
37:  StringBuffer
37: 100%: Checks: 57, Failures: 0, Errors: 0
 37/186 Test  #37: test_sbml_util_run ............................   Passed    0.39 sec
test 38
        Start  38: test_sbml_validator_run

38: Test command: C:\Development\libsbml-32-packages\src\sbml\validator\test\test_sbml_validator.exe "C:/Development/libsbml-with-packages/src/sbml/validator/test"
38: Test timeout computed to be: 3000
38: 
38: Validator testrunner
38: ====================
38: using test data from           : C:/Development/libsbml-with-packages/src/sbml/validator/test/test-data
38: using conversion test data from: C:/Development/libsbml-with-packages/src/sbml/validator/test/test-data-conversion
38: 
38: Testing Bad XML Constraints (0000 - 10000).
38: 100%: Checks: 55, Failures: 0
38: Testing General XML Consistency Constraints (10000 - 10199).
38: 100%: Checks: 197, Failures: 0
38: Testing General MathML Consistency Constraints (10200 - 10299).
38: 100%: Checks: 503, Failures: 0
38: Testing Id Consistency Constraints (10300 - 10399).
38: 100%: Checks: 509, Failures: 0
38: Testing General Annotation Consistency Constraints (10400 - 10499).
38: 100%: Checks: 65, Failures: 0
38: Testing Unit Consistency Constraints (10500 - 10599).
38: 100%: Checks: 1172, Failures: 0
38: Testing Unit Consistency Constraints (20000 - 29999).
38: 100%: Checks: 362, Failures: 0
38: Testing Overdetermined Constraints (10600 - 10699).
38: 100%: Checks: 31, Failures: 0
38: Testing SBO Consistency Constraints (10700 - 10799).
38: 100%: Checks: 206, Failures: 0
38: Testing General Notes Consistency Constraints (10800 - 19999).
38: 100%: Checks: 92, Failures: 0
38: Testing Model Consistency Constraints (20000 - 29999).
38: 100%: Checks: 2290, Failures: 0
38: Testing L1 Compatibility Constraints (91000 - 91999).
38: 100%: Checks: 91, Failures: 0
38: Testing L2v1 Compatibility Constraints (92000 - 92999).
38: 100%: Checks: 38, Failures: 0
38: Testing L2v2 Compatibility Constraints (93000 - 93999).
38: 100%: Checks: 23, Failures: 0
38: Testing L2v3 Compatibility Constraints (94000 - 94999).
38: 100%: Checks: 22, Failures: 0
38: Testing L2v4 Compatibility Constraints (95000 - 95999).
38: 100%: Checks: 21, Failures: 0
38: Testing L3v1 Compatibility Constraints (96000 - 96999).
38: 100%: Checks: 31, Failures: 0
38: Testing L1 for New Compatibility Constraints (98000 - 98999).
38: 100%: Checks: 39, Failures: 0
38: Testing L2v1 for New Compatibility Constraints (98000 - 98999).
38: 100%: Checks: 39, Failures: 0
38: Testing L2v2 for New Compatibility Constraints (98000 - 98999).
38: 100%: Checks: 39, Failures: 0
38: Testing L2v3 for New Compatibility Constraints (98000 - 98999).
38: 100%: Checks: 39, Failures: 0
38: Testing L3v1 for New Compatibility Constraints (98000 - 98999).
38: 100%: Checks: 39, Failures: 0
38: Testing New Compatibility Constraints (98000 - 98999).
38: 100%: Checks: 39, Failures: 0
38: Testing Additional SBML Constraints (99100 - 99108).
38: 100%: Checks: 31, Failures: 0
38: Testing Additional SBML Constraints (99129 - 99199).
38: 100%: Checks: 56, Failures: 0
38: Testing Additional Math Constraints (99200 - 99299).
38: 100%: Checks: 140, Failures: 0
38: Testing Additional SBML Constraints (99300 - 99399).
38: 100%: Checks: 10, Failures: 0
38: Testing Additional Annotation Constraints (99400 - 99499).
38: 100%: Checks: 28, Failures: 0
38: Testing Additional Unit Constraints (99127 - 99128).
38: 100%: Checks: 36, Failures: 0
38: Testing Additional Unit Constraints (99500 - 99599).
38: 100%: Checks: 174, Failures: 0
38: Testing Additional SBO Constraints (99700 - 99799).
38: 100%: Checks: 30, Failures: 0
38: Testing Modeling Practice Constraints (80000 - 89999).
38: 100%: Checks: 56, Failures: 0
 38/186 Test  #38: test_sbml_validator_run .......................   Passed   75.95 sec
test 39
        Start  39: test_sbml_xml_run

39: Test command: C:\Development\libsbml-32-packages\src\sbml\xml\test\test_sbml_xml.exe
39: Test timeout computed to be: 3000
39: Running suite(s): XMLAttributes
39:  CopyAndClone
39:  XMLNamespaces
39:  XMLTriple
39:  XMLToken
39:  XMLToken_newSetters
39:  XMLNode
39:  XMLNode_newSetters
39:  XMLError
39:  XMLErrorC
39:  XMLErrorLog
39:  XMLInputStream
39:  XMLOutputStream
39: <!-- Created by foo version bar on 2018-10-15 04:32 with libSBML version 5.17.1. -->
39:  XMLAttributesC
39:  XMLExceptions
39: 100%: Checks: 129, Failures: 0, Errors: 0
 39/186 Test  #39: test_sbml_xml_run .............................   Passed    1.52 sec
test 40
        Start  40: test_csharp_bindings

40: Test command: C:\Development\libsbml-32-packages\src\bindings\csharp\TestRW.exe "C:/Development/libsbml-with-packages/examples/sample-models/from-spec/level-2/" "-p" "C:/Development/libsbml-32-packages/src/bindings/csharp"
40: Test timeout computed to be: 3000
40: Testing LibSBML: 5.17.1
40: 
40: ...........................................................................................................................................................................................................................
40: All tests passed.
40: 
 40/186 Test  #40: test_csharp_bindings ..........................   Passed    1.81 sec
test 41
        Start  41: test_csharp_bindings_full

41: Test command: C:\Development\libsbml-32-packages\src\bindings\csharp\TestRunner.exe "-d" "C:/Development/libsbml-with-packages/src/sbml/test/test-data" "-l" "C:/Development/libsbml-32-packages/src/bindings/csharp/libsbmlcsP.dll" "-w" "C:/Development/libsbml-with-packages/src/bindings/csharp" "-p" "C:/Development/libsbml-32-packages/src/bindings/csharp"
41: Test timeout computed to be: 3000
41: LibSBML C# Testrunner
41: =====================
41: Running the tests with: 
41: 	Data Directory:   C:/Development/libsbml-with-packages/src/sbml/test/test-data
41: 
41: .........................................................................................................................................................................................................................................................................................................................................................................................................................................................................................................................................................................................................................................................................................................................................................................................................................................................................................................................................................................................................................................................................................................................................................................................................................................................................................................................................................................................................................................................................................................................................................................................................................................................................................................................................................................................................................................................................................................................................................................................<!-- Created by foo version bar on 2018-10-15 04:32 with libSBML version 5.17.1. -->
41: .....................................
41: 
41: Total Number of Tests 1830, failures 0
41: 
41: All tests passed.
41: 
41: 
41: Unhandled Exception: System.AccessViolationException: Attempted to read or write protected memory. This is often an indication that other memory is corrupt.
41:    at libsbmlcs.libsbmlPINVOKE.delete_XMLInputStream(HandleRef jarg1)
41:    at libsbmlcs.XMLInputStream.Dispose()
41:    at libsbmlcs.XMLInputStream.Finalize()
 41/186 Test  #41: test_csharp_bindings_full .....................   Passed    8.38 sec
test 42
        Start  42: test_java_binding

42: Test command: "C:\Program Files (x86)\Java\jdk1.7.0_05\bin\java.exe" "-Xss8m" "-Djava.library.path=C:/Development/libsbml-32-packages/src/bindings/java" "-cp" "C:\Development\libsbml-32-packages\src\bindings\java\libsbmlj.jar;C:\Development\libsbml-32-packages\src\bindings\java;C:\Development\libsbml-32-packages\src\bindings\java\test" "AutoTestRunner"
42: Test timeout computed to be: 3000
42: ........................................................................................................................................................................................................................................................................................................................................................................................................................................................................................................................................................................................................................
 42/186 Test  #42: test_java_binding .............................   Passed    2.43 sec
test 43
        Start  43: test_java_printversion

43: Test command: "C:\Program Files (x86)\Java\jdk1.7.0_05\bin\java.exe" "-Xss8m" "-Djava.library.path=C:/Development/libsbml-32-packages/src/bindings/java" "-cp" "C:\Development\libsbml-32-packages\src\bindings\java\libsbmlj.jar;C:\Development\libsbml-32-packages\src\bindings\java;C:\Development\libsbml-32-packages\src\bindings\java\test" "TestPrintVersion" "5.17.1"
43: Test timeout computed to be: 3000
43: .
 43/186 Test  #43: test_java_printversion ........................   Passed    0.20 sec
test 44
        Start  44: test_perl_binding

44: Test command: C:\Perl_516\bin\perl.exe "-IC:/Development/libsbml-32-packages/src/bindings/perl" "-IC:/Development/libsbml-32-packages/src/bindings/perl" "-MExtUtils::Command::MM" "-e" "test_harness(0)" "C:/Development/libsbml-with-packages/src/bindings/perl/t/*.t"
44: Test timeout computed to be: 3000
44: C:/Development/libsbml-with-packages/src/bindings/perl/t/01__LoadModule.t ................ ok
44: C:/Development/libsbml-with-packages/src/bindings/perl/t/02__CreateDocument.t ............ ok
44: C:/Development/libsbml-with-packages/src/bindings/perl/t/02__ReadFromFile.t .............. ok
44: C:/Development/libsbml-with-packages/src/bindings/perl/t/02__ReadFromFileL3.t ............ ok
44: C:/Development/libsbml-with-packages/src/bindings/perl/t/02__WriteToFile.t ............... ok
44: C:/Development/libsbml-with-packages/src/bindings/perl/t/02__WriteToFileL3.t ............. ok
44: C:/Development/libsbml-with-packages/src/bindings/perl/t/03__ChangeValues.t .............. ok
44: C:/Development/libsbml-with-packages/src/bindings/perl/t/03__DowncastRule.t .............. ok
44: C:/Development/libsbml-with-packages/src/bindings/perl/t/03__DowncastSBase.t ............. ok
44: C:/Development/libsbml-with-packages/src/bindings/perl/t/03__DowncastSBaseL3.t ........... ok
44: C:/Development/libsbml-with-packages/src/bindings/perl/t/04__ListOf.t .................... ok
44: C:/Development/libsbml-with-packages/src/bindings/perl/t/04__ListOfL3.t .................. ok
44: C:/Development/libsbml-with-packages/src/bindings/perl/t/05__AlgebraicRule.t ............. ok
44: C:/Development/libsbml-with-packages/src/bindings/perl/t/05__AssignmentRule.t ............ ok
44: C:/Development/libsbml-with-packages/src/bindings/perl/t/05__AssignmentRuleL3.t .......... ok
44: C:/Development/libsbml-with-packages/src/bindings/perl/t/05__Compartment.t ............... ok
44: C:/Development/libsbml-with-packages/src/bindings/perl/t/05__CompartmentL3.t ............. ok
44: C:/Development/libsbml-with-packages/src/bindings/perl/t/05__CompartmentVolumeRule.t ..... ok
44: C:/Development/libsbml-with-packages/src/bindings/perl/t/05__Event.t ..................... ok
44: C:/Development/libsbml-with-packages/src/bindings/perl/t/05__EventAssignment.t ........... ok
44: C:/Development/libsbml-with-packages/src/bindings/perl/t/05__EventL3.t ................... ok
44: C:/Development/libsbml-with-packages/src/bindings/perl/t/05__Formula.t ................... ok
44: C:/Development/libsbml-with-packages/src/bindings/perl/t/05__FunctionDefinition.t ........ ok
44: C:/Development/libsbml-with-packages/src/bindings/perl/t/05__KineticLaw.t ................ ok
44: C:/Development/libsbml-with-packages/src/bindings/perl/t/05__KineticLawL3.t .............. ok
44: C:/Development/libsbml-with-packages/src/bindings/perl/t/05__Model.t ..................... ok
44: C:/Development/libsbml-with-packages/src/bindings/perl/t/05__ModelL3.t ................... ok
44: C:/Development/libsbml-with-packages/src/bindings/perl/t/05__ModifierSpeciesReference.t .. ok
44: C:/Development/libsbml-with-packages/src/bindings/perl/t/05__Parameter.t ................. ok
44: C:/Development/libsbml-with-packages/src/bindings/perl/t/05__ParameterL3.t ............... ok
44: C:/Development/libsbml-with-packages/src/bindings/perl/t/05__ParameterRule.t ............. ok
44: C:/Development/libsbml-with-packages/src/bindings/perl/t/05__RateRule.t .................. ok
44: C:/Development/libsbml-with-packages/src/bindings/perl/t/05__SBMLDocument.t .............. ok
44: C:/Development/libsbml-with-packages/src/bindings/perl/t/05__SBMLDocumentVerbose.t ....... ok
44: C:/Development/libsbml-with-packages/src/bindings/perl/t/06__TestReadSBML.t .............. ok
44: C:/Development/libsbml-with-packages/src/bindings/perl/t/06__TestReadSBMLL3.t ............ ok
44: C:/Development/libsbml-with-packages/src/bindings/perl/t/06__TestWriteSBML.t ............. ok
44: C:/Development/libsbml-with-packages/src/bindings/perl/t/06__TestWriteSBMLL3.t ........... ok
44: C:/Development/libsbml-with-packages/src/bindings/perl/t/07__TestCVTerms.t ............... ok
44: C:/Development/libsbml-with-packages/src/bindings/perl/t/07__TestModelHistory.t .......... ok
44: C:/Development/libsbml-with-packages/src/bindings/perl/t/07__TestRDFAnnotation2.t ........ ok
44: All tests successful.
44: Files=41, Tests=3364, 18 wallclock secs ( 0.44 usr +  0.03 sys =  0.47 CPU)
44: Result: PASS
 44/186 Test  #44: test_perl_binding .............................   Passed   17.80 sec
test 45
        Start  45: test_matlab_binding

45: Test command: "C:\Program Files (x86)\MATLAB\R2011b\bin\matlab.bat" "-nosplash" "-nodesktop" "-memmgr" "debug" "-logfile" "runTests.log" "-r" "runTests;quit;"
45: Test timeout computed to be: 3000
45: CAUTION: MATLAB.BAT will be obsoleted soon. Please change links and scripts to use bin\MATLAB.EXE
 45/186 Test  #45: test_matlab_binding ...........................   Passed    0.23 sec
test 46
        Start  46: test_python_binding

46: Test command: C:\Python32\Python27\python.exe "C:/Development/libsbml-32-packages/src/bindings/python/test.py" "-p" "C:/Development/libsbml-32-packages/src/bindings/python" "-b" "C:/Development/libsbml-with-packages/src/bindings/python/test"
46: Test timeout computed to be: 3000
46: ......................................................................................................................................................................................................................................................................................................................................................................................................................................................................................................................................................................................................................................................................................................................................................................................................................................................................................................................................................................................................................................................................................................................................................................................................................................................................................................................................................................................................................................................................................................<!-- Created by foo version bar on 2018-10-15 04:33 with libSBML version 5.17.1. -->
46: .....................................................................................................................................................................................................................................................................................................................................................................................
46: ----------------------------------------------------------------------
46: Ran 1819 tests in 1.129s
46: 
46: OK
 46/186 Test  #46: test_python_binding ...........................   Passed    8.76 sec
test 47
        Start  47: test_python_printversion

47: Test command: C:\Python32\Python27\python.exe "-c" "import libsbml; assert libsbml.getLibSBMLDottedVersion() == '5.17.1'" "-p" "C:/Development/libsbml-32-packages/src/bindings/python" "-b" "C:/Development/libsbml-with-packages/src/bindings/python/test"
47: Environment variables: 
47:  PYTHONPATH=C:/Development/libsbml-32-packages/src/bindings/python;C:/Development/libsbml-32-packages/src/bindings/python;
47: Test timeout computed to be: 3000
 47/186 Test  #47: test_python_printversion ......................   Passed    0.88 sec
test 48
        Start  48: test_python_addCVTerms

48: Test command: C:\Python32\Python27\python.exe "C:/Development/libsbml-with-packages/examples/python/addCVTerms.py" "C:/Development/libsbml-with-packages/examples/sample-models/from-spec/level-3/enzymekinetics.xml" "addCVTerms.out.xml"
48: Environment variables: 
48:  PYTHONPATH=C:/Development/libsbml-32-packages/src/bindings/python;C:/Development/libsbml-32-packages/src/bindings/python;
48: Test timeout computed to be: 3000
 48/186 Test  #48: test_python_addCVTerms ........................   Passed    0.83 sec
test 49
        Start  49: test_python_addingEvidenceCodes_1

49: Test command: C:\Python32\Python27\python.exe "C:/Development/libsbml-with-packages/examples/python/addingEvidenceCodes_1.py" "C:/Development/libsbml-with-packages/examples/sample-models/from-spec/level-3/enzymekinetics.xml" "addingEvidenceCodes_1.out.xml"
49: Environment variables: 
49:  PYTHONPATH=C:/Development/libsbml-32-packages/src/bindings/python;C:/Development/libsbml-32-packages/src/bindings/python;
49: Test timeout computed to be: 3000
 49/186 Test  #49: test_python_addingEvidenceCodes_1 .............   Passed    0.42 sec
test 50
        Start  50: test_python_addingEvidenceCodes_2

50: Test command: C:\Python32\Python27\python.exe "C:/Development/libsbml-with-packages/examples/python/addingEvidenceCodes_2.py" "C:/Development/libsbml-with-packages/examples/sample-models/from-spec/level-3/enzymekinetics.xml" "addingEvidenceCodes_2.out.xml"
50: Environment variables: 
50:  PYTHONPATH=C:/Development/libsbml-32-packages/src/bindings/python;C:/Development/libsbml-32-packages/src/bindings/python;
50: Test timeout computed to be: 3000
 50/186 Test  #50: test_python_addingEvidenceCodes_2 .............   Passed    0.51 sec
test 51
        Start  51: test_python_addModelHistory

51: Test command: C:\Python32\Python27\python.exe "C:/Development/libsbml-with-packages/examples/python/addModelHistory.py" "C:/Development/libsbml-with-packages/examples/sample-models/from-spec/level-3/enzymekinetics.xml" "addModelHistory.out.xml"
51: Environment variables: 
51:  PYTHONPATH=C:/Development/libsbml-32-packages/src/bindings/python;C:/Development/libsbml-32-packages/src/bindings/python;
51: Test timeout computed to be: 3000
51: Status for addCreator: succeeded
51: Set created date:      succeeded
51: Set modified date:     succeeded
51: Set model history:     unknown
 51/186 Test  #51: test_python_addModelHistory ...................   Passed    0.36 sec
test 52
        Start  52: test_python_append_to_note

52: Test command: C:\Python32\Python27\python.exe "C:/Development/libsbml-with-packages/examples/python/append_to_note.py" "C:/Development/libsbml-with-packages/examples/sample-models/from-spec/level-3/enzymekineticext.xml" "veq" "a new note" "append_to_note.out.xml"
52: Environment variables: 
52:  PYTHONPATH=C:/Development/libsbml-32-packages/src/bindings/python;C:/Development/libsbml-32-packages/src/bindings/python;
52: Test timeout computed to be: 3000
52: Body before change: 
52: <body xmlns="http://www.w3.org/1999/xhtml">
52:   <p xmlns="http://www.w3.org/1999/xhtml">Some notes</p>
52: </body>
52: 
52: Body after change: 
52: <body xmlns="http://www.w3.org/1999/xhtml">
52:   <p xmlns="http://www.w3.org/1999/xhtml">Some notes</p>a new note</body>
 52/186 Test  #52: test_python_append_to_note ....................   Passed    0.39 sec
test 53
        Start  53: test_python_appendAnnotation

53: Test command: C:\Python32\Python27\python.exe "C:/Development/libsbml-with-packages/examples/python/appendAnnotation.py" "C:/Development/libsbml-with-packages/examples/sample-models/from-spec/level-3/enzymekinetics.xml" "appendAnnotation.out.xml"
53: Environment variables: 
53:  PYTHONPATH=C:/Development/libsbml-32-packages/src/bindings/python;C:/Development/libsbml-32-packages/src/bindings/python;
53: Test timeout computed to be: 3000
 53/186 Test  #53: test_python_appendAnnotation ..................   Passed    0.36 sec
test 54
        Start  54: test_python_convertSBML

54: Test command: C:\Python32\Python27\python.exe "C:/Development/libsbml-with-packages/examples/python/convertSBML.py" "C:/Development/libsbml-with-packages/examples/sample-models/from-spec/level-3/enzymekinetics.xml" "convertSBML.out.xml"
54: Environment variables: 
54:  PYTHONPATH=C:/Development/libsbml-32-packages/src/bindings/python;C:/Development/libsbml-32-packages/src/bindings/python;
54: Test timeout computed to be: 3000
54: Attempting to convert Level 3 Version 1 model to Level 3 Version 2.
54: 
54: Conversion completed.
54: 
 54/186 Test  #54: test_python_convertSBML .......................   Passed    1.06 sec
test 55
        Start  55: test_python_createExampleSBML

55: Test command: C:\Python32\Python27\python.exe "C:/Development/libsbml-with-packages/examples/python/createExampleSBML.py" "C:/Development/libsbml-with-packages/examples/sample-models/from-spec/level-3/enzymekinetics.xml" "createExampleSBMLy.out.xml"
55: Environment variables: 
55:  PYTHONPATH=C:/Development/libsbml-32-packages/src/bindings/python;C:/Development/libsbml-32-packages/src/bindings/python;
55: Test timeout computed to be: 3000
55: line 1: (99505 [Warning]) In situations where a mathematical expression contains literal numbers or parameters whose units have not been declared, it is not possible to verify accurately the consistency of the units in the expression. 
55:  The units of the <kineticLaw> <math> expression 'f(S1) * compartmentOne / t' cannot be fully checked. Unit consistency reported as either no errors or further unit errors related to this object may not be accurate.
55: 
55: Wrote file 'enzymaticreaction.xml'
55: Wrote file 'units.xml'
55: 
55: Notice: encountered 1 validation warning in model 'functionExample'.
55: 
55: Wrote file 'functiondef.xml'
 55/186 Test  #55: test_python_createExampleSBML .................   Passed    0.54 sec
test 56
        Start  56: test_python_createSimpleModel

56: Test command: C:\Python32\Python27\python.exe "C:/Development/libsbml-with-packages/examples/python/createSimpleModel.py" "C:/Development/libsbml-with-packages/examples/sample-models/from-spec/level-3/enzymekinetics.xml" "createSimpleModel.out.xml"
56: Environment variables: 
56:  PYTHONPATH=C:/Development/libsbml-32-packages/src/bindings/python;C:/Development/libsbml-32-packages/src/bindings/python;
56: Test timeout computed to be: 3000
56: <?xml version="1.0" encoding="UTF-8"?>
56: <sbml xmlns="http://www.sbml.org/sbml/level3/version1/core" level="3" version="1">
56:   <model substanceUnits="mole" timeUnits="second" extentUnits="mole">
56:     <listOfUnitDefinitions>
56:       <unitDefinition id="per_second">
56:         <listOfUnits>
56:           <unit kind="second" exponent="-1" scale="0" multiplier="1"/>
56:         </listOfUnits>
56:       </unitDefinition>
56:     </listOfUnitDefinitions>
56:     <listOfCompartments>
56:       <compartment id="c1" spatialDimensions="3" size="1" units="litre" constant="true"/>
56:     </listOfCompartments>
56:     <listOfSpecies>
56:       <species id="s1" compartment="c1" initialAmount="5" substanceUnits="mole" hasOnlySubstanceUnits="false" boundaryCondition="false" constant="false"/>
56:       <species id="s2" compartment="c1" initialAmount="0" substanceUnits="mole" hasOnlySubstanceUnits="false" boundaryCondition="false" constant="false"/>
56:     </listOfSpecies>
56:     <listOfParameters>
56:       <parameter id="k" value="1" units="per_second" constant="true"/>
56:     </listOfParameters>
56:     <listOfReactions>
56:       <reaction id="r1" reversible="false" fast="false">
56:         <listOfReactants>
56:           <speciesReference species="s1" constant="true"/>
56:         </listOfReactants>
56:         <listOfProducts>
56:           <speciesReference species="s2" constant="true"/>
56:         </listOfProducts>
56:         <kineticLaw>
56:           <math xmlns="http://www.w3.org/1998/Math/MathML">
56:             <apply>
56:               <times/>
56:               <ci> k </ci>
56:               <ci> s1 </ci>
56:               <ci> c1 </ci>
56:             </apply>
56:           </math>
56:         </kineticLaw>
56:       </reaction>
56:     </listOfReactions>
56:   </model>
56: </sbml>
56: 
 56/186 Test  #56: test_python_createSimpleModel .................   Passed    0.38 sec
test 57
        Start  57: test_python_echoSBML

57: Test command: C:\Python32\Python27\python.exe "C:/Development/libsbml-with-packages/examples/python/echoSBML.py" "C:/Development/libsbml-with-packages/examples/sample-models/from-spec/level-3/enzymekinetics.xml" "echoSBML.out.xml"
57: Environment variables: 
57:  PYTHONPATH=C:/Development/libsbml-32-packages/src/bindings/python;C:/Development/libsbml-32-packages/src/bindings/python;
57: Test timeout computed to be: 3000
57: [OK] Echoed C:/Development/libsbml-with-packages/examples/sample-models/from-spec/level-3/enzymekinetics.xml to echoSBML.out.xml
 57/186 Test  #57: test_python_echoSBML ..........................   Passed    0.36 sec
test 58
        Start  58: test_python_evaluateCustomMath

58: Test command: C:\Python32\Python27\python.exe "C:/Development/libsbml-with-packages/examples/python/evaluateCustomMath.py" "2*3+4" "C:/Development/libsbml-with-packages/examples/sample-models/from-spec/level-3/enzymekinetics.xml"
58: Environment variables: 
58:  PYTHONPATH=C:/Development/libsbml-32-packages/src/bindings/python;C:/Development/libsbml-32-packages/src/bindings/python;
58: Test timeout computed to be: 3000
58: 2*3+4 = 10.0
 58/186 Test  #58: test_python_evaluateCustomMath ................   Passed    0.45 sec
test 59
        Start  59: test_python_getAllElementsWithNotes

59: Test command: C:\Python32\Python27\python.exe "C:/Development/libsbml-with-packages/examples/python/getAllElementsWithNotes.py" "C:/Development/libsbml-with-packages/examples/sample-models/from-spec/level-3/enzymekinetics.xml"
59: Environment variables: 
59:  PYTHONPATH=C:/Development/libsbml-32-packages/src/bindings/python;C:/Development/libsbml-32-packages/src/bindings/python;
59: Test timeout computed to be: 3000
59: 
59:             filename: C:/Development/libsbml-with-packages/examples/sample-models/from-spec/level-3/enzymekinetics.xml
59:       read time (ms): 0.0
59:     searching ......:
59:     search time (ms): 0.0
59:  elements with notes: 0
 59/186 Test  #59: test_python_getAllElementsWithNotes ...........   Passed    0.38 sec
test 60
        Start  60: test_python_inlineInitialAssignments

60: Test command: C:\Python32\Python27\python.exe "C:/Development/libsbml-with-packages/examples/python/inlineInitialAssignments.py" "C:/Development/libsbml-with-packages/examples/sample-models/from-spec/level-3/enzymekinetics.xml" "inlineInitialAssignments.out.xml"
60: Environment variables: 
60:  PYTHONPATH=C:/Development/libsbml-32-packages/src/bindings/python;C:/Development/libsbml-32-packages/src/bindings/python;
60: Test timeout computed to be: 3000
 60/186 Test  #60: test_python_inlineInitialAssignments ..........   Passed    0.36 sec
test 61
        Start  61: test_python_printAnnotation

61: Test command: C:\Python32\Python27\python.exe "C:/Development/libsbml-with-packages/examples/python/printAnnotation.py" "C:/Development/libsbml-with-packages/examples/sample-models/from-spec/level-3/enzymekinetics.xml"
61: Environment variables: 
61:  PYTHONPATH=C:/Development/libsbml-32-packages/src/bindings/python;C:/Development/libsbml-32-packages/src/bindings/python;
61: Test timeout computed to be: 3000
61: filename: C:/Development/libsbml-with-packages/examples/sample-models/from-spec/level-3/enzymekinetics.xml
61: 
 61/186 Test  #61: test_python_printAnnotation ...................   Passed    0.39 sec
test 62
        Start  62: test_python_printMath

62: Test command: C:\Python32\Python27\python.exe "C:/Development/libsbml-with-packages/examples/python/printMath.py" "C:/Development/libsbml-with-packages/examples/sample-models/from-spec/level-3/enzymekinetics.xml"
62: Environment variables: 
62:  PYTHONPATH=C:/Development/libsbml-32-packages/src/bindings/python;C:/Development/libsbml-32-packages/src/bindings/python;
62: Test timeout computed to be: 3000
62: ()
62: Reaction 1, formula: comp * (kon * E * S - koff * ES)
62: 
62: Reaction 2, formula: comp * kcat * ES
62: 
62: ()
62: ()
 62/186 Test  #62: test_python_printMath .........................   Passed    0.44 sec
test 63
        Start  63: test_python_printRegisteredPackages

63: Test command: C:\Python32\Python27\python.exe "C:/Development/libsbml-with-packages/examples/python/printRegisteredPackages.py" "C:/Development/libsbml-with-packages/examples/sample-models/from-spec/level-3/enzymekinetics.xml" "printRegisteredPackages.out.xml"
63: Environment variables: 
63:  PYTHONPATH=C:/Development/libsbml-32-packages/src/bindings/python;C:/Development/libsbml-32-packages/src/bindings/python;
63: Test timeout computed to be: 3000
63: This version of LibSBML: 5.17.1 includes: 
63: 
63: 	arrays
63: 	comp
63: 	distrib
63: 	dyn
63: 	fbc
63: 	groups
63: 	layout
63: 	render
63: 	l3v2extendedmath
63: 	multi
63: 	qual
63: 	req
63: 	spatial
63: 
63: 
 63/186 Test  #63: test_python_printRegisteredPackages ...........   Passed    0.36 sec
test 64
        Start  64: test_python_printSBML

64: Test command: C:\Python32\Python27\python.exe "C:/Development/libsbml-with-packages/examples/python/printSBML.py" "C:/Development/libsbml-with-packages/examples/sample-models/from-spec/level-3/enzymekinetics.xml"
64: Environment variables: 
64:  PYTHONPATH=C:/Development/libsbml-32-packages/src/bindings/python;C:/Development/libsbml-32-packages/src/bindings/python;
64: Test timeout computed to be: 3000
64: 
64: File: C:/Development/libsbml-with-packages/examples/sample-models/from-spec/level-3/enzymekinetics.xml (Level 3, version 1)
64:                  id: (empty)
64: functionDefinitions: 0
64:     unitDefinitions: 2
64:    compartmentTypes: 0
64:         specieTypes: 0
64:        compartments: 1
64:             species: 4
64:          parameters: 0
64:  initialAssignments: 0
64:               rules: 0
64:         constraints: 0
64:           reactions: 2
64:              events: 0
64: 
64: 
 64/186 Test  #64: test_python_printSBML .........................   Passed    0.36 sec
test 65
        Start  65: test_python_printsupported

65: Test command: C:\Python32\Python27\python.exe "C:/Development/libsbml-with-packages/examples/python/printsupported.py"
65: Environment variables: 
65:  PYTHONPATH=C:/Development/libsbml-32-packages/src/bindings/python;C:/Development/libsbml-32-packages/src/bindings/python;
65: Test timeout computed to be: 3000
65: Supported by LibSBML 5.17.1
65: ()
65: 	SBML Level: 1 Version: 1
65: 	SBML Level: 1 Version: 2
65: 	SBML Level: 2 Version: 1
65: 	SBML Level: 2 Version: 2
65: 	SBML Level: 2 Version: 3
65: 	SBML Level: 2 Version: 4
65: 	SBML Level: 2 Version: 5
65: 	SBML Level: 3 Version: 1
65: 	SBML Level: 3 Version: 2
65: ()
 65/186 Test  #65: test_python_printsupported ....................   Passed    0.34 sec
test 66
        Start  66: test_python_printUnits

66: Test command: C:\Python32\Python27\python.exe "C:/Development/libsbml-with-packages/examples/python/printUnits.py" "C:/Development/libsbml-with-packages/examples/sample-models/from-spec/level-3/enzymekinetics.xml"
66: Environment variables: 
66:  PYTHONPATH=C:/Development/libsbml-32-packages/src/bindings/python;C:/Development/libsbml-32-packages/src/bindings/python;
66: Test timeout computed to be: 3000
66: Species 0: mole (exponent = 1, multiplier = 1, scale = 0), litre (exponent = -1, multiplier = 1, scale = 0)
66: Species 1: mole (exponent = 1, multiplier = 1, scale = 0), litre (exponent = -1, multiplier = 1, scale = 0)
66: Species 2: mole (exponent = 1, multiplier = 1, scale = 0), litre (exponent = -1, multiplier = 1, scale = 0)
66: Species 3: mole (exponent = 1, multiplier = 1, scale = 0), litre (exponent = -1, multiplier = 1, scale = 0)
66: Compartment 0: litre (exponent = 1, multiplier = 1, scale = 0)
66: Reaction 0: 
66: Kinetic Law: second (exponent = -1, multiplier = 1, scale = 0), mole (exponent = 1, multiplier = 1, scale = 0)
66:         undeclared units: no
66: Reaction 1: 
66: Kinetic Law: second (exponent = -1, multiplier = 1, scale = 0), mole (exponent = 1, multiplier = 1, scale = 0)
66:         undeclared units: no
 66/186 Test  #66: test_python_printUnits ........................   Passed    0.36 sec
test 67
        Start  67: test_python_promoteParameters

67: Test command: C:\Python32\Python27\python.exe "C:/Development/libsbml-with-packages/examples/python/promoteParameters.py" "C:/Development/libsbml-with-packages/examples/sample-models/from-spec/level-3/enzymekinetics.xml" "promoteParameters.out.xml"
67: Environment variables: 
67:  PYTHONPATH=C:/Development/libsbml-32-packages/src/bindings/python;C:/Development/libsbml-32-packages/src/bindings/python;
67: Test timeout computed to be: 3000
67: [OK] wrote promoteParameters.out.xml
 67/186 Test  #67: test_python_promoteParameters .................   Passed    0.37 sec
test 68
        Start  68: test_python_readSBML

68: Test command: C:\Python32\Python27\python.exe "C:/Development/libsbml-with-packages/examples/python/readSBML.py" "C:/Development/libsbml-with-packages/examples/sample-models/from-spec/level-3/enzymekinetics.xml"
68: Environment variables: 
68:  PYTHONPATH=C:/Development/libsbml-32-packages/src/bindings/python;C:/Development/libsbml-32-packages/src/bindings/python;
68: Test timeout computed to be: 3000
68: ()
68:             filename: C:/Development/libsbml-with-packages/examples/sample-models/from-spec/level-3/enzymekinetics.xml
68:            file size: 3930
68:       read time (ms): 0.00289324481184
68:  validation error(s): 0
68: ()
 68/186 Test  #68: test_python_readSBML ..........................   Passed    0.48 sec
test 69
        Start  69: test_python_replaceOneFD

69: Test command: C:\Python32\Python27\python.exe "C:/Development/libsbml-with-packages/examples/python/replaceOneFD.py" "C:/Development/libsbml-with-packages/examples/sample-models/from-spec/level-3/functiondef.xml" "f" "reaction_1" "replaceOneFD.out.xml"
69: Environment variables: 
69:  PYTHONPATH=C:/Development/libsbml-32-packages/src/bindings/python;C:/Development/libsbml-32-packages/src/bindings/python;
69: Test timeout computed to be: 3000
 69/186 Test  #69: test_python_replaceOneFD ......................   Passed    0.39 sec
test 70
        Start  70: test_python_setIdFromNames

70: Test command: C:\Python32\Python27\python.exe "C:/Development/libsbml-with-packages/examples/python/setIdFromNames.py" "C:/Development/libsbml-with-packages/examples/sample-models/from-spec/level-3/enzymekinetics.xml" "setIdFromNames.out.xml"
70: Environment variables: 
70:  PYTHONPATH=C:/Development/libsbml-32-packages/src/bindings/python;C:/Development/libsbml-32-packages/src/bindings/python;
70: Test timeout computed to be: 3000
70: 
70:             filename: C:/Development/libsbml-with-packages/examples/sample-models/from-spec/level-3/enzymekinetics.xml
70:       read time (ms): 0.0
70:     rename time (ms): 0.0
70:      write time (ms): 0.0
70: 
 70/186 Test  #70: test_python_setIdFromNames ....................   Passed    0.39 sec
test 71
        Start  71: test_python_unsetAnnotation

71: Test command: C:\Python32\Python27\python.exe "C:/Development/libsbml-with-packages/examples/python/unsetAnnotation.py" "C:/Development/libsbml-with-packages/examples/sample-models/from-spec/level-3/enzymekinetics.xml" "unsetAnnotation.out.xml"
71: Environment variables: 
71:  PYTHONPATH=C:/Development/libsbml-32-packages/src/bindings/python;C:/Development/libsbml-32-packages/src/bindings/python;
71: Test timeout computed to be: 3000
 71/186 Test  #71: test_python_unsetAnnotation ...................   Passed    0.36 sec
test 72
        Start  72: test_python_unsetNotes

72: Test command: C:\Python32\Python27\python.exe "C:/Development/libsbml-with-packages/examples/python/unsetNotes.py" "C:/Development/libsbml-with-packages/examples/sample-models/from-spec/level-3/enzymekinetics.xml" "unsetNotes.out.xml"
72: Environment variables: 
72:  PYTHONPATH=C:/Development/libsbml-32-packages/src/bindings/python;C:/Development/libsbml-32-packages/src/bindings/python;
72: Test timeout computed to be: 3000
 72/186 Test  #72: test_python_unsetNotes ........................   Passed    0.36 sec
test 73
        Start  73: test_python_validateSBML

73: Test command: C:\Python32\Python27\python.exe "C:/Development/libsbml-with-packages/examples/python/validateSBML.py" "C:/Development/libsbml-with-packages/examples/sample-models/from-spec/level-3/enzymekinetics.xml"
73: Environment variables: 
73:  PYTHONPATH=C:/Development/libsbml-32-packages/src/bindings/python;C:/Development/libsbml-32-packages/src/bindings/python;
73: Test timeout computed to be: 3000
73: ---------------------------------------------------------------------------
73:                  filename : C:/Development/libsbml-with-packages/examples/sample-models/from-spec/level-3/enzymekinetics.xml
73:          file size (byte) : 3930
73:            read time (ms) : 15.000105
73:         c-check time (ms) : 0.000000
73:       validation error(s) : 0
73:     (consistency error(s)): 0
73:     validation warning(s) : 0
73:   (consistency warning(s)): 0
73: ---------------------------------------------------------------------------
73: Validated 1 files, 1 valid files, 0 invalid files
 73/186 Test  #73: test_python_validateSBML ......................   Passed    0.45 sec
test 74
        Start  74: test_python_stringInput

74: Test command: C:\Python32\Python27\python.exe "C:/Development/libsbml-with-packages/examples/python/stringInput.py" "C:/Development/libsbml-with-packages/examples/sample-models/from-spec/level-3/enzymekinetics.xml"
74: Environment variables: 
74:  PYTHONPATH=C:/Development/libsbml-32-packages/src/bindings/python;C:/Development/libsbml-32-packages/src/bindings/python;
74: Test timeout computed to be: 3000
74: filename: C:/Development/libsbml-with-packages/examples/sample-models/from-spec/level-3/enzymekinetics.xml
74: 
74: <type 'str'>
74: <type 'str'>
 74/186 Test  #74: test_python_stringInput .......................   Passed    0.36 sec
test 75
        Start  75: test_python_stripPackage

75: Test command: C:\Python32\Python27\python.exe "C:/Development/libsbml-with-packages/examples/python/stripPackage.py" "C:/Development/libsbml-with-packages/examples/sample-models/fbc/fbc_example1.xml" "fbc" "stripPackage.out.xml"
75: Environment variables: 
75:  PYTHONPATH=C:/Development/libsbml-32-packages/src/bindings/python;C:/Development/libsbml-32-packages/src/bindings/python;
75: Test timeout computed to be: 3000
75: [OK] stripped package 'fbc' from C:/Development/libsbml-with-packages/examples/sample-models/fbc/fbc_example1.xml to stripPackage.out.xml
 75/186 Test  #75: test_python_stripPackage ......................   Passed    0.41 sec
test 76
        Start  76: test_python_fbc_fbc_example1

76: Test command: C:\Python32\Python27\python.exe "C:/Development/libsbml-with-packages/examples/python/fbc/fbc_example1.py"
76: Environment variables: 
76:  PYTHONPATH=C:/Development/libsbml-32-packages/src/bindings/python;C:/Development/libsbml-32-packages/src/bindings/python;
76: Test timeout computed to be: 3000
 76/186 Test  #76: test_python_fbc_fbc_example1 ..................   Passed    0.41 sec
test 77
        Start  77: test_python_groups_groups_example1

77: Test command: C:\Python32\Python27\python.exe "C:/Development/libsbml-with-packages/examples/python/groups/groups_example1.py"
77: Environment variables: 
77:  PYTHONPATH=C:/Development/libsbml-32-packages/src/bindings/python;C:/Development/libsbml-32-packages/src/bindings/python;
77: Test timeout computed to be: 3000
 77/186 Test  #77: test_python_groups_groups_example1 ............   Passed    0.60 sec
test 78
        Start  78: test_python_layout_example1_L3

78: Test command: C:\Python32\Python27\python.exe "C:/Development/libsbml-with-packages/examples/python/layout/example1-L3.py"
78: Environment variables: 
78:  PYTHONPATH=C:/Development/libsbml-32-packages/src/bindings/python;C:/Development/libsbml-32-packages/src/bindings/python;
78: Test timeout computed to be: 3000
 78/186 Test  #78: test_python_layout_example1_L3 ................   Passed    0.44 sec
test 79
        Start  79: test_python_layout_example1

79: Test command: C:\Python32\Python27\python.exe "C:/Development/libsbml-with-packages/examples/python/layout/example1.py"
79: Environment variables: 
79:  PYTHONPATH=C:/Development/libsbml-32-packages/src/bindings/python;C:/Development/libsbml-32-packages/src/bindings/python;
79: Test timeout computed to be: 3000
 79/186 Test  #79: test_python_layout_example1 ...................   Passed    0.39 sec
test 80
        Start  80: test_python_multi_multi_example1

80: Test command: C:\Python32\Python27\python.exe "C:/Development/libsbml-with-packages/examples/python/multi/multi_example1.py"
80: Environment variables: 
80:  PYTHONPATH=C:/Development/libsbml-32-packages/src/bindings/python;C:/Development/libsbml-32-packages/src/bindings/python;
80: Test timeout computed to be: 3000
 80/186 Test  #80: test_python_multi_multi_example1 ..............   Passed    0.39 sec
test 81
        Start  81: test_python_multi_multi_example2

81: Test command: C:\Python32\Python27\python.exe "C:/Development/libsbml-with-packages/examples/python/multi/multi_example2.py"
81: Environment variables: 
81:  PYTHONPATH=C:/Development/libsbml-32-packages/src/bindings/python;C:/Development/libsbml-32-packages/src/bindings/python;
81: Test timeout computed to be: 3000
 81/186 Test  #81: test_python_multi_multi_example2 ..............   Passed    0.37 sec
test 82
        Start  82: test_python_multi_multi_example3

82: Test command: C:\Python32\Python27\python.exe "C:/Development/libsbml-with-packages/examples/python/multi/multi_example3.py"
82: Environment variables: 
82:  PYTHONPATH=C:/Development/libsbml-32-packages/src/bindings/python;C:/Development/libsbml-32-packages/src/bindings/python;
82: Test timeout computed to be: 3000
 82/186 Test  #82: test_python_multi_multi_example3 ..............   Passed    0.41 sec
test 83
        Start  83: test_python_multi_printMulti

83: Test command: C:\Python32\Python27\python.exe "C:/Development/libsbml-with-packages/examples/python/multi/printMulti.py"
83: Environment variables: 
83:  PYTHONPATH=C:/Development/libsbml-32-packages/src/bindings/python;C:/Development/libsbml-32-packages/src/bindings/python;
83: Test timeout computed to be: 3000
83: usage: printMulti sbml-file
 83/186 Test  #83: test_python_multi_printMulti ..................   Passed    0.36 sec
test 84
        Start  84: test_python_qual_qual_example1

84: Test command: C:\Python32\Python27\python.exe "C:/Development/libsbml-with-packages/examples/python/qual/qual_example1.py"
84: Environment variables: 
84:  PYTHONPATH=C:/Development/libsbml-32-packages/src/bindings/python;C:/Development/libsbml-32-packages/src/bindings/python;
84: Test timeout computed to be: 3000
 84/186 Test  #84: test_python_qual_qual_example1 ................   Passed    0.37 sec
test 85
        Start  85: test_c_addCVTerms

85: Test command: C:\Development\libsbml-32-packages\examples\c\addCVTerms.exe "C:/Development/libsbml-with-packages/examples/sample-models/from-spec/level-3/enzymekinetics.xml" "addCVTerms.out.xml"
85: Test timeout computed to be: 3000
 85/186 Test  #85: test_c_addCVTerms .............................   Passed    0.42 sec
test 86
        Start  86: test_c_addingEvidenceCodes_1

86: Test command: C:\Development\libsbml-32-packages\examples\c\addingEvidenceCodes_1.exe "C:/Development/libsbml-with-packages/examples/sample-models/from-spec/level-3/enzymekinetics.xml" "addingEvidenceCodes_1.out.xml"
86: Test timeout computed to be: 3000
 86/186 Test  #86: test_c_addingEvidenceCodes_1 ..................   Passed    0.67 sec
test 87
        Start  87: test_c_addingEvidenceCodes_2

87: Test command: C:\Development\libsbml-32-packages\examples\c\addingEvidenceCodes_2.exe "C:/Development/libsbml-with-packages/examples/sample-models/from-spec/level-3/enzymekinetics.xml" "addingEvidenceCodes_2.out.xml"
87: Test timeout computed to be: 3000
 87/186 Test  #87: test_c_addingEvidenceCodes_2 ..................   Passed    0.51 sec
test 88
        Start  88: test_c_addModelHistory

88: Test command: C:\Development\libsbml-32-packages\examples\c\addModelHistory.exe "C:/Development/libsbml-with-packages/examples/sample-models/from-spec/level-3/enzymekinetics.xml" "addModelHistory.out.xml"
88: Test timeout computed to be: 3000
88: Status for addCreator: succeeded
88: Set created date:      succeeded
88: Set modified date:     succeeded
88: Set model history:     unknown
 88/186 Test  #88: test_c_addModelHistory ........................   Passed    1.21 sec
test 89
        Start  89: test_c_appendAnnotation

89: Test command: C:\Development\libsbml-32-packages\examples\c\appendAnnotation.exe "C:/Development/libsbml-with-packages/examples/sample-models/from-spec/level-3/enzymekinetics.xml" "appendAnnotation.out.xml"
89: Test timeout computed to be: 3000
 89/186 Test  #89: test_c_appendAnnotation .......................   Passed    1.52 sec
test 90
        Start  90: test_c_convertSBML

90: Test command: C:\Development\libsbml-32-packages\examples\c\convertSBML.exe "C:/Development/libsbml-with-packages/examples/sample-models/from-spec/level-3/enzymekinetics.xml" "convertSBML.out.xml"
90: Test timeout computed to be: 3000
90: Attempting to convert model to SBML Level 3 Version 2.
90: Conversion completed.
 90/186 Test  #90: test_c_convertSBML ............................   Passed    0.47 sec
test 91
        Start  91: test_c_createExampleSBML

91: Test command: C:\Development\libsbml-32-packages\examples\c\createExampleSBML.exe "C:/Development/libsbml-with-packages/examples/sample-models/from-spec/level-3/enzymekinetics.xml" "createExampleSBML.out.xml"
91: Test timeout computed to be: 3000
91: Wrote file "enzymaticreaction.xml"
91: Wrote file "units.xml"
91: line 1: (99505 [Warning]) In situations where a mathematical expression contains literal numbers or parameters whose units have not been declared, it is not possible to verify accurately the consistency of the units in the expression. 
91:  The units of the <kineticLaw> <math> expression 'f(S1) * compartmentOne / t' cannot be fully checked. Unit consistency reported as either no errors or further unit errors related to this object may not be accurate.
91: 
91: Notice: encountered 1 validation warning in model 'functionExample'.
91: Wrote file "functiondef.xml"
 91/186 Test  #91: test_c_createExampleSBML ......................   Passed    1.64 sec
test 92
        Start  92: test_c_drawMath

92: Test command: C:\Development\libsbml-32-packages\examples\c\drawMath.exe "C:/Development/libsbml-with-packages/examples/sample-models/from-spec/level-3/enzymekinetics.xml" "drawMath.out.xml"
92: Test timeout computed to be: 3000
92: 
92: 
 92/186 Test  #92: test_c_drawMath ...............................   Passed    0.58 sec
test 93
        Start  93: test_c_echoSBML

93: Test command: C:\Development\libsbml-32-packages\examples\c\echoSBML.exe "C:/Development/libsbml-with-packages/examples/sample-models/from-spec/level-3/enzymekinetics.xml" "echoSBML.out.xml"
93: Test timeout computed to be: 3000
 93/186 Test  #93: test_c_echoSBML ...............................   Passed    0.55 sec
test 94
        Start  94: test_c_printAnnotation

94: Test command: C:\Development\libsbml-32-packages\examples\c\printAnnotation.exe "C:/Development/libsbml-with-packages/examples/sample-models/from-spec/level-3/enzymekinetics.xml"
94: Test timeout computed to be: 3000
94: 
94: C:/Development/libsbml-with-packages/examples/sample-models/from-spec/level-3/enzymekinetics.xml
94: 
 94/186 Test  #94: test_c_printAnnotation ........................   Passed    0.50 sec
test 95
        Start  95: test_c_printMath

95: Test command: C:\Development\libsbml-32-packages\examples\c\printMath.exe "C:/Development/libsbml-with-packages/examples/sample-models/from-spec/level-3/enzymekinetics.xml"
95: Test timeout computed to be: 3000
95: 
95: Reaction 1, formula: comp * (kon * E * S - koff * ES)
95: Reaction 2, formula: comp * kcat * ES
95: 
95: 
 95/186 Test  #95: test_c_printMath ..............................   Passed    0.42 sec
test 96
        Start  96: test_c_printNotes

96: Test command: C:\Development\libsbml-32-packages\examples\c\printNotes.exe "C:/Development/libsbml-with-packages/examples/sample-models/from-spec/level-3/enzymekinetics.xml"
96: Test timeout computed to be: 3000
96: 
96: C:/Development/libsbml-with-packages/examples/sample-models/from-spec/level-3/enzymekinetics.xml
96: 
 96/186 Test  #96: test_c_printNotes .............................   Passed    0.89 sec
test 97
        Start  97: test_c_printRegisteredPackages

97: Test command: C:\Development\libsbml-32-packages\examples\c\printRegisteredPackages.exe "C:/Development/libsbml-with-packages/examples/sample-models/from-spec/level-3/enzymekinetics.xml"
97: Test timeout computed to be: 3000
97: This version of LibSBML: 5.17.1 includes: 
97: 	arrays
97: 	comp
97: 	distrib
97: 	dyn
97: 	fbc
97: 	groups
97: 	layout
97: 	render
97: 	l3v2extendedmath
97: 	multi
97: 	qual
97: 	req
97: 	spatial
97: 
 97/186 Test  #97: test_c_printRegisteredPackages ................   Passed    0.42 sec
test 98
        Start  98: test_c_printSBML

98: Test command: C:\Development\libsbml-32-packages\examples\c\printSBML.exe "C:/Development/libsbml-with-packages/examples/sample-models/from-spec/level-3/enzymekinetics.xml"
98: Test timeout computed to be: 3000
98: 
98: File: C:/Development/libsbml-with-packages/examples/sample-models/from-spec/level-3/enzymekinetics.xml (Level 3, version 1)
98:            model id: (empty)
98: functionDefinitions: 0
98:     unitDefinitions: 2
98:    compartmentTypes: 0
98:         specieTypes: 0
98:        compartments: 1
98:             species: 4
98:          parameters: 0
98:  initialAssignments: 0
98:               rules: 0
98:         constraints: 0
98:           reactions: 2
98:              events: 0
98: 
 98/186 Test  #98: test_c_printSBML ..............................   Passed    0.42 sec
test 99
        Start  99: test_c_printSupported

99: Test command: C:\Development\libsbml-32-packages\examples\c\printSupported.exe
99: Test timeout computed to be: 3000
99: LibSBML: 5.17.1 supports: 
99: 	SBML Level 1 Version: 1
99: 	SBML Level 1 Version: 2
99: 	SBML Level 2 Version: 1
99: 	SBML Level 2 Version: 2
99: 	SBML Level 2 Version: 3
99: 	SBML Level 2 Version: 4
99: 	SBML Level 2 Version: 5
99: 	SBML Level 3 Version: 1
99: 	SBML Level 3 Version: 2
99: 
99: LibSBML is compiled against: 
99: 	LibXML:      2.7.3
99: 	Zlib:        1.2.3
99: 	bzip2:       1.0.5, 10-Dec-2007
99: 
 99/186 Test  #99: test_c_printSupported .........................   Passed    0.39 sec
test 100
        Start 100: test_c_printUnits

100: Test command: C:\Development\libsbml-32-packages\examples\c\printUnits.exe "C:/Development/libsbml-with-packages/examples/sample-models/from-spec/level-3/enzymekinetics.xml"
100: Test timeout computed to be: 3000
100: Species 0: mole (exponent = 1, multiplier = 1, scale = 0), litre (exponent = -1, multiplier = 1, scale = 0)
100: Species 1: mole (exponent = 1, multiplier = 1, scale = 0), litre (exponent = -1, multiplier = 1, scale = 0)
100: Species 2: mole (exponent = 1, multiplier = 1, scale = 0), litre (exponent = -1, multiplier = 1, scale = 0)
100: Species 3: mole (exponent = 1, multiplier = 1, scale = 0), litre (exponent = -1, multiplier = 1, scale = 0)
100: Compartment 0: litre (exponent = 1, multiplier = 1, scale = 0)
100: Reaction 0: 
100: Kinetic Law: second (exponent = -1, multiplier = 1, scale = 0), mole (exponent = 1, multiplier = 1, scale = 0)
100:         undeclared units: no
100: Reaction 1: 
100: Kinetic Law: second (exponent = -1, multiplier = 1, scale = 0), mole (exponent = 1, multiplier = 1, scale = 0)
100:         undeclared units: no
100/186 Test #100: test_c_printUnits .............................   Passed    0.49 sec
test 101
        Start 101: test_c_promoteParameters

101: Test command: C:\Development\libsbml-32-packages\examples\c\promoteParameters.exe "C:/Development/libsbml-with-packages/examples/sample-models/from-spec/level-3/enzymekinetics.xml" "promoteParameters.out.xml"
101: Test timeout computed to be: 3000
101/186 Test #101: test_c_promoteParameters ......................   Passed    0.66 sec
test 102
        Start 102: test_c_readSBML

102: Test command: C:\Development\libsbml-32-packages\examples\c\readSBML.exe "C:/Development/libsbml-with-packages/examples/sample-models/from-spec/level-3/enzymekinetics.xml"
102: Test timeout computed to be: 3000
102: 
102:         filename: C:/Development/libsbml-with-packages/examples/sample-models/from-spec/level-3/enzymekinetics.xml
102:        file size: 3930
102:   read time (ms): 94
102:         error(s): 0
102: 
102/186 Test #102: test_c_readSBML ...............................   Passed    0.56 sec
test 103
        Start 103: test_c_stripPackage

103: Test command: C:\Development\libsbml-32-packages\examples\c\stripPackage.exe "C:/Development/libsbml-with-packages/examples/sample-models/fbc/fbc_example1.xml" "fbc" "stripPackage.out.xml"
103: Test timeout computed to be: 3000
103/186 Test #103: test_c_stripPackage ...........................   Passed    0.55 sec
test 104
        Start 104: test_c_unsetAnnotation

104: Test command: C:\Development\libsbml-32-packages\examples\c\unsetAnnotation.exe "C:/Development/libsbml-with-packages/examples/sample-models/from-spec/level-3/enzymekinetics.xml" "unsetAnnotation.out.xml"
104: Test timeout computed to be: 3000
104/186 Test #104: test_c_unsetAnnotation ........................   Passed    0.42 sec
test 105
        Start 105: test_c_unsetNotes

105: Test command: C:\Development\libsbml-32-packages\examples\c\unsetNotes.exe "C:/Development/libsbml-with-packages/examples/sample-models/from-spec/level-3/enzymekinetics.xml" "unsetNotes.out.xml"
105: Test timeout computed to be: 3000
105/186 Test #105: test_c_unsetNotes .............................   Passed    0.48 sec
test 106
        Start 106: test_c_validateSBML

106: Test command: C:\Development\libsbml-32-packages\examples\c\validateSBML.exe "C:/Development/libsbml-with-packages/examples/sample-models/from-spec/level-3/enzymekinetics.xml"
106: Test timeout computed to be: 3000
106: 
106:         filename: C:/Development/libsbml-with-packages/examples/sample-models/from-spec/level-3/enzymekinetics.xml
106:        file size: 3930
106:   read time (ms): 46
106:         error(s): 0
106: 
106/186 Test #106: test_c_validateSBML ...........................   Passed    0.53 sec
test 107
        Start 107: test_cxx_addCVTerms

107: Test command: C:\Development\libsbml-32-packages\examples\c++\addCVTerms.exe "C:/Development/libsbml-with-packages/examples/sample-models/from-spec/level-3/enzymekinetics.xml" "addCVTerms.out.xml"
107: Test timeout computed to be: 3000
107/186 Test #107: test_cxx_addCVTerms ...........................   Passed    0.61 sec
test 108
        Start 108: test_cxx_addCustomValidator

108: Test command: C:\Development\libsbml-32-packages\examples\c++\addCustomValidator.exe "C:/Development/libsbml-with-packages/examples/sample-models/from-spec/level-3/enzymekinetics.xml"
108: Test timeout computed to be: 3000
108/186 Test #108: test_cxx_addCustomValidator ...................   Passed    0.47 sec
test 109
        Start 109: test_cxx_addingEvidenceCodes_1

109: Test command: C:\Development\libsbml-32-packages\examples\c++\addingEvidenceCodes_1.exe "C:/Development/libsbml-with-packages/examples/sample-models/from-spec/level-3/enzymekinetics.xml" "addingEvidenceCodes_1.out.xml"
109: Test timeout computed to be: 3000
109/186 Test #109: test_cxx_addingEvidenceCodes_1 ................   Passed    0.47 sec
test 110
        Start 110: test_cxx_addingEvidenceCodes_2

110: Test command: C:\Development\libsbml-32-packages\examples\c++\addingEvidenceCodes_2.exe "C:/Development/libsbml-with-packages/examples/sample-models/from-spec/level-3/enzymekinetics.xml" "addingEvidenceCodes_2.out.xml"
110: Test timeout computed to be: 3000
110/186 Test #110: test_cxx_addingEvidenceCodes_2 ................   Passed    0.45 sec
test 111
        Start 111: test_cxx_addModelHistory

111: Test command: C:\Development\libsbml-32-packages\examples\c++\addModelHistory.exe "C:/Development/libsbml-with-packages/examples/sample-models/from-spec/level-3/enzymekinetics.xml" "addModelHistory.out.xml"
111: Test timeout computed to be: 3000
111: Status for addCreator: succeeded
111: Set created date:      succeeded
111: Set modified date:     succeeded
111: Set model history:     unknown
111/186 Test #111: test_cxx_addModelHistory ......................   Passed    0.66 sec
test 112
        Start 112: test_cxx_appendAnnotation

112: Test command: C:\Development\libsbml-32-packages\examples\c++\appendAnnotation.exe "C:/Development/libsbml-with-packages/examples/sample-models/from-spec/level-3/enzymekinetics.xml" "appendAnnotation.out.xml"
112: Test timeout computed to be: 3000
112/186 Test #112: test_cxx_appendAnnotation .....................   Passed    0.47 sec
test 113
        Start 113: test_cxx_callExternalValidator

113: Test command: C:\Development\libsbml-32-packages\examples\c++\callExternalValidator.exe "C:/Development/libsbml-with-packages/examples/sample-models/from-spec/level-3/enzymekinetics.xml" "callExternalValidator.out.xml"
113: Test timeout computed to be: 3000
113/186 Test #113: test_cxx_callExternalValidator ................   Passed    0.48 sec
test 114
        Start 114: test_cxx_convertSBML

114: Test command: C:\Development\libsbml-32-packages\examples\c++\convertSBML.exe "C:/Development/libsbml-with-packages/examples/sample-models/from-spec/level-3/enzymekinetics.xml" "convertSBML.out.xml"
114: Test timeout computed to be: 3000
114: Attempting to convert Level 3 Version 1 model to Level 3 Version 2.
114: Conversion completed.
114/186 Test #114: test_cxx_convertSBML ..........................   Passed    0.45 sec
test 115
        Start 115: test_cxx_convertToL1V1

115: Test command: C:\Development\libsbml-32-packages\examples\c++\convertToL1V1.exe "C:/Development/libsbml-with-packages/examples/sample-models/from-spec/level-3/enzymekinetics.xml" "convertToL1V1.out.xml"
115: Test timeout computed to be: 3000
115: Conversion completed.
115/186 Test #115: test_cxx_convertToL1V1 ........................   Passed    0.58 sec
test 116
        Start 116: test_cxx_createExampleSBML

116: Test command: C:\Development\libsbml-32-packages\examples\c++\createExampleSBML.exe "C:/Development/libsbml-with-packages/examples/sample-models/from-spec/level-3/enzymekinetics.xml" "createExampleSBML.out.xml"
116: Test timeout computed to be: 3000
116: Wrote file "enzymaticreaction.xml"
116: Wrote file "units.xml"
116: 
116: Notice: encountered 1 validation warning in model 'functionExample'.
116: 
116: line 1: (99505 [Warning]) In situations where a mathematical expression contains literal numbers or parameters whose units have not been declared, it is not possible to verify accurately the consistency of the units in the expression. 
116:  The units of the <kineticLaw> <math> expression 'f(S1) * compartmentOne / t' cannot be fully checked. Unit consistency reported as either no errors or further unit errors related to this object may not be accurate.
116: 
116: Wrote file "functiondef.xml"
116/186 Test #116: test_cxx_createExampleSBML ....................   Passed    1.40 sec
test 117
        Start 117: test_cxx_echoSBML

117: Test command: C:\Development\libsbml-32-packages\examples\c++\echoSBML.exe "C:/Development/libsbml-with-packages/examples/sample-models/from-spec/level-3/enzymekinetics.xml" "echoSBML.out.xml"
117: Test timeout computed to be: 3000
117/186 Test #117: test_cxx_echoSBML .............................   Passed    0.56 sec
test 118
        Start 118: test_cxx_inferUnits

118: Test command: C:\Development\libsbml-32-packages\examples\c++\inferUnits.exe "C:/Development/libsbml-with-packages/examples/sample-models/from-spec/level-3/enzymekinetics.xml" "inferUnits.out.xml"
118: Test timeout computed to be: 3000
118/186 Test #118: test_cxx_inferUnits ...........................   Passed    0.46 sec
test 119
        Start 119: test_cxx_inlineFunctionDefintions

119: Test command: C:\Development\libsbml-32-packages\examples\c++\inlineFunctionDefintions.exe "C:/Development/libsbml-with-packages/examples/sample-models/from-spec/level-3/enzymekinetics.xml" "inlineFunctionDefintions.out.xml"
119: Test timeout computed to be: 3000
119: Conversion completed.
119/186 Test #119: test_cxx_inlineFunctionDefintions .............   Passed    0.43 sec
test 120
        Start 120: test_cxx_convertReactions

120: Test command: C:\Development\libsbml-32-packages\examples\c++\convertReactions.exe "C:/Development/libsbml-with-packages/examples/sample-models/from-spec/level-3/enzymekinetics.xml" "convertReactions.out.xml"
120: Test timeout computed to be: 3000
120: Conversion completed.
120/186 Test #120: test_cxx_convertReactions .....................   Passed    0.52 sec
test 121
        Start 121: test_cxx_getAllElementsWithNotes

121: Test command: C:\Development\libsbml-32-packages\examples\c++\getAllElementsWithNotes.exe "C:/Development/libsbml-with-packages/examples/sample-models/from-spec/level-3/enzymekinetics.xml"
121: Test timeout computed to be: 3000
121: 
121:             filename: C:/Development/libsbml-with-packages/examples/sample-models/from-spec/level-3/enzymekinetics.xml
121:       read time (ms): 125
121:     searching ......:
121:     search time (ms): 15
121:  elements with notes: 0
121/186 Test #121: test_cxx_getAllElementsWithNotes ..............   Passed    0.67 sec
test 122
        Start 122: test_cxx_printAnnotation

122: Test command: C:\Development\libsbml-32-packages\examples\c++\printAnnotation.exe "C:/Development/libsbml-with-packages/examples/sample-models/from-spec/level-3/enzymekinetics.xml"
122: Test timeout computed to be: 3000
122: 
122: filename: C:/Development/libsbml-with-packages/examples/sample-models/from-spec/level-3/enzymekinetics.xml
122: 
122/186 Test #122: test_cxx_printAnnotation ......................   Passed    0.67 sec
test 123
        Start 123: test_cxx_printMath

123: Test command: C:\Development\libsbml-32-packages\examples\c++\printMath.exe "C:/Development/libsbml-with-packages/examples/sample-models/from-spec/level-3/enzymekinetics.xml"
123: Test timeout computed to be: 3000
123: 
123: Reaction 1, formula: comp * (kon * E * S - koff * ES)
123: Reaction 2, formula: comp * kcat * ES
123: 
123: 
123/186 Test #123: test_cxx_printMath ............................   Passed    0.56 sec
test 124
        Start 124: test_cxx_printNotes

124: Test command: C:\Development\libsbml-32-packages\examples\c++\printNotes.exe "C:/Development/libsbml-with-packages/examples/sample-models/from-spec/level-3/enzymekinetics.xml"
124: Test timeout computed to be: 3000
124: 
124: filename: C:/Development/libsbml-with-packages/examples/sample-models/from-spec/level-3/enzymekinetics.xml
124: 
124/186 Test #124: test_cxx_printNotes ...........................   Passed    0.50 sec
test 125
        Start 125: test_cxx_printSBML

125: Test command: C:\Development\libsbml-32-packages\examples\c++\printSBML.exe "C:/Development/libsbml-with-packages/examples/sample-models/from-spec/level-3/enzymekinetics.xml"
125: Test timeout computed to be: 3000
125: 
125: File: C:/Development/libsbml-with-packages/examples/sample-models/from-spec/level-3/enzymekinetics.xml (Level 3, version 1)
125:                  id: (empty)
125: functionDefinitions: 0
125:     unitDefinitions: 2
125:    compartmentTypes: 0
125:         specieTypes: 0
125:        compartments: 1
125:             species: 4
125:          parameters: 0
125:  initialAssignments: 0
125:               rules: 0
125:         constraints: 0
125:           reactions: 2
125:              events: 0
125: 
125/186 Test #125: test_cxx_printSBML ............................   Passed    0.45 sec
test 126
        Start 126: test_cxx_printRegisteredPackages

126: Test command: C:\Development\libsbml-32-packages\examples\c++\printRegisteredPackages.exe "C:/Development/libsbml-with-packages/examples/sample-models/from-spec/level-3/enzymekinetics.xml" "printRegisteredPackages.out.xml"
126: Test timeout computed to be: 3000
126: This version of LibSBML: 5.17.1 includes: 
126: 	arrays
126: 	comp
126: 	distrib
126: 	dyn
126: 	fbc
126: 	groups
126: 	layout
126: 	render
126: 	l3v2extendedmath
126: 	multi
126: 	qual
126: 	req
126: 	spatial
126: 
126/186 Test #126: test_cxx_printRegisteredPackages ..............   Passed    0.42 sec
test 127
        Start 127: test_cxx_printSupported

127: Test command: C:\Development\libsbml-32-packages\examples\c++\printSupported.exe "C:/Development/libsbml-with-packages/examples/sample-models/from-spec/level-3/enzymekinetics.xml" "printSupported.out.xml"
127: Test timeout computed to be: 3000
127: LibSBML: 5.17.1 supports: 
127: 	SBML Level 1 Version: 1
127: 	SBML Level 1 Version: 2
127: 	SBML Level 2 Version: 1
127: 	SBML Level 2 Version: 2
127: 	SBML Level 2 Version: 3
127: 	SBML Level 2 Version: 4
127: 	SBML Level 2 Version: 5
127: 	SBML Level 3 Version: 1
127: 	SBML Level 3 Version: 2
127: 
127: LibSBML is compiled against: 
127: 	LibXML:     2.7.3
127: 	Zlib:       1.2.3
127: 	bzip2:      1.0.5, 10-Dec-2007
127: 
127/186 Test #127: test_cxx_printSupported .......................   Passed    0.49 sec
test 128
        Start 128: test_cxx_printUnits

128: Test command: C:\Development\libsbml-32-packages\examples\c++\printUnits.exe "C:/Development/libsbml-with-packages/examples/sample-models/from-spec/level-3/enzymekinetics.xml"
128: Test timeout computed to be: 3000
128: Species 0: mole (exponent = 1, multiplier = 1, scale = 0), litre (exponent = -1, multiplier = 1, scale = 0)
128: Species 1: mole (exponent = 1, multiplier = 1, scale = 0), litre (exponent = -1, multiplier = 1, scale = 0)
128: Species 2: mole (exponent = 1, multiplier = 1, scale = 0), litre (exponent = -1, multiplier = 1, scale = 0)
128: Species 3: mole (exponent = 1, multiplier = 1, scale = 0), litre (exponent = -1, multiplier = 1, scale = 0)
128: Compartment 0: litre (exponent = 1, multiplier = 1, scale = 0)
128: Reaction 0: 
128: Kinetic Law: second (exponent = -1, multiplier = 1, scale = 0), mole (exponent = 1, multiplier = 1, scale = 0)
128:         undeclared units: no
128: Reaction 1: 
128: Kinetic Law: second (exponent = -1, multiplier = 1, scale = 0), mole (exponent = 1, multiplier = 1, scale = 0)
128:         undeclared units: no
128/186 Test #128: test_cxx_printUnits ...........................   Passed    0.55 sec
test 129
        Start 129: test_cxx_promoteParameters

129: Test command: C:\Development\libsbml-32-packages\examples\c++\promoteParameters.exe "C:/Development/libsbml-with-packages/examples/sample-models/from-spec/level-3/enzymekinetics.xml" "promoteParameters.out.xml"
129: Test timeout computed to be: 3000
129/186 Test #129: test_cxx_promoteParameters ....................   Passed    0.42 sec
test 130
        Start 130: test_cxx_readSBML

130: Test command: C:\Development\libsbml-32-packages\examples\c++\readSBML.exe "C:/Development/libsbml-with-packages/examples/sample-models/from-spec/level-3/enzymekinetics.xml"
130: Test timeout computed to be: 3000
130: 
130:             filename: C:/Development/libsbml-with-packages/examples/sample-models/from-spec/level-3/enzymekinetics.xml
130:            file size: 3930
130:       read time (ms): 32
130:  validation error(s): 0
130: 
130/186 Test #130: test_cxx_readSBML .............................   Passed    0.49 sec
test 131
        Start 131: test_cxx_renameSId

131: Test command: C:\Development\libsbml-32-packages\examples\c++\renameSId.exe "C:/Development/libsbml-with-packages/examples/sample-models/from-spec/level-3/enzymekinetics.xml" "veq" "veqnew" "renameSId.out.xml"
131: Test timeout computed to be: 3000
131: 
131:             filename: C:/Development/libsbml-with-packages/examples/sample-models/from-spec/level-3/enzymekinetics.xml
131:            file size: 3930
131:       read time (ms): 47
131:             error(s): 0
131: 
131/186 Test #131: test_cxx_renameSId ............................   Passed    0.46 sec
test 132
        Start 132: test_cxx_setIdFromNames

132: Test command: C:\Development\libsbml-32-packages\examples\c++\setIdFromNames.exe "C:/Development/libsbml-with-packages/examples/sample-models/from-spec/level-3/enzymekinetics.xml" "setIdFromNames.out.xml"
132: Test timeout computed to be: 3000
132: 
132:             filename: C:/Development/libsbml-with-packages/examples/sample-models/from-spec/level-3/enzymekinetics.xml
132:       read time (ms): 187
132:     rename time (ms): 0
132:      write time (ms): 0
132: 
132/186 Test #132: test_cxx_setIdFromNames .......................   Passed    0.66 sec
test 133
        Start 133: test_cxx_setNamesFromIds

133: Test command: C:\Development\libsbml-32-packages\examples\c++\setNamesFromIds.exe "C:/Development/libsbml-with-packages/examples/sample-models/from-spec/level-3/enzymekinetics.xml" "setNamesFromIds.out.xml"
133: Test timeout computed to be: 3000
133: 
133:             filename: C:/Development/libsbml-with-packages/examples/sample-models/from-spec/level-3/enzymekinetics.xml
133:       read time (ms): 47
133:     rename time (ms): 0
133:      write time (ms): 0
133: 
133/186 Test #133: test_cxx_setNamesFromIds ......................   Passed    0.43 sec
test 134
        Start 134: test_cxx_stripPackage

134: Test command: C:\Development\libsbml-32-packages\examples\c++\stripPackage.exe "C:/Development/libsbml-with-packages/examples/sample-models/fbc/fbc_example1.xml" "fbc" "stripPackage.out.xml"
134: Test timeout computed to be: 3000
134/186 Test #134: test_cxx_stripPackage .........................   Passed    0.44 sec
test 135
        Start 135: test_cxx_unsetAnnotation

135: Test command: C:\Development\libsbml-32-packages\examples\c++\unsetAnnotation.exe "C:/Development/libsbml-with-packages/examples/sample-models/from-spec/level-3/enzymekinetics.xml" "unsetAnnotation.out.xml"
135: Test timeout computed to be: 3000
135/186 Test #135: test_cxx_unsetAnnotation ......................   Passed    0.48 sec
test 136
        Start 136: test_cxx_unsetNotes

136: Test command: C:\Development\libsbml-32-packages\examples\c++\unsetNotes.exe "C:/Development/libsbml-with-packages/examples/sample-models/from-spec/level-3/enzymekinetics.xml" "unsetNotes.out.xml"
136: Test timeout computed to be: 3000
136/186 Test #136: test_cxx_unsetNotes ...........................   Passed    0.58 sec
test 137
        Start 137: test_cxx_validateSBML

137: Test command: C:\Development\libsbml-32-packages\examples\c++\validateSBML.exe "C:/Development/libsbml-with-packages/examples/sample-models/from-spec/level-3/enzymekinetics.xml"
137: Test timeout computed to be: 3000
137:                  filename : C:/Development/libsbml-with-packages/examples/sample-models/from-spec/level-3/enzymekinetics.xml
137:          file size (byte) : 3930
137:            read time (ms) : 16
137:         c-check time (ms) : 31
137:       validation error(s) : 0
137:     (consistency error(s)): 0
137:     validation warning(s) : 0
137:   (consistency warning(s)): 0
137: ---------------------------------------------------------------------------
137: Validated 1 files, 1 valid files, 0 invalid files
137/186 Test #137: test_cxx_validateSBML .........................   Passed    0.48 sec
test 138
        Start 138: test_cs_addCVTerms

138: Test command: C:\Development\libsbml-32-packages\examples\csharp\addCVTerms.exe "C:/Development/libsbml-with-packages/examples/sample-models/from-spec/level-3/enzymekinetics.xml" "addCVTerms.out.xml"
138: Environment variables: 
138:  PATH=C:/Development/libsbml-32-packages/src/bindings/csharp
138:  C:/Development/libsbml-32-packages/src/bindings/csharp
138:  c:\Program Files (x86)\Microsoft F#\v4.0
138:  c:\Program Files (x86)\Microsoft Visual Studio 10.0\VSTSDB\Deploy
138:  c:\Program Files (x86)\Microsoft Visual Studio 10.0\Common7\IDE
138:  c:\Program Files (x86)\Microsoft Visual Studio 10.0\VC\BIN
138:  c:\Program Files (x86)\Microsoft Visual Studio 10.0\Common7\Tools
138:  c:\Windows\Microsoft.NET\Framework\v4.0.30319
138:  c:\Windows\Microsoft.NET\Framework\v3.5
138:  c:\Program Files (x86)\Microsoft Visual Studio 10.0\VC\VCPackages
138:  C:\Program Files (x86)\HTML Help Workshop
138:  C:\Program Files (x86)\HTML Help Workshop
138:  c:\Program Files (x86)\Microsoft Visual Studio 10.0\Team Tools\Performance Tools
138:  C:\Program Files (x86)\Microsoft SDKs\Windows\v7.0A\bin\NETFX 4.0 Tools
138:  C:\Program Files (x86)\Microsoft SDKs\Windows\v7.0A\bin
138:  c:\Program Files (x86)\CMake 2.8\bin
138:  C:\Program Files (x86)\CMake\bin
138:  C:\Perl_516\site\bin
138:  C:\Perl_516\bin
138:  C:\Perl64_516\site\bin
138:  C:\Perl64_516\bin
138:  C:\Perl64\site\bin
138:  C:\Perl64\bin
138:  C:\Perl32\site\bin
138:  C:\Perl32\bin
138:  C:\Windows\system32
138:  C:\Windows
138:  C:\Windows\System32\Wbem
138:  C:\Windows\System32\WindowsPowerShell\v1.0
138:  C:\Program Files\MATLAB\R2014a\runtime\win64
138:  C:\Program Files\MATLAB\R2014a\bin
138:  C:\Program Files\MATLAB\R2011b\runtime\win64
138:  C:\Program Files\MATLAB\R2011b\bin
138:  C:\Program Files (x86)\MATLAB\R2011b\runtime\win32
138:  C:\Program Files (x86)\MATLAB\R2011b\bin
138:  c:\Program Files (x86)\Microsoft SQL Server\100\Tools\Binn
138:  c:\Program Files\Microsoft SQL Server\100\Tools\Binn
138:  c:\Program Files\Microsoft SQL Server\100\DTS\Binn
138:  C:\Program Files (x86)\CMake 2.8\bin
138:  c:\Program Files (x86)\Microsoft ASP.NET\ASP.NET Web Pages\v1.0
138:  C:\Program Files\Microsoft\Web Platform Installer
138:  C:\Program Files\TortoiseHg
138:  C:\Program Files (x86)\Microsoft SQL Server\110\Tools\Binn
138:  C:\Program Files\Microsoft SQL Server\110\Tools\Binn
138:  C:\Program Files\Microsoft SQL Server\110\DTS\Binn
138:  C:\Program Files (x86)\Microsoft SQL Server\110\Tools\Binn\ManagementStudio
138:  C:\Program Files (x86)\Microsoft SQL Server\110\DTS\Binn
138:  C:\ProgramData\chocolatey\bin
138:  C:\Program Files\nodejs
138:  C:\Program Files (x86)\CMake\bin
138:  C:\Program Files\TortoiseGit\bin
138:  C:\Program Files\TortoiseSVN\bin
138:  C:\Program Files (x86)\nodejs
138:  C:\Program Files\Git\cmd
138:  c:\bin
138:  C:/tools/ninja
138:  C:\Users\fbergman\AppData\Roaming\npm
138: Test timeout computed to be: 3000
138/186 Test #138: test_cs_addCVTerms ............................   Passed    0.61 sec
test 139
        Start 139: test_cs_addingEvidenceCodes_1

139: Test command: C:\Development\libsbml-32-packages\examples\csharp\addingEvidenceCodes_1.exe "C:/Development/libsbml-with-packages/examples/sample-models/from-spec/level-3/enzymekinetics.xml" "addingEvidenceCodes_1.out.xml"
139: Environment variables: 
139:  PATH=C:/Development/libsbml-32-packages/src/bindings/csharp
139:  C:/Development/libsbml-32-packages/src/bindings/csharp
139:  c:\Program Files (x86)\Microsoft F#\v4.0
139:  c:\Program Files (x86)\Microsoft Visual Studio 10.0\VSTSDB\Deploy
139:  c:\Program Files (x86)\Microsoft Visual Studio 10.0\Common7\IDE
139:  c:\Program Files (x86)\Microsoft Visual Studio 10.0\VC\BIN
139:  c:\Program Files (x86)\Microsoft Visual Studio 10.0\Common7\Tools
139:  c:\Windows\Microsoft.NET\Framework\v4.0.30319
139:  c:\Windows\Microsoft.NET\Framework\v3.5
139:  c:\Program Files (x86)\Microsoft Visual Studio 10.0\VC\VCPackages
139:  C:\Program Files (x86)\HTML Help Workshop
139:  C:\Program Files (x86)\HTML Help Workshop
139:  c:\Program Files (x86)\Microsoft Visual Studio 10.0\Team Tools\Performance Tools
139:  C:\Program Files (x86)\Microsoft SDKs\Windows\v7.0A\bin\NETFX 4.0 Tools
139:  C:\Program Files (x86)\Microsoft SDKs\Windows\v7.0A\bin
139:  c:\Program Files (x86)\CMake 2.8\bin
139:  C:\Program Files (x86)\CMake\bin
139:  C:\Perl_516\site\bin
139:  C:\Perl_516\bin
139:  C:\Perl64_516\site\bin
139:  C:\Perl64_516\bin
139:  C:\Perl64\site\bin
139:  C:\Perl64\bin
139:  C:\Perl32\site\bin
139:  C:\Perl32\bin
139:  C:\Windows\system32
139:  C:\Windows
139:  C:\Windows\System32\Wbem
139:  C:\Windows\System32\WindowsPowerShell\v1.0
139:  C:\Program Files\MATLAB\R2014a\runtime\win64
139:  C:\Program Files\MATLAB\R2014a\bin
139:  C:\Program Files\MATLAB\R2011b\runtime\win64
139:  C:\Program Files\MATLAB\R2011b\bin
139:  C:\Program Files (x86)\MATLAB\R2011b\runtime\win32
139:  C:\Program Files (x86)\MATLAB\R2011b\bin
139:  c:\Program Files (x86)\Microsoft SQL Server\100\Tools\Binn
139:  c:\Program Files\Microsoft SQL Server\100\Tools\Binn
139:  c:\Program Files\Microsoft SQL Server\100\DTS\Binn
139:  C:\Program Files (x86)\CMake 2.8\bin
139:  c:\Program Files (x86)\Microsoft ASP.NET\ASP.NET Web Pages\v1.0
139:  C:\Program Files\Microsoft\Web Platform Installer
139:  C:\Program Files\TortoiseHg
139:  C:\Program Files (x86)\Microsoft SQL Server\110\Tools\Binn
139:  C:\Program Files\Microsoft SQL Server\110\Tools\Binn
139:  C:\Program Files\Microsoft SQL Server\110\DTS\Binn
139:  C:\Program Files (x86)\Microsoft SQL Server\110\Tools\Binn\ManagementStudio
139:  C:\Program Files (x86)\Microsoft SQL Server\110\DTS\Binn
139:  C:\ProgramData\chocolatey\bin
139:  C:\Program Files\nodejs
139:  C:\Program Files (x86)\CMake\bin
139:  C:\Program Files\TortoiseGit\bin
139:  C:\Program Files\TortoiseSVN\bin
139:  C:\Program Files (x86)\nodejs
139:  C:\Program Files\Git\cmd
139:  c:\bin
139:  C:/tools/ninja
139:  C:\Users\fbergman\AppData\Roaming\npm
139: Test timeout computed to be: 3000
139/186 Test #139: test_cs_addingEvidenceCodes_1 .................   Passed    0.19 sec
test 140
        Start 140: test_cs_addingEvidenceCodes_2

140: Test command: C:\Development\libsbml-32-packages\examples\csharp\addingEvidenceCodes_2.exe "C:/Development/libsbml-with-packages/examples/sample-models/from-spec/level-3/enzymekinetics.xml" "addingEvidenceCodes_2.out.xml"
140: Environment variables: 
140:  PATH=C:/Development/libsbml-32-packages/src/bindings/csharp
140:  C:/Development/libsbml-32-packages/src/bindings/csharp
140:  c:\Program Files (x86)\Microsoft F#\v4.0
140:  c:\Program Files (x86)\Microsoft Visual Studio 10.0\VSTSDB\Deploy
140:  c:\Program Files (x86)\Microsoft Visual Studio 10.0\Common7\IDE
140:  c:\Program Files (x86)\Microsoft Visual Studio 10.0\VC\BIN
140:  c:\Program Files (x86)\Microsoft Visual Studio 10.0\Common7\Tools
140:  c:\Windows\Microsoft.NET\Framework\v4.0.30319
140:  c:\Windows\Microsoft.NET\Framework\v3.5
140:  c:\Program Files (x86)\Microsoft Visual Studio 10.0\VC\VCPackages
140:  C:\Program Files (x86)\HTML Help Workshop
140:  C:\Program Files (x86)\HTML Help Workshop
140:  c:\Program Files (x86)\Microsoft Visual Studio 10.0\Team Tools\Performance Tools
140:  C:\Program Files (x86)\Microsoft SDKs\Windows\v7.0A\bin\NETFX 4.0 Tools
140:  C:\Program Files (x86)\Microsoft SDKs\Windows\v7.0A\bin
140:  c:\Program Files (x86)\CMake 2.8\bin
140:  C:\Program Files (x86)\CMake\bin
140:  C:\Perl_516\site\bin
140:  C:\Perl_516\bin
140:  C:\Perl64_516\site\bin
140:  C:\Perl64_516\bin
140:  C:\Perl64\site\bin
140:  C:\Perl64\bin
140:  C:\Perl32\site\bin
140:  C:\Perl32\bin
140:  C:\Windows\system32
140:  C:\Windows
140:  C:\Windows\System32\Wbem
140:  C:\Windows\System32\WindowsPowerShell\v1.0
140:  C:\Program Files\MATLAB\R2014a\runtime\win64
140:  C:\Program Files\MATLAB\R2014a\bin
140:  C:\Program Files\MATLAB\R2011b\runtime\win64
140:  C:\Program Files\MATLAB\R2011b\bin
140:  C:\Program Files (x86)\MATLAB\R2011b\runtime\win32
140:  C:\Program Files (x86)\MATLAB\R2011b\bin
140:  c:\Program Files (x86)\Microsoft SQL Server\100\Tools\Binn
140:  c:\Program Files\Microsoft SQL Server\100\Tools\Binn
140:  c:\Program Files\Microsoft SQL Server\100\DTS\Binn
140:  C:\Program Files (x86)\CMake 2.8\bin
140:  c:\Program Files (x86)\Microsoft ASP.NET\ASP.NET Web Pages\v1.0
140:  C:\Program Files\Microsoft\Web Platform Installer
140:  C:\Program Files\TortoiseHg
140:  C:\Program Files (x86)\Microsoft SQL Server\110\Tools\Binn
140:  C:\Program Files\Microsoft SQL Server\110\Tools\Binn
140:  C:\Program Files\Microsoft SQL Server\110\DTS\Binn
140:  C:\Program Files (x86)\Microsoft SQL Server\110\Tools\Binn\ManagementStudio
140:  C:\Program Files (x86)\Microsoft SQL Server\110\DTS\Binn
140:  C:\ProgramData\chocolatey\bin
140:  C:\Program Files\nodejs
140:  C:\Program Files (x86)\CMake\bin
140:  C:\Program Files\TortoiseGit\bin
140:  C:\Program Files\TortoiseSVN\bin
140:  C:\Program Files (x86)\nodejs
140:  C:\Program Files\Git\cmd
140:  c:\bin
140:  C:/tools/ninja
140:  C:\Users\fbergman\AppData\Roaming\npm
140: Test timeout computed to be: 3000
140/186 Test #140: test_cs_addingEvidenceCodes_2 .................   Passed    0.16 sec
test 141
        Start 141: test_cs_addModelHistory

141: Test command: C:\Development\libsbml-32-packages\examples\csharp\addModelHistory.exe "C:/Development/libsbml-with-packages/examples/sample-models/from-spec/level-3/enzymekinetics.xml" "addModelHistory.out.xml"
141: Environment variables: 
141:  PATH=C:/Development/libsbml-32-packages/src/bindings/csharp
141:  C:/Development/libsbml-32-packages/src/bindings/csharp
141:  c:\Program Files (x86)\Microsoft F#\v4.0
141:  c:\Program Files (x86)\Microsoft Visual Studio 10.0\VSTSDB\Deploy
141:  c:\Program Files (x86)\Microsoft Visual Studio 10.0\Common7\IDE
141:  c:\Program Files (x86)\Microsoft Visual Studio 10.0\VC\BIN
141:  c:\Program Files (x86)\Microsoft Visual Studio 10.0\Common7\Tools
141:  c:\Windows\Microsoft.NET\Framework\v4.0.30319
141:  c:\Windows\Microsoft.NET\Framework\v3.5
141:  c:\Program Files (x86)\Microsoft Visual Studio 10.0\VC\VCPackages
141:  C:\Program Files (x86)\HTML Help Workshop
141:  C:\Program Files (x86)\HTML Help Workshop
141:  c:\Program Files (x86)\Microsoft Visual Studio 10.0\Team Tools\Performance Tools
141:  C:\Program Files (x86)\Microsoft SDKs\Windows\v7.0A\bin\NETFX 4.0 Tools
141:  C:\Program Files (x86)\Microsoft SDKs\Windows\v7.0A\bin
141:  c:\Program Files (x86)\CMake 2.8\bin
141:  C:\Program Files (x86)\CMake\bin
141:  C:\Perl_516\site\bin
141:  C:\Perl_516\bin
141:  C:\Perl64_516\site\bin
141:  C:\Perl64_516\bin
141:  C:\Perl64\site\bin
141:  C:\Perl64\bin
141:  C:\Perl32\site\bin
141:  C:\Perl32\bin
141:  C:\Windows\system32
141:  C:\Windows
141:  C:\Windows\System32\Wbem
141:  C:\Windows\System32\WindowsPowerShell\v1.0
141:  C:\Program Files\MATLAB\R2014a\runtime\win64
141:  C:\Program Files\MATLAB\R2014a\bin
141:  C:\Program Files\MATLAB\R2011b\runtime\win64
141:  C:\Program Files\MATLAB\R2011b\bin
141:  C:\Program Files (x86)\MATLAB\R2011b\runtime\win32
141:  C:\Program Files (x86)\MATLAB\R2011b\bin
141:  c:\Program Files (x86)\Microsoft SQL Server\100\Tools\Binn
141:  c:\Program Files\Microsoft SQL Server\100\Tools\Binn
141:  c:\Program Files\Microsoft SQL Server\100\DTS\Binn
141:  C:\Program Files (x86)\CMake 2.8\bin
141:  c:\Program Files (x86)\Microsoft ASP.NET\ASP.NET Web Pages\v1.0
141:  C:\Program Files\Microsoft\Web Platform Installer
141:  C:\Program Files\TortoiseHg
141:  C:\Program Files (x86)\Microsoft SQL Server\110\Tools\Binn
141:  C:\Program Files\Microsoft SQL Server\110\Tools\Binn
141:  C:\Program Files\Microsoft SQL Server\110\DTS\Binn
141:  C:\Program Files (x86)\Microsoft SQL Server\110\Tools\Binn\ManagementStudio
141:  C:\Program Files (x86)\Microsoft SQL Server\110\DTS\Binn
141:  C:\ProgramData\chocolatey\bin
141:  C:\Program Files\nodejs
141:  C:\Program Files (x86)\CMake\bin
141:  C:\Program Files\TortoiseGit\bin
141:  C:\Program Files\TortoiseSVN\bin
141:  C:\Program Files (x86)\nodejs
141:  C:\Program Files\Git\cmd
141:  c:\bin
141:  C:/tools/ninja
141:  C:\Users\fbergman\AppData\Roaming\npm
141: Test timeout computed to be: 3000
141: Status for addCreator: succeeded
141: Set created date:      succeeded
141: Set modified date:     succeeded
141: Set model history:     unknown
141/186 Test #141: test_cs_addModelHistory .......................   Passed    0.19 sec
test 142
        Start 142: test_cs_appendAnnotation

142: Test command: C:\Development\libsbml-32-packages\examples\csharp\appendAnnotation.exe "C:/Development/libsbml-with-packages/examples/sample-models/from-spec/level-3/enzymekinetics.xml" "appendAnnotation.out.xml"
142: Environment variables: 
142:  PATH=C:/Development/libsbml-32-packages/src/bindings/csharp
142:  C:/Development/libsbml-32-packages/src/bindings/csharp
142:  c:\Program Files (x86)\Microsoft F#\v4.0
142:  c:\Program Files (x86)\Microsoft Visual Studio 10.0\VSTSDB\Deploy
142:  c:\Program Files (x86)\Microsoft Visual Studio 10.0\Common7\IDE
142:  c:\Program Files (x86)\Microsoft Visual Studio 10.0\VC\BIN
142:  c:\Program Files (x86)\Microsoft Visual Studio 10.0\Common7\Tools
142:  c:\Windows\Microsoft.NET\Framework\v4.0.30319
142:  c:\Windows\Microsoft.NET\Framework\v3.5
142:  c:\Program Files (x86)\Microsoft Visual Studio 10.0\VC\VCPackages
142:  C:\Program Files (x86)\HTML Help Workshop
142:  C:\Program Files (x86)\HTML Help Workshop
142:  c:\Program Files (x86)\Microsoft Visual Studio 10.0\Team Tools\Performance Tools
142:  C:\Program Files (x86)\Microsoft SDKs\Windows\v7.0A\bin\NETFX 4.0 Tools
142:  C:\Program Files (x86)\Microsoft SDKs\Windows\v7.0A\bin
142:  c:\Program Files (x86)\CMake 2.8\bin
142:  C:\Program Files (x86)\CMake\bin
142:  C:\Perl_516\site\bin
142:  C:\Perl_516\bin
142:  C:\Perl64_516\site\bin
142:  C:\Perl64_516\bin
142:  C:\Perl64\site\bin
142:  C:\Perl64\bin
142:  C:\Perl32\site\bin
142:  C:\Perl32\bin
142:  C:\Windows\system32
142:  C:\Windows
142:  C:\Windows\System32\Wbem
142:  C:\Windows\System32\WindowsPowerShell\v1.0
142:  C:\Program Files\MATLAB\R2014a\runtime\win64
142:  C:\Program Files\MATLAB\R2014a\bin
142:  C:\Program Files\MATLAB\R2011b\runtime\win64
142:  C:\Program Files\MATLAB\R2011b\bin
142:  C:\Program Files (x86)\MATLAB\R2011b\runtime\win32
142:  C:\Program Files (x86)\MATLAB\R2011b\bin
142:  c:\Program Files (x86)\Microsoft SQL Server\100\Tools\Binn
142:  c:\Program Files\Microsoft SQL Server\100\Tools\Binn
142:  c:\Program Files\Microsoft SQL Server\100\DTS\Binn
142:  C:\Program Files (x86)\CMake 2.8\bin
142:  c:\Program Files (x86)\Microsoft ASP.NET\ASP.NET Web Pages\v1.0
142:  C:\Program Files\Microsoft\Web Platform Installer
142:  C:\Program Files\TortoiseHg
142:  C:\Program Files (x86)\Microsoft SQL Server\110\Tools\Binn
142:  C:\Program Files\Microsoft SQL Server\110\Tools\Binn
142:  C:\Program Files\Microsoft SQL Server\110\DTS\Binn
142:  C:\Program Files (x86)\Microsoft SQL Server\110\Tools\Binn\ManagementStudio
142:  C:\Program Files (x86)\Microsoft SQL Server\110\DTS\Binn
142:  C:\ProgramData\chocolatey\bin
142:  C:\Program Files\nodejs
142:  C:\Program Files (x86)\CMake\bin
142:  C:\Program Files\TortoiseGit\bin
142:  C:\Program Files\TortoiseSVN\bin
142:  C:\Program Files (x86)\nodejs
142:  C:\Program Files\Git\cmd
142:  c:\bin
142:  C:/tools/ninja
142:  C:\Users\fbergman\AppData\Roaming\npm
142: Test timeout computed to be: 3000
142/186 Test #142: test_cs_appendAnnotation ......................   Passed    0.14 sec
test 143
        Start 143: test_cs_convertSBML

143: Test command: C:\Development\libsbml-32-packages\examples\csharp\convertSBML.exe "C:/Development/libsbml-with-packages/examples/sample-models/from-spec/level-3/enzymekinetics.xml" "convertSBML.out.xml"
143: Environment variables: 
143:  PATH=C:/Development/libsbml-32-packages/src/bindings/csharp
143:  C:/Development/libsbml-32-packages/src/bindings/csharp
143:  c:\Program Files (x86)\Microsoft F#\v4.0
143:  c:\Program Files (x86)\Microsoft Visual Studio 10.0\VSTSDB\Deploy
143:  c:\Program Files (x86)\Microsoft Visual Studio 10.0\Common7\IDE
143:  c:\Program Files (x86)\Microsoft Visual Studio 10.0\VC\BIN
143:  c:\Program Files (x86)\Microsoft Visual Studio 10.0\Common7\Tools
143:  c:\Windows\Microsoft.NET\Framework\v4.0.30319
143:  c:\Windows\Microsoft.NET\Framework\v3.5
143:  c:\Program Files (x86)\Microsoft Visual Studio 10.0\VC\VCPackages
143:  C:\Program Files (x86)\HTML Help Workshop
143:  C:\Program Files (x86)\HTML Help Workshop
143:  c:\Program Files (x86)\Microsoft Visual Studio 10.0\Team Tools\Performance Tools
143:  C:\Program Files (x86)\Microsoft SDKs\Windows\v7.0A\bin\NETFX 4.0 Tools
143:  C:\Program Files (x86)\Microsoft SDKs\Windows\v7.0A\bin
143:  c:\Program Files (x86)\CMake 2.8\bin
143:  C:\Program Files (x86)\CMake\bin
143:  C:\Perl_516\site\bin
143:  C:\Perl_516\bin
143:  C:\Perl64_516\site\bin
143:  C:\Perl64_516\bin
143:  C:\Perl64\site\bin
143:  C:\Perl64\bin
143:  C:\Perl32\site\bin
143:  C:\Perl32\bin
143:  C:\Windows\system32
143:  C:\Windows
143:  C:\Windows\System32\Wbem
143:  C:\Windows\System32\WindowsPowerShell\v1.0
143:  C:\Program Files\MATLAB\R2014a\runtime\win64
143:  C:\Program Files\MATLAB\R2014a\bin
143:  C:\Program Files\MATLAB\R2011b\runtime\win64
143:  C:\Program Files\MATLAB\R2011b\bin
143:  C:\Program Files (x86)\MATLAB\R2011b\runtime\win32
143:  C:\Program Files (x86)\MATLAB\R2011b\bin
143:  c:\Program Files (x86)\Microsoft SQL Server\100\Tools\Binn
143:  c:\Program Files\Microsoft SQL Server\100\Tools\Binn
143:  c:\Program Files\Microsoft SQL Server\100\DTS\Binn
143:  C:\Program Files (x86)\CMake 2.8\bin
143:  c:\Program Files (x86)\Microsoft ASP.NET\ASP.NET Web Pages\v1.0
143:  C:\Program Files\Microsoft\Web Platform Installer
143:  C:\Program Files\TortoiseHg
143:  C:\Program Files (x86)\Microsoft SQL Server\110\Tools\Binn
143:  C:\Program Files\Microsoft SQL Server\110\Tools\Binn
143:  C:\Program Files\Microsoft SQL Server\110\DTS\Binn
143:  C:\Program Files (x86)\Microsoft SQL Server\110\Tools\Binn\ManagementStudio
143:  C:\Program Files (x86)\Microsoft SQL Server\110\DTS\Binn
143:  C:\ProgramData\chocolatey\bin
143:  C:\Program Files\nodejs
143:  C:\Program Files (x86)\CMake\bin
143:  C:\Program Files\TortoiseGit\bin
143:  C:\Program Files\TortoiseSVN\bin
143:  C:\Program Files (x86)\nodejs
143:  C:\Program Files\Git\cmd
143:  c:\bin
143:  C:/tools/ninja
143:  C:\Users\fbergman\AppData\Roaming\npm
143: Test timeout computed to be: 3000
143: Attempting to convert Level 3 Version 1 model to Level 3 Version 2.
143: Conversion completed.
143/186 Test #143: test_cs_convertSBML ...........................   Passed    0.20 sec
test 144
        Start 144: test_cs_createExampleSBML

144: Test command: C:\Development\libsbml-32-packages\examples\csharp\createExampleSBML.exe "C:/Development/libsbml-with-packages/examples/sample-models/from-spec/level-3/enzymekinetics.xml" "createExampleSBML.out.xml"
144: Environment variables: 
144:  PATH=C:/Development/libsbml-32-packages/src/bindings/csharp
144:  C:/Development/libsbml-32-packages/src/bindings/csharp
144:  c:\Program Files (x86)\Microsoft F#\v4.0
144:  c:\Program Files (x86)\Microsoft Visual Studio 10.0\VSTSDB\Deploy
144:  c:\Program Files (x86)\Microsoft Visual Studio 10.0\Common7\IDE
144:  c:\Program Files (x86)\Microsoft Visual Studio 10.0\VC\BIN
144:  c:\Program Files (x86)\Microsoft Visual Studio 10.0\Common7\Tools
144:  c:\Windows\Microsoft.NET\Framework\v4.0.30319
144:  c:\Windows\Microsoft.NET\Framework\v3.5
144:  c:\Program Files (x86)\Microsoft Visual Studio 10.0\VC\VCPackages
144:  C:\Program Files (x86)\HTML Help Workshop
144:  C:\Program Files (x86)\HTML Help Workshop
144:  c:\Program Files (x86)\Microsoft Visual Studio 10.0\Team Tools\Performance Tools
144:  C:\Program Files (x86)\Microsoft SDKs\Windows\v7.0A\bin\NETFX 4.0 Tools
144:  C:\Program Files (x86)\Microsoft SDKs\Windows\v7.0A\bin
144:  c:\Program Files (x86)\CMake 2.8\bin
144:  C:\Program Files (x86)\CMake\bin
144:  C:\Perl_516\site\bin
144:  C:\Perl_516\bin
144:  C:\Perl64_516\site\bin
144:  C:\Perl64_516\bin
144:  C:\Perl64\site\bin
144:  C:\Perl64\bin
144:  C:\Perl32\site\bin
144:  C:\Perl32\bin
144:  C:\Windows\system32
144:  C:\Windows
144:  C:\Windows\System32\Wbem
144:  C:\Windows\System32\WindowsPowerShell\v1.0
144:  C:\Program Files\MATLAB\R2014a\runtime\win64
144:  C:\Program Files\MATLAB\R2014a\bin
144:  C:\Program Files\MATLAB\R2011b\runtime\win64
144:  C:\Program Files\MATLAB\R2011b\bin
144:  C:\Program Files (x86)\MATLAB\R2011b\runtime\win32
144:  C:\Program Files (x86)\MATLAB\R2011b\bin
144:  c:\Program Files (x86)\Microsoft SQL Server\100\Tools\Binn
144:  c:\Program Files\Microsoft SQL Server\100\Tools\Binn
144:  c:\Program Files\Microsoft SQL Server\100\DTS\Binn
144:  C:\Program Files (x86)\CMake 2.8\bin
144:  c:\Program Files (x86)\Microsoft ASP.NET\ASP.NET Web Pages\v1.0
144:  C:\Program Files\Microsoft\Web Platform Installer
144:  C:\Program Files\TortoiseHg
144:  C:\Program Files (x86)\Microsoft SQL Server\110\Tools\Binn
144:  C:\Program Files\Microsoft SQL Server\110\Tools\Binn
144:  C:\Program Files\Microsoft SQL Server\110\DTS\Binn
144:  C:\Program Files (x86)\Microsoft SQL Server\110\Tools\Binn\ManagementStudio
144:  C:\Program Files (x86)\Microsoft SQL Server\110\DTS\Binn
144:  C:\ProgramData\chocolatey\bin
144:  C:\Program Files\nodejs
144:  C:\Program Files (x86)\CMake\bin
144:  C:\Program Files\TortoiseGit\bin
144:  C:\Program Files\TortoiseSVN\bin
144:  C:\Program Files (x86)\nodejs
144:  C:\Program Files\Git\cmd
144:  c:\bin
144:  C:/tools/ninja
144:  C:\Users\fbergman\AppData\Roaming\npm
144: Test timeout computed to be: 3000
144: Wrote file "enzymaticreaction.xml"
144: Wrote file "units.xml"
144: 
144: 
144: Notice: encountered 1 validation warning in model 'functionExample'.
144: 
144: line 1: (99505 [Warning]) In situations where a mathematical expression contains literal numbers or parameters whose units have not been declared, it is not possible to verify accurately the consistency of the units in the expression. 
144:  The units of the <kineticLaw> <math> expression 'f(S1) * compartmentOne / t' cannot be fully checked. Unit consistency reported as either no errors or further unit errors related to this object may not be accurate.
144: 
144: 
144: Wrote file "functiondef.xml"
144/186 Test #144: test_cs_createExampleSBML .....................   Passed    0.20 sec
test 145
        Start 145: test_cs_echoSBML

145: Test command: C:\Development\libsbml-32-packages\examples\csharp\echoSBML.exe "C:/Development/libsbml-with-packages/examples/sample-models/from-spec/level-3/enzymekinetics.xml" "echoSBML.out.xml"
145: Environment variables: 
145:  PATH=C:/Development/libsbml-32-packages/src/bindings/csharp
145:  C:/Development/libsbml-32-packages/src/bindings/csharp
145:  c:\Program Files (x86)\Microsoft F#\v4.0
145:  c:\Program Files (x86)\Microsoft Visual Studio 10.0\VSTSDB\Deploy
145:  c:\Program Files (x86)\Microsoft Visual Studio 10.0\Common7\IDE
145:  c:\Program Files (x86)\Microsoft Visual Studio 10.0\VC\BIN
145:  c:\Program Files (x86)\Microsoft Visual Studio 10.0\Common7\Tools
145:  c:\Windows\Microsoft.NET\Framework\v4.0.30319
145:  c:\Windows\Microsoft.NET\Framework\v3.5
145:  c:\Program Files (x86)\Microsoft Visual Studio 10.0\VC\VCPackages
145:  C:\Program Files (x86)\HTML Help Workshop
145:  C:\Program Files (x86)\HTML Help Workshop
145:  c:\Program Files (x86)\Microsoft Visual Studio 10.0\Team Tools\Performance Tools
145:  C:\Program Files (x86)\Microsoft SDKs\Windows\v7.0A\bin\NETFX 4.0 Tools
145:  C:\Program Files (x86)\Microsoft SDKs\Windows\v7.0A\bin
145:  c:\Program Files (x86)\CMake 2.8\bin
145:  C:\Program Files (x86)\CMake\bin
145:  C:\Perl_516\site\bin
145:  C:\Perl_516\bin
145:  C:\Perl64_516\site\bin
145:  C:\Perl64_516\bin
145:  C:\Perl64\site\bin
145:  C:\Perl64\bin
145:  C:\Perl32\site\bin
145:  C:\Perl32\bin
145:  C:\Windows\system32
145:  C:\Windows
145:  C:\Windows\System32\Wbem
145:  C:\Windows\System32\WindowsPowerShell\v1.0
145:  C:\Program Files\MATLAB\R2014a\runtime\win64
145:  C:\Program Files\MATLAB\R2014a\bin
145:  C:\Program Files\MATLAB\R2011b\runtime\win64
145:  C:\Program Files\MATLAB\R2011b\bin
145:  C:\Program Files (x86)\MATLAB\R2011b\runtime\win32
145:  C:\Program Files (x86)\MATLAB\R2011b\bin
145:  c:\Program Files (x86)\Microsoft SQL Server\100\Tools\Binn
145:  c:\Program Files\Microsoft SQL Server\100\Tools\Binn
145:  c:\Program Files\Microsoft SQL Server\100\DTS\Binn
145:  C:\Program Files (x86)\CMake 2.8\bin
145:  c:\Program Files (x86)\Microsoft ASP.NET\ASP.NET Web Pages\v1.0
145:  C:\Program Files\Microsoft\Web Platform Installer
145:  C:\Program Files\TortoiseHg
145:  C:\Program Files (x86)\Microsoft SQL Server\110\Tools\Binn
145:  C:\Program Files\Microsoft SQL Server\110\Tools\Binn
145:  C:\Program Files\Microsoft SQL Server\110\DTS\Binn
145:  C:\Program Files (x86)\Microsoft SQL Server\110\Tools\Binn\ManagementStudio
145:  C:\Program Files (x86)\Microsoft SQL Server\110\DTS\Binn
145:  C:\ProgramData\chocolatey\bin
145:  C:\Program Files\nodejs
145:  C:\Program Files (x86)\CMake\bin
145:  C:\Program Files\TortoiseGit\bin
145:  C:\Program Files\TortoiseSVN\bin
145:  C:\Program Files (x86)\nodejs
145:  C:\Program Files\Git\cmd
145:  c:\bin
145:  C:/tools/ninja
145:  C:\Users\fbergman\AppData\Roaming\npm
145: Test timeout computed to be: 3000
145: [OK] Echoed C:/Development/libsbml-with-packages/examples/sample-models/from-spec/level-3/enzymekinetics.xml to echoSBML.out.xml
145/186 Test #145: test_cs_echoSBML ..............................   Passed    0.11 sec
test 146
        Start 146: test_cs_GetAllElementsWithNotes

146: Test command: C:\Development\libsbml-32-packages\examples\csharp\GetAllElementsWithNotes.exe "C:/Development/libsbml-with-packages/examples/sample-models/from-spec/level-3/enzymekinetics.xml"
146: Environment variables: 
146:  PATH=C:/Development/libsbml-32-packages/src/bindings/csharp
146:  C:/Development/libsbml-32-packages/src/bindings/csharp
146:  c:\Program Files (x86)\Microsoft F#\v4.0
146:  c:\Program Files (x86)\Microsoft Visual Studio 10.0\VSTSDB\Deploy
146:  c:\Program Files (x86)\Microsoft Visual Studio 10.0\Common7\IDE
146:  c:\Program Files (x86)\Microsoft Visual Studio 10.0\VC\BIN
146:  c:\Program Files (x86)\Microsoft Visual Studio 10.0\Common7\Tools
146:  c:\Windows\Microsoft.NET\Framework\v4.0.30319
146:  c:\Windows\Microsoft.NET\Framework\v3.5
146:  c:\Program Files (x86)\Microsoft Visual Studio 10.0\VC\VCPackages
146:  C:\Program Files (x86)\HTML Help Workshop
146:  C:\Program Files (x86)\HTML Help Workshop
146:  c:\Program Files (x86)\Microsoft Visual Studio 10.0\Team Tools\Performance Tools
146:  C:\Program Files (x86)\Microsoft SDKs\Windows\v7.0A\bin\NETFX 4.0 Tools
146:  C:\Program Files (x86)\Microsoft SDKs\Windows\v7.0A\bin
146:  c:\Program Files (x86)\CMake 2.8\bin
146:  C:\Program Files (x86)\CMake\bin
146:  C:\Perl_516\site\bin
146:  C:\Perl_516\bin
146:  C:\Perl64_516\site\bin
146:  C:\Perl64_516\bin
146:  C:\Perl64\site\bin
146:  C:\Perl64\bin
146:  C:\Perl32\site\bin
146:  C:\Perl32\bin
146:  C:\Windows\system32
146:  C:\Windows
146:  C:\Windows\System32\Wbem
146:  C:\Windows\System32\WindowsPowerShell\v1.0
146:  C:\Program Files\MATLAB\R2014a\runtime\win64
146:  C:\Program Files\MATLAB\R2014a\bin
146:  C:\Program Files\MATLAB\R2011b\runtime\win64
146:  C:\Program Files\MATLAB\R2011b\bin
146:  C:\Program Files (x86)\MATLAB\R2011b\runtime\win32
146:  C:\Program Files (x86)\MATLAB\R2011b\bin
146:  c:\Program Files (x86)\Microsoft SQL Server\100\Tools\Binn
146:  c:\Program Files\Microsoft SQL Server\100\Tools\Binn
146:  c:\Program Files\Microsoft SQL Server\100\DTS\Binn
146:  C:\Program Files (x86)\CMake 2.8\bin
146:  c:\Program Files (x86)\Microsoft ASP.NET\ASP.NET Web Pages\v1.0
146:  C:\Program Files\Microsoft\Web Platform Installer
146:  C:\Program Files\TortoiseHg
146:  C:\Program Files (x86)\Microsoft SQL Server\110\Tools\Binn
146:  C:\Program Files\Microsoft SQL Server\110\Tools\Binn
146:  C:\Program Files\Microsoft SQL Server\110\DTS\Binn
146:  C:\Program Files (x86)\Microsoft SQL Server\110\Tools\Binn\ManagementStudio
146:  C:\Program Files (x86)\Microsoft SQL Server\110\DTS\Binn
146:  C:\ProgramData\chocolatey\bin
146:  C:\Program Files\nodejs
146:  C:\Program Files (x86)\CMake\bin
146:  C:\Program Files\TortoiseGit\bin
146:  C:\Program Files\TortoiseSVN\bin
146:  C:\Program Files (x86)\nodejs
146:  C:\Program Files\Git\cmd
146:  c:\bin
146:  C:/tools/ninja
146:  C:\Users\fbergman\AppData\Roaming\npm
146: Test timeout computed to be: 3000
146: 
146:             filename: C:/Development/libsbml-with-packages/examples/sample-models/from-spec/level-3/enzymekinetics.xml
146:       read time (ms): 15.6002
146:     searching ......:
146:     search time (ms): 0
146: 
146:  elements with notes: 0
146: 
146/186 Test #146: test_cs_GetAllElementsWithNotes ...............   Passed    0.12 sec
test 147
        Start 147: test_cs_printAnnotation

147: Test command: C:\Development\libsbml-32-packages\examples\csharp\printAnnotation.exe "C:/Development/libsbml-with-packages/examples/sample-models/from-spec/level-3/enzymekinetics.xml"
147: Environment variables: 
147:  PATH=C:/Development/libsbml-32-packages/src/bindings/csharp
147:  C:/Development/libsbml-32-packages/src/bindings/csharp
147:  c:\Program Files (x86)\Microsoft F#\v4.0
147:  c:\Program Files (x86)\Microsoft Visual Studio 10.0\VSTSDB\Deploy
147:  c:\Program Files (x86)\Microsoft Visual Studio 10.0\Common7\IDE
147:  c:\Program Files (x86)\Microsoft Visual Studio 10.0\VC\BIN
147:  c:\Program Files (x86)\Microsoft Visual Studio 10.0\Common7\Tools
147:  c:\Windows\Microsoft.NET\Framework\v4.0.30319
147:  c:\Windows\Microsoft.NET\Framework\v3.5
147:  c:\Program Files (x86)\Microsoft Visual Studio 10.0\VC\VCPackages
147:  C:\Program Files (x86)\HTML Help Workshop
147:  C:\Program Files (x86)\HTML Help Workshop
147:  c:\Program Files (x86)\Microsoft Visual Studio 10.0\Team Tools\Performance Tools
147:  C:\Program Files (x86)\Microsoft SDKs\Windows\v7.0A\bin\NETFX 4.0 Tools
147:  C:\Program Files (x86)\Microsoft SDKs\Windows\v7.0A\bin
147:  c:\Program Files (x86)\CMake 2.8\bin
147:  C:\Program Files (x86)\CMake\bin
147:  C:\Perl_516\site\bin
147:  C:\Perl_516\bin
147:  C:\Perl64_516\site\bin
147:  C:\Perl64_516\bin
147:  C:\Perl64\site\bin
147:  C:\Perl64\bin
147:  C:\Perl32\site\bin
147:  C:\Perl32\bin
147:  C:\Windows\system32
147:  C:\Windows
147:  C:\Windows\System32\Wbem
147:  C:\Windows\System32\WindowsPowerShell\v1.0
147:  C:\Program Files\MATLAB\R2014a\runtime\win64
147:  C:\Program Files\MATLAB\R2014a\bin
147:  C:\Program Files\MATLAB\R2011b\runtime\win64
147:  C:\Program Files\MATLAB\R2011b\bin
147:  C:\Program Files (x86)\MATLAB\R2011b\runtime\win32
147:  C:\Program Files (x86)\MATLAB\R2011b\bin
147:  c:\Program Files (x86)\Microsoft SQL Server\100\Tools\Binn
147:  c:\Program Files\Microsoft SQL Server\100\Tools\Binn
147:  c:\Program Files\Microsoft SQL Server\100\DTS\Binn
147:  C:\Program Files (x86)\CMake 2.8\bin
147:  c:\Program Files (x86)\Microsoft ASP.NET\ASP.NET Web Pages\v1.0
147:  C:\Program Files\Microsoft\Web Platform Installer
147:  C:\Program Files\TortoiseHg
147:  C:\Program Files (x86)\Microsoft SQL Server\110\Tools\Binn
147:  C:\Program Files\Microsoft SQL Server\110\Tools\Binn
147:  C:\Program Files\Microsoft SQL Server\110\DTS\Binn
147:  C:\Program Files (x86)\Microsoft SQL Server\110\Tools\Binn\ManagementStudio
147:  C:\Program Files (x86)\Microsoft SQL Server\110\DTS\Binn
147:  C:\ProgramData\chocolatey\bin
147:  C:\Program Files\nodejs
147:  C:\Program Files (x86)\CMake\bin
147:  C:\Program Files\TortoiseGit\bin
147:  C:\Program Files\TortoiseSVN\bin
147:  C:\Program Files (x86)\nodejs
147:  C:\Program Files\Git\cmd
147:  c:\bin
147:  C:/tools/ninja
147:  C:\Users\fbergman\AppData\Roaming\npm
147: Test timeout computed to be: 3000
147: 
147: filename: C:/Development/libsbml-with-packages/examples/sample-models/from-spec/level-3/enzymekinetics.xml
147: 
147/186 Test #147: test_cs_printAnnotation .......................   Passed    0.16 sec
test 148
        Start 148: test_cs_printMath

148: Test command: C:\Development\libsbml-32-packages\examples\csharp\printMath.exe "C:/Development/libsbml-with-packages/examples/sample-models/from-spec/level-3/enzymekinetics.xml"
148: Environment variables: 
148:  PATH=C:/Development/libsbml-32-packages/src/bindings/csharp
148:  C:/Development/libsbml-32-packages/src/bindings/csharp
148:  c:\Program Files (x86)\Microsoft F#\v4.0
148:  c:\Program Files (x86)\Microsoft Visual Studio 10.0\VSTSDB\Deploy
148:  c:\Program Files (x86)\Microsoft Visual Studio 10.0\Common7\IDE
148:  c:\Program Files (x86)\Microsoft Visual Studio 10.0\VC\BIN
148:  c:\Program Files (x86)\Microsoft Visual Studio 10.0\Common7\Tools
148:  c:\Windows\Microsoft.NET\Framework\v4.0.30319
148:  c:\Windows\Microsoft.NET\Framework\v3.5
148:  c:\Program Files (x86)\Microsoft Visual Studio 10.0\VC\VCPackages
148:  C:\Program Files (x86)\HTML Help Workshop
148:  C:\Program Files (x86)\HTML Help Workshop
148:  c:\Program Files (x86)\Microsoft Visual Studio 10.0\Team Tools\Performance Tools
148:  C:\Program Files (x86)\Microsoft SDKs\Windows\v7.0A\bin\NETFX 4.0 Tools
148:  C:\Program Files (x86)\Microsoft SDKs\Windows\v7.0A\bin
148:  c:\Program Files (x86)\CMake 2.8\bin
148:  C:\Program Files (x86)\CMake\bin
148:  C:\Perl_516\site\bin
148:  C:\Perl_516\bin
148:  C:\Perl64_516\site\bin
148:  C:\Perl64_516\bin
148:  C:\Perl64\site\bin
148:  C:\Perl64\bin
148:  C:\Perl32\site\bin
148:  C:\Perl32\bin
148:  C:\Windows\system32
148:  C:\Windows
148:  C:\Windows\System32\Wbem
148:  C:\Windows\System32\WindowsPowerShell\v1.0
148:  C:\Program Files\MATLAB\R2014a\runtime\win64
148:  C:\Program Files\MATLAB\R2014a\bin
148:  C:\Program Files\MATLAB\R2011b\runtime\win64
148:  C:\Program Files\MATLAB\R2011b\bin
148:  C:\Program Files (x86)\MATLAB\R2011b\runtime\win32
148:  C:\Program Files (x86)\MATLAB\R2011b\bin
148:  c:\Program Files (x86)\Microsoft SQL Server\100\Tools\Binn
148:  c:\Program Files\Microsoft SQL Server\100\Tools\Binn
148:  c:\Program Files\Microsoft SQL Server\100\DTS\Binn
148:  C:\Program Files (x86)\CMake 2.8\bin
148:  c:\Program Files (x86)\Microsoft ASP.NET\ASP.NET Web Pages\v1.0
148:  C:\Program Files\Microsoft\Web Platform Installer
148:  C:\Program Files\TortoiseHg
148:  C:\Program Files (x86)\Microsoft SQL Server\110\Tools\Binn
148:  C:\Program Files\Microsoft SQL Server\110\Tools\Binn
148:  C:\Program Files\Microsoft SQL Server\110\DTS\Binn
148:  C:\Program Files (x86)\Microsoft SQL Server\110\Tools\Binn\ManagementStudio
148:  C:\Program Files (x86)\Microsoft SQL Server\110\DTS\Binn
148:  C:\ProgramData\chocolatey\bin
148:  C:\Program Files\nodejs
148:  C:\Program Files (x86)\CMake\bin
148:  C:\Program Files\TortoiseGit\bin
148:  C:\Program Files\TortoiseSVN\bin
148:  C:\Program Files (x86)\nodejs
148:  C:\Program Files\Git\cmd
148:  c:\bin
148:  C:/tools/ninja
148:  C:\Users\fbergman\AppData\Roaming\npm
148: Test timeout computed to be: 3000
148: 
148: Reaction 1, formula: comp * (kon * E * S - koff * ES)
148: Reaction 2, formula: comp * kcat * ES
148: 
148: 
148/186 Test #148: test_cs_printMath .............................   Passed    0.11 sec
test 149
        Start 149: test_cs_printNotes

149: Test command: C:\Development\libsbml-32-packages\examples\csharp\printNotes.exe "C:/Development/libsbml-with-packages/examples/sample-models/from-spec/level-3/enzymekinetics.xml"
149: Environment variables: 
149:  PATH=C:/Development/libsbml-32-packages/src/bindings/csharp
149:  C:/Development/libsbml-32-packages/src/bindings/csharp
149:  c:\Program Files (x86)\Microsoft F#\v4.0
149:  c:\Program Files (x86)\Microsoft Visual Studio 10.0\VSTSDB\Deploy
149:  c:\Program Files (x86)\Microsoft Visual Studio 10.0\Common7\IDE
149:  c:\Program Files (x86)\Microsoft Visual Studio 10.0\VC\BIN
149:  c:\Program Files (x86)\Microsoft Visual Studio 10.0\Common7\Tools
149:  c:\Windows\Microsoft.NET\Framework\v4.0.30319
149:  c:\Windows\Microsoft.NET\Framework\v3.5
149:  c:\Program Files (x86)\Microsoft Visual Studio 10.0\VC\VCPackages
149:  C:\Program Files (x86)\HTML Help Workshop
149:  C:\Program Files (x86)\HTML Help Workshop
149:  c:\Program Files (x86)\Microsoft Visual Studio 10.0\Team Tools\Performance Tools
149:  C:\Program Files (x86)\Microsoft SDKs\Windows\v7.0A\bin\NETFX 4.0 Tools
149:  C:\Program Files (x86)\Microsoft SDKs\Windows\v7.0A\bin
149:  c:\Program Files (x86)\CMake 2.8\bin
149:  C:\Program Files (x86)\CMake\bin
149:  C:\Perl_516\site\bin
149:  C:\Perl_516\bin
149:  C:\Perl64_516\site\bin
149:  C:\Perl64_516\bin
149:  C:\Perl64\site\bin
149:  C:\Perl64\bin
149:  C:\Perl32\site\bin
149:  C:\Perl32\bin
149:  C:\Windows\system32
149:  C:\Windows
149:  C:\Windows\System32\Wbem
149:  C:\Windows\System32\WindowsPowerShell\v1.0
149:  C:\Program Files\MATLAB\R2014a\runtime\win64
149:  C:\Program Files\MATLAB\R2014a\bin
149:  C:\Program Files\MATLAB\R2011b\runtime\win64
149:  C:\Program Files\MATLAB\R2011b\bin
149:  C:\Program Files (x86)\MATLAB\R2011b\runtime\win32
149:  C:\Program Files (x86)\MATLAB\R2011b\bin
149:  c:\Program Files (x86)\Microsoft SQL Server\100\Tools\Binn
149:  c:\Program Files\Microsoft SQL Server\100\Tools\Binn
149:  c:\Program Files\Microsoft SQL Server\100\DTS\Binn
149:  C:\Program Files (x86)\CMake 2.8\bin
149:  c:\Program Files (x86)\Microsoft ASP.NET\ASP.NET Web Pages\v1.0
149:  C:\Program Files\Microsoft\Web Platform Installer
149:  C:\Program Files\TortoiseHg
149:  C:\Program Files (x86)\Microsoft SQL Server\110\Tools\Binn
149:  C:\Program Files\Microsoft SQL Server\110\Tools\Binn
149:  C:\Program Files\Microsoft SQL Server\110\DTS\Binn
149:  C:\Program Files (x86)\Microsoft SQL Server\110\Tools\Binn\ManagementStudio
149:  C:\Program Files (x86)\Microsoft SQL Server\110\DTS\Binn
149:  C:\ProgramData\chocolatey\bin
149:  C:\Program Files\nodejs
149:  C:\Program Files (x86)\CMake\bin
149:  C:\Program Files\TortoiseGit\bin
149:  C:\Program Files\TortoiseSVN\bin
149:  C:\Program Files (x86)\nodejs
149:  C:\Program Files\Git\cmd
149:  c:\bin
149:  C:/tools/ninja
149:  C:\Users\fbergman\AppData\Roaming\npm
149: Test timeout computed to be: 3000
149: 
149: filename: C:/Development/libsbml-with-packages/examples/sample-models/from-spec/level-3/enzymekinetics.xml
149: 
149/186 Test #149: test_cs_printNotes ............................   Passed    0.11 sec
test 150
        Start 150: test_cs_printRegisteredPackages

150: Test command: C:\Development\libsbml-32-packages\examples\csharp\printRegisteredPackages.exe "C:/Development/libsbml-with-packages/examples/sample-models/from-spec/level-3/enzymekinetics.xml" "printRegisteredPackages.out.xml"
150: Environment variables: 
150:  PATH=C:/Development/libsbml-32-packages/src/bindings/csharp
150:  C:/Development/libsbml-32-packages/src/bindings/csharp
150:  c:\Program Files (x86)\Microsoft F#\v4.0
150:  c:\Program Files (x86)\Microsoft Visual Studio 10.0\VSTSDB\Deploy
150:  c:\Program Files (x86)\Microsoft Visual Studio 10.0\Common7\IDE
150:  c:\Program Files (x86)\Microsoft Visual Studio 10.0\VC\BIN
150:  c:\Program Files (x86)\Microsoft Visual Studio 10.0\Common7\Tools
150:  c:\Windows\Microsoft.NET\Framework\v4.0.30319
150:  c:\Windows\Microsoft.NET\Framework\v3.5
150:  c:\Program Files (x86)\Microsoft Visual Studio 10.0\VC\VCPackages
150:  C:\Program Files (x86)\HTML Help Workshop
150:  C:\Program Files (x86)\HTML Help Workshop
150:  c:\Program Files (x86)\Microsoft Visual Studio 10.0\Team Tools\Performance Tools
150:  C:\Program Files (x86)\Microsoft SDKs\Windows\v7.0A\bin\NETFX 4.0 Tools
150:  C:\Program Files (x86)\Microsoft SDKs\Windows\v7.0A\bin
150:  c:\Program Files (x86)\CMake 2.8\bin
150:  C:\Program Files (x86)\CMake\bin
150:  C:\Perl_516\site\bin
150:  C:\Perl_516\bin
150:  C:\Perl64_516\site\bin
150:  C:\Perl64_516\bin
150:  C:\Perl64\site\bin
150:  C:\Perl64\bin
150:  C:\Perl32\site\bin
150:  C:\Perl32\bin
150:  C:\Windows\system32
150:  C:\Windows
150:  C:\Windows\System32\Wbem
150:  C:\Windows\System32\WindowsPowerShell\v1.0
150:  C:\Program Files\MATLAB\R2014a\runtime\win64
150:  C:\Program Files\MATLAB\R2014a\bin
150:  C:\Program Files\MATLAB\R2011b\runtime\win64
150:  C:\Program Files\MATLAB\R2011b\bin
150:  C:\Program Files (x86)\MATLAB\R2011b\runtime\win32
150:  C:\Program Files (x86)\MATLAB\R2011b\bin
150:  c:\Program Files (x86)\Microsoft SQL Server\100\Tools\Binn
150:  c:\Program Files\Microsoft SQL Server\100\Tools\Binn
150:  c:\Program Files\Microsoft SQL Server\100\DTS\Binn
150:  C:\Program Files (x86)\CMake 2.8\bin
150:  c:\Program Files (x86)\Microsoft ASP.NET\ASP.NET Web Pages\v1.0
150:  C:\Program Files\Microsoft\Web Platform Installer
150:  C:\Program Files\TortoiseHg
150:  C:\Program Files (x86)\Microsoft SQL Server\110\Tools\Binn
150:  C:\Program Files\Microsoft SQL Server\110\Tools\Binn
150:  C:\Program Files\Microsoft SQL Server\110\DTS\Binn
150:  C:\Program Files (x86)\Microsoft SQL Server\110\Tools\Binn\ManagementStudio
150:  C:\Program Files (x86)\Microsoft SQL Server\110\DTS\Binn
150:  C:\ProgramData\chocolatey\bin
150:  C:\Program Files\nodejs
150:  C:\Program Files (x86)\CMake\bin
150:  C:\Program Files\TortoiseGit\bin
150:  C:\Program Files\TortoiseSVN\bin
150:  C:\Program Files (x86)\nodejs
150:  C:\Program Files\Git\cmd
150:  c:\bin
150:  C:/tools/ninja
150:  C:\Users\fbergman\AppData\Roaming\npm
150: Test timeout computed to be: 3000
150: This version of LibSBML: 5.17.1 includes: 
150: 	arrays
150: 	comp
150: 	distrib
150: 	dyn
150: 	fbc
150: 	groups
150: 	layout
150: 	render
150: 	l3v2extendedmath
150: 	multi
150: 	qual
150: 	req
150: 	spatial
150: 
150/186 Test #150: test_cs_printRegisteredPackages ...............   Passed    0.09 sec
test 151
        Start 151: test_cs_printSBML

151: Test command: C:\Development\libsbml-32-packages\examples\csharp\printSBML.exe "C:/Development/libsbml-with-packages/examples/sample-models/from-spec/level-3/enzymekinetics.xml"
151: Environment variables: 
151:  PATH=C:/Development/libsbml-32-packages/src/bindings/csharp
151:  C:/Development/libsbml-32-packages/src/bindings/csharp
151:  c:\Program Files (x86)\Microsoft F#\v4.0
151:  c:\Program Files (x86)\Microsoft Visual Studio 10.0\VSTSDB\Deploy
151:  c:\Program Files (x86)\Microsoft Visual Studio 10.0\Common7\IDE
151:  c:\Program Files (x86)\Microsoft Visual Studio 10.0\VC\BIN
151:  c:\Program Files (x86)\Microsoft Visual Studio 10.0\Common7\Tools
151:  c:\Windows\Microsoft.NET\Framework\v4.0.30319
151:  c:\Windows\Microsoft.NET\Framework\v3.5
151:  c:\Program Files (x86)\Microsoft Visual Studio 10.0\VC\VCPackages
151:  C:\Program Files (x86)\HTML Help Workshop
151:  C:\Program Files (x86)\HTML Help Workshop
151:  c:\Program Files (x86)\Microsoft Visual Studio 10.0\Team Tools\Performance Tools
151:  C:\Program Files (x86)\Microsoft SDKs\Windows\v7.0A\bin\NETFX 4.0 Tools
151:  C:\Program Files (x86)\Microsoft SDKs\Windows\v7.0A\bin
151:  c:\Program Files (x86)\CMake 2.8\bin
151:  C:\Program Files (x86)\CMake\bin
151:  C:\Perl_516\site\bin
151:  C:\Perl_516\bin
151:  C:\Perl64_516\site\bin
151:  C:\Perl64_516\bin
151:  C:\Perl64\site\bin
151:  C:\Perl64\bin
151:  C:\Perl32\site\bin
151:  C:\Perl32\bin
151:  C:\Windows\system32
151:  C:\Windows
151:  C:\Windows\System32\Wbem
151:  C:\Windows\System32\WindowsPowerShell\v1.0
151:  C:\Program Files\MATLAB\R2014a\runtime\win64
151:  C:\Program Files\MATLAB\R2014a\bin
151:  C:\Program Files\MATLAB\R2011b\runtime\win64
151:  C:\Program Files\MATLAB\R2011b\bin
151:  C:\Program Files (x86)\MATLAB\R2011b\runtime\win32
151:  C:\Program Files (x86)\MATLAB\R2011b\bin
151:  c:\Program Files (x86)\Microsoft SQL Server\100\Tools\Binn
151:  c:\Program Files\Microsoft SQL Server\100\Tools\Binn
151:  c:\Program Files\Microsoft SQL Server\100\DTS\Binn
151:  C:\Program Files (x86)\CMake 2.8\bin
151:  c:\Program Files (x86)\Microsoft ASP.NET\ASP.NET Web Pages\v1.0
151:  C:\Program Files\Microsoft\Web Platform Installer
151:  C:\Program Files\TortoiseHg
151:  C:\Program Files (x86)\Microsoft SQL Server\110\Tools\Binn
151:  C:\Program Files\Microsoft SQL Server\110\Tools\Binn
151:  C:\Program Files\Microsoft SQL Server\110\DTS\Binn
151:  C:\Program Files (x86)\Microsoft SQL Server\110\Tools\Binn\ManagementStudio
151:  C:\Program Files (x86)\Microsoft SQL Server\110\DTS\Binn
151:  C:\ProgramData\chocolatey\bin
151:  C:\Program Files\nodejs
151:  C:\Program Files (x86)\CMake\bin
151:  C:\Program Files\TortoiseGit\bin
151:  C:\Program Files\TortoiseSVN\bin
151:  C:\Program Files (x86)\nodejs
151:  C:\Program Files\Git\cmd
151:  c:\bin
151:  C:/tools/ninja
151:  C:\Users\fbergman\AppData\Roaming\npm
151: Test timeout computed to be: 3000
151: 
151: File: C:/Development/libsbml-with-packages/examples/sample-models/from-spec/level-3/enzymekinetics.xml (Level 3, version 1)
151:                  id: (empty)
151: functionDefinitions: 0
151:     unitDefinitions: 2
151:    compartmentTypes: 0
151:         specieTypes: 0
151:        compartments: 1
151:             species: 4
151:          parameters: 0
151:  initialAssignments: 0
151:               rules: 0
151:         constraints: 0
151:           reactions: 2
151:              events: 0
151: 
151/186 Test #151: test_cs_printSBML .............................   Passed    0.09 sec
test 152
        Start 152: test_cs_printsupported

152: Test command: C:\Development\libsbml-32-packages\examples\csharp\printsupported.exe "C:/Development/libsbml-with-packages/examples/sample-models/from-spec/level-3/enzymekinetics.xml" "printsupported.out.xml"
152: Environment variables: 
152:  PATH=C:/Development/libsbml-32-packages/src/bindings/csharp
152:  C:/Development/libsbml-32-packages/src/bindings/csharp
152:  c:\Program Files (x86)\Microsoft F#\v4.0
152:  c:\Program Files (x86)\Microsoft Visual Studio 10.0\VSTSDB\Deploy
152:  c:\Program Files (x86)\Microsoft Visual Studio 10.0\Common7\IDE
152:  c:\Program Files (x86)\Microsoft Visual Studio 10.0\VC\BIN
152:  c:\Program Files (x86)\Microsoft Visual Studio 10.0\Common7\Tools
152:  c:\Windows\Microsoft.NET\Framework\v4.0.30319
152:  c:\Windows\Microsoft.NET\Framework\v3.5
152:  c:\Program Files (x86)\Microsoft Visual Studio 10.0\VC\VCPackages
152:  C:\Program Files (x86)\HTML Help Workshop
152:  C:\Program Files (x86)\HTML Help Workshop
152:  c:\Program Files (x86)\Microsoft Visual Studio 10.0\Team Tools\Performance Tools
152:  C:\Program Files (x86)\Microsoft SDKs\Windows\v7.0A\bin\NETFX 4.0 Tools
152:  C:\Program Files (x86)\Microsoft SDKs\Windows\v7.0A\bin
152:  c:\Program Files (x86)\CMake 2.8\bin
152:  C:\Program Files (x86)\CMake\bin
152:  C:\Perl_516\site\bin
152:  C:\Perl_516\bin
152:  C:\Perl64_516\site\bin
152:  C:\Perl64_516\bin
152:  C:\Perl64\site\bin
152:  C:\Perl64\bin
152:  C:\Perl32\site\bin
152:  C:\Perl32\bin
152:  C:\Windows\system32
152:  C:\Windows
152:  C:\Windows\System32\Wbem
152:  C:\Windows\System32\WindowsPowerShell\v1.0
152:  C:\Program Files\MATLAB\R2014a\runtime\win64
152:  C:\Program Files\MATLAB\R2014a\bin
152:  C:\Program Files\MATLAB\R2011b\runtime\win64
152:  C:\Program Files\MATLAB\R2011b\bin
152:  C:\Program Files (x86)\MATLAB\R2011b\runtime\win32
152:  C:\Program Files (x86)\MATLAB\R2011b\bin
152:  c:\Program Files (x86)\Microsoft SQL Server\100\Tools\Binn
152:  c:\Program Files\Microsoft SQL Server\100\Tools\Binn
152:  c:\Program Files\Microsoft SQL Server\100\DTS\Binn
152:  C:\Program Files (x86)\CMake 2.8\bin
152:  c:\Program Files (x86)\Microsoft ASP.NET\ASP.NET Web Pages\v1.0
152:  C:\Program Files\Microsoft\Web Platform Installer
152:  C:\Program Files\TortoiseHg
152:  C:\Program Files (x86)\Microsoft SQL Server\110\Tools\Binn
152:  C:\Program Files\Microsoft SQL Server\110\Tools\Binn
152:  C:\Program Files\Microsoft SQL Server\110\DTS\Binn
152:  C:\Program Files (x86)\Microsoft SQL Server\110\Tools\Binn\ManagementStudio
152:  C:\Program Files (x86)\Microsoft SQL Server\110\DTS\Binn
152:  C:\ProgramData\chocolatey\bin
152:  C:\Program Files\nodejs
152:  C:\Program Files (x86)\CMake\bin
152:  C:\Program Files\TortoiseGit\bin
152:  C:\Program Files\TortoiseSVN\bin
152:  C:\Program Files (x86)\nodejs
152:  C:\Program Files\Git\cmd
152:  c:\bin
152:  C:/tools/ninja
152:  C:\Users\fbergman\AppData\Roaming\npm
152: Test timeout computed to be: 3000
152: Supported by LibSBML 5.17.1
152: 
152: 	SBML Level: 1 Version: 1
152: 	SBML Level: 1 Version: 2
152: 	SBML Level: 2 Version: 1
152: 	SBML Level: 2 Version: 2
152: 	SBML Level: 2 Version: 3
152: 	SBML Level: 2 Version: 4
152: 	SBML Level: 2 Version: 5
152: 	SBML Level: 3 Version: 1
152: 	SBML Level: 3 Version: 2
152: 
152/186 Test #152: test_cs_printsupported ........................   Passed    0.11 sec
test 153
        Start 153: test_cs_printUnits

153: Test command: C:\Development\libsbml-32-packages\examples\csharp\printUnits.exe "C:/Development/libsbml-with-packages/examples/sample-models/from-spec/level-3/enzymekinetics.xml"
153: Environment variables: 
153:  PATH=C:/Development/libsbml-32-packages/src/bindings/csharp
153:  C:/Development/libsbml-32-packages/src/bindings/csharp
153:  c:\Program Files (x86)\Microsoft F#\v4.0
153:  c:\Program Files (x86)\Microsoft Visual Studio 10.0\VSTSDB\Deploy
153:  c:\Program Files (x86)\Microsoft Visual Studio 10.0\Common7\IDE
153:  c:\Program Files (x86)\Microsoft Visual Studio 10.0\VC\BIN
153:  c:\Program Files (x86)\Microsoft Visual Studio 10.0\Common7\Tools
153:  c:\Windows\Microsoft.NET\Framework\v4.0.30319
153:  c:\Windows\Microsoft.NET\Framework\v3.5
153:  c:\Program Files (x86)\Microsoft Visual Studio 10.0\VC\VCPackages
153:  C:\Program Files (x86)\HTML Help Workshop
153:  C:\Program Files (x86)\HTML Help Workshop
153:  c:\Program Files (x86)\Microsoft Visual Studio 10.0\Team Tools\Performance Tools
153:  C:\Program Files (x86)\Microsoft SDKs\Windows\v7.0A\bin\NETFX 4.0 Tools
153:  C:\Program Files (x86)\Microsoft SDKs\Windows\v7.0A\bin
153:  c:\Program Files (x86)\CMake 2.8\bin
153:  C:\Program Files (x86)\CMake\bin
153:  C:\Perl_516\site\bin
153:  C:\Perl_516\bin
153:  C:\Perl64_516\site\bin
153:  C:\Perl64_516\bin
153:  C:\Perl64\site\bin
153:  C:\Perl64\bin
153:  C:\Perl32\site\bin
153:  C:\Perl32\bin
153:  C:\Windows\system32
153:  C:\Windows
153:  C:\Windows\System32\Wbem
153:  C:\Windows\System32\WindowsPowerShell\v1.0
153:  C:\Program Files\MATLAB\R2014a\runtime\win64
153:  C:\Program Files\MATLAB\R2014a\bin
153:  C:\Program Files\MATLAB\R2011b\runtime\win64
153:  C:\Program Files\MATLAB\R2011b\bin
153:  C:\Program Files (x86)\MATLAB\R2011b\runtime\win32
153:  C:\Program Files (x86)\MATLAB\R2011b\bin
153:  c:\Program Files (x86)\Microsoft SQL Server\100\Tools\Binn
153:  c:\Program Files\Microsoft SQL Server\100\Tools\Binn
153:  c:\Program Files\Microsoft SQL Server\100\DTS\Binn
153:  C:\Program Files (x86)\CMake 2.8\bin
153:  c:\Program Files (x86)\Microsoft ASP.NET\ASP.NET Web Pages\v1.0
153:  C:\Program Files\Microsoft\Web Platform Installer
153:  C:\Program Files\TortoiseHg
153:  C:\Program Files (x86)\Microsoft SQL Server\110\Tools\Binn
153:  C:\Program Files\Microsoft SQL Server\110\Tools\Binn
153:  C:\Program Files\Microsoft SQL Server\110\DTS\Binn
153:  C:\Program Files (x86)\Microsoft SQL Server\110\Tools\Binn\ManagementStudio
153:  C:\Program Files (x86)\Microsoft SQL Server\110\DTS\Binn
153:  C:\ProgramData\chocolatey\bin
153:  C:\Program Files\nodejs
153:  C:\Program Files (x86)\CMake\bin
153:  C:\Program Files\TortoiseGit\bin
153:  C:\Program Files\TortoiseSVN\bin
153:  C:\Program Files (x86)\nodejs
153:  C:\Program Files\Git\cmd
153:  c:\bin
153:  C:/tools/ninja
153:  C:\Users\fbergman\AppData\Roaming\npm
153: Test timeout computed to be: 3000
153: Species 0: mole (exponent = 1, multiplier = 1, scale = 0), litre (exponent = -1, multiplier = 1, scale = 0)
153: Species 1: mole (exponent = 1, multiplier = 1, scale = 0), litre (exponent = -1, multiplier = 1, scale = 0)
153: Species 2: mole (exponent = 1, multiplier = 1, scale = 0), litre (exponent = -1, multiplier = 1, scale = 0)
153: Species 3: mole (exponent = 1, multiplier = 1, scale = 0), litre (exponent = -1, multiplier = 1, scale = 0)
153: Compartment 0: litre (exponent = 1, multiplier = 1, scale = 0)
153: Reaction 0: 
153: Kinetic Law: second (exponent = -1, multiplier = 1, scale = 0), mole (exponent = 1, multiplier = 1, scale = 0)
153:         undeclared units: 
153: no
153: 
153: Reaction 1: 
153: Kinetic Law: second (exponent = -1, multiplier = 1, scale = 0), mole (exponent = 1, multiplier = 1, scale = 0)
153:         undeclared units: 
153: no
153: 
153/186 Test #153: test_cs_printUnits ............................   Passed    0.19 sec
test 154
        Start 154: test_cs_promoteParameters

154: Test command: C:\Development\libsbml-32-packages\examples\csharp\promoteParameters.exe "C:/Development/libsbml-with-packages/examples/sample-models/from-spec/level-3/enzymekinetics.xml" "promoteParameters.out.xml"
154: Environment variables: 
154:  PATH=C:/Development/libsbml-32-packages/src/bindings/csharp
154:  C:/Development/libsbml-32-packages/src/bindings/csharp
154:  c:\Program Files (x86)\Microsoft F#\v4.0
154:  c:\Program Files (x86)\Microsoft Visual Studio 10.0\VSTSDB\Deploy
154:  c:\Program Files (x86)\Microsoft Visual Studio 10.0\Common7\IDE
154:  c:\Program Files (x86)\Microsoft Visual Studio 10.0\VC\BIN
154:  c:\Program Files (x86)\Microsoft Visual Studio 10.0\Common7\Tools
154:  c:\Windows\Microsoft.NET\Framework\v4.0.30319
154:  c:\Windows\Microsoft.NET\Framework\v3.5
154:  c:\Program Files (x86)\Microsoft Visual Studio 10.0\VC\VCPackages
154:  C:\Program Files (x86)\HTML Help Workshop
154:  C:\Program Files (x86)\HTML Help Workshop
154:  c:\Program Files (x86)\Microsoft Visual Studio 10.0\Team Tools\Performance Tools
154:  C:\Program Files (x86)\Microsoft SDKs\Windows\v7.0A\bin\NETFX 4.0 Tools
154:  C:\Program Files (x86)\Microsoft SDKs\Windows\v7.0A\bin
154:  c:\Program Files (x86)\CMake 2.8\bin
154:  C:\Program Files (x86)\CMake\bin
154:  C:\Perl_516\site\bin
154:  C:\Perl_516\bin
154:  C:\Perl64_516\site\bin
154:  C:\Perl64_516\bin
154:  C:\Perl64\site\bin
154:  C:\Perl64\bin
154:  C:\Perl32\site\bin
154:  C:\Perl32\bin
154:  C:\Windows\system32
154:  C:\Windows
154:  C:\Windows\System32\Wbem
154:  C:\Windows\System32\WindowsPowerShell\v1.0
154:  C:\Program Files\MATLAB\R2014a\runtime\win64
154:  C:\Program Files\MATLAB\R2014a\bin
154:  C:\Program Files\MATLAB\R2011b\runtime\win64
154:  C:\Program Files\MATLAB\R2011b\bin
154:  C:\Program Files (x86)\MATLAB\R2011b\runtime\win32
154:  C:\Program Files (x86)\MATLAB\R2011b\bin
154:  c:\Program Files (x86)\Microsoft SQL Server\100\Tools\Binn
154:  c:\Program Files\Microsoft SQL Server\100\Tools\Binn
154:  c:\Program Files\Microsoft SQL Server\100\DTS\Binn
154:  C:\Program Files (x86)\CMake 2.8\bin
154:  c:\Program Files (x86)\Microsoft ASP.NET\ASP.NET Web Pages\v1.0
154:  C:\Program Files\Microsoft\Web Platform Installer
154:  C:\Program Files\TortoiseHg
154:  C:\Program Files (x86)\Microsoft SQL Server\110\Tools\Binn
154:  C:\Program Files\Microsoft SQL Server\110\Tools\Binn
154:  C:\Program Files\Microsoft SQL Server\110\DTS\Binn
154:  C:\Program Files (x86)\Microsoft SQL Server\110\Tools\Binn\ManagementStudio
154:  C:\Program Files (x86)\Microsoft SQL Server\110\DTS\Binn
154:  C:\ProgramData\chocolatey\bin
154:  C:\Program Files\nodejs
154:  C:\Program Files (x86)\CMake\bin
154:  C:\Program Files\TortoiseGit\bin
154:  C:\Program Files\TortoiseSVN\bin
154:  C:\Program Files (x86)\nodejs
154:  C:\Program Files\Git\cmd
154:  c:\bin
154:  C:/tools/ninja
154:  C:\Users\fbergman\AppData\Roaming\npm
154: Test timeout computed to be: 3000
154: [OK] promoted paramters from C:/Development/libsbml-with-packages/examples/sample-models/from-spec/level-3/enzymekinetics.xml and wrote to promoteParameters.out.xml
154/186 Test #154: test_cs_promoteParameters .....................   Passed    0.11 sec
test 155
        Start 155: test_cs_readSBML

155: Test command: C:\Development\libsbml-32-packages\examples\csharp\readSBML.exe "C:/Development/libsbml-with-packages/examples/sample-models/from-spec/level-3/enzymekinetics.xml"
155: Environment variables: 
155:  PATH=C:/Development/libsbml-32-packages/src/bindings/csharp
155:  C:/Development/libsbml-32-packages/src/bindings/csharp
155:  c:\Program Files (x86)\Microsoft F#\v4.0
155:  c:\Program Files (x86)\Microsoft Visual Studio 10.0\VSTSDB\Deploy
155:  c:\Program Files (x86)\Microsoft Visual Studio 10.0\Common7\IDE
155:  c:\Program Files (x86)\Microsoft Visual Studio 10.0\VC\BIN
155:  c:\Program Files (x86)\Microsoft Visual Studio 10.0\Common7\Tools
155:  c:\Windows\Microsoft.NET\Framework\v4.0.30319
155:  c:\Windows\Microsoft.NET\Framework\v3.5
155:  c:\Program Files (x86)\Microsoft Visual Studio 10.0\VC\VCPackages
155:  C:\Program Files (x86)\HTML Help Workshop
155:  C:\Program Files (x86)\HTML Help Workshop
155:  c:\Program Files (x86)\Microsoft Visual Studio 10.0\Team Tools\Performance Tools
155:  C:\Program Files (x86)\Microsoft SDKs\Windows\v7.0A\bin\NETFX 4.0 Tools
155:  C:\Program Files (x86)\Microsoft SDKs\Windows\v7.0A\bin
155:  c:\Program Files (x86)\CMake 2.8\bin
155:  C:\Program Files (x86)\CMake\bin
155:  C:\Perl_516\site\bin
155:  C:\Perl_516\bin
155:  C:\Perl64_516\site\bin
155:  C:\Perl64_516\bin
155:  C:\Perl64\site\bin
155:  C:\Perl64\bin
155:  C:\Perl32\site\bin
155:  C:\Perl32\bin
155:  C:\Windows\system32
155:  C:\Windows
155:  C:\Windows\System32\Wbem
155:  C:\Windows\System32\WindowsPowerShell\v1.0
155:  C:\Program Files\MATLAB\R2014a\runtime\win64
155:  C:\Program Files\MATLAB\R2014a\bin
155:  C:\Program Files\MATLAB\R2011b\runtime\win64
155:  C:\Program Files\MATLAB\R2011b\bin
155:  C:\Program Files (x86)\MATLAB\R2011b\runtime\win32
155:  C:\Program Files (x86)\MATLAB\R2011b\bin
155:  c:\Program Files (x86)\Microsoft SQL Server\100\Tools\Binn
155:  c:\Program Files\Microsoft SQL Server\100\Tools\Binn
155:  c:\Program Files\Microsoft SQL Server\100\DTS\Binn
155:  C:\Program Files (x86)\CMake 2.8\bin
155:  c:\Program Files (x86)\Microsoft ASP.NET\ASP.NET Web Pages\v1.0
155:  C:\Program Files\Microsoft\Web Platform Installer
155:  C:\Program Files\TortoiseHg
155:  C:\Program Files (x86)\Microsoft SQL Server\110\Tools\Binn
155:  C:\Program Files\Microsoft SQL Server\110\Tools\Binn
155:  C:\Program Files\Microsoft SQL Server\110\DTS\Binn
155:  C:\Program Files (x86)\Microsoft SQL Server\110\Tools\Binn\ManagementStudio
155:  C:\Program Files (x86)\Microsoft SQL Server\110\DTS\Binn
155:  C:\ProgramData\chocolatey\bin
155:  C:\Program Files\nodejs
155:  C:\Program Files (x86)\CMake\bin
155:  C:\Program Files\TortoiseGit\bin
155:  C:\Program Files\TortoiseSVN\bin
155:  C:\Program Files (x86)\nodejs
155:  C:\Program Files\Git\cmd
155:  c:\bin
155:  C:/tools/ninja
155:  C:\Users\fbergman\AppData\Roaming\npm
155: Test timeout computed to be: 3000
155: 
155:             filename: C:/Development/libsbml-with-packages/examples/sample-models/from-spec/level-3/enzymekinetics.xml
155:            file size: 3930
155:       read time (ms): 156002
155:  validation error(s): 0
155: 
155/186 Test #155: test_cs_readSBML ..............................   Passed    0.09 sec
test 156
        Start 156: test_cs_stripPackage

156: Test command: C:\Development\libsbml-32-packages\examples\csharp\stripPackage.exe "C:/Development/libsbml-with-packages/examples/sample-models/fbc/fbc_example1.xml" "fbc" "stripPackage.out.xml"
156: Environment variables: 
156:  PATH=C:/Development/libsbml-32-packages/src/bindings/csharp
156:  C:/Development/libsbml-32-packages/src/bindings/csharp
156:  c:\Program Files (x86)\Microsoft F#\v4.0
156:  c:\Program Files (x86)\Microsoft Visual Studio 10.0\VSTSDB\Deploy
156:  c:\Program Files (x86)\Microsoft Visual Studio 10.0\Common7\IDE
156:  c:\Program Files (x86)\Microsoft Visual Studio 10.0\VC\BIN
156:  c:\Program Files (x86)\Microsoft Visual Studio 10.0\Common7\Tools
156:  c:\Windows\Microsoft.NET\Framework\v4.0.30319
156:  c:\Windows\Microsoft.NET\Framework\v3.5
156:  c:\Program Files (x86)\Microsoft Visual Studio 10.0\VC\VCPackages
156:  C:\Program Files (x86)\HTML Help Workshop
156:  C:\Program Files (x86)\HTML Help Workshop
156:  c:\Program Files (x86)\Microsoft Visual Studio 10.0\Team Tools\Performance Tools
156:  C:\Program Files (x86)\Microsoft SDKs\Windows\v7.0A\bin\NETFX 4.0 Tools
156:  C:\Program Files (x86)\Microsoft SDKs\Windows\v7.0A\bin
156:  c:\Program Files (x86)\CMake 2.8\bin
156:  C:\Program Files (x86)\CMake\bin
156:  C:\Perl_516\site\bin
156:  C:\Perl_516\bin
156:  C:\Perl64_516\site\bin
156:  C:\Perl64_516\bin
156:  C:\Perl64\site\bin
156:  C:\Perl64\bin
156:  C:\Perl32\site\bin
156:  C:\Perl32\bin
156:  C:\Windows\system32
156:  C:\Windows
156:  C:\Windows\System32\Wbem
156:  C:\Windows\System32\WindowsPowerShell\v1.0
156:  C:\Program Files\MATLAB\R2014a\runtime\win64
156:  C:\Program Files\MATLAB\R2014a\bin
156:  C:\Program Files\MATLAB\R2011b\runtime\win64
156:  C:\Program Files\MATLAB\R2011b\bin
156:  C:\Program Files (x86)\MATLAB\R2011b\runtime\win32
156:  C:\Program Files (x86)\MATLAB\R2011b\bin
156:  c:\Program Files (x86)\Microsoft SQL Server\100\Tools\Binn
156:  c:\Program Files\Microsoft SQL Server\100\Tools\Binn
156:  c:\Program Files\Microsoft SQL Server\100\DTS\Binn
156:  C:\Program Files (x86)\CMake 2.8\bin
156:  c:\Program Files (x86)\Microsoft ASP.NET\ASP.NET Web Pages\v1.0
156:  C:\Program Files\Microsoft\Web Platform Installer
156:  C:\Program Files\TortoiseHg
156:  C:\Program Files (x86)\Microsoft SQL Server\110\Tools\Binn
156:  C:\Program Files\Microsoft SQL Server\110\Tools\Binn
156:  C:\Program Files\Microsoft SQL Server\110\DTS\Binn
156:  C:\Program Files (x86)\Microsoft SQL Server\110\Tools\Binn\ManagementStudio
156:  C:\Program Files (x86)\Microsoft SQL Server\110\DTS\Binn
156:  C:\ProgramData\chocolatey\bin
156:  C:\Program Files\nodejs
156:  C:\Program Files (x86)\CMake\bin
156:  C:\Program Files\TortoiseGit\bin
156:  C:\Program Files\TortoiseSVN\bin
156:  C:\Program Files (x86)\nodejs
156:  C:\Program Files\Git\cmd
156:  c:\bin
156:  C:/tools/ninja
156:  C:\Users\fbergman\AppData\Roaming\npm
156: Test timeout computed to be: 3000
156: [OK] Stripped package 'fbc' from C:/Development/libsbml-with-packages/examples/sample-models/fbc/fbc_example1.xml and wrote to stripPackage.out.xml
156/186 Test #156: test_cs_stripPackage ..........................   Passed    0.22 sec
test 157
        Start 157: test_cs_SetIdFromNames

157: Test command: C:\Development\libsbml-32-packages\examples\csharp\SetIdFromNames.exe "C:/Development/libsbml-with-packages/examples/sample-models/from-spec/level-3/enzymekinetics.xml" "SetIdFromNames.out.xml"
157: Environment variables: 
157:  PATH=C:/Development/libsbml-32-packages/src/bindings/csharp
157:  C:/Development/libsbml-32-packages/src/bindings/csharp
157:  c:\Program Files (x86)\Microsoft F#\v4.0
157:  c:\Program Files (x86)\Microsoft Visual Studio 10.0\VSTSDB\Deploy
157:  c:\Program Files (x86)\Microsoft Visual Studio 10.0\Common7\IDE
157:  c:\Program Files (x86)\Microsoft Visual Studio 10.0\VC\BIN
157:  c:\Program Files (x86)\Microsoft Visual Studio 10.0\Common7\Tools
157:  c:\Windows\Microsoft.NET\Framework\v4.0.30319
157:  c:\Windows\Microsoft.NET\Framework\v3.5
157:  c:\Program Files (x86)\Microsoft Visual Studio 10.0\VC\VCPackages
157:  C:\Program Files (x86)\HTML Help Workshop
157:  C:\Program Files (x86)\HTML Help Workshop
157:  c:\Program Files (x86)\Microsoft Visual Studio 10.0\Team Tools\Performance Tools
157:  C:\Program Files (x86)\Microsoft SDKs\Windows\v7.0A\bin\NETFX 4.0 Tools
157:  C:\Program Files (x86)\Microsoft SDKs\Windows\v7.0A\bin
157:  c:\Program Files (x86)\CMake 2.8\bin
157:  C:\Program Files (x86)\CMake\bin
157:  C:\Perl_516\site\bin
157:  C:\Perl_516\bin
157:  C:\Perl64_516\site\bin
157:  C:\Perl64_516\bin
157:  C:\Perl64\site\bin
157:  C:\Perl64\bin
157:  C:\Perl32\site\bin
157:  C:\Perl32\bin
157:  C:\Windows\system32
157:  C:\Windows
157:  C:\Windows\System32\Wbem
157:  C:\Windows\System32\WindowsPowerShell\v1.0
157:  C:\Program Files\MATLAB\R2014a\runtime\win64
157:  C:\Program Files\MATLAB\R2014a\bin
157:  C:\Program Files\MATLAB\R2011b\runtime\win64
157:  C:\Program Files\MATLAB\R2011b\bin
157:  C:\Program Files (x86)\MATLAB\R2011b\runtime\win32
157:  C:\Program Files (x86)\MATLAB\R2011b\bin
157:  c:\Program Files (x86)\Microsoft SQL Server\100\Tools\Binn
157:  c:\Program Files\Microsoft SQL Server\100\Tools\Binn
157:  c:\Program Files\Microsoft SQL Server\100\DTS\Binn
157:  C:\Program Files (x86)\CMake 2.8\bin
157:  c:\Program Files (x86)\Microsoft ASP.NET\ASP.NET Web Pages\v1.0
157:  C:\Program Files\Microsoft\Web Platform Installer
157:  C:\Program Files\TortoiseHg
157:  C:\Program Files (x86)\Microsoft SQL Server\110\Tools\Binn
157:  C:\Program Files\Microsoft SQL Server\110\Tools\Binn
157:  C:\Program Files\Microsoft SQL Server\110\DTS\Binn
157:  C:\Program Files (x86)\Microsoft SQL Server\110\Tools\Binn\ManagementStudio
157:  C:\Program Files (x86)\Microsoft SQL Server\110\DTS\Binn
157:  C:\ProgramData\chocolatey\bin
157:  C:\Program Files\nodejs
157:  C:\Program Files (x86)\CMake\bin
157:  C:\Program Files\TortoiseGit\bin
157:  C:\Program Files\TortoiseSVN\bin
157:  C:\Program Files (x86)\nodejs
157:  C:\Program Files\Git\cmd
157:  c:\bin
157:  C:/tools/ninja
157:  C:\Users\fbergman\AppData\Roaming\npm
157: Test timeout computed to be: 3000
157: 
157:             filename: C:/Development/libsbml-with-packages/examples/sample-models/from-spec/level-3/enzymekinetics.xml
157:       read time (ms): 15.6002
157:     rename time (ms): 0
157:      write time (ms): 0
157: 
157/186 Test #157: test_cs_SetIdFromNames ........................   Passed    0.13 sec
test 158
        Start 158: test_cs_unsetAnnotation

158: Test command: C:\Development\libsbml-32-packages\examples\csharp\unsetAnnotation.exe "C:/Development/libsbml-with-packages/examples/sample-models/from-spec/level-3/enzymekinetics.xml" "unsetAnnotation.out.xml"
158: Environment variables: 
158:  PATH=C:/Development/libsbml-32-packages/src/bindings/csharp
158:  C:/Development/libsbml-32-packages/src/bindings/csharp
158:  c:\Program Files (x86)\Microsoft F#\v4.0
158:  c:\Program Files (x86)\Microsoft Visual Studio 10.0\VSTSDB\Deploy
158:  c:\Program Files (x86)\Microsoft Visual Studio 10.0\Common7\IDE
158:  c:\Program Files (x86)\Microsoft Visual Studio 10.0\VC\BIN
158:  c:\Program Files (x86)\Microsoft Visual Studio 10.0\Common7\Tools
158:  c:\Windows\Microsoft.NET\Framework\v4.0.30319
158:  c:\Windows\Microsoft.NET\Framework\v3.5
158:  c:\Program Files (x86)\Microsoft Visual Studio 10.0\VC\VCPackages
158:  C:\Program Files (x86)\HTML Help Workshop
158:  C:\Program Files (x86)\HTML Help Workshop
158:  c:\Program Files (x86)\Microsoft Visual Studio 10.0\Team Tools\Performance Tools
158:  C:\Program Files (x86)\Microsoft SDKs\Windows\v7.0A\bin\NETFX 4.0 Tools
158:  C:\Program Files (x86)\Microsoft SDKs\Windows\v7.0A\bin
158:  c:\Program Files (x86)\CMake 2.8\bin
158:  C:\Program Files (x86)\CMake\bin
158:  C:\Perl_516\site\bin
158:  C:\Perl_516\bin
158:  C:\Perl64_516\site\bin
158:  C:\Perl64_516\bin
158:  C:\Perl64\site\bin
158:  C:\Perl64\bin
158:  C:\Perl32\site\bin
158:  C:\Perl32\bin
158:  C:\Windows\system32
158:  C:\Windows
158:  C:\Windows\System32\Wbem
158:  C:\Windows\System32\WindowsPowerShell\v1.0
158:  C:\Program Files\MATLAB\R2014a\runtime\win64
158:  C:\Program Files\MATLAB\R2014a\bin
158:  C:\Program Files\MATLAB\R2011b\runtime\win64
158:  C:\Program Files\MATLAB\R2011b\bin
158:  C:\Program Files (x86)\MATLAB\R2011b\runtime\win32
158:  C:\Program Files (x86)\MATLAB\R2011b\bin
158:  c:\Program Files (x86)\Microsoft SQL Server\100\Tools\Binn
158:  c:\Program Files\Microsoft SQL Server\100\Tools\Binn
158:  c:\Program Files\Microsoft SQL Server\100\DTS\Binn
158:  C:\Program Files (x86)\CMake 2.8\bin
158:  c:\Program Files (x86)\Microsoft ASP.NET\ASP.NET Web Pages\v1.0
158:  C:\Program Files\Microsoft\Web Platform Installer
158:  C:\Program Files\TortoiseHg
158:  C:\Program Files (x86)\Microsoft SQL Server\110\Tools\Binn
158:  C:\Program Files\Microsoft SQL Server\110\Tools\Binn
158:  C:\Program Files\Microsoft SQL Server\110\DTS\Binn
158:  C:\Program Files (x86)\Microsoft SQL Server\110\Tools\Binn\ManagementStudio
158:  C:\Program Files (x86)\Microsoft SQL Server\110\DTS\Binn
158:  C:\ProgramData\chocolatey\bin
158:  C:\Program Files\nodejs
158:  C:\Program Files (x86)\CMake\bin
158:  C:\Program Files\TortoiseGit\bin
158:  C:\Program Files\TortoiseSVN\bin
158:  C:\Program Files (x86)\nodejs
158:  C:\Program Files\Git\cmd
158:  c:\bin
158:  C:/tools/ninja
158:  C:\Users\fbergman\AppData\Roaming\npm
158: Test timeout computed to be: 3000
158/186 Test #158: test_cs_unsetAnnotation .......................   Passed    0.12 sec
test 159
        Start 159: test_cs_unsetNotes

159: Test command: C:\Development\libsbml-32-packages\examples\csharp\unsetNotes.exe "C:/Development/libsbml-with-packages/examples/sample-models/from-spec/level-3/enzymekinetics.xml" "unsetNotes.out.xml"
159: Environment variables: 
159:  PATH=C:/Development/libsbml-32-packages/src/bindings/csharp
159:  C:/Development/libsbml-32-packages/src/bindings/csharp
159:  c:\Program Files (x86)\Microsoft F#\v4.0
159:  c:\Program Files (x86)\Microsoft Visual Studio 10.0\VSTSDB\Deploy
159:  c:\Program Files (x86)\Microsoft Visual Studio 10.0\Common7\IDE
159:  c:\Program Files (x86)\Microsoft Visual Studio 10.0\VC\BIN
159:  c:\Program Files (x86)\Microsoft Visual Studio 10.0\Common7\Tools
159:  c:\Windows\Microsoft.NET\Framework\v4.0.30319
159:  c:\Windows\Microsoft.NET\Framework\v3.5
159:  c:\Program Files (x86)\Microsoft Visual Studio 10.0\VC\VCPackages
159:  C:\Program Files (x86)\HTML Help Workshop
159:  C:\Program Files (x86)\HTML Help Workshop
159:  c:\Program Files (x86)\Microsoft Visual Studio 10.0\Team Tools\Performance Tools
159:  C:\Program Files (x86)\Microsoft SDKs\Windows\v7.0A\bin\NETFX 4.0 Tools
159:  C:\Program Files (x86)\Microsoft SDKs\Windows\v7.0A\bin
159:  c:\Program Files (x86)\CMake 2.8\bin
159:  C:\Program Files (x86)\CMake\bin
159:  C:\Perl_516\site\bin
159:  C:\Perl_516\bin
159:  C:\Perl64_516\site\bin
159:  C:\Perl64_516\bin
159:  C:\Perl64\site\bin
159:  C:\Perl64\bin
159:  C:\Perl32\site\bin
159:  C:\Perl32\bin
159:  C:\Windows\system32
159:  C:\Windows
159:  C:\Windows\System32\Wbem
159:  C:\Windows\System32\WindowsPowerShell\v1.0
159:  C:\Program Files\MATLAB\R2014a\runtime\win64
159:  C:\Program Files\MATLAB\R2014a\bin
159:  C:\Program Files\MATLAB\R2011b\runtime\win64
159:  C:\Program Files\MATLAB\R2011b\bin
159:  C:\Program Files (x86)\MATLAB\R2011b\runtime\win32
159:  C:\Program Files (x86)\MATLAB\R2011b\bin
159:  c:\Program Files (x86)\Microsoft SQL Server\100\Tools\Binn
159:  c:\Program Files\Microsoft SQL Server\100\Tools\Binn
159:  c:\Program Files\Microsoft SQL Server\100\DTS\Binn
159:  C:\Program Files (x86)\CMake 2.8\bin
159:  c:\Program Files (x86)\Microsoft ASP.NET\ASP.NET Web Pages\v1.0
159:  C:\Program Files\Microsoft\Web Platform Installer
159:  C:\Program Files\TortoiseHg
159:  C:\Program Files (x86)\Microsoft SQL Server\110\Tools\Binn
159:  C:\Program Files\Microsoft SQL Server\110\Tools\Binn
159:  C:\Program Files\Microsoft SQL Server\110\DTS\Binn
159:  C:\Program Files (x86)\Microsoft SQL Server\110\Tools\Binn\ManagementStudio
159:  C:\Program Files (x86)\Microsoft SQL Server\110\DTS\Binn
159:  C:\ProgramData\chocolatey\bin
159:  C:\Program Files\nodejs
159:  C:\Program Files (x86)\CMake\bin
159:  C:\Program Files\TortoiseGit\bin
159:  C:\Program Files\TortoiseSVN\bin
159:  C:\Program Files (x86)\nodejs
159:  C:\Program Files\Git\cmd
159:  c:\bin
159:  C:/tools/ninja
159:  C:\Users\fbergman\AppData\Roaming\npm
159: Test timeout computed to be: 3000
159/186 Test #159: test_cs_unsetNotes ............................   Passed    0.12 sec
test 160
        Start 160: test_cs_validateSBML

160: Test command: C:\Development\libsbml-32-packages\examples\csharp\validateSBML.exe "C:/Development/libsbml-with-packages/examples/sample-models/from-spec/level-3/enzymekinetics.xml"
160: Environment variables: 
160:  PATH=C:/Development/libsbml-32-packages/src/bindings/csharp
160:  C:/Development/libsbml-32-packages/src/bindings/csharp
160:  c:\Program Files (x86)\Microsoft F#\v4.0
160:  c:\Program Files (x86)\Microsoft Visual Studio 10.0\VSTSDB\Deploy
160:  c:\Program Files (x86)\Microsoft Visual Studio 10.0\Common7\IDE
160:  c:\Program Files (x86)\Microsoft Visual Studio 10.0\VC\BIN
160:  c:\Program Files (x86)\Microsoft Visual Studio 10.0\Common7\Tools
160:  c:\Windows\Microsoft.NET\Framework\v4.0.30319
160:  c:\Windows\Microsoft.NET\Framework\v3.5
160:  c:\Program Files (x86)\Microsoft Visual Studio 10.0\VC\VCPackages
160:  C:\Program Files (x86)\HTML Help Workshop
160:  C:\Program Files (x86)\HTML Help Workshop
160:  c:\Program Files (x86)\Microsoft Visual Studio 10.0\Team Tools\Performance Tools
160:  C:\Program Files (x86)\Microsoft SDKs\Windows\v7.0A\bin\NETFX 4.0 Tools
160:  C:\Program Files (x86)\Microsoft SDKs\Windows\v7.0A\bin
160:  c:\Program Files (x86)\CMake 2.8\bin
160:  C:\Program Files (x86)\CMake\bin
160:  C:\Perl_516\site\bin
160:  C:\Perl_516\bin
160:  C:\Perl64_516\site\bin
160:  C:\Perl64_516\bin
160:  C:\Perl64\site\bin
160:  C:\Perl64\bin
160:  C:\Perl32\site\bin
160:  C:\Perl32\bin
160:  C:\Windows\system32
160:  C:\Windows
160:  C:\Windows\System32\Wbem
160:  C:\Windows\System32\WindowsPowerShell\v1.0
160:  C:\Program Files\MATLAB\R2014a\runtime\win64
160:  C:\Program Files\MATLAB\R2014a\bin
160:  C:\Program Files\MATLAB\R2011b\runtime\win64
160:  C:\Program Files\MATLAB\R2011b\bin
160:  C:\Program Files (x86)\MATLAB\R2011b\runtime\win32
160:  C:\Program Files (x86)\MATLAB\R2011b\bin
160:  c:\Program Files (x86)\Microsoft SQL Server\100\Tools\Binn
160:  c:\Program Files\Microsoft SQL Server\100\Tools\Binn
160:  c:\Program Files\Microsoft SQL Server\100\DTS\Binn
160:  C:\Program Files (x86)\CMake 2.8\bin
160:  c:\Program Files (x86)\Microsoft ASP.NET\ASP.NET Web Pages\v1.0
160:  C:\Program Files\Microsoft\Web Platform Installer
160:  C:\Program Files\TortoiseHg
160:  C:\Program Files (x86)\Microsoft SQL Server\110\Tools\Binn
160:  C:\Program Files\Microsoft SQL Server\110\Tools\Binn
160:  C:\Program Files\Microsoft SQL Server\110\DTS\Binn
160:  C:\Program Files (x86)\Microsoft SQL Server\110\Tools\Binn\ManagementStudio
160:  C:\Program Files (x86)\Microsoft SQL Server\110\DTS\Binn
160:  C:\ProgramData\chocolatey\bin
160:  C:\Program Files\nodejs
160:  C:\Program Files (x86)\CMake\bin
160:  C:\Program Files\TortoiseGit\bin
160:  C:\Program Files\TortoiseSVN\bin
160:  C:\Program Files (x86)\nodejs
160:  C:\Program Files\Git\cmd
160:  c:\bin
160:  C:/tools/ninja
160:  C:\Users\fbergman\AppData\Roaming\npm
160: Test timeout computed to be: 3000
160: ---------------------------------------------------------------------------
160:                filename : C:/Development/libsbml-with-packages/examples/sample-models/from-spec/level-3/enzymekinetics.xml
160:        file size (byte) : 3930
160:          read time (ms) : 1.0001
160:       c-check time (ms) : 0
160:     validation error(s) : 0
160:   (consistency error(s)): 0
160:   validation warning(s) : 0
160: (consistency warning(s)): 0
160: ---------------------------------------------------------------------------
160: Validated 1 files, 1 valid files, 0 invalid files.
160/186 Test #160: test_cs_validateSBML ..........................   Passed    0.10 sec
test 161
        Start 161: test_cs_evaluateCustomMath

161: Test command: C:\Development\libsbml-32-packages\examples\csharp\evaluateCustomMath.exe "2*3+4" "C:/Development/libsbml-with-packages/examples/sample-models/from-spec/level-3/enzymekinetics.xml"
161: Environment variables: 
161:  PATH=C:/Development/libsbml-32-packages/src/bindings/csharp
161:  C:/Development/libsbml-32-packages/src/bindings/csharp
161:  c:\Program Files (x86)\Microsoft F#\v4.0
161:  c:\Program Files (x86)\Microsoft Visual Studio 10.0\VSTSDB\Deploy
161:  c:\Program Files (x86)\Microsoft Visual Studio 10.0\Common7\IDE
161:  c:\Program Files (x86)\Microsoft Visual Studio 10.0\VC\BIN
161:  c:\Program Files (x86)\Microsoft Visual Studio 10.0\Common7\Tools
161:  c:\Windows\Microsoft.NET\Framework\v4.0.30319
161:  c:\Windows\Microsoft.NET\Framework\v3.5
161:  c:\Program Files (x86)\Microsoft Visual Studio 10.0\VC\VCPackages
161:  C:\Program Files (x86)\HTML Help Workshop
161:  C:\Program Files (x86)\HTML Help Workshop
161:  c:\Program Files (x86)\Microsoft Visual Studio 10.0\Team Tools\Performance Tools
161:  C:\Program Files (x86)\Microsoft SDKs\Windows\v7.0A\bin\NETFX 4.0 Tools
161:  C:\Program Files (x86)\Microsoft SDKs\Windows\v7.0A\bin
161:  c:\Program Files (x86)\CMake 2.8\bin
161:  C:\Program Files (x86)\CMake\bin
161:  C:\Perl_516\site\bin
161:  C:\Perl_516\bin
161:  C:\Perl64_516\site\bin
161:  C:\Perl64_516\bin
161:  C:\Perl64\site\bin
161:  C:\Perl64\bin
161:  C:\Perl32\site\bin
161:  C:\Perl32\bin
161:  C:\Windows\system32
161:  C:\Windows
161:  C:\Windows\System32\Wbem
161:  C:\Windows\System32\WindowsPowerShell\v1.0
161:  C:\Program Files\MATLAB\R2014a\runtime\win64
161:  C:\Program Files\MATLAB\R2014a\bin
161:  C:\Program Files\MATLAB\R2011b\runtime\win64
161:  C:\Program Files\MATLAB\R2011b\bin
161:  C:\Program Files (x86)\MATLAB\R2011b\runtime\win32
161:  C:\Program Files (x86)\MATLAB\R2011b\bin
161:  c:\Program Files (x86)\Microsoft SQL Server\100\Tools\Binn
161:  c:\Program Files\Microsoft SQL Server\100\Tools\Binn
161:  c:\Program Files\Microsoft SQL Server\100\DTS\Binn
161:  C:\Program Files (x86)\CMake 2.8\bin
161:  c:\Program Files (x86)\Microsoft ASP.NET\ASP.NET Web Pages\v1.0
161:  C:\Program Files\Microsoft\Web Platform Installer
161:  C:\Program Files\TortoiseHg
161:  C:\Program Files (x86)\Microsoft SQL Server\110\Tools\Binn
161:  C:\Program Files\Microsoft SQL Server\110\Tools\Binn
161:  C:\Program Files\Microsoft SQL Server\110\DTS\Binn
161:  C:\Program Files (x86)\Microsoft SQL Server\110\Tools\Binn\ManagementStudio
161:  C:\Program Files (x86)\Microsoft SQL Server\110\DTS\Binn
161:  C:\ProgramData\chocolatey\bin
161:  C:\Program Files\nodejs
161:  C:\Program Files (x86)\CMake\bin
161:  C:\Program Files\TortoiseGit\bin
161:  C:\Program Files\TortoiseSVN\bin
161:  C:\Program Files (x86)\nodejs
161:  C:\Program Files\Git\cmd
161:  c:\bin
161:  C:/tools/ninja
161:  C:\Users\fbergman\AppData\Roaming\npm
161: Test timeout computed to be: 3000
161: 2*3+4 = 10
161/186 Test #161: test_cs_evaluateCustomMath ....................   Passed    0.09 sec
test 162
        Start 162: test_cs_inlineInitialAssignments

162: Test command: C:\Development\libsbml-32-packages\examples\csharp\inlineInitialAssignments.exe "C:/Development/libsbml-with-packages/examples/sample-models/from-spec/level-3/enzymekinetics.xml" "inlineInitialAssignments.out.xml"
162: Environment variables: 
162:  PATH=C:/Development/libsbml-32-packages/src/bindings/csharp
162:  C:/Development/libsbml-32-packages/src/bindings/csharp
162:  c:\Program Files (x86)\Microsoft F#\v4.0
162:  c:\Program Files (x86)\Microsoft Visual Studio 10.0\VSTSDB\Deploy
162:  c:\Program Files (x86)\Microsoft Visual Studio 10.0\Common7\IDE
162:  c:\Program Files (x86)\Microsoft Visual Studio 10.0\VC\BIN
162:  c:\Program Files (x86)\Microsoft Visual Studio 10.0\Common7\Tools
162:  c:\Windows\Microsoft.NET\Framework\v4.0.30319
162:  c:\Windows\Microsoft.NET\Framework\v3.5
162:  c:\Program Files (x86)\Microsoft Visual Studio 10.0\VC\VCPackages
162:  C:\Program Files (x86)\HTML Help Workshop
162:  C:\Program Files (x86)\HTML Help Workshop
162:  c:\Program Files (x86)\Microsoft Visual Studio 10.0\Team Tools\Performance Tools
162:  C:\Program Files (x86)\Microsoft SDKs\Windows\v7.0A\bin\NETFX 4.0 Tools
162:  C:\Program Files (x86)\Microsoft SDKs\Windows\v7.0A\bin
162:  c:\Program Files (x86)\CMake 2.8\bin
162:  C:\Program Files (x86)\CMake\bin
162:  C:\Perl_516\site\bin
162:  C:\Perl_516\bin
162:  C:\Perl64_516\site\bin
162:  C:\Perl64_516\bin
162:  C:\Perl64\site\bin
162:  C:\Perl64\bin
162:  C:\Perl32\site\bin
162:  C:\Perl32\bin
162:  C:\Windows\system32
162:  C:\Windows
162:  C:\Windows\System32\Wbem
162:  C:\Windows\System32\WindowsPowerShell\v1.0
162:  C:\Program Files\MATLAB\R2014a\runtime\win64
162:  C:\Program Files\MATLAB\R2014a\bin
162:  C:\Program Files\MATLAB\R2011b\runtime\win64
162:  C:\Program Files\MATLAB\R2011b\bin
162:  C:\Program Files (x86)\MATLAB\R2011b\runtime\win32
162:  C:\Program Files (x86)\MATLAB\R2011b\bin
162:  c:\Program Files (x86)\Microsoft SQL Server\100\Tools\Binn
162:  c:\Program Files\Microsoft SQL Server\100\Tools\Binn
162:  c:\Program Files\Microsoft SQL Server\100\DTS\Binn
162:  C:\Program Files (x86)\CMake 2.8\bin
162:  c:\Program Files (x86)\Microsoft ASP.NET\ASP.NET Web Pages\v1.0
162:  C:\Program Files\Microsoft\Web Platform Installer
162:  C:\Program Files\TortoiseHg
162:  C:\Program Files (x86)\Microsoft SQL Server\110\Tools\Binn
162:  C:\Program Files\Microsoft SQL Server\110\Tools\Binn
162:  C:\Program Files\Microsoft SQL Server\110\DTS\Binn
162:  C:\Program Files (x86)\Microsoft SQL Server\110\Tools\Binn\ManagementStudio
162:  C:\Program Files (x86)\Microsoft SQL Server\110\DTS\Binn
162:  C:\ProgramData\chocolatey\bin
162:  C:\Program Files\nodejs
162:  C:\Program Files (x86)\CMake\bin
162:  C:\Program Files\TortoiseGit\bin
162:  C:\Program Files\TortoiseSVN\bin
162:  C:\Program Files (x86)\nodejs
162:  C:\Program Files\Git\cmd
162:  c:\bin
162:  C:/tools/ninja
162:  C:\Users\fbergman\AppData\Roaming\npm
162: Test timeout computed to be: 3000
162/186 Test #162: test_cs_inlineInitialAssignments ..............   Passed    0.09 sec
test 163
        Start 163: test_cs_replaceOneFD

163: Test command: C:\Development\libsbml-32-packages\examples\csharp\replaceOneFD.exe "C:/Development/libsbml-with-packages/examples/sample-models/from-spec/level-3/functiondef.xml" "f" "reaction_1" "replaceOneFD.out.xml"
163: Environment variables: 
163:  PATH=C:/Development/libsbml-32-packages/src/bindings/csharp
163:  C:/Development/libsbml-32-packages/src/bindings/csharp
163:  c:\Program Files (x86)\Microsoft F#\v4.0
163:  c:\Program Files (x86)\Microsoft Visual Studio 10.0\VSTSDB\Deploy
163:  c:\Program Files (x86)\Microsoft Visual Studio 10.0\Common7\IDE
163:  c:\Program Files (x86)\Microsoft Visual Studio 10.0\VC\BIN
163:  c:\Program Files (x86)\Microsoft Visual Studio 10.0\Common7\Tools
163:  c:\Windows\Microsoft.NET\Framework\v4.0.30319
163:  c:\Windows\Microsoft.NET\Framework\v3.5
163:  c:\Program Files (x86)\Microsoft Visual Studio 10.0\VC\VCPackages
163:  C:\Program Files (x86)\HTML Help Workshop
163:  C:\Program Files (x86)\HTML Help Workshop
163:  c:\Program Files (x86)\Microsoft Visual Studio 10.0\Team Tools\Performance Tools
163:  C:\Program Files (x86)\Microsoft SDKs\Windows\v7.0A\bin\NETFX 4.0 Tools
163:  C:\Program Files (x86)\Microsoft SDKs\Windows\v7.0A\bin
163:  c:\Program Files (x86)\CMake 2.8\bin
163:  C:\Program Files (x86)\CMake\bin
163:  C:\Perl_516\site\bin
163:  C:\Perl_516\bin
163:  C:\Perl64_516\site\bin
163:  C:\Perl64_516\bin
163:  C:\Perl64\site\bin
163:  C:\Perl64\bin
163:  C:\Perl32\site\bin
163:  C:\Perl32\bin
163:  C:\Windows\system32
163:  C:\Windows
163:  C:\Windows\System32\Wbem
163:  C:\Windows\System32\WindowsPowerShell\v1.0
163:  C:\Program Files\MATLAB\R2014a\runtime\win64
163:  C:\Program Files\MATLAB\R2014a\bin
163:  C:\Program Files\MATLAB\R2011b\runtime\win64
163:  C:\Program Files\MATLAB\R2011b\bin
163:  C:\Program Files (x86)\MATLAB\R2011b\runtime\win32
163:  C:\Program Files (x86)\MATLAB\R2011b\bin
163:  c:\Program Files (x86)\Microsoft SQL Server\100\Tools\Binn
163:  c:\Program Files\Microsoft SQL Server\100\Tools\Binn
163:  c:\Program Files\Microsoft SQL Server\100\DTS\Binn
163:  C:\Program Files (x86)\CMake 2.8\bin
163:  c:\Program Files (x86)\Microsoft ASP.NET\ASP.NET Web Pages\v1.0
163:  C:\Program Files\Microsoft\Web Platform Installer
163:  C:\Program Files\TortoiseHg
163:  C:\Program Files (x86)\Microsoft SQL Server\110\Tools\Binn
163:  C:\Program Files\Microsoft SQL Server\110\Tools\Binn
163:  C:\Program Files\Microsoft SQL Server\110\DTS\Binn
163:  C:\Program Files (x86)\Microsoft SQL Server\110\Tools\Binn\ManagementStudio
163:  C:\Program Files (x86)\Microsoft SQL Server\110\DTS\Binn
163:  C:\ProgramData\chocolatey\bin
163:  C:\Program Files\nodejs
163:  C:\Program Files (x86)\CMake\bin
163:  C:\Program Files\TortoiseGit\bin
163:  C:\Program Files\TortoiseSVN\bin
163:  C:\Program Files (x86)\nodejs
163:  C:\Program Files\Git\cmd
163:  c:\bin
163:  C:/tools/ninja
163:  C:\Users\fbergman\AppData\Roaming\npm
163: Test timeout computed to be: 3000
163/186 Test #163: test_cs_replaceOneFD ..........................   Passed    0.12 sec
test 164
        Start 164: test_java_addCVTerms

164: Test command: "C:\Program Files (x86)\Java\jdk1.7.0_05\bin\java.exe" "-cp" ".;C:\Development\libsbml-32-packages\examples\java\..\..\src\bindings\java\libsbmlj.jar;" "-Djava.library.path=C:/Development/libsbml-32-packages/src/bindings/java" "addCVTerms" "C:/Development/libsbml-with-packages/examples/sample-models/from-spec/level-3/enzymekinetics.xml" "addCVTerms.out.xml"
164: Test timeout computed to be: 3000
164/186 Test #164: test_java_addCVTerms ..........................   Passed    0.20 sec
test 165
        Start 165: test_java_addingEvidenceCodes_1

165: Test command: "C:\Program Files (x86)\Java\jdk1.7.0_05\bin\java.exe" "-cp" ".;C:\Development\libsbml-32-packages\examples\java\..\..\src\bindings\java\libsbmlj.jar;" "-Djava.library.path=C:/Development/libsbml-32-packages/src/bindings/java" "addingEvidenceCodes_1" "C:/Development/libsbml-with-packages/examples/sample-models/from-spec/level-3/enzymekinetics.xml" "addingEvidenceCodes_1.out.xml"
165: Test timeout computed to be: 3000
165/186 Test #165: test_java_addingEvidenceCodes_1 ...............   Passed    0.19 sec
test 166
        Start 166: test_java_addingEvidenceCodes_2

166: Test command: "C:\Program Files (x86)\Java\jdk1.7.0_05\bin\java.exe" "-cp" ".;C:\Development\libsbml-32-packages\examples\java\..\..\src\bindings\java\libsbmlj.jar;" "-Djava.library.path=C:/Development/libsbml-32-packages/src/bindings/java" "addingEvidenceCodes_2" "C:/Development/libsbml-with-packages/examples/sample-models/from-spec/level-3/enzymekinetics.xml" "addingEvidenceCodes_2.out.xml"
166: Test timeout computed to be: 3000
166/186 Test #166: test_java_addingEvidenceCodes_2 ...............   Passed    0.20 sec
test 167
        Start 167: test_java_addModelHistory

167: Test command: "C:\Program Files (x86)\Java\jdk1.7.0_05\bin\java.exe" "-cp" ".;C:\Development\libsbml-32-packages\examples\java\..\..\src\bindings\java\libsbmlj.jar;" "-Djava.library.path=C:/Development/libsbml-32-packages/src/bindings/java" "addModelHistory" "C:/Development/libsbml-with-packages/examples/sample-models/from-spec/level-3/enzymekinetics.xml" "addModelHistory.out.xml"
167: Test timeout computed to be: 3000
167/186 Test #167: test_java_addModelHistory .....................   Passed    0.20 sec
test 168
        Start 168: test_java_appendAnnotation

168: Test command: "C:\Program Files (x86)\Java\jdk1.7.0_05\bin\java.exe" "-cp" ".;C:\Development\libsbml-32-packages\examples\java\..\..\src\bindings\java\libsbmlj.jar;" "-Djava.library.path=C:/Development/libsbml-32-packages/src/bindings/java" "appendAnnotation" "C:/Development/libsbml-with-packages/examples/sample-models/from-spec/level-3/enzymekinetics.xml" "appendAnnotation.out.xml"
168: Test timeout computed to be: 3000
168/186 Test #168: test_java_appendAnnotation ....................   Passed    0.20 sec
test 169
        Start 169: test_java_createExampleSBML

169: Test command: "C:\Program Files (x86)\Java\jdk1.7.0_05\bin\java.exe" "-cp" ".;C:\Development\libsbml-32-packages\examples\java\..\..\src\bindings\java\libsbmlj.jar;" "-Djava.library.path=C:/Development/libsbml-32-packages/src/bindings/java" "createExampleSBML" "C:/Development/libsbml-with-packages/examples/sample-models/from-spec/level-3/enzymekinetics.xml" "createExampleSBML.out.xml"
169: Test timeout computed to be: 3000
169: Wrote file "enzymaticreaction.xml"
169: Wrote file "units.xml"
169: 
169: 
169: Notice: encountered 1 validation warning in model 'functionExample'.
169: 
169: line 1: (99505 [Warning]) In situations where a mathematical expression contains literal numbers or parameters whose units have not been declared, it is not possible to verify accurately the consistency of the units in the expression. 
169:  The units of the <kineticLaw> <math> expression 'f(S1) * compartmentOne / t' cannot be fully checked. Unit consistency reported as either no errors or further unit errors related to this object may not be accurate.
169: 
169: 
169: Wrote file "functiondef.xml"
169/186 Test #169: test_java_createExampleSBML ...................   Passed    0.28 sec
test 170
        Start 170: test_java_echoSBML

170: Test command: "C:\Program Files (x86)\Java\jdk1.7.0_05\bin\java.exe" "-cp" ".;C:\Development\libsbml-32-packages\examples\java\..\..\src\bindings\java\libsbmlj.jar;" "-Djava.library.path=C:/Development/libsbml-32-packages/src/bindings/java" "echoSBML" "C:/Development/libsbml-with-packages/examples/sample-models/from-spec/level-3/enzymekinetics.xml" "echoSBML.out.xml"
170: Test timeout computed to be: 3000
170/186 Test #170: test_java_echoSBML ............................   Passed    0.19 sec
test 171
        Start 171: test_java_evaluateCustomMath

171: Test command: "C:\Program Files (x86)\Java\jdk1.7.0_05\bin\java.exe" "-cp" ".;C:\Development\libsbml-32-packages\examples\java\..\..\src\bindings\java\libsbmlj.jar;" "-Djava.library.path=C:/Development/libsbml-32-packages/src/bindings/java" "evaluateCustomMath" "2*3+4" "C:/Development/libsbml-with-packages/examples/sample-models/from-spec/level-3/enzymekinetics.xml"
171: Test timeout computed to be: 3000
171: 2*3+4 = 10.0
171/186 Test #171: test_java_evaluateCustomMath ..................   Passed    0.27 sec
test 172
        Start 172: test_java_getAllElementsWithNotes

172: Test command: "C:\Program Files (x86)\Java\jdk1.7.0_05\bin\java.exe" "-cp" ".;C:\Development\libsbml-32-packages\examples\java\..\..\src\bindings\java\libsbmlj.jar;" "-Djava.library.path=C:/Development/libsbml-32-packages/src/bindings/java" "getAllElementsWithNotes" "C:/Development/libsbml-with-packages/examples/sample-models/from-spec/level-3/enzymekinetics.xml"
172: Test timeout computed to be: 3000
172: Using libSBML : 5.17.1
172: 
172:             filename: C:/Development/libsbml-with-packages/examples/sample-models/from-spec/level-3/enzymekinetics.xml
172:       read time (ms): 0
172:     searching ......:
172:   seaching took (ms): 15
172:  elements with notes: 0
172/186 Test #172: test_java_getAllElementsWithNotes .............   Passed    0.20 sec
test 173
        Start 173: test_java_inlineInitialAssignments

173: Test command: "C:\Program Files (x86)\Java\jdk1.7.0_05\bin\java.exe" "-cp" ".;C:\Development\libsbml-32-packages\examples\java\..\..\src\bindings\java\libsbmlj.jar;" "-Djava.library.path=C:/Development/libsbml-32-packages/src/bindings/java" "inlineInitialAssignments" "C:/Development/libsbml-with-packages/examples/sample-models/from-spec/level-3/enzymekinetics.xml" "inlineInitialAssignments.out.xml"
173: Test timeout computed to be: 3000
173/186 Test #173: test_java_inlineInitialAssignments ............   Passed    0.20 sec
test 174
        Start 174: test_java_printAnnotation

174: Test command: "C:\Program Files (x86)\Java\jdk1.7.0_05\bin\java.exe" "-cp" ".;C:\Development\libsbml-32-packages\examples\java\..\..\src\bindings\java\libsbmlj.jar;" "-Djava.library.path=C:/Development/libsbml-32-packages/src/bindings/java" "printAnnotation" "C:/Development/libsbml-with-packages/examples/sample-models/from-spec/level-3/enzymekinetics.xml"
174: Test timeout computed to be: 3000
174: 
174: filename: C:/Development/libsbml-with-packages/examples/sample-models/from-spec/level-3/enzymekinetics.xml
174: 
174/186 Test #174: test_java_printAnnotation .....................   Passed    0.25 sec
test 175
        Start 175: test_java_printMath

175: Test command: "C:\Program Files (x86)\Java\jdk1.7.0_05\bin\java.exe" "-cp" ".;C:\Development\libsbml-32-packages\examples\java\..\..\src\bindings\java\libsbmlj.jar;" "-Djava.library.path=C:/Development/libsbml-32-packages/src/bindings/java" "printMath" "C:/Development/libsbml-with-packages/examples/sample-models/from-spec/level-3/enzymekinetics.xml"
175: Test timeout computed to be: 3000
175: File: C:/Development/libsbml-with-packages/examples/sample-models/from-spec/level-3/enzymekinetics.xml (Level 3, version 1)
175: Reaction 1, formula: comp * (kon * E * S - koff * ES)
175: 
175: Reaction 2, formula: comp * kcat * ES
175: 
175/186 Test #175: test_java_printMath ...........................   Passed    0.20 sec
test 176
        Start 176: test_java_printNotes

176: Test command: "C:\Program Files (x86)\Java\jdk1.7.0_05\bin\java.exe" "-cp" ".;C:\Development\libsbml-32-packages\examples\java\..\..\src\bindings\java\libsbmlj.jar;" "-Djava.library.path=C:/Development/libsbml-32-packages/src/bindings/java" "printNotes" "C:/Development/libsbml-with-packages/examples/sample-models/from-spec/level-3/enzymekinetics.xml"
176: Test timeout computed to be: 3000
176: 
176: filename: C:/Development/libsbml-with-packages/examples/sample-models/from-spec/level-3/enzymekinetics.xml
176: 
176/186 Test #176: test_java_printNotes ..........................   Passed    0.20 sec
test 177
        Start 177: test_java_printRegisteredPackages

177: Test command: "C:\Program Files (x86)\Java\jdk1.7.0_05\bin\java.exe" "-cp" ".;C:\Development\libsbml-32-packages\examples\java\..\..\src\bindings\java\libsbmlj.jar;" "-Djava.library.path=C:/Development/libsbml-32-packages/src/bindings/java" "printRegisteredPackages"
177: Test timeout computed to be: 3000
177: This version of LibSBML: 5.17.1 includes: 
177: 	arrays
177: 	comp
177: 	distrib
177: 	dyn
177: 	fbc
177: 	groups
177: 	layout
177: 	render
177: 	l3v2extendedmath
177: 	multi
177: 	qual
177: 	req
177: 	spatial
177: 
177/186 Test #177: test_java_printRegisteredPackages .............   Passed    0.19 sec
test 178
        Start 178: test_java_printSBML

178: Test command: "C:\Program Files (x86)\Java\jdk1.7.0_05\bin\java.exe" "-cp" ".;C:\Development\libsbml-32-packages\examples\java\..\..\src\bindings\java\libsbmlj.jar;" "-Djava.library.path=C:/Development/libsbml-32-packages/src/bindings/java" "printSBML" "C:/Development/libsbml-with-packages/examples/sample-models/from-spec/level-3/enzymekinetics.xml"
178: Test timeout computed to be: 3000
178: File: C:/Development/libsbml-with-packages/examples/sample-models/from-spec/level-3/enzymekinetics.xml (Level 3, version 1)
178: 
178:   model id: (empty)
178: functionDefinitions: 0
178:     unitDefinitions: 2
178:        compartments: 1
178:             species: 4
178:          parameters: 0
178:           reactions: 2
178:               rules: 0
178:              events: 0
178/186 Test #178: test_java_printSBML ...........................   Passed    0.19 sec
test 179
        Start 179: test_java_printsupported

179: Test command: "C:\Program Files (x86)\Java\jdk1.7.0_05\bin\java.exe" "-cp" ".;C:\Development\libsbml-32-packages\examples\java\..\..\src\bindings\java\libsbmlj.jar;" "-Djava.library.path=C:/Development/libsbml-32-packages/src/bindings/java" "printsupported"
179: Test timeout computed to be: 3000
179: Supported by LibSBML 5.17.1
179: 
179: 	SBML Level: 1 Version: 1
179: 	SBML Level: 1 Version: 2
179: 	SBML Level: 2 Version: 1
179: 	SBML Level: 2 Version: 2
179: 	SBML Level: 2 Version: 3
179: 	SBML Level: 2 Version: 4
179: 	SBML Level: 2 Version: 5
179: 	SBML Level: 3 Version: 1
179: 	SBML Level: 3 Version: 2
179: 
179/186 Test #179: test_java_printsupported ......................   Passed    0.19 sec
test 180
        Start 180: test_java_printUnits

180: Test command: "C:\Program Files (x86)\Java\jdk1.7.0_05\bin\java.exe" "-cp" ".;C:\Development\libsbml-32-packages\examples\java\..\..\src\bindings\java\libsbmlj.jar;" "-Djava.library.path=C:/Development/libsbml-32-packages/src/bindings/java" "printUnits" "C:/Development/libsbml-with-packages/examples/sample-models/from-spec/level-3/enzymekinetics.xml"
180: Test timeout computed to be: 3000
180: Compartment #1 --
180:   id in model: comp
180: litre(exponent = 1)
180: 
180: Species #1 --
180:   id in model: E
180: mole(exponent = 1), litre(exponent = -1)
180: 
180: Species #2 --
180:   id in model: S
180: mole(exponent = 1), litre(exponent = -1)
180: 
180: Species #3 --
180:   id in model: P
180: mole(exponent = 1), litre(exponent = -1)
180: 
180: Species #4 --
180:   id in model: ES
180: mole(exponent = 1), litre(exponent = -1)
180: 
180: Reaction #1 --
180:   id in model: veq
180: second(exponent = -1), mole(exponent = 1)
180: 
180:  undeclared parameters?: no
180: 
180: Reaction #2 --
180:   id in model: vcat
180: second(exponent = -1), mole(exponent = 1)
180: 
180:  undeclared parameters?: no
180: 
180/186 Test #180: test_java_printUnits ..........................   Passed    0.20 sec
test 181
        Start 181: test_java_promoteParameters

181: Test command: "C:\Program Files (x86)\Java\jdk1.7.0_05\bin\java.exe" "-cp" ".;C:\Development\libsbml-32-packages\examples\java\..\..\src\bindings\java\libsbmlj.jar;" "-Djava.library.path=C:/Development/libsbml-32-packages/src/bindings/java" "promoteParameters" "C:/Development/libsbml-with-packages/examples/sample-models/from-spec/level-3/enzymekinetics.xml" "promoteParameters.out.xml"
181: Test timeout computed to be: 3000
181/186 Test #181: test_java_promoteParameters ...................   Passed    0.22 sec
test 182
        Start 182: test_java_readSBML

182: Test command: "C:\Program Files (x86)\Java\jdk1.7.0_05\bin\java.exe" "-cp" ".;C:\Development\libsbml-32-packages\examples\java\..\..\src\bindings\java\libsbmlj.jar;" "-Djava.library.path=C:/Development/libsbml-32-packages/src/bindings/java" "readSBML" "C:/Development/libsbml-with-packages/examples/sample-models/from-spec/level-3/enzymekinetics.xml"
182: Test timeout computed to be: 3000
182:         filename: C:/Development/libsbml-with-packages/examples/sample-models/from-spec/level-3/enzymekinetics.xml
182:        file size: 3930
182:   read time (ms): 0
182:         error(s): 0
182/186 Test #182: test_java_readSBML ............................   Passed    0.19 sec
test 183
        Start 183: test_java_replaceOneFD

183: Test command: "C:\Program Files (x86)\Java\jdk1.7.0_05\bin\java.exe" "-cp" ".;C:\Development\libsbml-32-packages\examples\java\..\..\src\bindings\java\libsbmlj.jar;" "-Djava.library.path=C:/Development/libsbml-32-packages/src/bindings/java" "replaceOneFD" "C:/Development/libsbml-with-packages/examples/sample-models/from-spec/level-3/functiondef.xml" "f" "reaction_1" "replaceOneFD.out.xml"
183: Test timeout computed to be: 3000
183/186 Test #183: test_java_replaceOneFD ........................   Passed    0.20 sec
test 184
        Start 184: test_java_setIdFromNames

184: Test command: "C:\Program Files (x86)\Java\jdk1.7.0_05\bin\java.exe" "-cp" ".;C:\Development\libsbml-32-packages\examples\java\..\..\src\bindings\java\libsbmlj.jar;" "-Djava.library.path=C:/Development/libsbml-32-packages/src/bindings/java" "setIdFromNames" "C:/Development/libsbml-with-packages/examples/sample-models/from-spec/level-3/enzymekinetics.xml" "setIdFromNames.out.xml"
184: Test timeout computed to be: 3000
184: Using libSBML : 5.17.1
184: 
184:             filename: C:/Development/libsbml-with-packages/examples/sample-models/from-spec/level-3/enzymekinetics.xml
184:       read time (ms): 0
184:     rename time (ms): 0
184:      write time (ms): 15
184: 
184/186 Test #184: test_java_setIdFromNames ......................   Passed    0.20 sec
test 185
        Start 185: test_java_stripPackage

185: Test command: "C:\Program Files (x86)\Java\jdk1.7.0_05\bin\java.exe" "-cp" ".;C:\Development\libsbml-32-packages\examples\java\..\..\src\bindings\java\libsbmlj.jar;" "-Djava.library.path=C:/Development/libsbml-32-packages/src/bindings/java" "stripPackage" "C:/Development/libsbml-with-packages/examples/sample-models/fbc/fbc_example1.xml" "fbc" "stripPackage.out.xml"
185: Test timeout computed to be: 3000
185/186 Test #185: test_java_stripPackage ........................   Passed    0.20 sec
test 186
        Start 186: test_java_unsetAnnotation

186: Test command: "C:\Program Files (x86)\Java\jdk1.7.0_05\bin\java.exe" "-cp" ".;C:\Development\libsbml-32-packages\examples\java\..\..\src\bindings\java\libsbmlj.jar;" "-Djava.library.path=C:/Development/libsbml-32-packages/src/bindings/java" "unsetAnnotation" "C:/Development/libsbml-with-packages/examples/sample-models/from-spec/level-3/enzymekinetics.xml" "unsetAnnotation.out.xml"
186: Test timeout computed to be: 3000
186/186 Test #186: test_java_unsetAnnotation .....................   Passed    0.25 sec

100% tests passed, 0 tests failed out of 186

Total Test time (real) = 253.20 sec
Finished Tests: Mon 10/15/2018  4:34:18.73 
