Starting Tests: Mon 09/03/2018  3:18:49.68 
UpdateCTestConfiguration  from :C:/Development/libsbml-64-packages/DartConfiguration.tcl
Parse Config file:C:/Development/libsbml-64-packages/DartConfiguration.tcl
UpdateCTestConfiguration  from :C:/Development/libsbml-64-packages/DartConfiguration.tcl
Parse Config file:C:/Development/libsbml-64-packages/DartConfiguration.tcl
Test project C:/Development/libsbml-64-packages
Constructing a list of tests
Done constructing a list of tests
Updating test list for fixtures
Added 0 tests to meet fixture requirements
Checking test dependency graph...
Checking test dependency graph end
test 1
        Start   1: test_sbml_package_arrays_run

1: Test command: C:\Development\libsbml-64-packages\src\sbml\packages\arrays\extension\test\Release\test_sbml_package_arrays.exe
1: Environment variables: 
1:  srcdir=C:/Development/libsbml-with-packages/src/sbml/packages/arrays/extension/test
1: Test timeout computed to be: 3000
1: Running suite(s): ArraysExtension
1:  WriteArraysExtension
1:  ReadArraysExtension
1: 100%: Checks: 11, Failures: 0, Errors: 0
  1/184 Test   #1: test_sbml_package_arrays_run ...........   Passed    0.80 sec
test 2
        Start   2: test_arrays_math_run

2: Test command: C:\Development\libsbml-64-packages\src\sbml\packages\arrays\math\test\Release\test_arrays_math.exe
2: Environment variables: 
2:  srcdir=C:/Development/libsbml-with-packages/src/sbml/packages/arrays/math/test
2: Test timeout computed to be: 3000
2: Running suite(s): ASTNode
2:  ArrayInfixWriting
2:  ArrayInfixParsing
2:  NewReadMathML
2:  NewWriteMathMLFromAST
2:  ArrayInfixToMathML
2: 100%: Checks: 68, Failures: 0, Errors: 0
  2/184 Test   #2: test_arrays_math_run ...................   Passed    0.91 sec
test 3
        Start   3: test_arrays_util_run

3: Test command: C:\Development\libsbml-64-packages\src\sbml\packages\arrays\util\test\Release\test_arrays_util.exe
3: Environment variables: 
3:  srcdir=C:/Development/libsbml-with-packages/src/sbml/packages/arrays/util/test
3: Test timeout computed to be: 3000
3: Running suite(s): SBMLArraysFlatteningConverter
3: 100%: Checks: 19, Failures: 0, Errors: 0
  3/184 Test   #3: test_arrays_util_run ...................   Passed    1.19 sec
test 4
        Start   4: test_comp_extensions_run

4: Test command: C:\Development\libsbml-64-packages\src\sbml\packages\comp\extension\test\Release\test_comp_extensions.exe
4: Environment variables: 
4:  srcdir=C:/Development/libsbml-with-packages/src/sbml/packages/comp/extension/test
4: Test timeout computed to be: 3000
4: Running suite(s): SBMLCompExtensionObjects
4:  TestMultipleNamespaces
4:  SBMLCompCheckConsistency
4: 100%: Checks: 14, Failures: 0, Errors: 0
  4/184 Test   #4: test_comp_extensions_run ...............   Passed    1.61 sec
test 5
        Start   5: test_comp_sbase_run

5: Test command: C:\Development\libsbml-64-packages\src\sbml\packages\comp\sbml\test\Release\test_comp_sbase.exe
5: Environment variables: 
5:  srcdir=C:/Development/libsbml-with-packages/src/sbml/packages/comp/sbml/test
5: Test timeout computed to be: 3000
5: Running suite(s): SBMLCompSBaseObjects
5:  SBMLCompSBaseObjects
5:  comp_deletion
5:  comp_externalModelDefinition
5:  comp_modelDefinition
5:  comp_port
5:  comp_replacedBy
5:  comp_replacedElement
5:  comp_sBaseRef
5:  comp_submodel
5: 100%: Checks: 69, Failures: 0, Errors: 0
  5/184 Test   #5: test_comp_sbase_run ....................   Passed    0.92 sec
test 6
        Start   6: test_comp_util_run

6: Test command: C:\Development\libsbml-64-packages\src\sbml\packages\comp\util\test\Release\test_comp_util.exe
6: Environment variables: 
6:  srcdir=C:/Development/libsbml-with-packages/src/sbml/packages/comp/util/test
6: Test timeout computed to be: 3000
6: Running suite(s): SBMLCompURIResolvers
6:  SBMLCompLevelVersionConversion
6:  SBMLCompFlatteningUnknownPackageRefs
6:  SBMLCompFlatteningErrorMessages
6:  SBMLCompFlatteningConverter
6:  ExternalModelResolving
6:  SBMLCompFlatteningNewFlags
6:  SBMLCompFlatteningConverterStripPackage
6: 100%: Checks: 354, Failures: 0, Errors: 0
  6/184 Test   #6: test_comp_util_run .....................   Passed    6.69 sec
test 7
        Start   7: test_comp_validator_run

7: Test command: C:\Development\libsbml-64-packages\src\sbml\packages\comp\validator\test\Release\test_comp_validator.exe "C:/Development/libsbml-with-packages/src/sbml/packages/comp/validator/test"
7: Environment variables: 
7:  srcdir=C:/Development/libsbml-with-packages/src/sbml/packages/comp/validator/test
7: Test timeout computed to be: 3000
7: 
7: Validator testrunner
7: ====================
7: using test data from           : C:/Development/libsbml-with-packages/src/sbml/packages/comp/validator/test/test-data
7: 
7: Testing General XML Consistency Constraints (20000 - 29999).
7: 100%: Checks: 279, Failures: 0
7: Testing Id Consistency Constraints (10300 - 10399).
7: 100%: Checks: 14, Failures: 0
7: Testing Unit Consistency Constraints (10500 - 10599).
7: 100%: Checks: 20, Failures: 0
  7/184 Test   #7: test_comp_validator_run ................   Passed    1.46 sec
test 8
        Start   8: test_extension_package_distrib_run

8: Test command: C:\Development\libsbml-64-packages\src\sbml\packages\distrib\extension\test\Release\test_extension_package_distrib.exe
8: Environment variables: 
8:  srcdir=C:/Development/libsbml-with-packages/src/sbml/packages/distrib/extension/test
8: Test timeout computed to be: 3000
8: Running suite(s): DistribExtension
8:  WriteDistribExtension
8:  ReadDistribExtension
8: 100%: Checks: 12, Failures: 0, Errors: 0
  8/184 Test   #8: test_extension_package_distrib_run .....   Passed    0.77 sec
test 9
        Start   9: test_sbml_package_distrib_run

9: Test command: C:\Development\libsbml-64-packages\src\sbml\packages\distrib\sbml\test\Release\test_sbml_package_distrib.exe
9: Environment variables: 
9:  srcdir=C:/Development/libsbml-with-packages/src/sbml/packages/distrib/sbml/test
9: Test timeout computed to be: 3000
9: Running suite(s): TestUncertBound
9:  TestExternalParameters
9:  TestUncertStats
9:  TestIdName
9: 100%: Checks: 17, Failures: 0, Errors: 0
  9/184 Test   #9: test_sbml_package_distrib_run ..........   Passed    1.07 sec
test 10
        Start  10: test_distrib_validator_run

10: Test command: C:\Development\libsbml-64-packages\src\sbml\packages\distrib\validator\test\Release\test_distrib_validator.exe "C:/Development/libsbml-with-packages/src/sbml/packages/distrib/validator/test"
10: Environment variables: 
10:  srcdir=C:/Development/libsbml-with-packages/src/sbml/packages/distrib/validator/test
10: Test timeout computed to be: 3000
10: 
10: Validator testrunner
10: ====================
10: using test data from           : C:/Development/libsbml-with-packages/src/sbml/packages/distrib/validator/test/test-data
10: 
10: Testing General XML Consistency Constraints (20000 - 29999).
10: 100%: Checks: 5, Failures: 0
10: Testing Id Consistency Constraints (10300 - 10399).
10: 100%: Checks: 19, Failures: 0
 10/184 Test  #10: test_distrib_validator_run .............   Passed    0.99 sec
test 11
        Start  11: test_extension_package_dyn_run

11: Test command: C:\Development\libsbml-64-packages\src\sbml\packages\dyn\extension\test\Release\test_extension_package_dyn.exe
11: Environment variables: 
11:  srcdir=C:/Development/libsbml-with-packages/src/sbml/packages/dyn/extension/test
11: Test timeout computed to be: 3000
11: Running suite(s): DynExtension
11:  WriteDynExtension
11:  ReadDynExtension
11: 100%: Checks: 15, Failures: 0, Errors: 0
 11/184 Test  #11: test_extension_package_dyn_run .........   Passed    1.05 sec
test 12
        Start  12: test_sbml_package_fbc_run

12: Test command: C:\Development\libsbml-64-packages\src\sbml\packages\fbc\extension\test\Release\test_sbml_package_fbc.exe
12: Environment variables: 
12:  srcdir=C:/Development/libsbml-with-packages/src/sbml/packages/fbc/extension/test
12: Test timeout computed to be: 3000
12: Running suite(s): FbcExtension
12:  WriteFbcExtension
12:  ReadFbcExtension
12:  FbcAssociation
12: 100%: Checks: 36, Failures: 0, Errors: 0
 12/184 Test  #12: test_sbml_package_fbc_run ..............   Passed    1.19 sec
test 13
        Start  13: test_fbc_validator_run

13: Test command: C:\Development\libsbml-64-packages\src\sbml\packages\fbc\validator\test\Release\test_fbc_validator.exe "C:/Development/libsbml-with-packages/src/sbml/packages/fbc/validator/test"
13: Environment variables: 
13:  srcdir=C:/Development/libsbml-with-packages/src/sbml/packages/fbc/validator/test
13: Test timeout computed to be: 3000
13: 
13: Validator testrunner
13: ====================
13: using test data from           : C:/Development/libsbml-with-packages/src/sbml/packages/fbc/validator/test/test-data
13: 
13: Testing General XML Consistency Constraints (20000 - 29999).
13: 100%: Checks: 170, Failures: 0
13: Testing Id Consistency Constraints (10300 - 10399).
13: 100%: Checks: 11, Failures: 0
 13/184 Test  #13: test_fbc_validator_run .................   Passed    1.05 sec
test 14
        Start  14: test_extension_package_groups_run

14: Test command: C:\Development\libsbml-64-packages\src\sbml\packages\groups\extension\test\Release\test_extension_package_groups.exe
14: Environment variables: 
14:  srcdir=C:/Development/libsbml-with-packages/src/sbml/packages/groups/extension/test
14: Test timeout computed to be: 3000
14: Running suite(s): GroupsExtension
14:  WriteGroupsExtension
14:  ReadGroupsExtension
14:  GroupsModelPlugin
14: 100%: Checks: 25, Failures: 0, Errors: 0
 14/184 Test  #14: test_extension_package_groups_run ......   Passed    0.83 sec
test 15
        Start  15: test_groups_validator_run

15: Test command: C:\Development\libsbml-64-packages\src\sbml\packages\groups\validator\test\Release\test_groups_validator.exe "C:/Development/libsbml-with-packages/src/sbml/packages/groups/validator/test"
15: Environment variables: 
15:  srcdir=C:/Development/libsbml-with-packages/src/sbml/packages/groups/validator/test
15: Test timeout computed to be: 3000
15: 
15: Validator testrunner
15: ====================
15: using test data from           : C:/Development/libsbml-with-packages/src/sbml/packages/groups/validator/test/test-data
15: 
15: Testing General XML Consistency Constraints (20000 - 29999).
15: 100%: Checks: 95, Failures: 0
15: Testing Id Consistency Constraints (10300 - 10399).
15: 100%: Checks: 11, Failures: 0
 15/184 Test  #15: test_groups_validator_run ..............   Passed    0.80 sec
test 16
        Start  16: test_sbml_package_layout_run

16: Test command: C:\Development\libsbml-64-packages\src\sbml\packages\layout\sbml\test\Release\test_sbml_package_layout.exe
16: Environment variables: 
16:  srcdir=C:/Development/libsbml-with-packages/src/sbml/packages/layout/sbml/test
16: Test timeout computed to be: 3000
16: Running suite(s): Point
16:  Dimensions
16:  BoundingBox
16:  LineSegment
16:  CubicBezier
16:  Curve
16:  GraphicalObject
16:  CompartmentGlyph
16:  SpeciesGlyph
16:  ReactionGlyph
16:  GeneralGlyph
16:  ReferenceGlyph
16:  SpeciesReferenceGlyph
16:  TextGlyph
16:  Layout
16:  LayoutCreation
16:  LayoutFormatter
16:  SBMLHandler
16:  LayoutWriting
16: 100%: Checks: 288, Failures: 0, Errors: 0
 16/184 Test  #16: test_sbml_package_layout_run ...........   Passed    1.43 sec
test 17
        Start  17: test_layout_validator_run

17: Test command: C:\Development\libsbml-64-packages\src\sbml\packages\layout\validator\test\Release\test_layout_validator.exe "C:/Development/libsbml-with-packages/src/sbml/packages/layout/validator/test"
17: Environment variables: 
17:  srcdir=C:/Development/libsbml-with-packages/src/sbml/packages/layout/validator/test
17: Test timeout computed to be: 3000
17: 
17: Validator testrunner
17: ====================
17: using test data from           : C:/Development/libsbml-with-packages/src/sbml/packages/layout/validator/test/test-data
17: 
17: Testing General XML Consistency Constraints (20000 - 29999).
17: 100%: Checks: 223, Failures: 0
17: Testing Id Consistency Constraints (10300 - 10399).
17: 100%: Checks: 18, Failures: 0
 17/184 Test  #17: test_layout_validator_run ..............   Passed    1.86 sec
test 18
        Start  18: test_sbml_package_multi_run

18: Test command: C:\Development\libsbml-64-packages\src\sbml\packages\multi\extension\test\Release\test_sbml_package_multi.exe
18: Environment variables: 
18:  srcdir=C:/Development/libsbml-with-packages/src/sbml/packages/multi/extension/test
18: Test timeout computed to be: 3000
18: Running suite(s): MultiExtension
18:  MultiCheckConsistency
18:  MultiAST
18: 100%: Checks: 16, Failures: 0, Errors: 0
 18/184 Test  #18: test_sbml_package_multi_run ............   Passed    0.80 sec
test 19
        Start  19: test_multi_validator_run

19: Test command: C:\Development\libsbml-64-packages\src\sbml\packages\multi\validator\test\Release\test_multi_validator.exe "C:/Development/libsbml-with-packages/src/sbml/packages/multi/validator/test"
19: Environment variables: 
19:  srcdir=C:/Development/libsbml-with-packages/src/sbml/packages/multi/validator/test
19: Test timeout computed to be: 3000
19: 
19: Validator testrunner
19: ====================
19: using test data from           : C:/Development/libsbml-with-packages/src/sbml/packages/multi/validator/test/test-data
19: 
19: Testing MathML Consistency Constraints (10200 - 10299).
19: 100%: Checks: 5, Failures: 0
19: Testing General XML Consistency Constraints (20000 - 29999).
19: 100%: Checks: 123, Failures: 0
19: Testing Id Consistency Constraints (10300 - 10999).
19: 100%: Checks: 16, Failures: 0
 19/184 Test  #19: test_multi_validator_run ...............   Passed    0.87 sec
test 20
        Start  20: test_extension_package_qual_run

20: Test command: C:\Development\libsbml-64-packages\src\sbml\packages\qual\extension\test\Release\test_extension_package_qual.exe
20: Environment variables: 
20:  srcdir=C:/Development/libsbml-with-packages/src/sbml/packages/qual/extension/test
20: Test timeout computed to be: 3000
20: Running suite(s): QualExtension
20:  WriteQualExtension
20:  ReadQualExtension
20:  GetAllElements
20: 100%: Checks: 20, Failures: 0, Errors: 0
 20/184 Test  #20: test_extension_package_qual_run ........   Passed    0.97 sec
test 21
        Start  21: test_sbml_package_qual_run

21: Test command: C:\Development\libsbml-64-packages\src\sbml\packages\qual\sbml\test\Release\test_sbml_package_qual.exe
21: Environment variables: 
21:  srcdir=C:/Development/libsbml-with-packages/src/sbml/packages/qual/sbml/test
21: Test timeout computed to be: 3000
21: Running suite(s): Input
21:  Output
21:  FunctionTerm
21:  Transition
21:  QualitativeSpecies
21:  DefaultTerm
21:  ListOfFunctionTerms
21:  CopyAndClone
21: 100%: Checks: 73, Failures: 0, Errors: 0
 21/184 Test  #21: test_sbml_package_qual_run .............   Passed    1.10 sec
test 22
        Start  22: test_qual_validator_run

22: Test command: C:\Development\libsbml-64-packages\src\sbml\packages\qual\validator\test\Release\test_qual_validator.exe "C:/Development/libsbml-with-packages/src/sbml/packages/qual/validator/test"
22: Environment variables: 
22:  srcdir=C:/Development/libsbml-with-packages/src/sbml/packages/qual/validator/test
22: Test timeout computed to be: 3000
22: 
22: Validator testrunner
22: ====================
22: using test data from           : C:/Development/libsbml-with-packages/src/sbml/packages/qual/validator/test/test-data
22: 
22: Testing General XML Consistency Constraints (20000 - 29999).
22: 100%: Checks: 81, Failures: 0
22: Testing Id Consistency Constraints (10300 - 10399).
22: 100%: Checks: 4, Failures: 0
22: Testing Math Consistency Constraints (10200 - 10299).
22: 100%: Checks: 3, Failures: 0
 22/184 Test  #22: test_qual_validator_run ................   Passed    0.97 sec
test 23
        Start  23: test_sbml_package_render_run

23: Test command: C:\Development\libsbml-64-packages\src\sbml\packages\render\sbml\test\Release\test_sbml_package_render.exe
23: Environment variables: 
23:  srcdir=C:/Development/libsbml-with-packages/src/sbml/packages/render/sbml/test
23: Test timeout computed to be: 3000
23: Running suite(s): RenderExtension
23:  RelAbsVector
23:  ColorDefinition
23:  GradientStop
23:  RenderPoint
23:  RenderCubicBezier
23:  GradientBaseTest
23:  LinearGradient
23:  RadialGradient
23:  Transformation
23:  Transformation2D
23:  Image
23:  GraphicalPrimitive1D
23:  RenderCurve
23:  Text
23:  GraphicalPrimitive2D
23:  Rectangle
23:  Ellipse
23:  Polygon
23:  Group
23:  LineEnding
23:  Style
23:  GlobalStyle
23:  LocalStyle
23:  RenderInformationBase
23:  GlobalRenderInformation
23:  LocalRenderInformation
23:  RenderReading
23:  RenderWriting
23: 100%: Checks: 136, Failures: 0, Errors: 0
 23/184 Test  #23: test_sbml_package_render_run ...........   Passed    1.87 sec
test 24
        Start  24: test_render_validator_run

24: Test command: C:\Development\libsbml-64-packages\src\sbml\packages\render\validator\test\Release\test_render_validator.exe "C:/Development/libsbml-with-packages/src/sbml/packages/render/validator/test"
24: Environment variables: 
24:  srcdir=C:/Development/libsbml-with-packages/src/sbml/packages/render/validator/test
24: Test timeout computed to be: 3000
24: 
24: Validator testrunner
24: ====================
24: using test data from           : C:/Development/libsbml-with-packages/src/sbml/packages/render/validator/test/test-data
24: 
24: Testing General XML Consistency Constraints (20000 - 29999).
24: 100%: Checks: 111, Failures: 0
 24/184 Test  #24: test_render_validator_run ..............   Passed    0.83 sec
test 25
        Start  25: test_sbml_package_req_run

25: Test command: C:\Development\libsbml-64-packages\src\sbml\packages\req\extension\test\Release\test_sbml_package_req.exe
25: Environment variables: 
25:  srcdir=C:/Development/libsbml-with-packages/src/sbml/packages/req/extension/test
25: Test timeout computed to be: 3000
25: Running suite(s): ReqExtension
25:  WriteReqExtension
25:  ReadReqExtension
25: 100%: Checks: 14, Failures: 0, Errors: 0
 25/184 Test  #25: test_sbml_package_req_run ..............   Passed    0.88 sec
test 26
        Start  26: test_sbml_package_spatial_run

26: Test command: C:\Development\libsbml-64-packages\src\sbml\packages\spatial\extension\test\Release\test_sbml_package_spatial.exe
26: Environment variables: 
26:  srcdir=C:/Development/libsbml-with-packages/src/sbml/packages/spatial/extension/test
26: Test timeout computed to be: 3000
26: Running suite(s): SpatialExtension
26:  WriteSpatialExtension
26:  ReadSpatialExtension
26: 100%: Checks: 22, Failures: 0, Errors: 0
 26/184 Test  #26: test_sbml_package_spatial_run ..........   Passed    1.30 sec
test 27
        Start  27: test_sbml_objects_package_spatial

27: Test command: C:\Development\libsbml-64-packages\src\sbml\packages\spatial\sbml\test\Release\test_sbml_objects_package_spatial.exe
27: Environment variables: 
27:  srcdir=C:/Development/libsbml-with-packages/src/sbml/packages/spatial/sbml/test
27: Test timeout computed to be: 3000
27: Running suite(s): ParametricObject
27:  ParametricObject
27:  SampledField
27:  TransformationComponent
27:  CopyAndClone
27: 100%: Checks: 28, Failures: 0, Errors: 0
 27/184 Test  #27: test_sbml_objects_package_spatial ......   Passed    1.00 sec
test 28
        Start  28: test_spatial_validator_run

28: Test command: C:\Development\libsbml-64-packages\src\sbml\packages\spatial\validator\test\Release\test_spatial_validator.exe "C:/Development/libsbml-with-packages/src/sbml/packages/spatial/validator/test"
28: Environment variables: 
28:  srcdir=C:/Development/libsbml-with-packages/src/sbml/packages/spatial/validator/test
28: Test timeout computed to be: 3000
28: 
28: Validator testrunner
28: ====================
28: using test data from           : C:/Development/libsbml-with-packages/src/sbml/packages/spatial/validator/test/test-data
28: 
28: Testing General XML Consistency Constraints (20000 - 29999).
28: 100%: Checks: 179, Failures: 0
28: Testing Id Consistency Constraints (10300 - 10399).
28: 100%: Checks: 38, Failures: 0
 28/184 Test  #28: test_spatial_validator_run .............   Passed    1.50 sec
test 29
        Start  29: test_sbml_annotation_run

29: Test command: C:\Development\libsbml-64-packages\src\sbml\annotation\test\Release\test_sbml_annotation.exe
29: Environment variables: 
29:  srcdir=C:/Development/libsbml-with-packages/src/sbml/annotation/test
29: Test timeout computed to be: 3000
29: Running suite(s): CVTerms
29:  CVTerms_newSetters
29:  ModelHistory
29:  Date_newSetters
29:  ModelCreator_newSetters
29:  ModelHistory_newSetters
29:  CopyAndClone
29:  RDFAnnotation
29:  RDFAnnotation2
29:  Validation
29:  RDFAnnotation_C
29:  L3ModelHistory
29:  SyncAnnotation
29:  RDFAnnotationMetaid
29:  RDFAnnotationNestedCVTerm
29:  RDFAnnotationV4
29: 100%: Checks: 180, Failures: 0, Errors: 0
 29/184 Test  #29: test_sbml_annotation_run ...............   Passed    1.25 sec
test 30
        Start  30: test_sbml_conversion_run

30: Test command: C:\Development\libsbml-64-packages\src\sbml\conversion\test\Release\test_sbml_conversion.exe
30: Environment variables: 
30:  srcdir=C:/Development/libsbml-with-packages/src/sbml/conversion/test
30: Test timeout computed to be: 3000
30: Running suite(s): ConversionOption
30:  SBMLRuleConverter
30:  ConversionProperties
30:  SBMLConverterRegistry
30:  UnitsConverter
30:  UnitsConverter2
30:  UnitsConverterL2
30:  InferUnitsConverter
30:  StripPackageConverter
30:  LevelVersionConverter
30:  RateOfConverter
30: 100%: Checks: 170, Failures: 0, Errors: 0
 30/184 Test  #30: test_sbml_conversion_run ...............   Passed    1.37 sec
test 31
        Start  31: test_sbml_extension_run

31: Test command: C:\Development\libsbml-64-packages\src\sbml\extension\test\Release\test_sbml_extension.exe
31: Environment variables: 
31:  srcdir=C:/Development/libsbml-with-packages/src/sbml/extension/test
31: Test timeout computed to be: 3000
31: Running suite(s): SBaseExtensionPoint
31:  SBasePlugin
31:  SBasePluginCreator
31:  SBasePluginCreatorBase
31:  SBMLDocumentPlugin
31:  SBMLExtension
31:  SBMLExtensionNamespaces
31:  SBMLExtensionRegistry
31:  TestUnknownPackages
31: 100%: Checks: 30, Failures: 0, Errors: 0
 31/184 Test  #31: test_sbml_extension_run ................   Passed    0.90 sec
test 32
        Start  32: test_sbml_math_run

32: Test command: C:\Development\libsbml-64-packages\src\sbml\math\test\Release\test_sbml_math.exe
32: Environment variables: 
32:  srcdir=C:/Development/libsbml-with-packages/src/sbml/math/test
32: Test timeout computed to be: 3000
32: Running suite(s): ASTNode
32:  FormulaFormatter
32:  FormulaParser
32:  L3FormulaFormatter
32:  L3FormulaParser
32:  L3FormulaParserC
32:  FormulaTokenizer
32:  ReadMathML
32:  NewReadMathML
32:  WriteMathML
32:  WriteMathMLFromAST
32:  NewWriteMathMLFromAST
32:  test-data/mathML_1.xml
32:  test-data/mathML_2.xml
32:  TestValidASTNode
32:  NewASTNode
32:  TestChildFunctions
32:  TestGetValue
32: 100%: Checks: 1035, Failures: 0, Errors: 0
 32/184 Test  #32: test_sbml_math_run .....................   Passed    2.48 sec
test 33
        Start  33: test_sbml_sbml_run

33: Test command: C:\Development\libsbml-64-packages\src\sbml\test\Release\test_sbml_sbml.exe
33: Environment variables: 
33:  srcdir=C:/Development/libsbml-with-packages/src/sbml/test
33: Test timeout computed to be: 3000
33: Running suite(s): ReadSBML
33:  SBMLValidator API
33:  RenameIDs
33:  RemoveFromParent
33:  GetMultipleObjects
33:  WriteSBML
33:  WriteL3SBML
33:  WriteL3V2SBML
33:  AlgebraicRule
33:  AssignmentRule
33:  Compartment
33:  L3_Compartment
33:  Compartment_newSetters
33:  CompartmentType
33:  CompartmentType_newSetters
33:  CompartmentVolumeRule
33:  Constraint
33:  Constraint_newSetters
33:  Delay
33:  Event
33:  L3_Event
33:  Event_newSetters
33:  EventAssignment
33:  EventAssignment_newSetters
33:  FunctionDefinition
33:  FunctionDefinition_newSetters
33:  InitialAssignment
33:  InitialAssignment_newSetters
33:  KineticLaw
33:  KineticLaw_newSetters
33:  L3_KineticLaw
33:  ListOf
33:  Model
33:  L3_Model
33:  Model_newSetters
33:  ModifierSpeciesReference
33:  Parameter
33:  L3_Parameter
33:  L3_LocalParameter
33:  Parameter_newSetters
33:  ParameterRule
33:  Priority
33:  RateRule
33:  Reaction
33:  L3_Reaction
33:  Reaction_newSetters
33:  Rule
33:  Rule_newSetters
33:  SBase
33:  SBase_newSetters
33:  Species
33:  L3_Species
33:  Species_newSetters
33:  SpeciesReference
33:  L3_SpeciesReference
33:  SpeciesReference_newSetters
33:  SpeciesConcentrationRule
33:  SpeciesType
33:  SpeciesType_newSetters
33:  StoichiometryMath
33:  Trigger
33:  L3Trigger
33:  Unit
33:  L3_Unit
33:  Unit_newSetters
33:  UnitDefinition
33:  UnitDefinition_newSetters
33:  UnitKind
33:  CopyAndClone
33:  SBMLConvert
33:  SBMLConvertStrict
33:  SBMLConvertFromL3V2
33:  SBMLDocument
33:  SBMLError
33:  test-data/l1v1-branch.xml
33:  test-data/l1v1-units.xml
33:  test-data/l1v1-rules.xml
33:  test-data/l1v1-minimal.xml
33:  test-data/l2v1-assignment.xml
33:  test-data/l2v2-newComponents.xml
33:  test-data/l2v3-all.xml
33:  test-data/l2v4-new.xml
33:  test-data/l3v1-new.xml
33:  test-data/l2v5-all.xml
33:  test-data/l3v2-all.xml
33:  test-data/l3v2-no-model.xml
33:  test-data/l3v2-empty-lo-1.xml
33:  test-data/l3v2-empty-lo-2.xml
33:  test-data/l3v2-empty-math.xml
33:  test-data/l3v2-empty-event.xml
33:  test-data/l3v2-empty-event2.xml
33:  ConsistencyChecks
33:  ParentObject
33:  AncestorObject
33:  InternalConsistencyChecks
33:  HasReqdAtt
33:  HasReqdElements
33:  SBMLNamespaces
33:  SyntaxChecker
33:  SBMLConstructorException
33:  SBMLTransforms
33:  GetMultipleObjects
33:  LevelCompatibility
33:  SBaseIdName
33:  Generic Attribute Functions
33: 100%: Checks: 1730, Failures: 0, Errors: 0
 33/184 Test  #33: test_sbml_sbml_run .....................   Passed    4.35 sec
test 34
        Start  34: test_sbml_units_run

34: Test command: C:\Development\libsbml-64-packages\src\sbml\units\test\Release\test_sbml_units.exe
34: Environment variables: 
34:  srcdir=C:/Development/libsbml-with-packages/src/sbml/units/test
34: Test timeout computed to be: 3000
34: Running suite(s): UtilsUnit
34:  UtilsUnitDefinition
34:  UnitFormulaFormatter
34:  UnitFormulaFormatter1
34:  FormulaUnitData
34:  FormulaUnitDataMap
34:  DerivedUnitDefinition
34:  UnitFormulaFormatter2
34:  CalcUnitDefinition
34:  UnitFormulaFormatter3
34:  DerivedUnitDefinitionUndefined
34: 100%: Checks: 173, Failures: 0, Errors: 0
 34/184 Test  #34: test_sbml_units_run ....................   Passed    2.29 sec
test 35
        Start  35: test_sbml_util_run

35: Test command: C:\Development\libsbml-64-packages\src\sbml\util\test\Release\test_sbml_util.exe
35: Test timeout computed to be: 3000
35: Running suite(s): memory
35:  util
35:  List
35:  Stack
35:  StringBuffer
35: 100%: Checks: 57, Failures: 0, Errors: 0
 35/184 Test  #35: test_sbml_util_run .....................   Passed    0.48 sec
test 36
        Start  36: test_sbml_validator_run

36: Test command: C:\Development\libsbml-64-packages\src\sbml\validator\test\Release\test_sbml_validator.exe "C:/Development/libsbml-with-packages/src/sbml/validator/test"
36: Test timeout computed to be: 3000
36: 
36: Validator testrunner
36: ====================
36: using test data from           : C:/Development/libsbml-with-packages/src/sbml/validator/test/test-data
36: using conversion test data from: C:/Development/libsbml-with-packages/src/sbml/validator/test/test-data-conversion
36: 
36: Testing Bad XML Constraints (0000 - 10000).
36: 100%: Checks: 55, Failures: 0
36: Testing General XML Consistency Constraints (10000 - 10199).
36: 100%: Checks: 195, Failures: 0
36: Testing General MathML Consistency Constraints (10200 - 10299).
36: 100%: Checks: 512, Failures: 0
36: Testing Id Consistency Constraints (10300 - 10399).
36: 100%: Checks: 509, Failures: 0
36: Testing General Annotation Consistency Constraints (10400 - 10499).
36: 100%: Checks: 65, Failures: 0
36: Testing Unit Consistency Constraints (10500 - 10599).
36: 100%: Checks: 1177, Failures: 0
36: Testing Unit Consistency Constraints (20000 - 29999).
36: 100%: Checks: 362, Failures: 0
36: Testing Overdetermined Constraints (10600 - 10699).
36: 100%: Checks: 31, Failures: 0
36: Testing SBO Consistency Constraints (10700 - 10799).
36: 100%: Checks: 206, Failures: 0
36: Testing General Notes Consistency Constraints (10800 - 19999).
36: 100%: Checks: 92, Failures: 0
36: Testing Model Consistency Constraints (20000 - 29999).
36: 100%: Checks: 2290, Failures: 0
36: Testing L1 Compatibility Constraints (91000 - 91999).
36: 100%: Checks: 91, Failures: 0
36: Testing L2v1 Compatibility Constraints (92000 - 92999).
36: 100%: Checks: 38, Failures: 0
36: Testing L2v2 Compatibility Constraints (93000 - 93999).
36: 100%: Checks: 23, Failures: 0
36: Testing L2v3 Compatibility Constraints (94000 - 94999).
36: 100%: Checks: 22, Failures: 0
36: Testing L2v4 Compatibility Constraints (95000 - 95999).
36: 100%: Checks: 21, Failures: 0
36: Testing L3v1 Compatibility Constraints (96000 - 96999).
36: 100%: Checks: 31, Failures: 0
36: Testing L1 for New Compatibility Constraints (98000 - 98999).
36: 100%: Checks: 39, Failures: 0
36: Testing L2v1 for New Compatibility Constraints (98000 - 98999).
36: 100%: Checks: 39, Failures: 0
36: Testing L2v2 for New Compatibility Constraints (98000 - 98999).
36: 100%: Checks: 39, Failures: 0
36: Testing L2v3 for New Compatibility Constraints (98000 - 98999).
36: 100%: Checks: 39, Failures: 0
36: Testing L3v1 for New Compatibility Constraints (98000 - 98999).
36: 100%: Checks: 39, Failures: 0
36: Testing New Compatibility Constraints (98000 - 98999).
36: 100%: Checks: 39, Failures: 0
36: Testing Additional SBML Constraints (99100 - 99108).
36: 100%: Checks: 31, Failures: 0
36: Testing Additional SBML Constraints (99129 - 99199).
36: 100%: Checks: 56, Failures: 0
36: Testing Additional Math Constraints (99200 - 99299).
36: 100%: Checks: 144, Failures: 0
36: Testing Additional SBML Constraints (99300 - 99399).
36: 100%: Checks: 10, Failures: 0
36: Testing Additional Annotation Constraints (99400 - 99499).
36: 100%: Checks: 28, Failures: 0
36: Testing Additional Unit Constraints (99127 - 99128).
36: 100%: Checks: 36, Failures: 0
36: Testing Additional Unit Constraints (99500 - 99599).
36: 100%: Checks: 174, Failures: 0
36: Testing Additional SBO Constraints (99700 - 99799).
36: 100%: Checks: 30, Failures: 0
36: Testing Modeling Practice Constraints (80000 - 89999).
36: 100%: Checks: 56, Failures: 0
 36/184 Test  #36: test_sbml_validator_run ................   Passed    8.72 sec
test 37
        Start  37: test_sbml_xml_run

37: Test command: C:\Development\libsbml-64-packages\src\sbml\xml\test\Release\test_sbml_xml.exe
37: Test timeout computed to be: 3000
37: Running suite(s): XMLAttributes
37:  CopyAndClone
37:  XMLNamespaces
37:  XMLTriple
37:  XMLToken
37:  XMLToken_newSetters
37:  XMLNode
37:  XMLNode_newSetters
37:  XMLError
37:  XMLErrorC
37:  XMLErrorLog
37:  XMLInputStream
37:  XMLOutputStream
37: <!-- Created by foo version bar on 2018-09-03 03:19 with libSBML version 5.17.1. -->
37:  XMLAttributesC
37:  XMLExceptions
37: 100%: Checks: 129, Failures: 0, Errors: 0
 37/184 Test  #37: test_sbml_xml_run ......................   Passed    0.86 sec
test 38
        Start  38: test_csharp_bindings

38: Test command: C:\Development\libsbml-64-packages\src\bindings\csharp\TestRW.exe "C:/Development/libsbml-with-packages/examples/sample-models/from-spec/level-2/" "-p" "C:/Development/libsbml-64-packages/src/bindings/csharp/Release"
38: Test timeout computed to be: 3000
38: 
38: Unhandled Exception: System.IO.FileNotFoundException: Could not load file or assembly 'libsbmlcsP, Version=5.17.1.0, Culture=neutral, PublicKeyToken=null' or one of its dependencies. The system cannot find the file specified.
38: File name: 'libsbmlcsP, Version=5.17.1.0, Culture=neutral, PublicKeyToken=null'
38:    at TestLibSBMLCSharp.ReadAndWriteSBML.Main(String[] args)
38: 
38: WRN: Assembly binding logging is turned OFF.
38: To enable assembly bind failure logging, set the registry value [HKLM\Software\Microsoft\Fusion!EnableLog] (DWORD) to 1.
38: Note: There is some performance penalty associated with assembly bind failure logging.
38: To turn this feature off, remove the registry value [HKLM\Software\Microsoft\Fusion!EnableLog].
38: 
 38/184 Test  #38: test_csharp_bindings ...................***Failed    8.49 sec
test 39
        Start  39: test_csharp_bindings_full

39: Test command: C:\Development\libsbml-64-packages\src\bindings\csharp\TestRunner.exe "-d" "C:/Development/libsbml-with-packages/src/sbml/test/test-data" "-l" "C:/Development/libsbml-64-packages/src/bindings/csharp/libsbmlcsP.dll" "-w" "C:/Development/libsbml-with-packages/src/bindings/csharp" "-p" "C:/Development/libsbml-64-packages/src/bindings/csharp/Release"
39: Test timeout computed to be: 3000
39: LibSBML C# Testrunner
39: =====================
39: Usage: TestRunner
39: 
39: 	 -t | --tests <Directory containing generated test files>
39: 	 -d | --data <Directory containing test-data>
39: 	 -l | --lib  <Full path to libsbml C# bindings to be used>
39: 	 -a | --additional-tests  <space separated list of additional directories>
39: 	 -w | --working-dir   <directory to change into before running tests.>
39: 	 -p | --path   <directory add to the path.>
39: 
39: For backwards compatibility it is also possible to invoke the testrunner
39: with only the test data directory, in which case tests compiled into the
39: testrunner will be executed. Or it could be invoked with three arguments
39: 1. the test directory, 2. the test data directory, 3. the library to use.
39: 
 39/184 Test  #39: test_csharp_bindings_full ..............***Failed  Required regular expression not found.Regex=[failures 0
]  0.20 sec
test 40
        Start  40: test_java_binding

40: Test command: "C:\Program Files\Java\jdk1.7.0_05\bin\java.exe" "-Xss8m" "-Djava.library.path=C:/Development/libsbml-64-packages/src/bindings/java/Release" "-cp" "C:\Development\libsbml-64-packages\src\bindings\java\libsbmlj.jar;C:\Development\libsbml-64-packages\src\bindings\java;C:\Development\libsbml-64-packages\src\bindings\java\test" "AutoTestRunner"
40: Test timeout computed to be: 3000
40: ...................................................................................................................................................................................................................................................................................................................................................................................................................................................................................................................................................................................................................................
 40/184 Test  #40: test_java_binding ......................   Passed    1.21 sec
test 41
        Start  41: test_java_printversion

41: Test command: "C:\Program Files\Java\jdk1.7.0_05\bin\java.exe" "-Xss8m" "-Djava.library.path=C:/Development/libsbml-64-packages/src/bindings/java/Release" "-cp" "C:\Development\libsbml-64-packages\src\bindings\java\libsbmlj.jar;C:\Development\libsbml-64-packages\src\bindings\java;C:\Development\libsbml-64-packages\src\bindings\java\test" "TestPrintVersion" "5.17.1"
41: Test timeout computed to be: 3000
41: .
 41/184 Test  #41: test_java_printversion .................   Passed    0.20 sec
test 42
        Start  42: test_perl_binding

42: Test command: C:\Perl64_516\bin\perl.exe "-IC:/Development/libsbml-64-packages/src/bindings/perl" "-IC:/Development/libsbml-64-packages/src/bindings/perl/Release" "-MExtUtils::Command::MM" "-e" "test_harness(0)" "C:/Development/libsbml-with-packages/src/bindings/perl/t/*.t"
42: Test timeout computed to be: 3000
42: C:/Development/libsbml-with-packages/src/bindings/perl/t/01__LoadModule.t ................ ok
42: C:/Development/libsbml-with-packages/src/bindings/perl/t/02__CreateDocument.t ............ ok
42: C:/Development/libsbml-with-packages/src/bindings/perl/t/02__ReadFromFile.t .............. ok
42: C:/Development/libsbml-with-packages/src/bindings/perl/t/02__ReadFromFileL3.t ............ ok
42: C:/Development/libsbml-with-packages/src/bindings/perl/t/02__WriteToFile.t ............... ok
42: C:/Development/libsbml-with-packages/src/bindings/perl/t/02__WriteToFileL3.t ............. ok
42: C:/Development/libsbml-with-packages/src/bindings/perl/t/03__ChangeValues.t .............. ok
42: C:/Development/libsbml-with-packages/src/bindings/perl/t/03__DowncastRule.t .............. ok
42: C:/Development/libsbml-with-packages/src/bindings/perl/t/03__DowncastSBase.t ............. ok
42: C:/Development/libsbml-with-packages/src/bindings/perl/t/03__DowncastSBaseL3.t ........... ok
42: C:/Development/libsbml-with-packages/src/bindings/perl/t/04__ListOf.t .................... ok
42: C:/Development/libsbml-with-packages/src/bindings/perl/t/04__ListOfL3.t .................. ok
42: C:/Development/libsbml-with-packages/src/bindings/perl/t/05__AlgebraicRule.t ............. ok
42: C:/Development/libsbml-with-packages/src/bindings/perl/t/05__AssignmentRule.t ............ ok
42: C:/Development/libsbml-with-packages/src/bindings/perl/t/05__AssignmentRuleL3.t .......... ok
42: C:/Development/libsbml-with-packages/src/bindings/perl/t/05__Compartment.t ............... ok
42: C:/Development/libsbml-with-packages/src/bindings/perl/t/05__CompartmentL3.t ............. ok
42: C:/Development/libsbml-with-packages/src/bindings/perl/t/05__CompartmentVolumeRule.t ..... ok
42: C:/Development/libsbml-with-packages/src/bindings/perl/t/05__Event.t ..................... ok
42: C:/Development/libsbml-with-packages/src/bindings/perl/t/05__EventAssignment.t ........... ok
42: C:/Development/libsbml-with-packages/src/bindings/perl/t/05__EventL3.t ................... ok
42: C:/Development/libsbml-with-packages/src/bindings/perl/t/05__Formula.t ................... ok
42: C:/Development/libsbml-with-packages/src/bindings/perl/t/05__FunctionDefinition.t ........ ok
42: C:/Development/libsbml-with-packages/src/bindings/perl/t/05__KineticLaw.t ................ ok
42: C:/Development/libsbml-with-packages/src/bindings/perl/t/05__KineticLawL3.t .............. ok
42: C:/Development/libsbml-with-packages/src/bindings/perl/t/05__Model.t ..................... ok
42: C:/Development/libsbml-with-packages/src/bindings/perl/t/05__ModelL3.t ................... ok
42: C:/Development/libsbml-with-packages/src/bindings/perl/t/05__ModifierSpeciesReference.t .. ok
42: C:/Development/libsbml-with-packages/src/bindings/perl/t/05__Parameter.t ................. ok
42: C:/Development/libsbml-with-packages/src/bindings/perl/t/05__ParameterL3.t ............... ok
42: C:/Development/libsbml-with-packages/src/bindings/perl/t/05__ParameterRule.t ............. ok
42: C:/Development/libsbml-with-packages/src/bindings/perl/t/05__RateRule.t .................. ok
42: C:/Development/libsbml-with-packages/src/bindings/perl/t/05__SBMLDocument.t .............. ok
42: C:/Development/libsbml-with-packages/src/bindings/perl/t/05__SBMLDocumentVerbose.t ....... ok
42: C:/Development/libsbml-with-packages/src/bindings/perl/t/06__TestReadSBML.t .............. ok
42: C:/Development/libsbml-with-packages/src/bindings/perl/t/06__TestReadSBMLL3.t ............ ok
42: C:/Development/libsbml-with-packages/src/bindings/perl/t/06__TestWriteSBML.t ............. ok
42: C:/Development/libsbml-with-packages/src/bindings/perl/t/06__TestWriteSBMLL3.t ........... ok
42: C:/Development/libsbml-with-packages/src/bindings/perl/t/07__TestCVTerms.t ............... ok
42: C:/Development/libsbml-with-packages/src/bindings/perl/t/07__TestModelHistory.t .......... ok
42: C:/Development/libsbml-with-packages/src/bindings/perl/t/07__TestRDFAnnotation2.t ........ ok
42: All tests successful.
42: Files=41, Tests=3364, 15 wallclock secs ( 0.52 usr +  0.11 sys =  0.62 CPU)
42: Result: PASS
 42/184 Test  #42: test_perl_binding ......................   Passed   15.27 sec
test 43
        Start  43: test_matlab_binding

43: Test command: "C:\Program Files\MATLAB\R2011b\bin\matlab.bat" "-nosplash" "-nodesktop" "-memmgr" "debug" "-logfile" "runTests.log" "-r" "runTests;quit;"
43: Test timeout computed to be: 3000
43: CAUTION: MATLAB.BAT will be obsoleted soon. Please change links and scripts to use bin\MATLAB.EXE
 43/184 Test  #43: test_matlab_binding ....................   Passed    0.22 sec
test 44
        Start  44: test_python_binding

44: Test command: C:\Python64\Python27\python.exe "C:/Development/libsbml-64-packages/src/bindings/python/test.py" "-p" "C:/Development/libsbml-64-packages/src/bindings/python/Release" "-b" "C:/Development/libsbml-with-packages/src/bindings/python/test"
44: Test timeout computed to be: 3000
44: ......................................................................................................................................................................................................................................................................................................................................................................................................................................................................................................................................................................................................................................................................................................................................................................................................................................................................................................................................................................................................................................................................................................................................................................................................................................................................................................................................................................................................................................................................................................<!-- Created by foo version bar on 2018-09-03 03:20 with libSBML version 5.17.1. -->
44: .....................................................................................................................................................................................................................................................................................................................................................................................
44: ----------------------------------------------------------------------
44: Ran 1819 tests in 0.625s
44: 
44: OK
 44/184 Test  #44: test_python_binding ....................   Passed    4.67 sec
test 45
        Start  45: test_python_printversion

45: Test command: C:\Python64\Python27\python.exe "-c" "import libsbml; assert libsbml.getLibSBMLDottedVersion() == '5.17.1'" "-p" "C:/Development/libsbml-64-packages/src/bindings/python/Release" "-b" "C:/Development/libsbml-with-packages/src/bindings/python/test"
45: Environment variables: 
45:  PYTHONPATH=C:/Development/libsbml-64-packages/src/bindings/python;C:/Development/libsbml-64-packages/src/bindings/python/Release;
45: Test timeout computed to be: 3000
 45/184 Test  #45: test_python_printversion ...............   Passed    0.33 sec
test 46
        Start  46: test_python_addCVTerms

46: Test command: C:\Python64\Python27\python.exe "C:/Development/libsbml-with-packages/examples/python/addCVTerms.py" "C:/Development/libsbml-with-packages/examples/sample-models/from-spec/level-3/enzymekinetics.xml" "addCVTerms.out.xml"
46: Environment variables: 
46:  PYTHONPATH=C:/Development/libsbml-64-packages/src/bindings/python;C:/Development/libsbml-64-packages/src/bindings/python/Release;
46: Test timeout computed to be: 3000
 46/184 Test  #46: test_python_addCVTerms .................   Passed    0.38 sec
test 47
        Start  47: test_python_addingEvidenceCodes_1

47: Test command: C:\Python64\Python27\python.exe "C:/Development/libsbml-with-packages/examples/python/addingEvidenceCodes_1.py" "C:/Development/libsbml-with-packages/examples/sample-models/from-spec/level-3/enzymekinetics.xml" "addingEvidenceCodes_1.out.xml"
47: Environment variables: 
47:  PYTHONPATH=C:/Development/libsbml-64-packages/src/bindings/python;C:/Development/libsbml-64-packages/src/bindings/python/Release;
47: Test timeout computed to be: 3000
 47/184 Test  #47: test_python_addingEvidenceCodes_1 ......   Passed    0.35 sec
test 48
        Start  48: test_python_addingEvidenceCodes_2

48: Test command: C:\Python64\Python27\python.exe "C:/Development/libsbml-with-packages/examples/python/addingEvidenceCodes_2.py" "C:/Development/libsbml-with-packages/examples/sample-models/from-spec/level-3/enzymekinetics.xml" "addingEvidenceCodes_2.out.xml"
48: Environment variables: 
48:  PYTHONPATH=C:/Development/libsbml-64-packages/src/bindings/python;C:/Development/libsbml-64-packages/src/bindings/python/Release;
48: Test timeout computed to be: 3000
 48/184 Test  #48: test_python_addingEvidenceCodes_2 ......   Passed    0.38 sec
test 49
        Start  49: test_python_addModelHistory

49: Test command: C:\Python64\Python27\python.exe "C:/Development/libsbml-with-packages/examples/python/addModelHistory.py" "C:/Development/libsbml-with-packages/examples/sample-models/from-spec/level-3/enzymekinetics.xml" "addModelHistory.out.xml"
49: Environment variables: 
49:  PYTHONPATH=C:/Development/libsbml-64-packages/src/bindings/python;C:/Development/libsbml-64-packages/src/bindings/python/Release;
49: Test timeout computed to be: 3000
49: Status for addCreator: succeeded
49: Set created date:      succeeded
49: Set modified date:     succeeded
49: Set model history:     unknown
 49/184 Test  #49: test_python_addModelHistory ............   Passed    0.35 sec
test 50
        Start  50: test_python_append_to_note

50: Test command: C:\Python64\Python27\python.exe "C:/Development/libsbml-with-packages/examples/python/append_to_note.py" "C:/Development/libsbml-with-packages/examples/sample-models/from-spec/level-3/enzymekineticext.xml" "veq" "a new note" "append_to_note.out.xml"
50: Environment variables: 
50:  PYTHONPATH=C:/Development/libsbml-64-packages/src/bindings/python;C:/Development/libsbml-64-packages/src/bindings/python/Release;
50: Test timeout computed to be: 3000
50: Body before change: 
50: <body xmlns="http://www.w3.org/1999/xhtml">
50:   <p xmlns="http://www.w3.org/1999/xhtml">Some notes</p>
50: </body>
50: 
50: Body after change: 
50: <body xmlns="http://www.w3.org/1999/xhtml">
50:   <p xmlns="http://www.w3.org/1999/xhtml">Some notes</p>a new note</body>
 50/184 Test  #50: test_python_append_to_note .............   Passed    0.34 sec
test 51
        Start  51: test_python_appendAnnotation

51: Test command: C:\Python64\Python27\python.exe "C:/Development/libsbml-with-packages/examples/python/appendAnnotation.py" "C:/Development/libsbml-with-packages/examples/sample-models/from-spec/level-3/enzymekinetics.xml" "appendAnnotation.out.xml"
51: Environment variables: 
51:  PYTHONPATH=C:/Development/libsbml-64-packages/src/bindings/python;C:/Development/libsbml-64-packages/src/bindings/python/Release;
51: Test timeout computed to be: 3000
 51/184 Test  #51: test_python_appendAnnotation ...........   Passed    0.34 sec
test 52
        Start  52: test_python_convertSBML

52: Test command: C:\Python64\Python27\python.exe "C:/Development/libsbml-with-packages/examples/python/convertSBML.py" "C:/Development/libsbml-with-packages/examples/sample-models/from-spec/level-3/enzymekinetics.xml" "convertSBML.out.xml"
52: Environment variables: 
52:  PYTHONPATH=C:/Development/libsbml-64-packages/src/bindings/python;C:/Development/libsbml-64-packages/src/bindings/python/Release;
52: Test timeout computed to be: 3000
52: Attempting to convert Level 3 Version 1 model to Level 3 Version 2.
52: 
52: Conversion completed.
52: 
 52/184 Test  #52: test_python_convertSBML ................   Passed    0.37 sec
test 53
        Start  53: test_python_createExampleSBML

53: Test command: C:\Python64\Python27\python.exe "C:/Development/libsbml-with-packages/examples/python/createExampleSBML.py" "C:/Development/libsbml-with-packages/examples/sample-models/from-spec/level-3/enzymekinetics.xml" "createExampleSBMLy.out.xml"
53: Environment variables: 
53:  PYTHONPATH=C:/Development/libsbml-64-packages/src/bindings/python;C:/Development/libsbml-64-packages/src/bindings/python/Release;
53: Test timeout computed to be: 3000
53: line 1: (99505 [Warning]) In situations where a mathematical expression contains literal numbers or parameters whose units have not been declared, it is not possible to verify accurately the consistency of the units in the expression. 
53:  The units of the <kineticLaw> <math> expression 'f(S1) * compartmentOne / t' cannot be fully checked. Unit consistency reported as either no errors or further unit errors related to this object may not be accurate.
53: 
53: Wrote file 'enzymaticreaction.xml'
53: Wrote file 'units.xml'
53: 
53: Notice: encountered 1 validation warning in model 'functionExample'.
53: 
53: Wrote file 'functiondef.xml'
 53/184 Test  #53: test_python_createExampleSBML ..........   Passed    0.37 sec
test 54
        Start  54: test_python_createSimpleModel

54: Test command: C:\Python64\Python27\python.exe "C:/Development/libsbml-with-packages/examples/python/createSimpleModel.py" "C:/Development/libsbml-with-packages/examples/sample-models/from-spec/level-3/enzymekinetics.xml" "createSimpleModel.out.xml"
54: Environment variables: 
54:  PYTHONPATH=C:/Development/libsbml-64-packages/src/bindings/python;C:/Development/libsbml-64-packages/src/bindings/python/Release;
54: Test timeout computed to be: 3000
54: <?xml version="1.0" encoding="UTF-8"?>
54: <sbml xmlns="http://www.sbml.org/sbml/level3/version1/core" level="3" version="1">
54:   <model substanceUnits="mole" timeUnits="second" extentUnits="mole">
54:     <listOfUnitDefinitions>
54:       <unitDefinition id="per_second">
54:         <listOfUnits>
54:           <unit kind="second" exponent="-1" scale="0" multiplier="1"/>
54:         </listOfUnits>
54:       </unitDefinition>
54:     </listOfUnitDefinitions>
54:     <listOfCompartments>
54:       <compartment id="c1" spatialDimensions="3" size="1" units="litre" constant="true"/>
54:     </listOfCompartments>
54:     <listOfSpecies>
54:       <species id="s1" compartment="c1" initialAmount="5" substanceUnits="mole" hasOnlySubstanceUnits="false" boundaryCondition="false" constant="false"/>
54:       <species id="s2" compartment="c1" initialAmount="0" substanceUnits="mole" hasOnlySubstanceUnits="false" boundaryCondition="false" constant="false"/>
54:     </listOfSpecies>
54:     <listOfParameters>
54:       <parameter id="k" value="1" units="per_second" constant="true"/>
54:     </listOfParameters>
54:     <listOfReactions>
54:       <reaction id="r1" reversible="false" fast="false">
54:         <listOfReactants>
54:           <speciesReference species="s1" constant="true"/>
54:         </listOfReactants>
54:         <listOfProducts>
54:           <speciesReference species="s2" constant="true"/>
54:         </listOfProducts>
54:         <kineticLaw>
54:           <math xmlns="http://www.w3.org/1998/Math/MathML">
54:             <apply>
54:               <times/>
54:               <ci> k </ci>
54:               <ci> s1 </ci>
54:               <ci> c1 </ci>
54:             </apply>
54:           </math>
54:         </kineticLaw>
54:       </reaction>
54:     </listOfReactions>
54:   </model>
54: </sbml>
54: 
 54/184 Test  #54: test_python_createSimpleModel ..........   Passed    0.36 sec
test 55
        Start  55: test_python_echoSBML

55: Test command: C:\Python64\Python27\python.exe "C:/Development/libsbml-with-packages/examples/python/echoSBML.py" "C:/Development/libsbml-with-packages/examples/sample-models/from-spec/level-3/enzymekinetics.xml" "echoSBML.out.xml"
55: Environment variables: 
55:  PYTHONPATH=C:/Development/libsbml-64-packages/src/bindings/python;C:/Development/libsbml-64-packages/src/bindings/python/Release;
55: Test timeout computed to be: 3000
55: [OK] Echoed C:/Development/libsbml-with-packages/examples/sample-models/from-spec/level-3/enzymekinetics.xml to echoSBML.out.xml
 55/184 Test  #55: test_python_echoSBML ...................   Passed    0.34 sec
test 56
        Start  56: test_python_evaluateCustomMath

56: Test command: C:\Python64\Python27\python.exe "C:/Development/libsbml-with-packages/examples/python/evaluateCustomMath.py" "2*3+4" "C:/Development/libsbml-with-packages/examples/sample-models/from-spec/level-3/enzymekinetics.xml"
56: Environment variables: 
56:  PYTHONPATH=C:/Development/libsbml-64-packages/src/bindings/python;C:/Development/libsbml-64-packages/src/bindings/python/Release;
56: Test timeout computed to be: 3000
56: 2*3+4 = 10.0
 56/184 Test  #56: test_python_evaluateCustomMath .........   Passed    0.33 sec
test 57
        Start  57: test_python_getAllElementsWithNotes

57: Test command: C:\Python64\Python27\python.exe "C:/Development/libsbml-with-packages/examples/python/getAllElementsWithNotes.py" "C:/Development/libsbml-with-packages/examples/sample-models/from-spec/level-3/enzymekinetics.xml"
57: Environment variables: 
57:  PYTHONPATH=C:/Development/libsbml-64-packages/src/bindings/python;C:/Development/libsbml-64-packages/src/bindings/python/Release;
57: Test timeout computed to be: 3000
57: 
57:             filename: C:/Development/libsbml-with-packages/examples/sample-models/from-spec/level-3/enzymekinetics.xml
57:       read time (ms): 0.0
57:     searching ......:
57:     search time (ms): 0.0
57:  elements with notes: 0
 57/184 Test  #57: test_python_getAllElementsWithNotes ....   Passed    0.33 sec
test 58
        Start  58: test_python_inlineInitialAssignments

58: Test command: C:\Python64\Python27\python.exe "C:/Development/libsbml-with-packages/examples/python/inlineInitialAssignments.py" "C:/Development/libsbml-with-packages/examples/sample-models/from-spec/level-3/enzymekinetics.xml" "inlineInitialAssignments.out.xml"
58: Environment variables: 
58:  PYTHONPATH=C:/Development/libsbml-64-packages/src/bindings/python;C:/Development/libsbml-64-packages/src/bindings/python/Release;
58: Test timeout computed to be: 3000
 58/184 Test  #58: test_python_inlineInitialAssignments ...   Passed    0.35 sec
test 59
        Start  59: test_python_printAnnotation

59: Test command: C:\Python64\Python27\python.exe "C:/Development/libsbml-with-packages/examples/python/printAnnotation.py" "C:/Development/libsbml-with-packages/examples/sample-models/from-spec/level-3/enzymekinetics.xml"
59: Environment variables: 
59:  PYTHONPATH=C:/Development/libsbml-64-packages/src/bindings/python;C:/Development/libsbml-64-packages/src/bindings/python/Release;
59: Test timeout computed to be: 3000
59: filename: C:/Development/libsbml-with-packages/examples/sample-models/from-spec/level-3/enzymekinetics.xml
59: 
 59/184 Test  #59: test_python_printAnnotation ............   Passed    0.33 sec
test 60
        Start  60: test_python_printMath

60: Test command: C:\Python64\Python27\python.exe "C:/Development/libsbml-with-packages/examples/python/printMath.py" "C:/Development/libsbml-with-packages/examples/sample-models/from-spec/level-3/enzymekinetics.xml"
60: Environment variables: 
60:  PYTHONPATH=C:/Development/libsbml-64-packages/src/bindings/python;C:/Development/libsbml-64-packages/src/bindings/python/Release;
60: Test timeout computed to be: 3000
60: ()
60: Reaction 1, formula: comp * (kon * E * S - koff * ES)
60: 
60: Reaction 2, formula: comp * kcat * ES
60: 
60: ()
60: ()
 60/184 Test  #60: test_python_printMath ..................   Passed    0.33 sec
test 61
        Start  61: test_python_printRegisteredPackages

61: Test command: C:\Python64\Python27\python.exe "C:/Development/libsbml-with-packages/examples/python/printRegisteredPackages.py" "C:/Development/libsbml-with-packages/examples/sample-models/from-spec/level-3/enzymekinetics.xml" "printRegisteredPackages.out.xml"
61: Environment variables: 
61:  PYTHONPATH=C:/Development/libsbml-64-packages/src/bindings/python;C:/Development/libsbml-64-packages/src/bindings/python/Release;
61: Test timeout computed to be: 3000
61: This version of LibSBML: 5.17.1 includes: 
61: 
61: 	arrays
61: 	comp
61: 	distrib
61: 	dyn
61: 	fbc
61: 	groups
61: 	layout
61: 	render
61: 	multi
61: 	qual
61: 	req
61: 	spatial
61: 
61: 
 61/184 Test  #61: test_python_printRegisteredPackages ....   Passed    0.33 sec
test 62
        Start  62: test_python_printSBML

62: Test command: C:\Python64\Python27\python.exe "C:/Development/libsbml-with-packages/examples/python/printSBML.py" "C:/Development/libsbml-with-packages/examples/sample-models/from-spec/level-3/enzymekinetics.xml"
62: Environment variables: 
62:  PYTHONPATH=C:/Development/libsbml-64-packages/src/bindings/python;C:/Development/libsbml-64-packages/src/bindings/python/Release;
62: Test timeout computed to be: 3000
62: 
62: File: C:/Development/libsbml-with-packages/examples/sample-models/from-spec/level-3/enzymekinetics.xml (Level 3, version 1)
62:                  id: (empty)
62: functionDefinitions: 0
62:     unitDefinitions: 2
62:    compartmentTypes: 0
62:         specieTypes: 0
62:        compartments: 1
62:             species: 4
62:          parameters: 0
62:  initialAssignments: 0
62:               rules: 0
62:         constraints: 0
62:           reactions: 2
62:              events: 0
62: 
62: 
 62/184 Test  #62: test_python_printSBML ..................   Passed    0.34 sec
test 63
        Start  63: test_python_printsupported

63: Test command: C:\Python64\Python27\python.exe "C:/Development/libsbml-with-packages/examples/python/printsupported.py"
63: Environment variables: 
63:  PYTHONPATH=C:/Development/libsbml-64-packages/src/bindings/python;C:/Development/libsbml-64-packages/src/bindings/python/Release;
63: Test timeout computed to be: 3000
63: Supported by LibSBML 5.17.1
63: ()
63: 	SBML Level: 1 Version: 1
63: 	SBML Level: 1 Version: 2
63: 	SBML Level: 2 Version: 1
63: 	SBML Level: 2 Version: 2
63: 	SBML Level: 2 Version: 3
63: 	SBML Level: 2 Version: 4
63: 	SBML Level: 2 Version: 5
63: 	SBML Level: 3 Version: 1
63: 	SBML Level: 3 Version: 2
63: ()
 63/184 Test  #63: test_python_printsupported .............   Passed    0.33 sec
test 64
        Start  64: test_python_printUnits

64: Test command: C:\Python64\Python27\python.exe "C:/Development/libsbml-with-packages/examples/python/printUnits.py" "C:/Development/libsbml-with-packages/examples/sample-models/from-spec/level-3/enzymekinetics.xml"
64: Environment variables: 
64:  PYTHONPATH=C:/Development/libsbml-64-packages/src/bindings/python;C:/Development/libsbml-64-packages/src/bindings/python/Release;
64: Test timeout computed to be: 3000
64: Species 0: mole (exponent = 1, multiplier = 1, scale = 0), litre (exponent = -1, multiplier = 1, scale = 0)
64: Species 1: mole (exponent = 1, multiplier = 1, scale = 0), litre (exponent = -1, multiplier = 1, scale = 0)
64: Species 2: mole (exponent = 1, multiplier = 1, scale = 0), litre (exponent = -1, multiplier = 1, scale = 0)
64: Species 3: mole (exponent = 1, multiplier = 1, scale = 0), litre (exponent = -1, multiplier = 1, scale = 0)
64: Compartment 0: litre (exponent = 1, multiplier = 1, scale = 0)
64: Reaction 0: 
64: Kinetic Law: second (exponent = -1, multiplier = 1, scale = 0), mole (exponent = 1, multiplier = 1, scale = 0)
64:         undeclared units: no
64: Reaction 1: 
64: Kinetic Law: second (exponent = -1, multiplier = 1, scale = 0), mole (exponent = 1, multiplier = 1, scale = 0)
64:         undeclared units: no
 64/184 Test  #64: test_python_printUnits .................   Passed    0.35 sec
test 65
        Start  65: test_python_promoteParameters

65: Test command: C:\Python64\Python27\python.exe "C:/Development/libsbml-with-packages/examples/python/promoteParameters.py" "C:/Development/libsbml-with-packages/examples/sample-models/from-spec/level-3/enzymekinetics.xml" "promoteParameters.out.xml"
65: Environment variables: 
65:  PYTHONPATH=C:/Development/libsbml-64-packages/src/bindings/python;C:/Development/libsbml-64-packages/src/bindings/python/Release;
65: Test timeout computed to be: 3000
65: [OK] wrote promoteParameters.out.xml
 65/184 Test  #65: test_python_promoteParameters ..........   Passed    0.35 sec
test 66
        Start  66: test_python_readSBML

66: Test command: C:\Python64\Python27\python.exe "C:/Development/libsbml-with-packages/examples/python/readSBML.py" "C:/Development/libsbml-with-packages/examples/sample-models/from-spec/level-3/enzymekinetics.xml"
66: Environment variables: 
66:  PYTHONPATH=C:/Development/libsbml-64-packages/src/bindings/python;C:/Development/libsbml-64-packages/src/bindings/python/Release;
66: Test timeout computed to be: 3000
66: ()
66:             filename: C:/Development/libsbml-with-packages/examples/sample-models/from-spec/level-3/enzymekinetics.xml
66:            file size: 3930
66:       read time (ms): 0.00317470516504
66:  validation error(s): 0
66: ()
 66/184 Test  #66: test_python_readSBML ...................   Passed    0.33 sec
test 67
        Start  67: test_python_replaceOneFD

67: Test command: C:\Python64\Python27\python.exe "C:/Development/libsbml-with-packages/examples/python/replaceOneFD.py" "C:/Development/libsbml-with-packages/examples/sample-models/from-spec/level-3/functiondef.xml" "f" "reaction_1" "replaceOneFD.out.xml"
67: Environment variables: 
67:  PYTHONPATH=C:/Development/libsbml-64-packages/src/bindings/python;C:/Development/libsbml-64-packages/src/bindings/python/Release;
67: Test timeout computed to be: 3000
 67/184 Test  #67: test_python_replaceOneFD ...............   Passed    0.35 sec
test 68
        Start  68: test_python_setIdFromNames

68: Test command: C:\Python64\Python27\python.exe "C:/Development/libsbml-with-packages/examples/python/setIdFromNames.py" "C:/Development/libsbml-with-packages/examples/sample-models/from-spec/level-3/enzymekinetics.xml" "setIdFromNames.out.xml"
68: Environment variables: 
68:  PYTHONPATH=C:/Development/libsbml-64-packages/src/bindings/python;C:/Development/libsbml-64-packages/src/bindings/python/Release;
68: Test timeout computed to be: 3000
68: 
68:             filename: C:/Development/libsbml-with-packages/examples/sample-models/from-spec/level-3/enzymekinetics.xml
68:       read time (ms): 0.0
68:     rename time (ms): 0.0
68:      write time (ms): 0.0
68: 
 68/184 Test  #68: test_python_setIdFromNames .............   Passed    0.33 sec
test 69
        Start  69: test_python_unsetAnnotation

69: Test command: C:\Python64\Python27\python.exe "C:/Development/libsbml-with-packages/examples/python/unsetAnnotation.py" "C:/Development/libsbml-with-packages/examples/sample-models/from-spec/level-3/enzymekinetics.xml" "unsetAnnotation.out.xml"
69: Environment variables: 
69:  PYTHONPATH=C:/Development/libsbml-64-packages/src/bindings/python;C:/Development/libsbml-64-packages/src/bindings/python/Release;
69: Test timeout computed to be: 3000
 69/184 Test  #69: test_python_unsetAnnotation ............   Passed    0.34 sec
test 70
        Start  70: test_python_unsetNotes

70: Test command: C:\Python64\Python27\python.exe "C:/Development/libsbml-with-packages/examples/python/unsetNotes.py" "C:/Development/libsbml-with-packages/examples/sample-models/from-spec/level-3/enzymekinetics.xml" "unsetNotes.out.xml"
70: Environment variables: 
70:  PYTHONPATH=C:/Development/libsbml-64-packages/src/bindings/python;C:/Development/libsbml-64-packages/src/bindings/python/Release;
70: Test timeout computed to be: 3000
 70/184 Test  #70: test_python_unsetNotes .................   Passed    0.34 sec
test 71
        Start  71: test_python_validateSBML

71: Test command: C:\Python64\Python27\python.exe "C:/Development/libsbml-with-packages/examples/python/validateSBML.py" "C:/Development/libsbml-with-packages/examples/sample-models/from-spec/level-3/enzymekinetics.xml"
71: Environment variables: 
71:  PYTHONPATH=C:/Development/libsbml-64-packages/src/bindings/python;C:/Development/libsbml-64-packages/src/bindings/python/Release;
71: Test timeout computed to be: 3000
71: ---------------------------------------------------------------------------
71:                  filename : C:/Development/libsbml-with-packages/examples/sample-models/from-spec/level-3/enzymekinetics.xml
71:          file size (byte) : 3930
71:            read time (ms) : 0.000000
71:         c-check time (ms) : 15.000105
71:       validation error(s) : 0
71:     (consistency error(s)): 0
71:     validation warning(s) : 0
71:   (consistency warning(s)): 0
71: ---------------------------------------------------------------------------
71: Validated 1 files, 1 valid files, 0 invalid files
 71/184 Test  #71: test_python_validateSBML ...............   Passed    0.34 sec
test 72
        Start  72: test_python_stringInput

72: Test command: C:\Python64\Python27\python.exe "C:/Development/libsbml-with-packages/examples/python/stringInput.py" "C:/Development/libsbml-with-packages/examples/sample-models/from-spec/level-3/enzymekinetics.xml"
72: Environment variables: 
72:  PYTHONPATH=C:/Development/libsbml-64-packages/src/bindings/python;C:/Development/libsbml-64-packages/src/bindings/python/Release;
72: Test timeout computed to be: 3000
72: filename: C:/Development/libsbml-with-packages/examples/sample-models/from-spec/level-3/enzymekinetics.xml
72: 
72: <type 'str'>
72: <type 'str'>
 72/184 Test  #72: test_python_stringInput ................   Passed    0.33 sec
test 73
        Start  73: test_python_stripPackage

73: Test command: C:\Python64\Python27\python.exe "C:/Development/libsbml-with-packages/examples/python/stripPackage.py" "C:/Development/libsbml-with-packages/examples/sample-models/fbc/fbc_example1.xml" "fbc" "stripPackage.out.xml"
73: Environment variables: 
73:  PYTHONPATH=C:/Development/libsbml-64-packages/src/bindings/python;C:/Development/libsbml-64-packages/src/bindings/python/Release;
73: Test timeout computed to be: 3000
73: [OK] stripped package 'fbc' from C:/Development/libsbml-with-packages/examples/sample-models/fbc/fbc_example1.xml to stripPackage.out.xml
 73/184 Test  #73: test_python_stripPackage ...............   Passed    0.36 sec
test 74
        Start  74: test_python_fbc_fbc_example1

74: Test command: C:\Python64\Python27\python.exe "C:/Development/libsbml-with-packages/examples/python/fbc/fbc_example1.py"
74: Environment variables: 
74:  PYTHONPATH=C:/Development/libsbml-64-packages/src/bindings/python;C:/Development/libsbml-64-packages/src/bindings/python/Release;
74: Test timeout computed to be: 3000
 74/184 Test  #74: test_python_fbc_fbc_example1 ...........   Passed    0.34 sec
test 75
        Start  75: test_python_groups_groups_example1

75: Test command: C:\Python64\Python27\python.exe "C:/Development/libsbml-with-packages/examples/python/groups/groups_example1.py"
75: Environment variables: 
75:  PYTHONPATH=C:/Development/libsbml-64-packages/src/bindings/python;C:/Development/libsbml-64-packages/src/bindings/python/Release;
75: Test timeout computed to be: 3000
 75/184 Test  #75: test_python_groups_groups_example1 .....   Passed    0.34 sec
test 76
        Start  76: test_python_layout_example1_L3

76: Test command: C:\Python64\Python27\python.exe "C:/Development/libsbml-with-packages/examples/python/layout/example1-L3.py"
76: Environment variables: 
76:  PYTHONPATH=C:/Development/libsbml-64-packages/src/bindings/python;C:/Development/libsbml-64-packages/src/bindings/python/Release;
76: Test timeout computed to be: 3000
 76/184 Test  #76: test_python_layout_example1_L3 .........   Passed    0.42 sec
test 77
        Start  77: test_python_layout_example1

77: Test command: C:\Python64\Python27\python.exe "C:/Development/libsbml-with-packages/examples/python/layout/example1.py"
77: Environment variables: 
77:  PYTHONPATH=C:/Development/libsbml-64-packages/src/bindings/python;C:/Development/libsbml-64-packages/src/bindings/python/Release;
77: Test timeout computed to be: 3000
 77/184 Test  #77: test_python_layout_example1 ............   Passed    0.35 sec
test 78
        Start  78: test_python_multi_multi_example1

78: Test command: C:\Python64\Python27\python.exe "C:/Development/libsbml-with-packages/examples/python/multi/multi_example1.py"
78: Environment variables: 
78:  PYTHONPATH=C:/Development/libsbml-64-packages/src/bindings/python;C:/Development/libsbml-64-packages/src/bindings/python/Release;
78: Test timeout computed to be: 3000
 78/184 Test  #78: test_python_multi_multi_example1 .......   Passed    0.35 sec
test 79
        Start  79: test_python_multi_multi_example2

79: Test command: C:\Python64\Python27\python.exe "C:/Development/libsbml-with-packages/examples/python/multi/multi_example2.py"
79: Environment variables: 
79:  PYTHONPATH=C:/Development/libsbml-64-packages/src/bindings/python;C:/Development/libsbml-64-packages/src/bindings/python/Release;
79: Test timeout computed to be: 3000
 79/184 Test  #79: test_python_multi_multi_example2 .......   Passed    0.34 sec
test 80
        Start  80: test_python_multi_multi_example3

80: Test command: C:\Python64\Python27\python.exe "C:/Development/libsbml-with-packages/examples/python/multi/multi_example3.py"
80: Environment variables: 
80:  PYTHONPATH=C:/Development/libsbml-64-packages/src/bindings/python;C:/Development/libsbml-64-packages/src/bindings/python/Release;
80: Test timeout computed to be: 3000
 80/184 Test  #80: test_python_multi_multi_example3 .......   Passed    0.34 sec
test 81
        Start  81: test_python_multi_printMulti

81: Test command: C:\Python64\Python27\python.exe "C:/Development/libsbml-with-packages/examples/python/multi/printMulti.py"
81: Environment variables: 
81:  PYTHONPATH=C:/Development/libsbml-64-packages/src/bindings/python;C:/Development/libsbml-64-packages/src/bindings/python/Release;
81: Test timeout computed to be: 3000
81: usage: printMulti sbml-file
 81/184 Test  #81: test_python_multi_printMulti ...........   Passed    0.35 sec
test 82
        Start  82: test_python_qual_qual_example1

82: Test command: C:\Python64\Python27\python.exe "C:/Development/libsbml-with-packages/examples/python/qual/qual_example1.py"
82: Environment variables: 
82:  PYTHONPATH=C:/Development/libsbml-64-packages/src/bindings/python;C:/Development/libsbml-64-packages/src/bindings/python/Release;
82: Test timeout computed to be: 3000
 82/184 Test  #82: test_python_qual_qual_example1 .........   Passed    0.33 sec
test 83
        Start  83: test_c_addCVTerms

83: Test command: C:\Development\libsbml-64-packages\examples\c\Release\addCVTerms.exe "C:/Development/libsbml-with-packages/examples/sample-models/from-spec/level-3/enzymekinetics.xml" "addCVTerms.out.xml"
83: Test timeout computed to be: 3000
 83/184 Test  #83: test_c_addCVTerms ......................   Passed    0.63 sec
test 84
        Start  84: test_c_addingEvidenceCodes_1

84: Test command: C:\Development\libsbml-64-packages\examples\c\Release\addingEvidenceCodes_1.exe "C:/Development/libsbml-with-packages/examples/sample-models/from-spec/level-3/enzymekinetics.xml" "addingEvidenceCodes_1.out.xml"
84: Test timeout computed to be: 3000
 84/184 Test  #84: test_c_addingEvidenceCodes_1 ...........   Passed    0.63 sec
test 85
        Start  85: test_c_addingEvidenceCodes_2

85: Test command: C:\Development\libsbml-64-packages\examples\c\Release\addingEvidenceCodes_2.exe "C:/Development/libsbml-with-packages/examples/sample-models/from-spec/level-3/enzymekinetics.xml" "addingEvidenceCodes_2.out.xml"
85: Test timeout computed to be: 3000
 85/184 Test  #85: test_c_addingEvidenceCodes_2 ...........   Passed    0.62 sec
test 86
        Start  86: test_c_addModelHistory

86: Test command: C:\Development\libsbml-64-packages\examples\c\Release\addModelHistory.exe "C:/Development/libsbml-with-packages/examples/sample-models/from-spec/level-3/enzymekinetics.xml" "addModelHistory.out.xml"
86: Test timeout computed to be: 3000
86: Status for addCreator: succeeded
86: Set created date:      succeeded
86: Set modified date:     succeeded
86: Set model history:     unknown
 86/184 Test  #86: test_c_addModelHistory .................   Passed    0.70 sec
test 87
        Start  87: test_c_appendAnnotation

87: Test command: C:\Development\libsbml-64-packages\examples\c\Release\appendAnnotation.exe "C:/Development/libsbml-with-packages/examples/sample-models/from-spec/level-3/enzymekinetics.xml" "appendAnnotation.out.xml"
87: Test timeout computed to be: 3000
 87/184 Test  #87: test_c_appendAnnotation ................   Passed    0.69 sec
test 88
        Start  88: test_c_convertSBML

88: Test command: C:\Development\libsbml-64-packages\examples\c\Release\convertSBML.exe "C:/Development/libsbml-with-packages/examples/sample-models/from-spec/level-3/enzymekinetics.xml" "convertSBML.out.xml"
88: Test timeout computed to be: 3000
88: Attempting to convert model to SBML Level 3 Version 2.
88: Conversion completed.
 88/184 Test  #88: test_c_convertSBML .....................   Passed    0.89 sec
test 89
        Start  89: test_c_createExampleSBML

89: Test command: C:\Development\libsbml-64-packages\examples\c\Release\createExampleSBML.exe "C:/Development/libsbml-with-packages/examples/sample-models/from-spec/level-3/enzymekinetics.xml" "createExampleSBML.out.xml"
89: Test timeout computed to be: 3000
89: Wrote file "enzymaticreaction.xml"
89: Wrote file "units.xml"
89: line 1: (99505 [Warning]) In situations where a mathematical expression contains literal numbers or parameters whose units have not been declared, it is not possible to verify accurately the consistency of the units in the expression. 
89:  The units of the <kineticLaw> <math> expression 'f(S1) * compartmentOne / t' cannot be fully checked. Unit consistency reported as either no errors or further unit errors related to this object may not be accurate.
89: 
89: Notice: encountered 1 validation warning in model 'functionExample'.
89: Wrote file "functiondef.xml"
 89/184 Test  #89: test_c_createExampleSBML ...............   Passed    0.75 sec
test 90
        Start  90: test_c_drawMath

90: Test command: C:\Development\libsbml-64-packages\examples\c\Release\drawMath.exe "C:/Development/libsbml-with-packages/examples/sample-models/from-spec/level-3/enzymekinetics.xml" "drawMath.out.xml"
90: Test timeout computed to be: 3000
90: 
90: 
 90/184 Test  #90: test_c_drawMath ........................   Passed    0.75 sec
test 91
        Start  91: test_c_echoSBML

91: Test command: C:\Development\libsbml-64-packages\examples\c\Release\echoSBML.exe "C:/Development/libsbml-with-packages/examples/sample-models/from-spec/level-3/enzymekinetics.xml" "echoSBML.out.xml"
91: Test timeout computed to be: 3000
 91/184 Test  #91: test_c_echoSBML ........................   Passed    0.71 sec
test 92
        Start  92: test_c_printAnnotation

92: Test command: C:\Development\libsbml-64-packages\examples\c\Release\printAnnotation.exe "C:/Development/libsbml-with-packages/examples/sample-models/from-spec/level-3/enzymekinetics.xml"
92: Test timeout computed to be: 3000
92: 
92: C:/Development/libsbml-with-packages/examples/sample-models/from-spec/level-3/enzymekinetics.xml
92: 
 92/184 Test  #92: test_c_printAnnotation .................   Passed    0.66 sec
test 93
        Start  93: test_c_printMath

93: Test command: C:\Development\libsbml-64-packages\examples\c\Release\printMath.exe "C:/Development/libsbml-with-packages/examples/sample-models/from-spec/level-3/enzymekinetics.xml"
93: Test timeout computed to be: 3000
93: 
93: Reaction 1, formula: comp * (kon * E * S - koff * ES)
93: Reaction 2, formula: comp * kcat * ES
93: 
93: 
 93/184 Test  #93: test_c_printMath .......................   Passed    0.91 sec
test 94
        Start  94: test_c_printNotes

94: Test command: C:\Development\libsbml-64-packages\examples\c\Release\printNotes.exe "C:/Development/libsbml-with-packages/examples/sample-models/from-spec/level-3/enzymekinetics.xml"
94: Test timeout computed to be: 3000
94: 
94: C:/Development/libsbml-with-packages/examples/sample-models/from-spec/level-3/enzymekinetics.xml
94: 
 94/184 Test  #94: test_c_printNotes ......................   Passed    0.67 sec
test 95
        Start  95: test_c_printRegisteredPackages

95: Test command: C:\Development\libsbml-64-packages\examples\c\Release\printRegisteredPackages.exe "C:/Development/libsbml-with-packages/examples/sample-models/from-spec/level-3/enzymekinetics.xml"
95: Test timeout computed to be: 3000
95: This version of LibSBML: 5.17.1 includes: 
95: 	arrays
95: 	comp
95: 	distrib
95: 	dyn
95: 	fbc
95: 	groups
95: 	layout
95: 	render
95: 	multi
95: 	qual
95: 	req
95: 	spatial
95: 
 95/184 Test  #95: test_c_printRegisteredPackages .........   Passed    0.53 sec
test 96
        Start  96: test_c_printSBML

96: Test command: C:\Development\libsbml-64-packages\examples\c\Release\printSBML.exe "C:/Development/libsbml-with-packages/examples/sample-models/from-spec/level-3/enzymekinetics.xml"
96: Test timeout computed to be: 3000
96: 
96: File: C:/Development/libsbml-with-packages/examples/sample-models/from-spec/level-3/enzymekinetics.xml (Level 3, version 1)
96:            model id: (empty)
96: functionDefinitions: 0
96:     unitDefinitions: 2
96:    compartmentTypes: 0
96:         specieTypes: 0
96:        compartments: 1
96:             species: 4
96:          parameters: 0
96:  initialAssignments: 0
96:               rules: 0
96:         constraints: 0
96:           reactions: 2
96:              events: 0
96: 
 96/184 Test  #96: test_c_printSBML .......................   Passed    0.83 sec
test 97
        Start  97: test_c_printSupported

97: Test command: C:\Development\libsbml-64-packages\examples\c\Release\printSupported.exe
97: Test timeout computed to be: 3000
97: LibSBML: 5.17.1 supports: 
97: 	SBML Level 1 Version: 1
97: 	SBML Level 1 Version: 2
97: 	SBML Level 2 Version: 1
97: 	SBML Level 2 Version: 2
97: 	SBML Level 2 Version: 3
97: 	SBML Level 2 Version: 4
97: 	SBML Level 2 Version: 5
97: 	SBML Level 3 Version: 1
97: 	SBML Level 3 Version: 2
97: 
97: LibSBML is compiled against: 
97: 	LibXML:      2.7.8
97: 	Zlib:        1.2.3
97: 	bzip2:       1.0.5, 10-Dec-2007
97: 
 97/184 Test  #97: test_c_printSupported ..................   Passed    0.67 sec
test 98
        Start  98: test_c_printUnits

98: Test command: C:\Development\libsbml-64-packages\examples\c\Release\printUnits.exe "C:/Development/libsbml-with-packages/examples/sample-models/from-spec/level-3/enzymekinetics.xml"
98: Test timeout computed to be: 3000
98: Species 0: mole (exponent = 1, multiplier = 1, scale = 0), litre (exponent = -1, multiplier = 1, scale = 0)
98: Species 1: mole (exponent = 1, multiplier = 1, scale = 0), litre (exponent = -1, multiplier = 1, scale = 0)
98: Species 2: mole (exponent = 1, multiplier = 1, scale = 0), litre (exponent = -1, multiplier = 1, scale = 0)
98: Species 3: mole (exponent = 1, multiplier = 1, scale = 0), litre (exponent = -1, multiplier = 1, scale = 0)
98: Compartment 0: litre (exponent = 1, multiplier = 1, scale = 0)
98: Reaction 0: 
98: Kinetic Law: second (exponent = -1, multiplier = 1, scale = 0), mole (exponent = 1, multiplier = 1, scale = 0)
98:         undeclared units: no
98: Reaction 1: 
98: Kinetic Law: second (exponent = -1, multiplier = 1, scale = 0), mole (exponent = 1, multiplier = 1, scale = 0)
98:         undeclared units: no
 98/184 Test  #98: test_c_printUnits ......................   Passed    0.90 sec
test 99
        Start  99: test_c_promoteParameters

99: Test command: C:\Development\libsbml-64-packages\examples\c\Release\promoteParameters.exe "C:/Development/libsbml-with-packages/examples/sample-models/from-spec/level-3/enzymekinetics.xml" "promoteParameters.out.xml"
99: Test timeout computed to be: 3000
 99/184 Test  #99: test_c_promoteParameters ...............   Passed    0.55 sec
test 100
        Start 100: test_c_readSBML

100: Test command: C:\Development\libsbml-64-packages\examples\c\Release\readSBML.exe "C:/Development/libsbml-with-packages/examples/sample-models/from-spec/level-3/enzymekinetics.xml"
100: Test timeout computed to be: 3000
100: 
100:         filename: C:/Development/libsbml-with-packages/examples/sample-models/from-spec/level-3/enzymekinetics.xml
100:        file size: 3930
100:   read time (ms): 109
100:         error(s): 0
100: 
100/184 Test #100: test_c_readSBML ........................   Passed    0.73 sec
test 101
        Start 101: test_c_stripPackage

101: Test command: C:\Development\libsbml-64-packages\examples\c\Release\stripPackage.exe "C:/Development/libsbml-with-packages/examples/sample-models/fbc/fbc_example1.xml" "fbc" "stripPackage.out.xml"
101: Test timeout computed to be: 3000
101/184 Test #101: test_c_stripPackage ....................   Passed    0.85 sec
test 102
        Start 102: test_c_unsetAnnotation

102: Test command: C:\Development\libsbml-64-packages\examples\c\Release\unsetAnnotation.exe "C:/Development/libsbml-with-packages/examples/sample-models/from-spec/level-3/enzymekinetics.xml" "unsetAnnotation.out.xml"
102: Test timeout computed to be: 3000
102/184 Test #102: test_c_unsetAnnotation .................   Passed    0.69 sec
test 103
        Start 103: test_c_unsetNotes

103: Test command: C:\Development\libsbml-64-packages\examples\c\Release\unsetNotes.exe "C:/Development/libsbml-with-packages/examples/sample-models/from-spec/level-3/enzymekinetics.xml" "unsetNotes.out.xml"
103: Test timeout computed to be: 3000
103/184 Test #103: test_c_unsetNotes ......................   Passed    0.67 sec
test 104
        Start 104: test_c_validateSBML

104: Test command: C:\Development\libsbml-64-packages\examples\c\Release\validateSBML.exe "C:/Development/libsbml-with-packages/examples/sample-models/from-spec/level-3/enzymekinetics.xml"
104: Test timeout computed to be: 3000
104: 
104:         filename: C:/Development/libsbml-with-packages/examples/sample-models/from-spec/level-3/enzymekinetics.xml
104:        file size: 3930
104:   read time (ms): 109
104:         error(s): 0
104: 
104/184 Test #104: test_c_validateSBML ....................   Passed    0.83 sec
test 105
        Start 105: test_cxx_addCVTerms

105: Test command: C:\Development\libsbml-64-packages\examples\c++\Release\addCVTerms.exe "C:/Development/libsbml-with-packages/examples/sample-models/from-spec/level-3/enzymekinetics.xml" "addCVTerms.out.xml"
105: Test timeout computed to be: 3000
105/184 Test #105: test_cxx_addCVTerms ....................   Passed    0.61 sec
test 106
        Start 106: test_cxx_addCustomValidator

106: Test command: C:\Development\libsbml-64-packages\examples\c++\Release\addCustomValidator.exe "C:/Development/libsbml-with-packages/examples/sample-models/from-spec/level-3/enzymekinetics.xml"
106: Test timeout computed to be: 3000
106/184 Test #106: test_cxx_addCustomValidator ............   Passed    0.60 sec
test 107
        Start 107: test_cxx_addingEvidenceCodes_1

107: Test command: C:\Development\libsbml-64-packages\examples\c++\Release\addingEvidenceCodes_1.exe "C:/Development/libsbml-with-packages/examples/sample-models/from-spec/level-3/enzymekinetics.xml" "addingEvidenceCodes_1.out.xml"
107: Test timeout computed to be: 3000
107/184 Test #107: test_cxx_addingEvidenceCodes_1 .........   Passed    0.86 sec
test 108
        Start 108: test_cxx_addingEvidenceCodes_2

108: Test command: C:\Development\libsbml-64-packages\examples\c++\Release\addingEvidenceCodes_2.exe "C:/Development/libsbml-with-packages/examples/sample-models/from-spec/level-3/enzymekinetics.xml" "addingEvidenceCodes_2.out.xml"
108: Test timeout computed to be: 3000
108/184 Test #108: test_cxx_addingEvidenceCodes_2 .........   Passed    0.64 sec
test 109
        Start 109: test_cxx_addModelHistory

109: Test command: C:\Development\libsbml-64-packages\examples\c++\Release\addModelHistory.exe "C:/Development/libsbml-with-packages/examples/sample-models/from-spec/level-3/enzymekinetics.xml" "addModelHistory.out.xml"
109: Test timeout computed to be: 3000
109: Status for addCreator: succeeded
109: Set created date:      succeeded
109: Set modified date:     succeeded
109: Set model history:     unknown
109/184 Test #109: test_cxx_addModelHistory ...............   Passed    0.72 sec
test 110
        Start 110: test_cxx_appendAnnotation

110: Test command: C:\Development\libsbml-64-packages\examples\c++\Release\appendAnnotation.exe "C:/Development/libsbml-with-packages/examples/sample-models/from-spec/level-3/enzymekinetics.xml" "appendAnnotation.out.xml"
110: Test timeout computed to be: 3000
110/184 Test #110: test_cxx_appendAnnotation ..............   Passed    0.78 sec
test 111
        Start 111: test_cxx_callExternalValidator

111: Test command: C:\Development\libsbml-64-packages\examples\c++\Release\callExternalValidator.exe "C:/Development/libsbml-with-packages/examples/sample-models/from-spec/level-3/enzymekinetics.xml" "callExternalValidator.out.xml"
111: Test timeout computed to be: 3000
111/184 Test #111: test_cxx_callExternalValidator .........   Passed    2.41 sec
test 112
        Start 112: test_cxx_convertSBML

112: Test command: C:\Development\libsbml-64-packages\examples\c++\Release\convertSBML.exe "C:/Development/libsbml-with-packages/examples/sample-models/from-spec/level-3/enzymekinetics.xml" "convertSBML.out.xml"
112: Test timeout computed to be: 3000
112: Attempting to convert Level 3 Version 1 model to Level 3 Version 2.
112: Conversion completed.
112/184 Test #112: test_cxx_convertSBML ...................   Passed    0.74 sec
test 113
        Start 113: test_cxx_convertToL1V1

113: Test command: C:\Development\libsbml-64-packages\examples\c++\Release\convertToL1V1.exe "C:/Development/libsbml-with-packages/examples/sample-models/from-spec/level-3/enzymekinetics.xml" "convertToL1V1.out.xml"
113: Test timeout computed to be: 3000
113: Conversion completed.
113/184 Test #113: test_cxx_convertToL1V1 .................   Passed    0.91 sec
test 114
        Start 114: test_cxx_createExampleSBML

114: Test command: C:\Development\libsbml-64-packages\examples\c++\Release\createExampleSBML.exe "C:/Development/libsbml-with-packages/examples/sample-models/from-spec/level-3/enzymekinetics.xml" "createExampleSBML.out.xml"
114: Test timeout computed to be: 3000
114: Wrote file "enzymaticreaction.xml"
114: Wrote file "units.xml"
114: 
114: Notice: encountered 1 validation warning in model 'functionExample'.
114: 
114: line 1: (99505 [Warning]) In situations where a mathematical expression contains literal numbers or parameters whose units have not been declared, it is not possible to verify accurately the consistency of the units in the expression. 
114:  The units of the <kineticLaw> <math> expression 'f(S1) * compartmentOne / t' cannot be fully checked. Unit consistency reported as either no errors or further unit errors related to this object may not be accurate.
114: 
114: Wrote file "functiondef.xml"
114/184 Test #114: test_cxx_createExampleSBML .............   Passed    0.97 sec
test 115
        Start 115: test_cxx_echoSBML

115: Test command: C:\Development\libsbml-64-packages\examples\c++\Release\echoSBML.exe "C:/Development/libsbml-with-packages/examples/sample-models/from-spec/level-3/enzymekinetics.xml" "echoSBML.out.xml"
115: Test timeout computed to be: 3000
115/184 Test #115: test_cxx_echoSBML ......................   Passed    0.90 sec
test 116
        Start 116: test_cxx_inferUnits

116: Test command: C:\Development\libsbml-64-packages\examples\c++\Release\inferUnits.exe "C:/Development/libsbml-with-packages/examples/sample-models/from-spec/level-3/enzymekinetics.xml" "inferUnits.out.xml"
116: Test timeout computed to be: 3000
116/184 Test #116: test_cxx_inferUnits ....................   Passed    0.61 sec
test 117
        Start 117: test_cxx_inlineFunctionDefintions

117: Test command: C:\Development\libsbml-64-packages\examples\c++\Release\inlineFunctionDefintions.exe "C:/Development/libsbml-with-packages/examples/sample-models/from-spec/level-3/enzymekinetics.xml" "inlineFunctionDefintions.out.xml"
117: Test timeout computed to be: 3000
117: Conversion completed.
117/184 Test #117: test_cxx_inlineFunctionDefintions ......   Passed    0.59 sec
test 118
        Start 118: test_cxx_convertReactions

118: Test command: C:\Development\libsbml-64-packages\examples\c++\Release\convertReactions.exe "C:/Development/libsbml-with-packages/examples/sample-models/from-spec/level-3/enzymekinetics.xml" "convertReactions.out.xml"
118: Test timeout computed to be: 3000
118: Conversion completed.
118/184 Test #118: test_cxx_convertReactions ..............   Passed    0.73 sec
test 119
        Start 119: test_cxx_getAllElementsWithNotes

119: Test command: C:\Development\libsbml-64-packages\examples\c++\Release\getAllElementsWithNotes.exe "C:/Development/libsbml-with-packages/examples/sample-models/from-spec/level-3/enzymekinetics.xml"
119: Test timeout computed to be: 3000
119: 
119:             filename: C:/Development/libsbml-with-packages/examples/sample-models/from-spec/level-3/enzymekinetics.xml
119:       read time (ms): 234
119:     searching ......:
119:     search time (ms): 0
119:  elements with notes: 0
119/184 Test #119: test_cxx_getAllElementsWithNotes .......   Passed    0.83 sec
test 120
        Start 120: test_cxx_printAnnotation

120: Test command: C:\Development\libsbml-64-packages\examples\c++\Release\printAnnotation.exe "C:/Development/libsbml-with-packages/examples/sample-models/from-spec/level-3/enzymekinetics.xml"
120: Test timeout computed to be: 3000
120: 
120: filename: C:/Development/libsbml-with-packages/examples/sample-models/from-spec/level-3/enzymekinetics.xml
120: 
120/184 Test #120: test_cxx_printAnnotation ...............   Passed    1.36 sec
test 121
        Start 121: test_cxx_printMath

121: Test command: C:\Development\libsbml-64-packages\examples\c++\Release\printMath.exe "C:/Development/libsbml-with-packages/examples/sample-models/from-spec/level-3/enzymekinetics.xml"
121: Test timeout computed to be: 3000
121: 
121: Reaction 1, formula: comp * (kon * E * S - koff * ES)
121: Reaction 2, formula: comp * kcat * ES
121: 
121: 
121/184 Test #121: test_cxx_printMath .....................   Passed    1.04 sec
test 122
        Start 122: test_cxx_printNotes

122: Test command: C:\Development\libsbml-64-packages\examples\c++\Release\printNotes.exe "C:/Development/libsbml-with-packages/examples/sample-models/from-spec/level-3/enzymekinetics.xml"
122: Test timeout computed to be: 3000
122: 
122: filename: C:/Development/libsbml-with-packages/examples/sample-models/from-spec/level-3/enzymekinetics.xml
122: 
122/184 Test #122: test_cxx_printNotes ....................   Passed    1.12 sec
test 123
        Start 123: test_cxx_printSBML

123: Test command: C:\Development\libsbml-64-packages\examples\c++\Release\printSBML.exe "C:/Development/libsbml-with-packages/examples/sample-models/from-spec/level-3/enzymekinetics.xml"
123: Test timeout computed to be: 3000
123: 
123: File: C:/Development/libsbml-with-packages/examples/sample-models/from-spec/level-3/enzymekinetics.xml (Level 3, version 1)
123:                  id: (empty)
123: functionDefinitions: 0
123:     unitDefinitions: 2
123:    compartmentTypes: 0
123:         specieTypes: 0
123:        compartments: 1
123:             species: 4
123:          parameters: 0
123:  initialAssignments: 0
123:               rules: 0
123:         constraints: 0
123:           reactions: 2
123:              events: 0
123: 
123/184 Test #123: test_cxx_printSBML .....................   Passed    1.36 sec
test 124
        Start 124: test_cxx_printRegisteredPackages

124: Test command: C:\Development\libsbml-64-packages\examples\c++\Release\printRegisteredPackages.exe "C:/Development/libsbml-with-packages/examples/sample-models/from-spec/level-3/enzymekinetics.xml" "printRegisteredPackages.out.xml"
124: Test timeout computed to be: 3000
124: This version of LibSBML: 5.17.1 includes: 
124: 	arrays
124: 	comp
124: 	distrib
124: 	dyn
124: 	fbc
124: 	groups
124: 	layout
124: 	render
124: 	multi
124: 	qual
124: 	req
124: 	spatial
124: 
124/184 Test #124: test_cxx_printRegisteredPackages .......   Passed    0.66 sec
test 125
        Start 125: test_cxx_printSupported

125: Test command: C:\Development\libsbml-64-packages\examples\c++\Release\printSupported.exe "C:/Development/libsbml-with-packages/examples/sample-models/from-spec/level-3/enzymekinetics.xml" "printSupported.out.xml"
125: Test timeout computed to be: 3000
125: LibSBML: 5.17.1 supports: 
125: 	SBML Level 1 Version: 1
125: 	SBML Level 1 Version: 2
125: 	SBML Level 2 Version: 1
125: 	SBML Level 2 Version: 2
125: 	SBML Level 2 Version: 3
125: 	SBML Level 2 Version: 4
125: 	SBML Level 2 Version: 5
125: 	SBML Level 3 Version: 1
125: 	SBML Level 3 Version: 2
125: 
125: LibSBML is compiled against: 
125: 	LibXML:     2.7.8
125: 	Zlib:       1.2.3
125: 	bzip2:      1.0.5, 10-Dec-2007
125: 
125/184 Test #125: test_cxx_printSupported ................   Passed    0.98 sec
test 126
        Start 126: test_cxx_printUnits

126: Test command: C:\Development\libsbml-64-packages\examples\c++\Release\printUnits.exe "C:/Development/libsbml-with-packages/examples/sample-models/from-spec/level-3/enzymekinetics.xml"
126: Test timeout computed to be: 3000
126: Species 0: mole (exponent = 1, multiplier = 1, scale = 0), litre (exponent = -1, multiplier = 1, scale = 0)
126: Species 1: mole (exponent = 1, multiplier = 1, scale = 0), litre (exponent = -1, multiplier = 1, scale = 0)
126: Species 2: mole (exponent = 1, multiplier = 1, scale = 0), litre (exponent = -1, multiplier = 1, scale = 0)
126: Species 3: mole (exponent = 1, multiplier = 1, scale = 0), litre (exponent = -1, multiplier = 1, scale = 0)
126: Compartment 0: litre (exponent = 1, multiplier = 1, scale = 0)
126: Reaction 0: 
126: Kinetic Law: second (exponent = -1, multiplier = 1, scale = 0), mole (exponent = 1, multiplier = 1, scale = 0)
126:         undeclared units: no
126: Reaction 1: 
126: Kinetic Law: second (exponent = -1, multiplier = 1, scale = 0), mole (exponent = 1, multiplier = 1, scale = 0)
126:         undeclared units: no
126/184 Test #126: test_cxx_printUnits ....................   Passed    1.57 sec
test 127
        Start 127: test_cxx_promoteParameters

127: Test command: C:\Development\libsbml-64-packages\examples\c++\Release\promoteParameters.exe "C:/Development/libsbml-with-packages/examples/sample-models/from-spec/level-3/enzymekinetics.xml" "promoteParameters.out.xml"
127: Test timeout computed to be: 3000
127/184 Test #127: test_cxx_promoteParameters .............   Passed    0.97 sec
test 128
        Start 128: test_cxx_readSBML

128: Test command: C:\Development\libsbml-64-packages\examples\c++\Release\readSBML.exe "C:/Development/libsbml-with-packages/examples/sample-models/from-spec/level-3/enzymekinetics.xml"
128: Test timeout computed to be: 3000
128: 
128:             filename: C:/Development/libsbml-with-packages/examples/sample-models/from-spec/level-3/enzymekinetics.xml
128:            file size: 3930
128:       read time (ms): 219
128:  validation error(s): 0
128: 
128/184 Test #128: test_cxx_readSBML ......................   Passed    0.84 sec
test 129
        Start 129: test_cxx_renameSId

129: Test command: C:\Development\libsbml-64-packages\examples\c++\Release\renameSId.exe "C:/Development/libsbml-with-packages/examples/sample-models/from-spec/level-3/enzymekinetics.xml" "veq" "veqnew" "renameSId.out.xml"
129: Test timeout computed to be: 3000
129: 
129:             filename: C:/Development/libsbml-with-packages/examples/sample-models/from-spec/level-3/enzymekinetics.xml
129:            file size: 3930
129:       read time (ms): 202
129:             error(s): 0
129: 
129/184 Test #129: test_cxx_renameSId .....................   Passed    1.22 sec
test 130
        Start 130: test_cxx_setIdFromNames

130: Test command: C:\Development\libsbml-64-packages\examples\c++\Release\setIdFromNames.exe "C:/Development/libsbml-with-packages/examples/sample-models/from-spec/level-3/enzymekinetics.xml" "setIdFromNames.out.xml"
130: Test timeout computed to be: 3000
130: 
130:             filename: C:/Development/libsbml-with-packages/examples/sample-models/from-spec/level-3/enzymekinetics.xml
130:       read time (ms): 359
130:     rename time (ms): 0
130:      write time (ms): 15
130: 
130/184 Test #130: test_cxx_setIdFromNames ................   Passed    1.20 sec
test 131
        Start 131: test_cxx_setNamesFromIds

131: Test command: C:\Development\libsbml-64-packages\examples\c++\Release\setNamesFromIds.exe "C:/Development/libsbml-with-packages/examples/sample-models/from-spec/level-3/enzymekinetics.xml" "setNamesFromIds.out.xml"
131: Test timeout computed to be: 3000
131: 
131:             filename: C:/Development/libsbml-with-packages/examples/sample-models/from-spec/level-3/enzymekinetics.xml
131:       read time (ms): 640
131:     rename time (ms): 0
131:      write time (ms): 15
131: 
131/184 Test #131: test_cxx_setNamesFromIds ...............   Passed    1.66 sec
test 132
        Start 132: test_cxx_stripPackage

132: Test command: C:\Development\libsbml-64-packages\examples\c++\Release\stripPackage.exe "C:/Development/libsbml-with-packages/examples/sample-models/fbc/fbc_example1.xml" "fbc" "stripPackage.out.xml"
132: Test timeout computed to be: 3000
132/184 Test #132: test_cxx_stripPackage ..................   Passed    1.27 sec
test 133
        Start 133: test_cxx_unsetAnnotation

133: Test command: C:\Development\libsbml-64-packages\examples\c++\Release\unsetAnnotation.exe "C:/Development/libsbml-with-packages/examples/sample-models/from-spec/level-3/enzymekinetics.xml" "unsetAnnotation.out.xml"
133: Test timeout computed to be: 3000
133/184 Test #133: test_cxx_unsetAnnotation ...............   Passed    1.64 sec
test 134
        Start 134: test_cxx_unsetNotes

134: Test command: C:\Development\libsbml-64-packages\examples\c++\Release\unsetNotes.exe "C:/Development/libsbml-with-packages/examples/sample-models/from-spec/level-3/enzymekinetics.xml" "unsetNotes.out.xml"
134: Test timeout computed to be: 3000
134/184 Test #134: test_cxx_unsetNotes ....................   Passed    1.16 sec
test 135
        Start 135: test_cxx_validateSBML

135: Test command: C:\Development\libsbml-64-packages\examples\c++\Release\validateSBML.exe "C:/Development/libsbml-with-packages/examples/sample-models/from-spec/level-3/enzymekinetics.xml"
135: Test timeout computed to be: 3000
135:                  filename : C:/Development/libsbml-with-packages/examples/sample-models/from-spec/level-3/enzymekinetics.xml
135:          file size (byte) : 3930
135:            read time (ms) : 390
135:         c-check time (ms) : 406
135:       validation error(s) : 0
135:     (consistency error(s)): 0
135:     validation warning(s) : 0
135:   (consistency warning(s)): 0
135: ---------------------------------------------------------------------------
135: Validated 1 files, 1 valid files, 0 invalid files
135/184 Test #135: test_cxx_validateSBML ..................   Passed    2.05 sec
test 136
        Start 136: test_cs_addCVTerms

136: Test command: C:\Development\libsbml-64-packages\examples\csharp\addCVTerms.exe "C:/Development/libsbml-with-packages/examples/sample-models/from-spec/level-3/enzymekinetics.xml" "addCVTerms.out.xml"
136: Environment variables: 
136:  PATH=C:/Development/libsbml-64-packages/src/bindings/csharp/Release
136:  C:/Development/libsbml-64-packages/src/bindings/csharp/Release
136:  c:\Program Files (x86)\Microsoft F#\v4.0
136:  c:\Program Files (x86)\Microsoft Visual Studio 10.0\VSTSDB\Deploy
136:  c:\Program Files (x86)\Microsoft Visual Studio 10.0\Common7\IDE
136:  c:\Program Files (x86)\Microsoft Visual Studio 10.0\VC\BIN
136:  c:\Program Files (x86)\Microsoft Visual Studio 10.0\Common7\Tools
136:  c:\Windows\Microsoft.NET\Framework\v4.0.30319
136:  c:\Windows\Microsoft.NET\Framework\v3.5
136:  c:\Program Files (x86)\Microsoft Visual Studio 10.0\VC\VCPackages
136:  C:\Program Files (x86)\HTML Help Workshop
136:  C:\Program Files (x86)\HTML Help Workshop
136:  c:\Program Files (x86)\Microsoft Visual Studio 10.0\Team Tools\Performance Tools
136:  C:\Program Files (x86)\Microsoft SDKs\Windows\v7.0A\bin\NETFX 4.0 Tools
136:  C:\Program Files (x86)\Microsoft SDKs\Windows\v7.0A\bin
136:  c:\Program Files (x86)\CMake 2.8\bin
136:  C:\Program Files (x86)\CMake\bin
136:  C:\Perl_516\site\bin
136:  C:\Perl_516\bin
136:  C:\Perl64_516\site\bin
136:  C:\Perl64_516\bin
136:  C:\Perl64\site\bin
136:  C:\Perl64\bin
136:  C:\Perl32\site\bin
136:  C:\Perl32\bin
136:  C:\Windows\system32
136:  C:\Windows
136:  C:\Windows\System32\Wbem
136:  C:\Windows\System32\WindowsPowerShell\v1.0
136:  C:\Program Files\MATLAB\R2014a\runtime\win64
136:  C:\Program Files\MATLAB\R2014a\bin
136:  C:\Program Files\MATLAB\R2011b\runtime\win64
136:  C:\Program Files\MATLAB\R2011b\bin
136:  C:\Program Files (x86)\MATLAB\R2011b\runtime\win32
136:  C:\Program Files (x86)\MATLAB\R2011b\bin
136:  c:\Program Files (x86)\Microsoft SQL Server\100\Tools\Binn
136:  c:\Program Files\Microsoft SQL Server\100\Tools\Binn
136:  c:\Program Files\Microsoft SQL Server\100\DTS\Binn
136:  C:\Program Files (x86)\CMake 2.8\bin
136:  c:\Program Files (x86)\Microsoft ASP.NET\ASP.NET Web Pages\v1.0
136:  C:\Program Files\Microsoft\Web Platform Installer
136:  C:\Program Files\TortoiseHg
136:  C:\Program Files (x86)\Microsoft SQL Server\110\Tools\Binn
136:  C:\Program Files\Microsoft SQL Server\110\Tools\Binn
136:  C:\Program Files\Microsoft SQL Server\110\DTS\Binn
136:  C:\Program Files (x86)\Microsoft SQL Server\110\Tools\Binn\ManagementStudio
136:  C:\Program Files (x86)\Microsoft SQL Server\110\DTS\Binn
136:  C:\ProgramData\chocolatey\bin
136:  C:\Program Files\nodejs
136:  C:\Program Files (x86)\CMake\bin
136:  C:\Program Files\TortoiseGit\bin
136:  C:\Program Files\TortoiseSVN\bin
136:  C:\Program Files (x86)\nodejs
136:  C:\Program Files\Git\cmd
136:  c:\bin
136:  C:/tools/ninja
136:  C:\Users\fbergman\AppData\Roaming\npm
136: Test timeout computed to be: 3000
136/184 Test #136: test_cs_addCVTerms .....................   Passed    1.64 sec
test 137
        Start 137: test_cs_addingEvidenceCodes_1

137: Test command: C:\Development\libsbml-64-packages\examples\csharp\addingEvidenceCodes_1.exe "C:/Development/libsbml-with-packages/examples/sample-models/from-spec/level-3/enzymekinetics.xml" "addingEvidenceCodes_1.out.xml"
137: Environment variables: 
137:  PATH=C:/Development/libsbml-64-packages/src/bindings/csharp/Release
137:  C:/Development/libsbml-64-packages/src/bindings/csharp/Release
137:  c:\Program Files (x86)\Microsoft F#\v4.0
137:  c:\Program Files (x86)\Microsoft Visual Studio 10.0\VSTSDB\Deploy
137:  c:\Program Files (x86)\Microsoft Visual Studio 10.0\Common7\IDE
137:  c:\Program Files (x86)\Microsoft Visual Studio 10.0\VC\BIN
137:  c:\Program Files (x86)\Microsoft Visual Studio 10.0\Common7\Tools
137:  c:\Windows\Microsoft.NET\Framework\v4.0.30319
137:  c:\Windows\Microsoft.NET\Framework\v3.5
137:  c:\Program Files (x86)\Microsoft Visual Studio 10.0\VC\VCPackages
137:  C:\Program Files (x86)\HTML Help Workshop
137:  C:\Program Files (x86)\HTML Help Workshop
137:  c:\Program Files (x86)\Microsoft Visual Studio 10.0\Team Tools\Performance Tools
137:  C:\Program Files (x86)\Microsoft SDKs\Windows\v7.0A\bin\NETFX 4.0 Tools
137:  C:\Program Files (x86)\Microsoft SDKs\Windows\v7.0A\bin
137:  c:\Program Files (x86)\CMake 2.8\bin
137:  C:\Program Files (x86)\CMake\bin
137:  C:\Perl_516\site\bin
137:  C:\Perl_516\bin
137:  C:\Perl64_516\site\bin
137:  C:\Perl64_516\bin
137:  C:\Perl64\site\bin
137:  C:\Perl64\bin
137:  C:\Perl32\site\bin
137:  C:\Perl32\bin
137:  C:\Windows\system32
137:  C:\Windows
137:  C:\Windows\System32\Wbem
137:  C:\Windows\System32\WindowsPowerShell\v1.0
137:  C:\Program Files\MATLAB\R2014a\runtime\win64
137:  C:\Program Files\MATLAB\R2014a\bin
137:  C:\Program Files\MATLAB\R2011b\runtime\win64
137:  C:\Program Files\MATLAB\R2011b\bin
137:  C:\Program Files (x86)\MATLAB\R2011b\runtime\win32
137:  C:\Program Files (x86)\MATLAB\R2011b\bin
137:  c:\Program Files (x86)\Microsoft SQL Server\100\Tools\Binn
137:  c:\Program Files\Microsoft SQL Server\100\Tools\Binn
137:  c:\Program Files\Microsoft SQL Server\100\DTS\Binn
137:  C:\Program Files (x86)\CMake 2.8\bin
137:  c:\Program Files (x86)\Microsoft ASP.NET\ASP.NET Web Pages\v1.0
137:  C:\Program Files\Microsoft\Web Platform Installer
137:  C:\Program Files\TortoiseHg
137:  C:\Program Files (x86)\Microsoft SQL Server\110\Tools\Binn
137:  C:\Program Files\Microsoft SQL Server\110\Tools\Binn
137:  C:\Program Files\Microsoft SQL Server\110\DTS\Binn
137:  C:\Program Files (x86)\Microsoft SQL Server\110\Tools\Binn\ManagementStudio
137:  C:\Program Files (x86)\Microsoft SQL Server\110\DTS\Binn
137:  C:\ProgramData\chocolatey\bin
137:  C:\Program Files\nodejs
137:  C:\Program Files (x86)\CMake\bin
137:  C:\Program Files\TortoiseGit\bin
137:  C:\Program Files\TortoiseSVN\bin
137:  C:\Program Files (x86)\nodejs
137:  C:\Program Files\Git\cmd
137:  c:\bin
137:  C:/tools/ninja
137:  C:\Users\fbergman\AppData\Roaming\npm
137: Test timeout computed to be: 3000
137/184 Test #137: test_cs_addingEvidenceCodes_1 ..........   Passed    0.14 sec
test 138
        Start 138: test_cs_addingEvidenceCodes_2

138: Test command: C:\Development\libsbml-64-packages\examples\csharp\addingEvidenceCodes_2.exe "C:/Development/libsbml-with-packages/examples/sample-models/from-spec/level-3/enzymekinetics.xml" "addingEvidenceCodes_2.out.xml"
138: Environment variables: 
138:  PATH=C:/Development/libsbml-64-packages/src/bindings/csharp/Release
138:  C:/Development/libsbml-64-packages/src/bindings/csharp/Release
138:  c:\Program Files (x86)\Microsoft F#\v4.0
138:  c:\Program Files (x86)\Microsoft Visual Studio 10.0\VSTSDB\Deploy
138:  c:\Program Files (x86)\Microsoft Visual Studio 10.0\Common7\IDE
138:  c:\Program Files (x86)\Microsoft Visual Studio 10.0\VC\BIN
138:  c:\Program Files (x86)\Microsoft Visual Studio 10.0\Common7\Tools
138:  c:\Windows\Microsoft.NET\Framework\v4.0.30319
138:  c:\Windows\Microsoft.NET\Framework\v3.5
138:  c:\Program Files (x86)\Microsoft Visual Studio 10.0\VC\VCPackages
138:  C:\Program Files (x86)\HTML Help Workshop
138:  C:\Program Files (x86)\HTML Help Workshop
138:  c:\Program Files (x86)\Microsoft Visual Studio 10.0\Team Tools\Performance Tools
138:  C:\Program Files (x86)\Microsoft SDKs\Windows\v7.0A\bin\NETFX 4.0 Tools
138:  C:\Program Files (x86)\Microsoft SDKs\Windows\v7.0A\bin
138:  c:\Program Files (x86)\CMake 2.8\bin
138:  C:\Program Files (x86)\CMake\bin
138:  C:\Perl_516\site\bin
138:  C:\Perl_516\bin
138:  C:\Perl64_516\site\bin
138:  C:\Perl64_516\bin
138:  C:\Perl64\site\bin
138:  C:\Perl64\bin
138:  C:\Perl32\site\bin
138:  C:\Perl32\bin
138:  C:\Windows\system32
138:  C:\Windows
138:  C:\Windows\System32\Wbem
138:  C:\Windows\System32\WindowsPowerShell\v1.0
138:  C:\Program Files\MATLAB\R2014a\runtime\win64
138:  C:\Program Files\MATLAB\R2014a\bin
138:  C:\Program Files\MATLAB\R2011b\runtime\win64
138:  C:\Program Files\MATLAB\R2011b\bin
138:  C:\Program Files (x86)\MATLAB\R2011b\runtime\win32
138:  C:\Program Files (x86)\MATLAB\R2011b\bin
138:  c:\Program Files (x86)\Microsoft SQL Server\100\Tools\Binn
138:  c:\Program Files\Microsoft SQL Server\100\Tools\Binn
138:  c:\Program Files\Microsoft SQL Server\100\DTS\Binn
138:  C:\Program Files (x86)\CMake 2.8\bin
138:  c:\Program Files (x86)\Microsoft ASP.NET\ASP.NET Web Pages\v1.0
138:  C:\Program Files\Microsoft\Web Platform Installer
138:  C:\Program Files\TortoiseHg
138:  C:\Program Files (x86)\Microsoft SQL Server\110\Tools\Binn
138:  C:\Program Files\Microsoft SQL Server\110\Tools\Binn
138:  C:\Program Files\Microsoft SQL Server\110\DTS\Binn
138:  C:\Program Files (x86)\Microsoft SQL Server\110\Tools\Binn\ManagementStudio
138:  C:\Program Files (x86)\Microsoft SQL Server\110\DTS\Binn
138:  C:\ProgramData\chocolatey\bin
138:  C:\Program Files\nodejs
138:  C:\Program Files (x86)\CMake\bin
138:  C:\Program Files\TortoiseGit\bin
138:  C:\Program Files\TortoiseSVN\bin
138:  C:\Program Files (x86)\nodejs
138:  C:\Program Files\Git\cmd
138:  c:\bin
138:  C:/tools/ninja
138:  C:\Users\fbergman\AppData\Roaming\npm
138: Test timeout computed to be: 3000
138/184 Test #138: test_cs_addingEvidenceCodes_2 ..........   Passed    0.12 sec
test 139
        Start 139: test_cs_addModelHistory

139: Test command: C:\Development\libsbml-64-packages\examples\csharp\addModelHistory.exe "C:/Development/libsbml-with-packages/examples/sample-models/from-spec/level-3/enzymekinetics.xml" "addModelHistory.out.xml"
139: Environment variables: 
139:  PATH=C:/Development/libsbml-64-packages/src/bindings/csharp/Release
139:  C:/Development/libsbml-64-packages/src/bindings/csharp/Release
139:  c:\Program Files (x86)\Microsoft F#\v4.0
139:  c:\Program Files (x86)\Microsoft Visual Studio 10.0\VSTSDB\Deploy
139:  c:\Program Files (x86)\Microsoft Visual Studio 10.0\Common7\IDE
139:  c:\Program Files (x86)\Microsoft Visual Studio 10.0\VC\BIN
139:  c:\Program Files (x86)\Microsoft Visual Studio 10.0\Common7\Tools
139:  c:\Windows\Microsoft.NET\Framework\v4.0.30319
139:  c:\Windows\Microsoft.NET\Framework\v3.5
139:  c:\Program Files (x86)\Microsoft Visual Studio 10.0\VC\VCPackages
139:  C:\Program Files (x86)\HTML Help Workshop
139:  C:\Program Files (x86)\HTML Help Workshop
139:  c:\Program Files (x86)\Microsoft Visual Studio 10.0\Team Tools\Performance Tools
139:  C:\Program Files (x86)\Microsoft SDKs\Windows\v7.0A\bin\NETFX 4.0 Tools
139:  C:\Program Files (x86)\Microsoft SDKs\Windows\v7.0A\bin
139:  c:\Program Files (x86)\CMake 2.8\bin
139:  C:\Program Files (x86)\CMake\bin
139:  C:\Perl_516\site\bin
139:  C:\Perl_516\bin
139:  C:\Perl64_516\site\bin
139:  C:\Perl64_516\bin
139:  C:\Perl64\site\bin
139:  C:\Perl64\bin
139:  C:\Perl32\site\bin
139:  C:\Perl32\bin
139:  C:\Windows\system32
139:  C:\Windows
139:  C:\Windows\System32\Wbem
139:  C:\Windows\System32\WindowsPowerShell\v1.0
139:  C:\Program Files\MATLAB\R2014a\runtime\win64
139:  C:\Program Files\MATLAB\R2014a\bin
139:  C:\Program Files\MATLAB\R2011b\runtime\win64
139:  C:\Program Files\MATLAB\R2011b\bin
139:  C:\Program Files (x86)\MATLAB\R2011b\runtime\win32
139:  C:\Program Files (x86)\MATLAB\R2011b\bin
139:  c:\Program Files (x86)\Microsoft SQL Server\100\Tools\Binn
139:  c:\Program Files\Microsoft SQL Server\100\Tools\Binn
139:  c:\Program Files\Microsoft SQL Server\100\DTS\Binn
139:  C:\Program Files (x86)\CMake 2.8\bin
139:  c:\Program Files (x86)\Microsoft ASP.NET\ASP.NET Web Pages\v1.0
139:  C:\Program Files\Microsoft\Web Platform Installer
139:  C:\Program Files\TortoiseHg
139:  C:\Program Files (x86)\Microsoft SQL Server\110\Tools\Binn
139:  C:\Program Files\Microsoft SQL Server\110\Tools\Binn
139:  C:\Program Files\Microsoft SQL Server\110\DTS\Binn
139:  C:\Program Files (x86)\Microsoft SQL Server\110\Tools\Binn\ManagementStudio
139:  C:\Program Files (x86)\Microsoft SQL Server\110\DTS\Binn
139:  C:\ProgramData\chocolatey\bin
139:  C:\Program Files\nodejs
139:  C:\Program Files (x86)\CMake\bin
139:  C:\Program Files\TortoiseGit\bin
139:  C:\Program Files\TortoiseSVN\bin
139:  C:\Program Files (x86)\nodejs
139:  C:\Program Files\Git\cmd
139:  c:\bin
139:  C:/tools/ninja
139:  C:\Users\fbergman\AppData\Roaming\npm
139: Test timeout computed to be: 3000
139: Status for addCreator: succeeded
139: Set created date:      succeeded
139: Set modified date:     succeeded
139: Set model history:     unknown
139/184 Test #139: test_cs_addModelHistory ................   Passed    0.09 sec
test 140
        Start 140: test_cs_appendAnnotation

140: Test command: C:\Development\libsbml-64-packages\examples\csharp\appendAnnotation.exe "C:/Development/libsbml-with-packages/examples/sample-models/from-spec/level-3/enzymekinetics.xml" "appendAnnotation.out.xml"
140: Environment variables: 
140:  PATH=C:/Development/libsbml-64-packages/src/bindings/csharp/Release
140:  C:/Development/libsbml-64-packages/src/bindings/csharp/Release
140:  c:\Program Files (x86)\Microsoft F#\v4.0
140:  c:\Program Files (x86)\Microsoft Visual Studio 10.0\VSTSDB\Deploy
140:  c:\Program Files (x86)\Microsoft Visual Studio 10.0\Common7\IDE
140:  c:\Program Files (x86)\Microsoft Visual Studio 10.0\VC\BIN
140:  c:\Program Files (x86)\Microsoft Visual Studio 10.0\Common7\Tools
140:  c:\Windows\Microsoft.NET\Framework\v4.0.30319
140:  c:\Windows\Microsoft.NET\Framework\v3.5
140:  c:\Program Files (x86)\Microsoft Visual Studio 10.0\VC\VCPackages
140:  C:\Program Files (x86)\HTML Help Workshop
140:  C:\Program Files (x86)\HTML Help Workshop
140:  c:\Program Files (x86)\Microsoft Visual Studio 10.0\Team Tools\Performance Tools
140:  C:\Program Files (x86)\Microsoft SDKs\Windows\v7.0A\bin\NETFX 4.0 Tools
140:  C:\Program Files (x86)\Microsoft SDKs\Windows\v7.0A\bin
140:  c:\Program Files (x86)\CMake 2.8\bin
140:  C:\Program Files (x86)\CMake\bin
140:  C:\Perl_516\site\bin
140:  C:\Perl_516\bin
140:  C:\Perl64_516\site\bin
140:  C:\Perl64_516\bin
140:  C:\Perl64\site\bin
140:  C:\Perl64\bin
140:  C:\Perl32\site\bin
140:  C:\Perl32\bin
140:  C:\Windows\system32
140:  C:\Windows
140:  C:\Windows\System32\Wbem
140:  C:\Windows\System32\WindowsPowerShell\v1.0
140:  C:\Program Files\MATLAB\R2014a\runtime\win64
140:  C:\Program Files\MATLAB\R2014a\bin
140:  C:\Program Files\MATLAB\R2011b\runtime\win64
140:  C:\Program Files\MATLAB\R2011b\bin
140:  C:\Program Files (x86)\MATLAB\R2011b\runtime\win32
140:  C:\Program Files (x86)\MATLAB\R2011b\bin
140:  c:\Program Files (x86)\Microsoft SQL Server\100\Tools\Binn
140:  c:\Program Files\Microsoft SQL Server\100\Tools\Binn
140:  c:\Program Files\Microsoft SQL Server\100\DTS\Binn
140:  C:\Program Files (x86)\CMake 2.8\bin
140:  c:\Program Files (x86)\Microsoft ASP.NET\ASP.NET Web Pages\v1.0
140:  C:\Program Files\Microsoft\Web Platform Installer
140:  C:\Program Files\TortoiseHg
140:  C:\Program Files (x86)\Microsoft SQL Server\110\Tools\Binn
140:  C:\Program Files\Microsoft SQL Server\110\Tools\Binn
140:  C:\Program Files\Microsoft SQL Server\110\DTS\Binn
140:  C:\Program Files (x86)\Microsoft SQL Server\110\Tools\Binn\ManagementStudio
140:  C:\Program Files (x86)\Microsoft SQL Server\110\DTS\Binn
140:  C:\ProgramData\chocolatey\bin
140:  C:\Program Files\nodejs
140:  C:\Program Files (x86)\CMake\bin
140:  C:\Program Files\TortoiseGit\bin
140:  C:\Program Files\TortoiseSVN\bin
140:  C:\Program Files (x86)\nodejs
140:  C:\Program Files\Git\cmd
140:  c:\bin
140:  C:/tools/ninja
140:  C:\Users\fbergman\AppData\Roaming\npm
140: Test timeout computed to be: 3000
140/184 Test #140: test_cs_appendAnnotation ...............   Passed    0.11 sec
test 141
        Start 141: test_cs_convertSBML

141: Test command: C:\Development\libsbml-64-packages\examples\csharp\convertSBML.exe "C:/Development/libsbml-with-packages/examples/sample-models/from-spec/level-3/enzymekinetics.xml" "convertSBML.out.xml"
141: Environment variables: 
141:  PATH=C:/Development/libsbml-64-packages/src/bindings/csharp/Release
141:  C:/Development/libsbml-64-packages/src/bindings/csharp/Release
141:  c:\Program Files (x86)\Microsoft F#\v4.0
141:  c:\Program Files (x86)\Microsoft Visual Studio 10.0\VSTSDB\Deploy
141:  c:\Program Files (x86)\Microsoft Visual Studio 10.0\Common7\IDE
141:  c:\Program Files (x86)\Microsoft Visual Studio 10.0\VC\BIN
141:  c:\Program Files (x86)\Microsoft Visual Studio 10.0\Common7\Tools
141:  c:\Windows\Microsoft.NET\Framework\v4.0.30319
141:  c:\Windows\Microsoft.NET\Framework\v3.5
141:  c:\Program Files (x86)\Microsoft Visual Studio 10.0\VC\VCPackages
141:  C:\Program Files (x86)\HTML Help Workshop
141:  C:\Program Files (x86)\HTML Help Workshop
141:  c:\Program Files (x86)\Microsoft Visual Studio 10.0\Team Tools\Performance Tools
141:  C:\Program Files (x86)\Microsoft SDKs\Windows\v7.0A\bin\NETFX 4.0 Tools
141:  C:\Program Files (x86)\Microsoft SDKs\Windows\v7.0A\bin
141:  c:\Program Files (x86)\CMake 2.8\bin
141:  C:\Program Files (x86)\CMake\bin
141:  C:\Perl_516\site\bin
141:  C:\Perl_516\bin
141:  C:\Perl64_516\site\bin
141:  C:\Perl64_516\bin
141:  C:\Perl64\site\bin
141:  C:\Perl64\bin
141:  C:\Perl32\site\bin
141:  C:\Perl32\bin
141:  C:\Windows\system32
141:  C:\Windows
141:  C:\Windows\System32\Wbem
141:  C:\Windows\System32\WindowsPowerShell\v1.0
141:  C:\Program Files\MATLAB\R2014a\runtime\win64
141:  C:\Program Files\MATLAB\R2014a\bin
141:  C:\Program Files\MATLAB\R2011b\runtime\win64
141:  C:\Program Files\MATLAB\R2011b\bin
141:  C:\Program Files (x86)\MATLAB\R2011b\runtime\win32
141:  C:\Program Files (x86)\MATLAB\R2011b\bin
141:  c:\Program Files (x86)\Microsoft SQL Server\100\Tools\Binn
141:  c:\Program Files\Microsoft SQL Server\100\Tools\Binn
141:  c:\Program Files\Microsoft SQL Server\100\DTS\Binn
141:  C:\Program Files (x86)\CMake 2.8\bin
141:  c:\Program Files (x86)\Microsoft ASP.NET\ASP.NET Web Pages\v1.0
141:  C:\Program Files\Microsoft\Web Platform Installer
141:  C:\Program Files\TortoiseHg
141:  C:\Program Files (x86)\Microsoft SQL Server\110\Tools\Binn
141:  C:\Program Files\Microsoft SQL Server\110\Tools\Binn
141:  C:\Program Files\Microsoft SQL Server\110\DTS\Binn
141:  C:\Program Files (x86)\Microsoft SQL Server\110\Tools\Binn\ManagementStudio
141:  C:\Program Files (x86)\Microsoft SQL Server\110\DTS\Binn
141:  C:\ProgramData\chocolatey\bin
141:  C:\Program Files\nodejs
141:  C:\Program Files (x86)\CMake\bin
141:  C:\Program Files\TortoiseGit\bin
141:  C:\Program Files\TortoiseSVN\bin
141:  C:\Program Files (x86)\nodejs
141:  C:\Program Files\Git\cmd
141:  c:\bin
141:  C:/tools/ninja
141:  C:\Users\fbergman\AppData\Roaming\npm
141: Test timeout computed to be: 3000
141: Attempting to convert Level 3 Version 1 model to Level 3 Version 2.
141: Conversion completed.
141/184 Test #141: test_cs_convertSBML ....................   Passed    0.19 sec
test 142
        Start 142: test_cs_createExampleSBML

142: Test command: C:\Development\libsbml-64-packages\examples\csharp\createExampleSBML.exe "C:/Development/libsbml-with-packages/examples/sample-models/from-spec/level-3/enzymekinetics.xml" "createExampleSBML.out.xml"
142: Environment variables: 
142:  PATH=C:/Development/libsbml-64-packages/src/bindings/csharp/Release
142:  C:/Development/libsbml-64-packages/src/bindings/csharp/Release
142:  c:\Program Files (x86)\Microsoft F#\v4.0
142:  c:\Program Files (x86)\Microsoft Visual Studio 10.0\VSTSDB\Deploy
142:  c:\Program Files (x86)\Microsoft Visual Studio 10.0\Common7\IDE
142:  c:\Program Files (x86)\Microsoft Visual Studio 10.0\VC\BIN
142:  c:\Program Files (x86)\Microsoft Visual Studio 10.0\Common7\Tools
142:  c:\Windows\Microsoft.NET\Framework\v4.0.30319
142:  c:\Windows\Microsoft.NET\Framework\v3.5
142:  c:\Program Files (x86)\Microsoft Visual Studio 10.0\VC\VCPackages
142:  C:\Program Files (x86)\HTML Help Workshop
142:  C:\Program Files (x86)\HTML Help Workshop
142:  c:\Program Files (x86)\Microsoft Visual Studio 10.0\Team Tools\Performance Tools
142:  C:\Program Files (x86)\Microsoft SDKs\Windows\v7.0A\bin\NETFX 4.0 Tools
142:  C:\Program Files (x86)\Microsoft SDKs\Windows\v7.0A\bin
142:  c:\Program Files (x86)\CMake 2.8\bin
142:  C:\Program Files (x86)\CMake\bin
142:  C:\Perl_516\site\bin
142:  C:\Perl_516\bin
142:  C:\Perl64_516\site\bin
142:  C:\Perl64_516\bin
142:  C:\Perl64\site\bin
142:  C:\Perl64\bin
142:  C:\Perl32\site\bin
142:  C:\Perl32\bin
142:  C:\Windows\system32
142:  C:\Windows
142:  C:\Windows\System32\Wbem
142:  C:\Windows\System32\WindowsPowerShell\v1.0
142:  C:\Program Files\MATLAB\R2014a\runtime\win64
142:  C:\Program Files\MATLAB\R2014a\bin
142:  C:\Program Files\MATLAB\R2011b\runtime\win64
142:  C:\Program Files\MATLAB\R2011b\bin
142:  C:\Program Files (x86)\MATLAB\R2011b\runtime\win32
142:  C:\Program Files (x86)\MATLAB\R2011b\bin
142:  c:\Program Files (x86)\Microsoft SQL Server\100\Tools\Binn
142:  c:\Program Files\Microsoft SQL Server\100\Tools\Binn
142:  c:\Program Files\Microsoft SQL Server\100\DTS\Binn
142:  C:\Program Files (x86)\CMake 2.8\bin
142:  c:\Program Files (x86)\Microsoft ASP.NET\ASP.NET Web Pages\v1.0
142:  C:\Program Files\Microsoft\Web Platform Installer
142:  C:\Program Files\TortoiseHg
142:  C:\Program Files (x86)\Microsoft SQL Server\110\Tools\Binn
142:  C:\Program Files\Microsoft SQL Server\110\Tools\Binn
142:  C:\Program Files\Microsoft SQL Server\110\DTS\Binn
142:  C:\Program Files (x86)\Microsoft SQL Server\110\Tools\Binn\ManagementStudio
142:  C:\Program Files (x86)\Microsoft SQL Server\110\DTS\Binn
142:  C:\ProgramData\chocolatey\bin
142:  C:\Program Files\nodejs
142:  C:\Program Files (x86)\CMake\bin
142:  C:\Program Files\TortoiseGit\bin
142:  C:\Program Files\TortoiseSVN\bin
142:  C:\Program Files (x86)\nodejs
142:  C:\Program Files\Git\cmd
142:  c:\bin
142:  C:/tools/ninja
142:  C:\Users\fbergman\AppData\Roaming\npm
142: Test timeout computed to be: 3000
142: Wrote file "enzymaticreaction.xml"
142: Wrote file "units.xml"
142: 
142: 
142: Notice: encountered 1 validation warning in model 'functionExample'.
142: 
142: line 1: (99505 [Warning]) In situations where a mathematical expression contains literal numbers or parameters whose units have not been declared, it is not possible to verify accurately the consistency of the units in the expression. 
142:  The units of the <kineticLaw> <math> expression 'f(S1) * compartmentOne / t' cannot be fully checked. Unit consistency reported as either no errors or further unit errors related to this object may not be accurate.
142: 
142: 
142: Wrote file "functiondef.xml"
142/184 Test #142: test_cs_createExampleSBML ..............   Passed    0.25 sec
test 143
        Start 143: test_cs_echoSBML

143: Test command: C:\Development\libsbml-64-packages\examples\csharp\echoSBML.exe "C:/Development/libsbml-with-packages/examples/sample-models/from-spec/level-3/enzymekinetics.xml" "echoSBML.out.xml"
143: Environment variables: 
143:  PATH=C:/Development/libsbml-64-packages/src/bindings/csharp/Release
143:  C:/Development/libsbml-64-packages/src/bindings/csharp/Release
143:  c:\Program Files (x86)\Microsoft F#\v4.0
143:  c:\Program Files (x86)\Microsoft Visual Studio 10.0\VSTSDB\Deploy
143:  c:\Program Files (x86)\Microsoft Visual Studio 10.0\Common7\IDE
143:  c:\Program Files (x86)\Microsoft Visual Studio 10.0\VC\BIN
143:  c:\Program Files (x86)\Microsoft Visual Studio 10.0\Common7\Tools
143:  c:\Windows\Microsoft.NET\Framework\v4.0.30319
143:  c:\Windows\Microsoft.NET\Framework\v3.5
143:  c:\Program Files (x86)\Microsoft Visual Studio 10.0\VC\VCPackages
143:  C:\Program Files (x86)\HTML Help Workshop
143:  C:\Program Files (x86)\HTML Help Workshop
143:  c:\Program Files (x86)\Microsoft Visual Studio 10.0\Team Tools\Performance Tools
143:  C:\Program Files (x86)\Microsoft SDKs\Windows\v7.0A\bin\NETFX 4.0 Tools
143:  C:\Program Files (x86)\Microsoft SDKs\Windows\v7.0A\bin
143:  c:\Program Files (x86)\CMake 2.8\bin
143:  C:\Program Files (x86)\CMake\bin
143:  C:\Perl_516\site\bin
143:  C:\Perl_516\bin
143:  C:\Perl64_516\site\bin
143:  C:\Perl64_516\bin
143:  C:\Perl64\site\bin
143:  C:\Perl64\bin
143:  C:\Perl32\site\bin
143:  C:\Perl32\bin
143:  C:\Windows\system32
143:  C:\Windows
143:  C:\Windows\System32\Wbem
143:  C:\Windows\System32\WindowsPowerShell\v1.0
143:  C:\Program Files\MATLAB\R2014a\runtime\win64
143:  C:\Program Files\MATLAB\R2014a\bin
143:  C:\Program Files\MATLAB\R2011b\runtime\win64
143:  C:\Program Files\MATLAB\R2011b\bin
143:  C:\Program Files (x86)\MATLAB\R2011b\runtime\win32
143:  C:\Program Files (x86)\MATLAB\R2011b\bin
143:  c:\Program Files (x86)\Microsoft SQL Server\100\Tools\Binn
143:  c:\Program Files\Microsoft SQL Server\100\Tools\Binn
143:  c:\Program Files\Microsoft SQL Server\100\DTS\Binn
143:  C:\Program Files (x86)\CMake 2.8\bin
143:  c:\Program Files (x86)\Microsoft ASP.NET\ASP.NET Web Pages\v1.0
143:  C:\Program Files\Microsoft\Web Platform Installer
143:  C:\Program Files\TortoiseHg
143:  C:\Program Files (x86)\Microsoft SQL Server\110\Tools\Binn
143:  C:\Program Files\Microsoft SQL Server\110\Tools\Binn
143:  C:\Program Files\Microsoft SQL Server\110\DTS\Binn
143:  C:\Program Files (x86)\Microsoft SQL Server\110\Tools\Binn\ManagementStudio
143:  C:\Program Files (x86)\Microsoft SQL Server\110\DTS\Binn
143:  C:\ProgramData\chocolatey\bin
143:  C:\Program Files\nodejs
143:  C:\Program Files (x86)\CMake\bin
143:  C:\Program Files\TortoiseGit\bin
143:  C:\Program Files\TortoiseSVN\bin
143:  C:\Program Files (x86)\nodejs
143:  C:\Program Files\Git\cmd
143:  c:\bin
143:  C:/tools/ninja
143:  C:\Users\fbergman\AppData\Roaming\npm
143: Test timeout computed to be: 3000
143: [OK] Echoed C:/Development/libsbml-with-packages/examples/sample-models/from-spec/level-3/enzymekinetics.xml to echoSBML.out.xml
143/184 Test #143: test_cs_echoSBML .......................   Passed    0.14 sec
test 144
        Start 144: test_cs_GetAllElementsWithNotes

144: Test command: C:\Development\libsbml-64-packages\examples\csharp\GetAllElementsWithNotes.exe "C:/Development/libsbml-with-packages/examples/sample-models/from-spec/level-3/enzymekinetics.xml"
144: Environment variables: 
144:  PATH=C:/Development/libsbml-64-packages/src/bindings/csharp/Release
144:  C:/Development/libsbml-64-packages/src/bindings/csharp/Release
144:  c:\Program Files (x86)\Microsoft F#\v4.0
144:  c:\Program Files (x86)\Microsoft Visual Studio 10.0\VSTSDB\Deploy
144:  c:\Program Files (x86)\Microsoft Visual Studio 10.0\Common7\IDE
144:  c:\Program Files (x86)\Microsoft Visual Studio 10.0\VC\BIN
144:  c:\Program Files (x86)\Microsoft Visual Studio 10.0\Common7\Tools
144:  c:\Windows\Microsoft.NET\Framework\v4.0.30319
144:  c:\Windows\Microsoft.NET\Framework\v3.5
144:  c:\Program Files (x86)\Microsoft Visual Studio 10.0\VC\VCPackages
144:  C:\Program Files (x86)\HTML Help Workshop
144:  C:\Program Files (x86)\HTML Help Workshop
144:  c:\Program Files (x86)\Microsoft Visual Studio 10.0\Team Tools\Performance Tools
144:  C:\Program Files (x86)\Microsoft SDKs\Windows\v7.0A\bin\NETFX 4.0 Tools
144:  C:\Program Files (x86)\Microsoft SDKs\Windows\v7.0A\bin
144:  c:\Program Files (x86)\CMake 2.8\bin
144:  C:\Program Files (x86)\CMake\bin
144:  C:\Perl_516\site\bin
144:  C:\Perl_516\bin
144:  C:\Perl64_516\site\bin
144:  C:\Perl64_516\bin
144:  C:\Perl64\site\bin
144:  C:\Perl64\bin
144:  C:\Perl32\site\bin
144:  C:\Perl32\bin
144:  C:\Windows\system32
144:  C:\Windows
144:  C:\Windows\System32\Wbem
144:  C:\Windows\System32\WindowsPowerShell\v1.0
144:  C:\Program Files\MATLAB\R2014a\runtime\win64
144:  C:\Program Files\MATLAB\R2014a\bin
144:  C:\Program Files\MATLAB\R2011b\runtime\win64
144:  C:\Program Files\MATLAB\R2011b\bin
144:  C:\Program Files (x86)\MATLAB\R2011b\runtime\win32
144:  C:\Program Files (x86)\MATLAB\R2011b\bin
144:  c:\Program Files (x86)\Microsoft SQL Server\100\Tools\Binn
144:  c:\Program Files\Microsoft SQL Server\100\Tools\Binn
144:  c:\Program Files\Microsoft SQL Server\100\DTS\Binn
144:  C:\Program Files (x86)\CMake 2.8\bin
144:  c:\Program Files (x86)\Microsoft ASP.NET\ASP.NET Web Pages\v1.0
144:  C:\Program Files\Microsoft\Web Platform Installer
144:  C:\Program Files\TortoiseHg
144:  C:\Program Files (x86)\Microsoft SQL Server\110\Tools\Binn
144:  C:\Program Files\Microsoft SQL Server\110\Tools\Binn
144:  C:\Program Files\Microsoft SQL Server\110\DTS\Binn
144:  C:\Program Files (x86)\Microsoft SQL Server\110\Tools\Binn\ManagementStudio
144:  C:\Program Files (x86)\Microsoft SQL Server\110\DTS\Binn
144:  C:\ProgramData\chocolatey\bin
144:  C:\Program Files\nodejs
144:  C:\Program Files (x86)\CMake\bin
144:  C:\Program Files\TortoiseGit\bin
144:  C:\Program Files\TortoiseSVN\bin
144:  C:\Program Files (x86)\nodejs
144:  C:\Program Files\Git\cmd
144:  c:\bin
144:  C:/tools/ninja
144:  C:\Users\fbergman\AppData\Roaming\npm
144: Test timeout computed to be: 3000
144: 
144:             filename: C:/Development/libsbml-with-packages/examples/sample-models/from-spec/level-3/enzymekinetics.xml
144:       read time (ms): 15.6003
144:     searching ......:
144:     search time (ms): 0
144: 
144:  elements with notes: 0
144: 
144/184 Test #144: test_cs_GetAllElementsWithNotes ........   Passed    0.11 sec
test 145
        Start 145: test_cs_printAnnotation

145: Test command: C:\Development\libsbml-64-packages\examples\csharp\printAnnotation.exe "C:/Development/libsbml-with-packages/examples/sample-models/from-spec/level-3/enzymekinetics.xml"
145: Environment variables: 
145:  PATH=C:/Development/libsbml-64-packages/src/bindings/csharp/Release
145:  C:/Development/libsbml-64-packages/src/bindings/csharp/Release
145:  c:\Program Files (x86)\Microsoft F#\v4.0
145:  c:\Program Files (x86)\Microsoft Visual Studio 10.0\VSTSDB\Deploy
145:  c:\Program Files (x86)\Microsoft Visual Studio 10.0\Common7\IDE
145:  c:\Program Files (x86)\Microsoft Visual Studio 10.0\VC\BIN
145:  c:\Program Files (x86)\Microsoft Visual Studio 10.0\Common7\Tools
145:  c:\Windows\Microsoft.NET\Framework\v4.0.30319
145:  c:\Windows\Microsoft.NET\Framework\v3.5
145:  c:\Program Files (x86)\Microsoft Visual Studio 10.0\VC\VCPackages
145:  C:\Program Files (x86)\HTML Help Workshop
145:  C:\Program Files (x86)\HTML Help Workshop
145:  c:\Program Files (x86)\Microsoft Visual Studio 10.0\Team Tools\Performance Tools
145:  C:\Program Files (x86)\Microsoft SDKs\Windows\v7.0A\bin\NETFX 4.0 Tools
145:  C:\Program Files (x86)\Microsoft SDKs\Windows\v7.0A\bin
145:  c:\Program Files (x86)\CMake 2.8\bin
145:  C:\Program Files (x86)\CMake\bin
145:  C:\Perl_516\site\bin
145:  C:\Perl_516\bin
145:  C:\Perl64_516\site\bin
145:  C:\Perl64_516\bin
145:  C:\Perl64\site\bin
145:  C:\Perl64\bin
145:  C:\Perl32\site\bin
145:  C:\Perl32\bin
145:  C:\Windows\system32
145:  C:\Windows
145:  C:\Windows\System32\Wbem
145:  C:\Windows\System32\WindowsPowerShell\v1.0
145:  C:\Program Files\MATLAB\R2014a\runtime\win64
145:  C:\Program Files\MATLAB\R2014a\bin
145:  C:\Program Files\MATLAB\R2011b\runtime\win64
145:  C:\Program Files\MATLAB\R2011b\bin
145:  C:\Program Files (x86)\MATLAB\R2011b\runtime\win32
145:  C:\Program Files (x86)\MATLAB\R2011b\bin
145:  c:\Program Files (x86)\Microsoft SQL Server\100\Tools\Binn
145:  c:\Program Files\Microsoft SQL Server\100\Tools\Binn
145:  c:\Program Files\Microsoft SQL Server\100\DTS\Binn
145:  C:\Program Files (x86)\CMake 2.8\bin
145:  c:\Program Files (x86)\Microsoft ASP.NET\ASP.NET Web Pages\v1.0
145:  C:\Program Files\Microsoft\Web Platform Installer
145:  C:\Program Files\TortoiseHg
145:  C:\Program Files (x86)\Microsoft SQL Server\110\Tools\Binn
145:  C:\Program Files\Microsoft SQL Server\110\Tools\Binn
145:  C:\Program Files\Microsoft SQL Server\110\DTS\Binn
145:  C:\Program Files (x86)\Microsoft SQL Server\110\Tools\Binn\ManagementStudio
145:  C:\Program Files (x86)\Microsoft SQL Server\110\DTS\Binn
145:  C:\ProgramData\chocolatey\bin
145:  C:\Program Files\nodejs
145:  C:\Program Files (x86)\CMake\bin
145:  C:\Program Files\TortoiseGit\bin
145:  C:\Program Files\TortoiseSVN\bin
145:  C:\Program Files (x86)\nodejs
145:  C:\Program Files\Git\cmd
145:  c:\bin
145:  C:/tools/ninja
145:  C:\Users\fbergman\AppData\Roaming\npm
145: Test timeout computed to be: 3000
145: 
145: filename: C:/Development/libsbml-with-packages/examples/sample-models/from-spec/level-3/enzymekinetics.xml
145: 
145/184 Test #145: test_cs_printAnnotation ................   Passed    0.12 sec
test 146
        Start 146: test_cs_printMath

146: Test command: C:\Development\libsbml-64-packages\examples\csharp\printMath.exe "C:/Development/libsbml-with-packages/examples/sample-models/from-spec/level-3/enzymekinetics.xml"
146: Environment variables: 
146:  PATH=C:/Development/libsbml-64-packages/src/bindings/csharp/Release
146:  C:/Development/libsbml-64-packages/src/bindings/csharp/Release
146:  c:\Program Files (x86)\Microsoft F#\v4.0
146:  c:\Program Files (x86)\Microsoft Visual Studio 10.0\VSTSDB\Deploy
146:  c:\Program Files (x86)\Microsoft Visual Studio 10.0\Common7\IDE
146:  c:\Program Files (x86)\Microsoft Visual Studio 10.0\VC\BIN
146:  c:\Program Files (x86)\Microsoft Visual Studio 10.0\Common7\Tools
146:  c:\Windows\Microsoft.NET\Framework\v4.0.30319
146:  c:\Windows\Microsoft.NET\Framework\v3.5
146:  c:\Program Files (x86)\Microsoft Visual Studio 10.0\VC\VCPackages
146:  C:\Program Files (x86)\HTML Help Workshop
146:  C:\Program Files (x86)\HTML Help Workshop
146:  c:\Program Files (x86)\Microsoft Visual Studio 10.0\Team Tools\Performance Tools
146:  C:\Program Files (x86)\Microsoft SDKs\Windows\v7.0A\bin\NETFX 4.0 Tools
146:  C:\Program Files (x86)\Microsoft SDKs\Windows\v7.0A\bin
146:  c:\Program Files (x86)\CMake 2.8\bin
146:  C:\Program Files (x86)\CMake\bin
146:  C:\Perl_516\site\bin
146:  C:\Perl_516\bin
146:  C:\Perl64_516\site\bin
146:  C:\Perl64_516\bin
146:  C:\Perl64\site\bin
146:  C:\Perl64\bin
146:  C:\Perl32\site\bin
146:  C:\Perl32\bin
146:  C:\Windows\system32
146:  C:\Windows
146:  C:\Windows\System32\Wbem
146:  C:\Windows\System32\WindowsPowerShell\v1.0
146:  C:\Program Files\MATLAB\R2014a\runtime\win64
146:  C:\Program Files\MATLAB\R2014a\bin
146:  C:\Program Files\MATLAB\R2011b\runtime\win64
146:  C:\Program Files\MATLAB\R2011b\bin
146:  C:\Program Files (x86)\MATLAB\R2011b\runtime\win32
146:  C:\Program Files (x86)\MATLAB\R2011b\bin
146:  c:\Program Files (x86)\Microsoft SQL Server\100\Tools\Binn
146:  c:\Program Files\Microsoft SQL Server\100\Tools\Binn
146:  c:\Program Files\Microsoft SQL Server\100\DTS\Binn
146:  C:\Program Files (x86)\CMake 2.8\bin
146:  c:\Program Files (x86)\Microsoft ASP.NET\ASP.NET Web Pages\v1.0
146:  C:\Program Files\Microsoft\Web Platform Installer
146:  C:\Program Files\TortoiseHg
146:  C:\Program Files (x86)\Microsoft SQL Server\110\Tools\Binn
146:  C:\Program Files\Microsoft SQL Server\110\Tools\Binn
146:  C:\Program Files\Microsoft SQL Server\110\DTS\Binn
146:  C:\Program Files (x86)\Microsoft SQL Server\110\Tools\Binn\ManagementStudio
146:  C:\Program Files (x86)\Microsoft SQL Server\110\DTS\Binn
146:  C:\ProgramData\chocolatey\bin
146:  C:\Program Files\nodejs
146:  C:\Program Files (x86)\CMake\bin
146:  C:\Program Files\TortoiseGit\bin
146:  C:\Program Files\TortoiseSVN\bin
146:  C:\Program Files (x86)\nodejs
146:  C:\Program Files\Git\cmd
146:  c:\bin
146:  C:/tools/ninja
146:  C:\Users\fbergman\AppData\Roaming\npm
146: Test timeout computed to be: 3000
146: 
146: Reaction 1, formula: comp * (kon * E * S - koff * ES)
146: Reaction 2, formula: comp * kcat * ES
146: 
146: 
146/184 Test #146: test_cs_printMath ......................   Passed    0.11 sec
test 147
        Start 147: test_cs_printNotes

147: Test command: C:\Development\libsbml-64-packages\examples\csharp\printNotes.exe "C:/Development/libsbml-with-packages/examples/sample-models/from-spec/level-3/enzymekinetics.xml"
147: Environment variables: 
147:  PATH=C:/Development/libsbml-64-packages/src/bindings/csharp/Release
147:  C:/Development/libsbml-64-packages/src/bindings/csharp/Release
147:  c:\Program Files (x86)\Microsoft F#\v4.0
147:  c:\Program Files (x86)\Microsoft Visual Studio 10.0\VSTSDB\Deploy
147:  c:\Program Files (x86)\Microsoft Visual Studio 10.0\Common7\IDE
147:  c:\Program Files (x86)\Microsoft Visual Studio 10.0\VC\BIN
147:  c:\Program Files (x86)\Microsoft Visual Studio 10.0\Common7\Tools
147:  c:\Windows\Microsoft.NET\Framework\v4.0.30319
147:  c:\Windows\Microsoft.NET\Framework\v3.5
147:  c:\Program Files (x86)\Microsoft Visual Studio 10.0\VC\VCPackages
147:  C:\Program Files (x86)\HTML Help Workshop
147:  C:\Program Files (x86)\HTML Help Workshop
147:  c:\Program Files (x86)\Microsoft Visual Studio 10.0\Team Tools\Performance Tools
147:  C:\Program Files (x86)\Microsoft SDKs\Windows\v7.0A\bin\NETFX 4.0 Tools
147:  C:\Program Files (x86)\Microsoft SDKs\Windows\v7.0A\bin
147:  c:\Program Files (x86)\CMake 2.8\bin
147:  C:\Program Files (x86)\CMake\bin
147:  C:\Perl_516\site\bin
147:  C:\Perl_516\bin
147:  C:\Perl64_516\site\bin
147:  C:\Perl64_516\bin
147:  C:\Perl64\site\bin
147:  C:\Perl64\bin
147:  C:\Perl32\site\bin
147:  C:\Perl32\bin
147:  C:\Windows\system32
147:  C:\Windows
147:  C:\Windows\System32\Wbem
147:  C:\Windows\System32\WindowsPowerShell\v1.0
147:  C:\Program Files\MATLAB\R2014a\runtime\win64
147:  C:\Program Files\MATLAB\R2014a\bin
147:  C:\Program Files\MATLAB\R2011b\runtime\win64
147:  C:\Program Files\MATLAB\R2011b\bin
147:  C:\Program Files (x86)\MATLAB\R2011b\runtime\win32
147:  C:\Program Files (x86)\MATLAB\R2011b\bin
147:  c:\Program Files (x86)\Microsoft SQL Server\100\Tools\Binn
147:  c:\Program Files\Microsoft SQL Server\100\Tools\Binn
147:  c:\Program Files\Microsoft SQL Server\100\DTS\Binn
147:  C:\Program Files (x86)\CMake 2.8\bin
147:  c:\Program Files (x86)\Microsoft ASP.NET\ASP.NET Web Pages\v1.0
147:  C:\Program Files\Microsoft\Web Platform Installer
147:  C:\Program Files\TortoiseHg
147:  C:\Program Files (x86)\Microsoft SQL Server\110\Tools\Binn
147:  C:\Program Files\Microsoft SQL Server\110\Tools\Binn
147:  C:\Program Files\Microsoft SQL Server\110\DTS\Binn
147:  C:\Program Files (x86)\Microsoft SQL Server\110\Tools\Binn\ManagementStudio
147:  C:\Program Files (x86)\Microsoft SQL Server\110\DTS\Binn
147:  C:\ProgramData\chocolatey\bin
147:  C:\Program Files\nodejs
147:  C:\Program Files (x86)\CMake\bin
147:  C:\Program Files\TortoiseGit\bin
147:  C:\Program Files\TortoiseSVN\bin
147:  C:\Program Files (x86)\nodejs
147:  C:\Program Files\Git\cmd
147:  c:\bin
147:  C:/tools/ninja
147:  C:\Users\fbergman\AppData\Roaming\npm
147: Test timeout computed to be: 3000
147: 
147: filename: C:/Development/libsbml-with-packages/examples/sample-models/from-spec/level-3/enzymekinetics.xml
147: 
147/184 Test #147: test_cs_printNotes .....................   Passed    0.12 sec
test 148
        Start 148: test_cs_printRegisteredPackages

148: Test command: C:\Development\libsbml-64-packages\examples\csharp\printRegisteredPackages.exe "C:/Development/libsbml-with-packages/examples/sample-models/from-spec/level-3/enzymekinetics.xml" "printRegisteredPackages.out.xml"
148: Environment variables: 
148:  PATH=C:/Development/libsbml-64-packages/src/bindings/csharp/Release
148:  C:/Development/libsbml-64-packages/src/bindings/csharp/Release
148:  c:\Program Files (x86)\Microsoft F#\v4.0
148:  c:\Program Files (x86)\Microsoft Visual Studio 10.0\VSTSDB\Deploy
148:  c:\Program Files (x86)\Microsoft Visual Studio 10.0\Common7\IDE
148:  c:\Program Files (x86)\Microsoft Visual Studio 10.0\VC\BIN
148:  c:\Program Files (x86)\Microsoft Visual Studio 10.0\Common7\Tools
148:  c:\Windows\Microsoft.NET\Framework\v4.0.30319
148:  c:\Windows\Microsoft.NET\Framework\v3.5
148:  c:\Program Files (x86)\Microsoft Visual Studio 10.0\VC\VCPackages
148:  C:\Program Files (x86)\HTML Help Workshop
148:  C:\Program Files (x86)\HTML Help Workshop
148:  c:\Program Files (x86)\Microsoft Visual Studio 10.0\Team Tools\Performance Tools
148:  C:\Program Files (x86)\Microsoft SDKs\Windows\v7.0A\bin\NETFX 4.0 Tools
148:  C:\Program Files (x86)\Microsoft SDKs\Windows\v7.0A\bin
148:  c:\Program Files (x86)\CMake 2.8\bin
148:  C:\Program Files (x86)\CMake\bin
148:  C:\Perl_516\site\bin
148:  C:\Perl_516\bin
148:  C:\Perl64_516\site\bin
148:  C:\Perl64_516\bin
148:  C:\Perl64\site\bin
148:  C:\Perl64\bin
148:  C:\Perl32\site\bin
148:  C:\Perl32\bin
148:  C:\Windows\system32
148:  C:\Windows
148:  C:\Windows\System32\Wbem
148:  C:\Windows\System32\WindowsPowerShell\v1.0
148:  C:\Program Files\MATLAB\R2014a\runtime\win64
148:  C:\Program Files\MATLAB\R2014a\bin
148:  C:\Program Files\MATLAB\R2011b\runtime\win64
148:  C:\Program Files\MATLAB\R2011b\bin
148:  C:\Program Files (x86)\MATLAB\R2011b\runtime\win32
148:  C:\Program Files (x86)\MATLAB\R2011b\bin
148:  c:\Program Files (x86)\Microsoft SQL Server\100\Tools\Binn
148:  c:\Program Files\Microsoft SQL Server\100\Tools\Binn
148:  c:\Program Files\Microsoft SQL Server\100\DTS\Binn
148:  C:\Program Files (x86)\CMake 2.8\bin
148:  c:\Program Files (x86)\Microsoft ASP.NET\ASP.NET Web Pages\v1.0
148:  C:\Program Files\Microsoft\Web Platform Installer
148:  C:\Program Files\TortoiseHg
148:  C:\Program Files (x86)\Microsoft SQL Server\110\Tools\Binn
148:  C:\Program Files\Microsoft SQL Server\110\Tools\Binn
148:  C:\Program Files\Microsoft SQL Server\110\DTS\Binn
148:  C:\Program Files (x86)\Microsoft SQL Server\110\Tools\Binn\ManagementStudio
148:  C:\Program Files (x86)\Microsoft SQL Server\110\DTS\Binn
148:  C:\ProgramData\chocolatey\bin
148:  C:\Program Files\nodejs
148:  C:\Program Files (x86)\CMake\bin
148:  C:\Program Files\TortoiseGit\bin
148:  C:\Program Files\TortoiseSVN\bin
148:  C:\Program Files (x86)\nodejs
148:  C:\Program Files\Git\cmd
148:  c:\bin
148:  C:/tools/ninja
148:  C:\Users\fbergman\AppData\Roaming\npm
148: Test timeout computed to be: 3000
148: This version of LibSBML: 5.17.1 includes: 
148: 	arrays
148: 	comp
148: 	distrib
148: 	dyn
148: 	fbc
148: 	groups
148: 	layout
148: 	render
148: 	multi
148: 	qual
148: 	req
148: 	spatial
148: 
148/184 Test #148: test_cs_printRegisteredPackages ........   Passed    0.08 sec
test 149
        Start 149: test_cs_printSBML

149: Test command: C:\Development\libsbml-64-packages\examples\csharp\printSBML.exe "C:/Development/libsbml-with-packages/examples/sample-models/from-spec/level-3/enzymekinetics.xml"
149: Environment variables: 
149:  PATH=C:/Development/libsbml-64-packages/src/bindings/csharp/Release
149:  C:/Development/libsbml-64-packages/src/bindings/csharp/Release
149:  c:\Program Files (x86)\Microsoft F#\v4.0
149:  c:\Program Files (x86)\Microsoft Visual Studio 10.0\VSTSDB\Deploy
149:  c:\Program Files (x86)\Microsoft Visual Studio 10.0\Common7\IDE
149:  c:\Program Files (x86)\Microsoft Visual Studio 10.0\VC\BIN
149:  c:\Program Files (x86)\Microsoft Visual Studio 10.0\Common7\Tools
149:  c:\Windows\Microsoft.NET\Framework\v4.0.30319
149:  c:\Windows\Microsoft.NET\Framework\v3.5
149:  c:\Program Files (x86)\Microsoft Visual Studio 10.0\VC\VCPackages
149:  C:\Program Files (x86)\HTML Help Workshop
149:  C:\Program Files (x86)\HTML Help Workshop
149:  c:\Program Files (x86)\Microsoft Visual Studio 10.0\Team Tools\Performance Tools
149:  C:\Program Files (x86)\Microsoft SDKs\Windows\v7.0A\bin\NETFX 4.0 Tools
149:  C:\Program Files (x86)\Microsoft SDKs\Windows\v7.0A\bin
149:  c:\Program Files (x86)\CMake 2.8\bin
149:  C:\Program Files (x86)\CMake\bin
149:  C:\Perl_516\site\bin
149:  C:\Perl_516\bin
149:  C:\Perl64_516\site\bin
149:  C:\Perl64_516\bin
149:  C:\Perl64\site\bin
149:  C:\Perl64\bin
149:  C:\Perl32\site\bin
149:  C:\Perl32\bin
149:  C:\Windows\system32
149:  C:\Windows
149:  C:\Windows\System32\Wbem
149:  C:\Windows\System32\WindowsPowerShell\v1.0
149:  C:\Program Files\MATLAB\R2014a\runtime\win64
149:  C:\Program Files\MATLAB\R2014a\bin
149:  C:\Program Files\MATLAB\R2011b\runtime\win64
149:  C:\Program Files\MATLAB\R2011b\bin
149:  C:\Program Files (x86)\MATLAB\R2011b\runtime\win32
149:  C:\Program Files (x86)\MATLAB\R2011b\bin
149:  c:\Program Files (x86)\Microsoft SQL Server\100\Tools\Binn
149:  c:\Program Files\Microsoft SQL Server\100\Tools\Binn
149:  c:\Program Files\Microsoft SQL Server\100\DTS\Binn
149:  C:\Program Files (x86)\CMake 2.8\bin
149:  c:\Program Files (x86)\Microsoft ASP.NET\ASP.NET Web Pages\v1.0
149:  C:\Program Files\Microsoft\Web Platform Installer
149:  C:\Program Files\TortoiseHg
149:  C:\Program Files (x86)\Microsoft SQL Server\110\Tools\Binn
149:  C:\Program Files\Microsoft SQL Server\110\Tools\Binn
149:  C:\Program Files\Microsoft SQL Server\110\DTS\Binn
149:  C:\Program Files (x86)\Microsoft SQL Server\110\Tools\Binn\ManagementStudio
149:  C:\Program Files (x86)\Microsoft SQL Server\110\DTS\Binn
149:  C:\ProgramData\chocolatey\bin
149:  C:\Program Files\nodejs
149:  C:\Program Files (x86)\CMake\bin
149:  C:\Program Files\TortoiseGit\bin
149:  C:\Program Files\TortoiseSVN\bin
149:  C:\Program Files (x86)\nodejs
149:  C:\Program Files\Git\cmd
149:  c:\bin
149:  C:/tools/ninja
149:  C:\Users\fbergman\AppData\Roaming\npm
149: Test timeout computed to be: 3000
149: 
149: File: C:/Development/libsbml-with-packages/examples/sample-models/from-spec/level-3/enzymekinetics.xml (Level 3, version 1)
149:                  id: (empty)
149: functionDefinitions: 0
149:     unitDefinitions: 2
149:    compartmentTypes: 0
149:         specieTypes: 0
149:        compartments: 1
149:             species: 4
149:          parameters: 0
149:  initialAssignments: 0
149:               rules: 0
149:         constraints: 0
149:           reactions: 2
149:              events: 0
149: 
149/184 Test #149: test_cs_printSBML ......................   Passed    0.09 sec
test 150
        Start 150: test_cs_printsupported

150: Test command: C:\Development\libsbml-64-packages\examples\csharp\printsupported.exe "C:/Development/libsbml-with-packages/examples/sample-models/from-spec/level-3/enzymekinetics.xml" "printsupported.out.xml"
150: Environment variables: 
150:  PATH=C:/Development/libsbml-64-packages/src/bindings/csharp/Release
150:  C:/Development/libsbml-64-packages/src/bindings/csharp/Release
150:  c:\Program Files (x86)\Microsoft F#\v4.0
150:  c:\Program Files (x86)\Microsoft Visual Studio 10.0\VSTSDB\Deploy
150:  c:\Program Files (x86)\Microsoft Visual Studio 10.0\Common7\IDE
150:  c:\Program Files (x86)\Microsoft Visual Studio 10.0\VC\BIN
150:  c:\Program Files (x86)\Microsoft Visual Studio 10.0\Common7\Tools
150:  c:\Windows\Microsoft.NET\Framework\v4.0.30319
150:  c:\Windows\Microsoft.NET\Framework\v3.5
150:  c:\Program Files (x86)\Microsoft Visual Studio 10.0\VC\VCPackages
150:  C:\Program Files (x86)\HTML Help Workshop
150:  C:\Program Files (x86)\HTML Help Workshop
150:  c:\Program Files (x86)\Microsoft Visual Studio 10.0\Team Tools\Performance Tools
150:  C:\Program Files (x86)\Microsoft SDKs\Windows\v7.0A\bin\NETFX 4.0 Tools
150:  C:\Program Files (x86)\Microsoft SDKs\Windows\v7.0A\bin
150:  c:\Program Files (x86)\CMake 2.8\bin
150:  C:\Program Files (x86)\CMake\bin
150:  C:\Perl_516\site\bin
150:  C:\Perl_516\bin
150:  C:\Perl64_516\site\bin
150:  C:\Perl64_516\bin
150:  C:\Perl64\site\bin
150:  C:\Perl64\bin
150:  C:\Perl32\site\bin
150:  C:\Perl32\bin
150:  C:\Windows\system32
150:  C:\Windows
150:  C:\Windows\System32\Wbem
150:  C:\Windows\System32\WindowsPowerShell\v1.0
150:  C:\Program Files\MATLAB\R2014a\runtime\win64
150:  C:\Program Files\MATLAB\R2014a\bin
150:  C:\Program Files\MATLAB\R2011b\runtime\win64
150:  C:\Program Files\MATLAB\R2011b\bin
150:  C:\Program Files (x86)\MATLAB\R2011b\runtime\win32
150:  C:\Program Files (x86)\MATLAB\R2011b\bin
150:  c:\Program Files (x86)\Microsoft SQL Server\100\Tools\Binn
150:  c:\Program Files\Microsoft SQL Server\100\Tools\Binn
150:  c:\Program Files\Microsoft SQL Server\100\DTS\Binn
150:  C:\Program Files (x86)\CMake 2.8\bin
150:  c:\Program Files (x86)\Microsoft ASP.NET\ASP.NET Web Pages\v1.0
150:  C:\Program Files\Microsoft\Web Platform Installer
150:  C:\Program Files\TortoiseHg
150:  C:\Program Files (x86)\Microsoft SQL Server\110\Tools\Binn
150:  C:\Program Files\Microsoft SQL Server\110\Tools\Binn
150:  C:\Program Files\Microsoft SQL Server\110\DTS\Binn
150:  C:\Program Files (x86)\Microsoft SQL Server\110\Tools\Binn\ManagementStudio
150:  C:\Program Files (x86)\Microsoft SQL Server\110\DTS\Binn
150:  C:\ProgramData\chocolatey\bin
150:  C:\Program Files\nodejs
150:  C:\Program Files (x86)\CMake\bin
150:  C:\Program Files\TortoiseGit\bin
150:  C:\Program Files\TortoiseSVN\bin
150:  C:\Program Files (x86)\nodejs
150:  C:\Program Files\Git\cmd
150:  c:\bin
150:  C:/tools/ninja
150:  C:\Users\fbergman\AppData\Roaming\npm
150: Test timeout computed to be: 3000
150: Supported by LibSBML 5.17.1
150: 
150: 	SBML Level: 1 Version: 1
150: 	SBML Level: 1 Version: 2
150: 	SBML Level: 2 Version: 1
150: 	SBML Level: 2 Version: 2
150: 	SBML Level: 2 Version: 3
150: 	SBML Level: 2 Version: 4
150: 	SBML Level: 2 Version: 5
150: 	SBML Level: 3 Version: 1
150: 	SBML Level: 3 Version: 2
150: 
150/184 Test #150: test_cs_printsupported .................   Passed    0.19 sec
test 151
        Start 151: test_cs_printUnits

151: Test command: C:\Development\libsbml-64-packages\examples\csharp\printUnits.exe "C:/Development/libsbml-with-packages/examples/sample-models/from-spec/level-3/enzymekinetics.xml"
151: Environment variables: 
151:  PATH=C:/Development/libsbml-64-packages/src/bindings/csharp/Release
151:  C:/Development/libsbml-64-packages/src/bindings/csharp/Release
151:  c:\Program Files (x86)\Microsoft F#\v4.0
151:  c:\Program Files (x86)\Microsoft Visual Studio 10.0\VSTSDB\Deploy
151:  c:\Program Files (x86)\Microsoft Visual Studio 10.0\Common7\IDE
151:  c:\Program Files (x86)\Microsoft Visual Studio 10.0\VC\BIN
151:  c:\Program Files (x86)\Microsoft Visual Studio 10.0\Common7\Tools
151:  c:\Windows\Microsoft.NET\Framework\v4.0.30319
151:  c:\Windows\Microsoft.NET\Framework\v3.5
151:  c:\Program Files (x86)\Microsoft Visual Studio 10.0\VC\VCPackages
151:  C:\Program Files (x86)\HTML Help Workshop
151:  C:\Program Files (x86)\HTML Help Workshop
151:  c:\Program Files (x86)\Microsoft Visual Studio 10.0\Team Tools\Performance Tools
151:  C:\Program Files (x86)\Microsoft SDKs\Windows\v7.0A\bin\NETFX 4.0 Tools
151:  C:\Program Files (x86)\Microsoft SDKs\Windows\v7.0A\bin
151:  c:\Program Files (x86)\CMake 2.8\bin
151:  C:\Program Files (x86)\CMake\bin
151:  C:\Perl_516\site\bin
151:  C:\Perl_516\bin
151:  C:\Perl64_516\site\bin
151:  C:\Perl64_516\bin
151:  C:\Perl64\site\bin
151:  C:\Perl64\bin
151:  C:\Perl32\site\bin
151:  C:\Perl32\bin
151:  C:\Windows\system32
151:  C:\Windows
151:  C:\Windows\System32\Wbem
151:  C:\Windows\System32\WindowsPowerShell\v1.0
151:  C:\Program Files\MATLAB\R2014a\runtime\win64
151:  C:\Program Files\MATLAB\R2014a\bin
151:  C:\Program Files\MATLAB\R2011b\runtime\win64
151:  C:\Program Files\MATLAB\R2011b\bin
151:  C:\Program Files (x86)\MATLAB\R2011b\runtime\win32
151:  C:\Program Files (x86)\MATLAB\R2011b\bin
151:  c:\Program Files (x86)\Microsoft SQL Server\100\Tools\Binn
151:  c:\Program Files\Microsoft SQL Server\100\Tools\Binn
151:  c:\Program Files\Microsoft SQL Server\100\DTS\Binn
151:  C:\Program Files (x86)\CMake 2.8\bin
151:  c:\Program Files (x86)\Microsoft ASP.NET\ASP.NET Web Pages\v1.0
151:  C:\Program Files\Microsoft\Web Platform Installer
151:  C:\Program Files\TortoiseHg
151:  C:\Program Files (x86)\Microsoft SQL Server\110\Tools\Binn
151:  C:\Program Files\Microsoft SQL Server\110\Tools\Binn
151:  C:\Program Files\Microsoft SQL Server\110\DTS\Binn
151:  C:\Program Files (x86)\Microsoft SQL Server\110\Tools\Binn\ManagementStudio
151:  C:\Program Files (x86)\Microsoft SQL Server\110\DTS\Binn
151:  C:\ProgramData\chocolatey\bin
151:  C:\Program Files\nodejs
151:  C:\Program Files (x86)\CMake\bin
151:  C:\Program Files\TortoiseGit\bin
151:  C:\Program Files\TortoiseSVN\bin
151:  C:\Program Files (x86)\nodejs
151:  C:\Program Files\Git\cmd
151:  c:\bin
151:  C:/tools/ninja
151:  C:\Users\fbergman\AppData\Roaming\npm
151: Test timeout computed to be: 3000
151: Species 0: mole (exponent = 1, multiplier = 1, scale = 0), litre (exponent = -1, multiplier = 1, scale = 0)
151: Species 1: mole (exponent = 1, multiplier = 1, scale = 0), litre (exponent = -1, multiplier = 1, scale = 0)
151: Species 2: mole (exponent = 1, multiplier = 1, scale = 0), litre (exponent = -1, multiplier = 1, scale = 0)
151: Species 3: mole (exponent = 1, multiplier = 1, scale = 0), litre (exponent = -1, multiplier = 1, scale = 0)
151: Compartment 0: litre (exponent = 1, multiplier = 1, scale = 0)
151: Reaction 0: 
151: Kinetic Law: second (exponent = -1, multiplier = 1, scale = 0), mole (exponent = 1, multiplier = 1, scale = 0)
151:         undeclared units: 
151: no
151: 
151: Reaction 1: 
151: Kinetic Law: second (exponent = -1, multiplier = 1, scale = 0), mole (exponent = 1, multiplier = 1, scale = 0)
151:         undeclared units: 
151: no
151: 
151/184 Test #151: test_cs_printUnits .....................   Passed    0.12 sec
test 152
        Start 152: test_cs_promoteParameters

152: Test command: C:\Development\libsbml-64-packages\examples\csharp\promoteParameters.exe "C:/Development/libsbml-with-packages/examples/sample-models/from-spec/level-3/enzymekinetics.xml" "promoteParameters.out.xml"
152: Environment variables: 
152:  PATH=C:/Development/libsbml-64-packages/src/bindings/csharp/Release
152:  C:/Development/libsbml-64-packages/src/bindings/csharp/Release
152:  c:\Program Files (x86)\Microsoft F#\v4.0
152:  c:\Program Files (x86)\Microsoft Visual Studio 10.0\VSTSDB\Deploy
152:  c:\Program Files (x86)\Microsoft Visual Studio 10.0\Common7\IDE
152:  c:\Program Files (x86)\Microsoft Visual Studio 10.0\VC\BIN
152:  c:\Program Files (x86)\Microsoft Visual Studio 10.0\Common7\Tools
152:  c:\Windows\Microsoft.NET\Framework\v4.0.30319
152:  c:\Windows\Microsoft.NET\Framework\v3.5
152:  c:\Program Files (x86)\Microsoft Visual Studio 10.0\VC\VCPackages
152:  C:\Program Files (x86)\HTML Help Workshop
152:  C:\Program Files (x86)\HTML Help Workshop
152:  c:\Program Files (x86)\Microsoft Visual Studio 10.0\Team Tools\Performance Tools
152:  C:\Program Files (x86)\Microsoft SDKs\Windows\v7.0A\bin\NETFX 4.0 Tools
152:  C:\Program Files (x86)\Microsoft SDKs\Windows\v7.0A\bin
152:  c:\Program Files (x86)\CMake 2.8\bin
152:  C:\Program Files (x86)\CMake\bin
152:  C:\Perl_516\site\bin
152:  C:\Perl_516\bin
152:  C:\Perl64_516\site\bin
152:  C:\Perl64_516\bin
152:  C:\Perl64\site\bin
152:  C:\Perl64\bin
152:  C:\Perl32\site\bin
152:  C:\Perl32\bin
152:  C:\Windows\system32
152:  C:\Windows
152:  C:\Windows\System32\Wbem
152:  C:\Windows\System32\WindowsPowerShell\v1.0
152:  C:\Program Files\MATLAB\R2014a\runtime\win64
152:  C:\Program Files\MATLAB\R2014a\bin
152:  C:\Program Files\MATLAB\R2011b\runtime\win64
152:  C:\Program Files\MATLAB\R2011b\bin
152:  C:\Program Files (x86)\MATLAB\R2011b\runtime\win32
152:  C:\Program Files (x86)\MATLAB\R2011b\bin
152:  c:\Program Files (x86)\Microsoft SQL Server\100\Tools\Binn
152:  c:\Program Files\Microsoft SQL Server\100\Tools\Binn
152:  c:\Program Files\Microsoft SQL Server\100\DTS\Binn
152:  C:\Program Files (x86)\CMake 2.8\bin
152:  c:\Program Files (x86)\Microsoft ASP.NET\ASP.NET Web Pages\v1.0
152:  C:\Program Files\Microsoft\Web Platform Installer
152:  C:\Program Files\TortoiseHg
152:  C:\Program Files (x86)\Microsoft SQL Server\110\Tools\Binn
152:  C:\Program Files\Microsoft SQL Server\110\Tools\Binn
152:  C:\Program Files\Microsoft SQL Server\110\DTS\Binn
152:  C:\Program Files (x86)\Microsoft SQL Server\110\Tools\Binn\ManagementStudio
152:  C:\Program Files (x86)\Microsoft SQL Server\110\DTS\Binn
152:  C:\ProgramData\chocolatey\bin
152:  C:\Program Files\nodejs
152:  C:\Program Files (x86)\CMake\bin
152:  C:\Program Files\TortoiseGit\bin
152:  C:\Program Files\TortoiseSVN\bin
152:  C:\Program Files (x86)\nodejs
152:  C:\Program Files\Git\cmd
152:  c:\bin
152:  C:/tools/ninja
152:  C:\Users\fbergman\AppData\Roaming\npm
152: Test timeout computed to be: 3000
152: [OK] promoted paramters from C:/Development/libsbml-with-packages/examples/sample-models/from-spec/level-3/enzymekinetics.xml and wrote to promoteParameters.out.xml
152/184 Test #152: test_cs_promoteParameters ..............   Passed    0.09 sec
test 153
        Start 153: test_cs_readSBML

153: Test command: C:\Development\libsbml-64-packages\examples\csharp\readSBML.exe "C:/Development/libsbml-with-packages/examples/sample-models/from-spec/level-3/enzymekinetics.xml"
153: Environment variables: 
153:  PATH=C:/Development/libsbml-64-packages/src/bindings/csharp/Release
153:  C:/Development/libsbml-64-packages/src/bindings/csharp/Release
153:  c:\Program Files (x86)\Microsoft F#\v4.0
153:  c:\Program Files (x86)\Microsoft Visual Studio 10.0\VSTSDB\Deploy
153:  c:\Program Files (x86)\Microsoft Visual Studio 10.0\Common7\IDE
153:  c:\Program Files (x86)\Microsoft Visual Studio 10.0\VC\BIN
153:  c:\Program Files (x86)\Microsoft Visual Studio 10.0\Common7\Tools
153:  c:\Windows\Microsoft.NET\Framework\v4.0.30319
153:  c:\Windows\Microsoft.NET\Framework\v3.5
153:  c:\Program Files (x86)\Microsoft Visual Studio 10.0\VC\VCPackages
153:  C:\Program Files (x86)\HTML Help Workshop
153:  C:\Program Files (x86)\HTML Help Workshop
153:  c:\Program Files (x86)\Microsoft Visual Studio 10.0\Team Tools\Performance Tools
153:  C:\Program Files (x86)\Microsoft SDKs\Windows\v7.0A\bin\NETFX 4.0 Tools
153:  C:\Program Files (x86)\Microsoft SDKs\Windows\v7.0A\bin
153:  c:\Program Files (x86)\CMake 2.8\bin
153:  C:\Program Files (x86)\CMake\bin
153:  C:\Perl_516\site\bin
153:  C:\Perl_516\bin
153:  C:\Perl64_516\site\bin
153:  C:\Perl64_516\bin
153:  C:\Perl64\site\bin
153:  C:\Perl64\bin
153:  C:\Perl32\site\bin
153:  C:\Perl32\bin
153:  C:\Windows\system32
153:  C:\Windows
153:  C:\Windows\System32\Wbem
153:  C:\Windows\System32\WindowsPowerShell\v1.0
153:  C:\Program Files\MATLAB\R2014a\runtime\win64
153:  C:\Program Files\MATLAB\R2014a\bin
153:  C:\Program Files\MATLAB\R2011b\runtime\win64
153:  C:\Program Files\MATLAB\R2011b\bin
153:  C:\Program Files (x86)\MATLAB\R2011b\runtime\win32
153:  C:\Program Files (x86)\MATLAB\R2011b\bin
153:  c:\Program Files (x86)\Microsoft SQL Server\100\Tools\Binn
153:  c:\Program Files\Microsoft SQL Server\100\Tools\Binn
153:  c:\Program Files\Microsoft SQL Server\100\DTS\Binn
153:  C:\Program Files (x86)\CMake 2.8\bin
153:  c:\Program Files (x86)\Microsoft ASP.NET\ASP.NET Web Pages\v1.0
153:  C:\Program Files\Microsoft\Web Platform Installer
153:  C:\Program Files\TortoiseHg
153:  C:\Program Files (x86)\Microsoft SQL Server\110\Tools\Binn
153:  C:\Program Files\Microsoft SQL Server\110\Tools\Binn
153:  C:\Program Files\Microsoft SQL Server\110\DTS\Binn
153:  C:\Program Files (x86)\Microsoft SQL Server\110\Tools\Binn\ManagementStudio
153:  C:\Program Files (x86)\Microsoft SQL Server\110\DTS\Binn
153:  C:\ProgramData\chocolatey\bin
153:  C:\Program Files\nodejs
153:  C:\Program Files (x86)\CMake\bin
153:  C:\Program Files\TortoiseGit\bin
153:  C:\Program Files\TortoiseSVN\bin
153:  C:\Program Files (x86)\nodejs
153:  C:\Program Files\Git\cmd
153:  c:\bin
153:  C:/tools/ninja
153:  C:\Users\fbergman\AppData\Roaming\npm
153: Test timeout computed to be: 3000
153: 
153:             filename: C:/Development/libsbml-with-packages/examples/sample-models/from-spec/level-3/enzymekinetics.xml
153:            file size: 3930
153:       read time (ms): 156003
153:  validation error(s): 0
153: 
153/184 Test #153: test_cs_readSBML .......................   Passed    0.08 sec
test 154
        Start 154: test_cs_stripPackage

154: Test command: C:\Development\libsbml-64-packages\examples\csharp\stripPackage.exe "C:/Development/libsbml-with-packages/examples/sample-models/fbc/fbc_example1.xml" "fbc" "stripPackage.out.xml"
154: Environment variables: 
154:  PATH=C:/Development/libsbml-64-packages/src/bindings/csharp/Release
154:  C:/Development/libsbml-64-packages/src/bindings/csharp/Release
154:  c:\Program Files (x86)\Microsoft F#\v4.0
154:  c:\Program Files (x86)\Microsoft Visual Studio 10.0\VSTSDB\Deploy
154:  c:\Program Files (x86)\Microsoft Visual Studio 10.0\Common7\IDE
154:  c:\Program Files (x86)\Microsoft Visual Studio 10.0\VC\BIN
154:  c:\Program Files (x86)\Microsoft Visual Studio 10.0\Common7\Tools
154:  c:\Windows\Microsoft.NET\Framework\v4.0.30319
154:  c:\Windows\Microsoft.NET\Framework\v3.5
154:  c:\Program Files (x86)\Microsoft Visual Studio 10.0\VC\VCPackages
154:  C:\Program Files (x86)\HTML Help Workshop
154:  C:\Program Files (x86)\HTML Help Workshop
154:  c:\Program Files (x86)\Microsoft Visual Studio 10.0\Team Tools\Performance Tools
154:  C:\Program Files (x86)\Microsoft SDKs\Windows\v7.0A\bin\NETFX 4.0 Tools
154:  C:\Program Files (x86)\Microsoft SDKs\Windows\v7.0A\bin
154:  c:\Program Files (x86)\CMake 2.8\bin
154:  C:\Program Files (x86)\CMake\bin
154:  C:\Perl_516\site\bin
154:  C:\Perl_516\bin
154:  C:\Perl64_516\site\bin
154:  C:\Perl64_516\bin
154:  C:\Perl64\site\bin
154:  C:\Perl64\bin
154:  C:\Perl32\site\bin
154:  C:\Perl32\bin
154:  C:\Windows\system32
154:  C:\Windows
154:  C:\Windows\System32\Wbem
154:  C:\Windows\System32\WindowsPowerShell\v1.0
154:  C:\Program Files\MATLAB\R2014a\runtime\win64
154:  C:\Program Files\MATLAB\R2014a\bin
154:  C:\Program Files\MATLAB\R2011b\runtime\win64
154:  C:\Program Files\MATLAB\R2011b\bin
154:  C:\Program Files (x86)\MATLAB\R2011b\runtime\win32
154:  C:\Program Files (x86)\MATLAB\R2011b\bin
154:  c:\Program Files (x86)\Microsoft SQL Server\100\Tools\Binn
154:  c:\Program Files\Microsoft SQL Server\100\Tools\Binn
154:  c:\Program Files\Microsoft SQL Server\100\DTS\Binn
154:  C:\Program Files (x86)\CMake 2.8\bin
154:  c:\Program Files (x86)\Microsoft ASP.NET\ASP.NET Web Pages\v1.0
154:  C:\Program Files\Microsoft\Web Platform Installer
154:  C:\Program Files\TortoiseHg
154:  C:\Program Files (x86)\Microsoft SQL Server\110\Tools\Binn
154:  C:\Program Files\Microsoft SQL Server\110\Tools\Binn
154:  C:\Program Files\Microsoft SQL Server\110\DTS\Binn
154:  C:\Program Files (x86)\Microsoft SQL Server\110\Tools\Binn\ManagementStudio
154:  C:\Program Files (x86)\Microsoft SQL Server\110\DTS\Binn
154:  C:\ProgramData\chocolatey\bin
154:  C:\Program Files\nodejs
154:  C:\Program Files (x86)\CMake\bin
154:  C:\Program Files\TortoiseGit\bin
154:  C:\Program Files\TortoiseSVN\bin
154:  C:\Program Files (x86)\nodejs
154:  C:\Program Files\Git\cmd
154:  c:\bin
154:  C:/tools/ninja
154:  C:\Users\fbergman\AppData\Roaming\npm
154: Test timeout computed to be: 3000
154: [OK] Stripped package 'fbc' from C:/Development/libsbml-with-packages/examples/sample-models/fbc/fbc_example1.xml and wrote to stripPackage.out.xml
154/184 Test #154: test_cs_stripPackage ...................   Passed    0.11 sec
test 155
        Start 155: test_cs_SetIdFromNames

155: Test command: C:\Development\libsbml-64-packages\examples\csharp\SetIdFromNames.exe "C:/Development/libsbml-with-packages/examples/sample-models/from-spec/level-3/enzymekinetics.xml" "SetIdFromNames.out.xml"
155: Environment variables: 
155:  PATH=C:/Development/libsbml-64-packages/src/bindings/csharp/Release
155:  C:/Development/libsbml-64-packages/src/bindings/csharp/Release
155:  c:\Program Files (x86)\Microsoft F#\v4.0
155:  c:\Program Files (x86)\Microsoft Visual Studio 10.0\VSTSDB\Deploy
155:  c:\Program Files (x86)\Microsoft Visual Studio 10.0\Common7\IDE
155:  c:\Program Files (x86)\Microsoft Visual Studio 10.0\VC\BIN
155:  c:\Program Files (x86)\Microsoft Visual Studio 10.0\Common7\Tools
155:  c:\Windows\Microsoft.NET\Framework\v4.0.30319
155:  c:\Windows\Microsoft.NET\Framework\v3.5
155:  c:\Program Files (x86)\Microsoft Visual Studio 10.0\VC\VCPackages
155:  C:\Program Files (x86)\HTML Help Workshop
155:  C:\Program Files (x86)\HTML Help Workshop
155:  c:\Program Files (x86)\Microsoft Visual Studio 10.0\Team Tools\Performance Tools
155:  C:\Program Files (x86)\Microsoft SDKs\Windows\v7.0A\bin\NETFX 4.0 Tools
155:  C:\Program Files (x86)\Microsoft SDKs\Windows\v7.0A\bin
155:  c:\Program Files (x86)\CMake 2.8\bin
155:  C:\Program Files (x86)\CMake\bin
155:  C:\Perl_516\site\bin
155:  C:\Perl_516\bin
155:  C:\Perl64_516\site\bin
155:  C:\Perl64_516\bin
155:  C:\Perl64\site\bin
155:  C:\Perl64\bin
155:  C:\Perl32\site\bin
155:  C:\Perl32\bin
155:  C:\Windows\system32
155:  C:\Windows
155:  C:\Windows\System32\Wbem
155:  C:\Windows\System32\WindowsPowerShell\v1.0
155:  C:\Program Files\MATLAB\R2014a\runtime\win64
155:  C:\Program Files\MATLAB\R2014a\bin
155:  C:\Program Files\MATLAB\R2011b\runtime\win64
155:  C:\Program Files\MATLAB\R2011b\bin
155:  C:\Program Files (x86)\MATLAB\R2011b\runtime\win32
155:  C:\Program Files (x86)\MATLAB\R2011b\bin
155:  c:\Program Files (x86)\Microsoft SQL Server\100\Tools\Binn
155:  c:\Program Files\Microsoft SQL Server\100\Tools\Binn
155:  c:\Program Files\Microsoft SQL Server\100\DTS\Binn
155:  C:\Program Files (x86)\CMake 2.8\bin
155:  c:\Program Files (x86)\Microsoft ASP.NET\ASP.NET Web Pages\v1.0
155:  C:\Program Files\Microsoft\Web Platform Installer
155:  C:\Program Files\TortoiseHg
155:  C:\Program Files (x86)\Microsoft SQL Server\110\Tools\Binn
155:  C:\Program Files\Microsoft SQL Server\110\Tools\Binn
155:  C:\Program Files\Microsoft SQL Server\110\DTS\Binn
155:  C:\Program Files (x86)\Microsoft SQL Server\110\Tools\Binn\ManagementStudio
155:  C:\Program Files (x86)\Microsoft SQL Server\110\DTS\Binn
155:  C:\ProgramData\chocolatey\bin
155:  C:\Program Files\nodejs
155:  C:\Program Files (x86)\CMake\bin
155:  C:\Program Files\TortoiseGit\bin
155:  C:\Program Files\TortoiseSVN\bin
155:  C:\Program Files (x86)\nodejs
155:  C:\Program Files\Git\cmd
155:  c:\bin
155:  C:/tools/ninja
155:  C:\Users\fbergman\AppData\Roaming\npm
155: Test timeout computed to be: 3000
155: 
155:             filename: C:/Development/libsbml-with-packages/examples/sample-models/from-spec/level-3/enzymekinetics.xml
155:       read time (ms): 15.6003
155:     rename time (ms): 0
155:      write time (ms): 0
155: 
155/184 Test #155: test_cs_SetIdFromNames .................   Passed    0.19 sec
test 156
        Start 156: test_cs_unsetAnnotation

156: Test command: C:\Development\libsbml-64-packages\examples\csharp\unsetAnnotation.exe "C:/Development/libsbml-with-packages/examples/sample-models/from-spec/level-3/enzymekinetics.xml" "unsetAnnotation.out.xml"
156: Environment variables: 
156:  PATH=C:/Development/libsbml-64-packages/src/bindings/csharp/Release
156:  C:/Development/libsbml-64-packages/src/bindings/csharp/Release
156:  c:\Program Files (x86)\Microsoft F#\v4.0
156:  c:\Program Files (x86)\Microsoft Visual Studio 10.0\VSTSDB\Deploy
156:  c:\Program Files (x86)\Microsoft Visual Studio 10.0\Common7\IDE
156:  c:\Program Files (x86)\Microsoft Visual Studio 10.0\VC\BIN
156:  c:\Program Files (x86)\Microsoft Visual Studio 10.0\Common7\Tools
156:  c:\Windows\Microsoft.NET\Framework\v4.0.30319
156:  c:\Windows\Microsoft.NET\Framework\v3.5
156:  c:\Program Files (x86)\Microsoft Visual Studio 10.0\VC\VCPackages
156:  C:\Program Files (x86)\HTML Help Workshop
156:  C:\Program Files (x86)\HTML Help Workshop
156:  c:\Program Files (x86)\Microsoft Visual Studio 10.0\Team Tools\Performance Tools
156:  C:\Program Files (x86)\Microsoft SDKs\Windows\v7.0A\bin\NETFX 4.0 Tools
156:  C:\Program Files (x86)\Microsoft SDKs\Windows\v7.0A\bin
156:  c:\Program Files (x86)\CMake 2.8\bin
156:  C:\Program Files (x86)\CMake\bin
156:  C:\Perl_516\site\bin
156:  C:\Perl_516\bin
156:  C:\Perl64_516\site\bin
156:  C:\Perl64_516\bin
156:  C:\Perl64\site\bin
156:  C:\Perl64\bin
156:  C:\Perl32\site\bin
156:  C:\Perl32\bin
156:  C:\Windows\system32
156:  C:\Windows
156:  C:\Windows\System32\Wbem
156:  C:\Windows\System32\WindowsPowerShell\v1.0
156:  C:\Program Files\MATLAB\R2014a\runtime\win64
156:  C:\Program Files\MATLAB\R2014a\bin
156:  C:\Program Files\MATLAB\R2011b\runtime\win64
156:  C:\Program Files\MATLAB\R2011b\bin
156:  C:\Program Files (x86)\MATLAB\R2011b\runtime\win32
156:  C:\Program Files (x86)\MATLAB\R2011b\bin
156:  c:\Program Files (x86)\Microsoft SQL Server\100\Tools\Binn
156:  c:\Program Files\Microsoft SQL Server\100\Tools\Binn
156:  c:\Program Files\Microsoft SQL Server\100\DTS\Binn
156:  C:\Program Files (x86)\CMake 2.8\bin
156:  c:\Program Files (x86)\Microsoft ASP.NET\ASP.NET Web Pages\v1.0
156:  C:\Program Files\Microsoft\Web Platform Installer
156:  C:\Program Files\TortoiseHg
156:  C:\Program Files (x86)\Microsoft SQL Server\110\Tools\Binn
156:  C:\Program Files\Microsoft SQL Server\110\Tools\Binn
156:  C:\Program Files\Microsoft SQL Server\110\DTS\Binn
156:  C:\Program Files (x86)\Microsoft SQL Server\110\Tools\Binn\ManagementStudio
156:  C:\Program Files (x86)\Microsoft SQL Server\110\DTS\Binn
156:  C:\ProgramData\chocolatey\bin
156:  C:\Program Files\nodejs
156:  C:\Program Files (x86)\CMake\bin
156:  C:\Program Files\TortoiseGit\bin
156:  C:\Program Files\TortoiseSVN\bin
156:  C:\Program Files (x86)\nodejs
156:  C:\Program Files\Git\cmd
156:  c:\bin
156:  C:/tools/ninja
156:  C:\Users\fbergman\AppData\Roaming\npm
156: Test timeout computed to be: 3000
156/184 Test #156: test_cs_unsetAnnotation ................   Passed    0.11 sec
test 157
        Start 157: test_cs_unsetNotes

157: Test command: C:\Development\libsbml-64-packages\examples\csharp\unsetNotes.exe "C:/Development/libsbml-with-packages/examples/sample-models/from-spec/level-3/enzymekinetics.xml" "unsetNotes.out.xml"
157: Environment variables: 
157:  PATH=C:/Development/libsbml-64-packages/src/bindings/csharp/Release
157:  C:/Development/libsbml-64-packages/src/bindings/csharp/Release
157:  c:\Program Files (x86)\Microsoft F#\v4.0
157:  c:\Program Files (x86)\Microsoft Visual Studio 10.0\VSTSDB\Deploy
157:  c:\Program Files (x86)\Microsoft Visual Studio 10.0\Common7\IDE
157:  c:\Program Files (x86)\Microsoft Visual Studio 10.0\VC\BIN
157:  c:\Program Files (x86)\Microsoft Visual Studio 10.0\Common7\Tools
157:  c:\Windows\Microsoft.NET\Framework\v4.0.30319
157:  c:\Windows\Microsoft.NET\Framework\v3.5
157:  c:\Program Files (x86)\Microsoft Visual Studio 10.0\VC\VCPackages
157:  C:\Program Files (x86)\HTML Help Workshop
157:  C:\Program Files (x86)\HTML Help Workshop
157:  c:\Program Files (x86)\Microsoft Visual Studio 10.0\Team Tools\Performance Tools
157:  C:\Program Files (x86)\Microsoft SDKs\Windows\v7.0A\bin\NETFX 4.0 Tools
157:  C:\Program Files (x86)\Microsoft SDKs\Windows\v7.0A\bin
157:  c:\Program Files (x86)\CMake 2.8\bin
157:  C:\Program Files (x86)\CMake\bin
157:  C:\Perl_516\site\bin
157:  C:\Perl_516\bin
157:  C:\Perl64_516\site\bin
157:  C:\Perl64_516\bin
157:  C:\Perl64\site\bin
157:  C:\Perl64\bin
157:  C:\Perl32\site\bin
157:  C:\Perl32\bin
157:  C:\Windows\system32
157:  C:\Windows
157:  C:\Windows\System32\Wbem
157:  C:\Windows\System32\WindowsPowerShell\v1.0
157:  C:\Program Files\MATLAB\R2014a\runtime\win64
157:  C:\Program Files\MATLAB\R2014a\bin
157:  C:\Program Files\MATLAB\R2011b\runtime\win64
157:  C:\Program Files\MATLAB\R2011b\bin
157:  C:\Program Files (x86)\MATLAB\R2011b\runtime\win32
157:  C:\Program Files (x86)\MATLAB\R2011b\bin
157:  c:\Program Files (x86)\Microsoft SQL Server\100\Tools\Binn
157:  c:\Program Files\Microsoft SQL Server\100\Tools\Binn
157:  c:\Program Files\Microsoft SQL Server\100\DTS\Binn
157:  C:\Program Files (x86)\CMake 2.8\bin
157:  c:\Program Files (x86)\Microsoft ASP.NET\ASP.NET Web Pages\v1.0
157:  C:\Program Files\Microsoft\Web Platform Installer
157:  C:\Program Files\TortoiseHg
157:  C:\Program Files (x86)\Microsoft SQL Server\110\Tools\Binn
157:  C:\Program Files\Microsoft SQL Server\110\Tools\Binn
157:  C:\Program Files\Microsoft SQL Server\110\DTS\Binn
157:  C:\Program Files (x86)\Microsoft SQL Server\110\Tools\Binn\ManagementStudio
157:  C:\Program Files (x86)\Microsoft SQL Server\110\DTS\Binn
157:  C:\ProgramData\chocolatey\bin
157:  C:\Program Files\nodejs
157:  C:\Program Files (x86)\CMake\bin
157:  C:\Program Files\TortoiseGit\bin
157:  C:\Program Files\TortoiseSVN\bin
157:  C:\Program Files (x86)\nodejs
157:  C:\Program Files\Git\cmd
157:  c:\bin
157:  C:/tools/ninja
157:  C:\Users\fbergman\AppData\Roaming\npm
157: Test timeout computed to be: 3000
157/184 Test #157: test_cs_unsetNotes .....................   Passed    0.12 sec
test 158
        Start 158: test_cs_validateSBML

158: Test command: C:\Development\libsbml-64-packages\examples\csharp\validateSBML.exe "C:/Development/libsbml-with-packages/examples/sample-models/from-spec/level-3/enzymekinetics.xml"
158: Environment variables: 
158:  PATH=C:/Development/libsbml-64-packages/src/bindings/csharp/Release
158:  C:/Development/libsbml-64-packages/src/bindings/csharp/Release
158:  c:\Program Files (x86)\Microsoft F#\v4.0
158:  c:\Program Files (x86)\Microsoft Visual Studio 10.0\VSTSDB\Deploy
158:  c:\Program Files (x86)\Microsoft Visual Studio 10.0\Common7\IDE
158:  c:\Program Files (x86)\Microsoft Visual Studio 10.0\VC\BIN
158:  c:\Program Files (x86)\Microsoft Visual Studio 10.0\Common7\Tools
158:  c:\Windows\Microsoft.NET\Framework\v4.0.30319
158:  c:\Windows\Microsoft.NET\Framework\v3.5
158:  c:\Program Files (x86)\Microsoft Visual Studio 10.0\VC\VCPackages
158:  C:\Program Files (x86)\HTML Help Workshop
158:  C:\Program Files (x86)\HTML Help Workshop
158:  c:\Program Files (x86)\Microsoft Visual Studio 10.0\Team Tools\Performance Tools
158:  C:\Program Files (x86)\Microsoft SDKs\Windows\v7.0A\bin\NETFX 4.0 Tools
158:  C:\Program Files (x86)\Microsoft SDKs\Windows\v7.0A\bin
158:  c:\Program Files (x86)\CMake 2.8\bin
158:  C:\Program Files (x86)\CMake\bin
158:  C:\Perl_516\site\bin
158:  C:\Perl_516\bin
158:  C:\Perl64_516\site\bin
158:  C:\Perl64_516\bin
158:  C:\Perl64\site\bin
158:  C:\Perl64\bin
158:  C:\Perl32\site\bin
158:  C:\Perl32\bin
158:  C:\Windows\system32
158:  C:\Windows
158:  C:\Windows\System32\Wbem
158:  C:\Windows\System32\WindowsPowerShell\v1.0
158:  C:\Program Files\MATLAB\R2014a\runtime\win64
158:  C:\Program Files\MATLAB\R2014a\bin
158:  C:\Program Files\MATLAB\R2011b\runtime\win64
158:  C:\Program Files\MATLAB\R2011b\bin
158:  C:\Program Files (x86)\MATLAB\R2011b\runtime\win32
158:  C:\Program Files (x86)\MATLAB\R2011b\bin
158:  c:\Program Files (x86)\Microsoft SQL Server\100\Tools\Binn
158:  c:\Program Files\Microsoft SQL Server\100\Tools\Binn
158:  c:\Program Files\Microsoft SQL Server\100\DTS\Binn
158:  C:\Program Files (x86)\CMake 2.8\bin
158:  c:\Program Files (x86)\Microsoft ASP.NET\ASP.NET Web Pages\v1.0
158:  C:\Program Files\Microsoft\Web Platform Installer
158:  C:\Program Files\TortoiseHg
158:  C:\Program Files (x86)\Microsoft SQL Server\110\Tools\Binn
158:  C:\Program Files\Microsoft SQL Server\110\Tools\Binn
158:  C:\Program Files\Microsoft SQL Server\110\DTS\Binn
158:  C:\Program Files (x86)\Microsoft SQL Server\110\Tools\Binn\ManagementStudio
158:  C:\Program Files (x86)\Microsoft SQL Server\110\DTS\Binn
158:  C:\ProgramData\chocolatey\bin
158:  C:\Program Files\nodejs
158:  C:\Program Files (x86)\CMake\bin
158:  C:\Program Files\TortoiseGit\bin
158:  C:\Program Files\TortoiseSVN\bin
158:  C:\Program Files (x86)\nodejs
158:  C:\Program Files\Git\cmd
158:  c:\bin
158:  C:/tools/ninja
158:  C:\Users\fbergman\AppData\Roaming\npm
158: Test timeout computed to be: 3000
158: ---------------------------------------------------------------------------
158:                filename : C:/Development/libsbml-with-packages/examples/sample-models/from-spec/level-3/enzymekinetics.xml
158:        file size (byte) : 3930
158:          read time (ms) : 15.6003
158:       c-check time (ms) : 1.0001
158:     validation error(s) : 0
158:   (consistency error(s)): 0
158:   validation warning(s) : 0
158: (consistency warning(s)): 0
158: ---------------------------------------------------------------------------
158: Validated 1 files, 1 valid files, 0 invalid files.
158/184 Test #158: test_cs_validateSBML ...................   Passed    0.08 sec
test 159
        Start 159: test_cs_evaluateCustomMath

159: Test command: C:\Development\libsbml-64-packages\examples\csharp\evaluateCustomMath.exe "2*3+4" "C:/Development/libsbml-with-packages/examples/sample-models/from-spec/level-3/enzymekinetics.xml"
159: Environment variables: 
159:  PATH=C:/Development/libsbml-64-packages/src/bindings/csharp/Release
159:  C:/Development/libsbml-64-packages/src/bindings/csharp/Release
159:  c:\Program Files (x86)\Microsoft F#\v4.0
159:  c:\Program Files (x86)\Microsoft Visual Studio 10.0\VSTSDB\Deploy
159:  c:\Program Files (x86)\Microsoft Visual Studio 10.0\Common7\IDE
159:  c:\Program Files (x86)\Microsoft Visual Studio 10.0\VC\BIN
159:  c:\Program Files (x86)\Microsoft Visual Studio 10.0\Common7\Tools
159:  c:\Windows\Microsoft.NET\Framework\v4.0.30319
159:  c:\Windows\Microsoft.NET\Framework\v3.5
159:  c:\Program Files (x86)\Microsoft Visual Studio 10.0\VC\VCPackages
159:  C:\Program Files (x86)\HTML Help Workshop
159:  C:\Program Files (x86)\HTML Help Workshop
159:  c:\Program Files (x86)\Microsoft Visual Studio 10.0\Team Tools\Performance Tools
159:  C:\Program Files (x86)\Microsoft SDKs\Windows\v7.0A\bin\NETFX 4.0 Tools
159:  C:\Program Files (x86)\Microsoft SDKs\Windows\v7.0A\bin
159:  c:\Program Files (x86)\CMake 2.8\bin
159:  C:\Program Files (x86)\CMake\bin
159:  C:\Perl_516\site\bin
159:  C:\Perl_516\bin
159:  C:\Perl64_516\site\bin
159:  C:\Perl64_516\bin
159:  C:\Perl64\site\bin
159:  C:\Perl64\bin
159:  C:\Perl32\site\bin
159:  C:\Perl32\bin
159:  C:\Windows\system32
159:  C:\Windows
159:  C:\Windows\System32\Wbem
159:  C:\Windows\System32\WindowsPowerShell\v1.0
159:  C:\Program Files\MATLAB\R2014a\runtime\win64
159:  C:\Program Files\MATLAB\R2014a\bin
159:  C:\Program Files\MATLAB\R2011b\runtime\win64
159:  C:\Program Files\MATLAB\R2011b\bin
159:  C:\Program Files (x86)\MATLAB\R2011b\runtime\win32
159:  C:\Program Files (x86)\MATLAB\R2011b\bin
159:  c:\Program Files (x86)\Microsoft SQL Server\100\Tools\Binn
159:  c:\Program Files\Microsoft SQL Server\100\Tools\Binn
159:  c:\Program Files\Microsoft SQL Server\100\DTS\Binn
159:  C:\Program Files (x86)\CMake 2.8\bin
159:  c:\Program Files (x86)\Microsoft ASP.NET\ASP.NET Web Pages\v1.0
159:  C:\Program Files\Microsoft\Web Platform Installer
159:  C:\Program Files\TortoiseHg
159:  C:\Program Files (x86)\Microsoft SQL Server\110\Tools\Binn
159:  C:\Program Files\Microsoft SQL Server\110\Tools\Binn
159:  C:\Program Files\Microsoft SQL Server\110\DTS\Binn
159:  C:\Program Files (x86)\Microsoft SQL Server\110\Tools\Binn\ManagementStudio
159:  C:\Program Files (x86)\Microsoft SQL Server\110\DTS\Binn
159:  C:\ProgramData\chocolatey\bin
159:  C:\Program Files\nodejs
159:  C:\Program Files (x86)\CMake\bin
159:  C:\Program Files\TortoiseGit\bin
159:  C:\Program Files\TortoiseSVN\bin
159:  C:\Program Files (x86)\nodejs
159:  C:\Program Files\Git\cmd
159:  c:\bin
159:  C:/tools/ninja
159:  C:\Users\fbergman\AppData\Roaming\npm
159: Test timeout computed to be: 3000
159: 2*3+4 = 10
159/184 Test #159: test_cs_evaluateCustomMath .............   Passed    0.09 sec
test 160
        Start 160: test_cs_inlineInitialAssignments

160: Test command: C:\Development\libsbml-64-packages\examples\csharp\inlineInitialAssignments.exe "C:/Development/libsbml-with-packages/examples/sample-models/from-spec/level-3/enzymekinetics.xml" "inlineInitialAssignments.out.xml"
160: Environment variables: 
160:  PATH=C:/Development/libsbml-64-packages/src/bindings/csharp/Release
160:  C:/Development/libsbml-64-packages/src/bindings/csharp/Release
160:  c:\Program Files (x86)\Microsoft F#\v4.0
160:  c:\Program Files (x86)\Microsoft Visual Studio 10.0\VSTSDB\Deploy
160:  c:\Program Files (x86)\Microsoft Visual Studio 10.0\Common7\IDE
160:  c:\Program Files (x86)\Microsoft Visual Studio 10.0\VC\BIN
160:  c:\Program Files (x86)\Microsoft Visual Studio 10.0\Common7\Tools
160:  c:\Windows\Microsoft.NET\Framework\v4.0.30319
160:  c:\Windows\Microsoft.NET\Framework\v3.5
160:  c:\Program Files (x86)\Microsoft Visual Studio 10.0\VC\VCPackages
160:  C:\Program Files (x86)\HTML Help Workshop
160:  C:\Program Files (x86)\HTML Help Workshop
160:  c:\Program Files (x86)\Microsoft Visual Studio 10.0\Team Tools\Performance Tools
160:  C:\Program Files (x86)\Microsoft SDKs\Windows\v7.0A\bin\NETFX 4.0 Tools
160:  C:\Program Files (x86)\Microsoft SDKs\Windows\v7.0A\bin
160:  c:\Program Files (x86)\CMake 2.8\bin
160:  C:\Program Files (x86)\CMake\bin
160:  C:\Perl_516\site\bin
160:  C:\Perl_516\bin
160:  C:\Perl64_516\site\bin
160:  C:\Perl64_516\bin
160:  C:\Perl64\site\bin
160:  C:\Perl64\bin
160:  C:\Perl32\site\bin
160:  C:\Perl32\bin
160:  C:\Windows\system32
160:  C:\Windows
160:  C:\Windows\System32\Wbem
160:  C:\Windows\System32\WindowsPowerShell\v1.0
160:  C:\Program Files\MATLAB\R2014a\runtime\win64
160:  C:\Program Files\MATLAB\R2014a\bin
160:  C:\Program Files\MATLAB\R2011b\runtime\win64
160:  C:\Program Files\MATLAB\R2011b\bin
160:  C:\Program Files (x86)\MATLAB\R2011b\runtime\win32
160:  C:\Program Files (x86)\MATLAB\R2011b\bin
160:  c:\Program Files (x86)\Microsoft SQL Server\100\Tools\Binn
160:  c:\Program Files\Microsoft SQL Server\100\Tools\Binn
160:  c:\Program Files\Microsoft SQL Server\100\DTS\Binn
160:  C:\Program Files (x86)\CMake 2.8\bin
160:  c:\Program Files (x86)\Microsoft ASP.NET\ASP.NET Web Pages\v1.0
160:  C:\Program Files\Microsoft\Web Platform Installer
160:  C:\Program Files\TortoiseHg
160:  C:\Program Files (x86)\Microsoft SQL Server\110\Tools\Binn
160:  C:\Program Files\Microsoft SQL Server\110\Tools\Binn
160:  C:\Program Files\Microsoft SQL Server\110\DTS\Binn
160:  C:\Program Files (x86)\Microsoft SQL Server\110\Tools\Binn\ManagementStudio
160:  C:\Program Files (x86)\Microsoft SQL Server\110\DTS\Binn
160:  C:\ProgramData\chocolatey\bin
160:  C:\Program Files\nodejs
160:  C:\Program Files (x86)\CMake\bin
160:  C:\Program Files\TortoiseGit\bin
160:  C:\Program Files\TortoiseSVN\bin
160:  C:\Program Files (x86)\nodejs
160:  C:\Program Files\Git\cmd
160:  c:\bin
160:  C:/tools/ninja
160:  C:\Users\fbergman\AppData\Roaming\npm
160: Test timeout computed to be: 3000
160/184 Test #160: test_cs_inlineInitialAssignments .......   Passed    0.09 sec
test 161
        Start 161: test_cs_replaceOneFD

161: Test command: C:\Development\libsbml-64-packages\examples\csharp\replaceOneFD.exe "C:/Development/libsbml-with-packages/examples/sample-models/from-spec/level-3/functiondef.xml" "f" "reaction_1" "replaceOneFD.out.xml"
161: Environment variables: 
161:  PATH=C:/Development/libsbml-64-packages/src/bindings/csharp/Release
161:  C:/Development/libsbml-64-packages/src/bindings/csharp/Release
161:  c:\Program Files (x86)\Microsoft F#\v4.0
161:  c:\Program Files (x86)\Microsoft Visual Studio 10.0\VSTSDB\Deploy
161:  c:\Program Files (x86)\Microsoft Visual Studio 10.0\Common7\IDE
161:  c:\Program Files (x86)\Microsoft Visual Studio 10.0\VC\BIN
161:  c:\Program Files (x86)\Microsoft Visual Studio 10.0\Common7\Tools
161:  c:\Windows\Microsoft.NET\Framework\v4.0.30319
161:  c:\Windows\Microsoft.NET\Framework\v3.5
161:  c:\Program Files (x86)\Microsoft Visual Studio 10.0\VC\VCPackages
161:  C:\Program Files (x86)\HTML Help Workshop
161:  C:\Program Files (x86)\HTML Help Workshop
161:  c:\Program Files (x86)\Microsoft Visual Studio 10.0\Team Tools\Performance Tools
161:  C:\Program Files (x86)\Microsoft SDKs\Windows\v7.0A\bin\NETFX 4.0 Tools
161:  C:\Program Files (x86)\Microsoft SDKs\Windows\v7.0A\bin
161:  c:\Program Files (x86)\CMake 2.8\bin
161:  C:\Program Files (x86)\CMake\bin
161:  C:\Perl_516\site\bin
161:  C:\Perl_516\bin
161:  C:\Perl64_516\site\bin
161:  C:\Perl64_516\bin
161:  C:\Perl64\site\bin
161:  C:\Perl64\bin
161:  C:\Perl32\site\bin
161:  C:\Perl32\bin
161:  C:\Windows\system32
161:  C:\Windows
161:  C:\Windows\System32\Wbem
161:  C:\Windows\System32\WindowsPowerShell\v1.0
161:  C:\Program Files\MATLAB\R2014a\runtime\win64
161:  C:\Program Files\MATLAB\R2014a\bin
161:  C:\Program Files\MATLAB\R2011b\runtime\win64
161:  C:\Program Files\MATLAB\R2011b\bin
161:  C:\Program Files (x86)\MATLAB\R2011b\runtime\win32
161:  C:\Program Files (x86)\MATLAB\R2011b\bin
161:  c:\Program Files (x86)\Microsoft SQL Server\100\Tools\Binn
161:  c:\Program Files\Microsoft SQL Server\100\Tools\Binn
161:  c:\Program Files\Microsoft SQL Server\100\DTS\Binn
161:  C:\Program Files (x86)\CMake 2.8\bin
161:  c:\Program Files (x86)\Microsoft ASP.NET\ASP.NET Web Pages\v1.0
161:  C:\Program Files\Microsoft\Web Platform Installer
161:  C:\Program Files\TortoiseHg
161:  C:\Program Files (x86)\Microsoft SQL Server\110\Tools\Binn
161:  C:\Program Files\Microsoft SQL Server\110\Tools\Binn
161:  C:\Program Files\Microsoft SQL Server\110\DTS\Binn
161:  C:\Program Files (x86)\Microsoft SQL Server\110\Tools\Binn\ManagementStudio
161:  C:\Program Files (x86)\Microsoft SQL Server\110\DTS\Binn
161:  C:\ProgramData\chocolatey\bin
161:  C:\Program Files\nodejs
161:  C:\Program Files (x86)\CMake\bin
161:  C:\Program Files\TortoiseGit\bin
161:  C:\Program Files\TortoiseSVN\bin
161:  C:\Program Files (x86)\nodejs
161:  C:\Program Files\Git\cmd
161:  c:\bin
161:  C:/tools/ninja
161:  C:\Users\fbergman\AppData\Roaming\npm
161: Test timeout computed to be: 3000
161/184 Test #161: test_cs_replaceOneFD ...................   Passed    0.14 sec
test 162
        Start 162: test_java_addCVTerms

162: Test command: "C:\Program Files\Java\jdk1.7.0_05\bin\java.exe" "-cp" ".;C:\Development\libsbml-64-packages\examples\java\..\..\src\bindings\java\libsbmlj.jar;" "-Djava.library.path=C:/Development/libsbml-64-packages/src/bindings/java/Release" "addCVTerms" "C:/Development/libsbml-with-packages/examples/sample-models/from-spec/level-3/enzymekinetics.xml" "addCVTerms.out.xml"
162: Test timeout computed to be: 3000
162/184 Test #162: test_java_addCVTerms ...................   Passed    0.47 sec
test 163
        Start 163: test_java_addingEvidenceCodes_1

163: Test command: "C:\Program Files\Java\jdk1.7.0_05\bin\java.exe" "-cp" ".;C:\Development\libsbml-64-packages\examples\java\..\..\src\bindings\java\libsbmlj.jar;" "-Djava.library.path=C:/Development/libsbml-64-packages/src/bindings/java/Release" "addingEvidenceCodes_1" "C:/Development/libsbml-with-packages/examples/sample-models/from-spec/level-3/enzymekinetics.xml" "addingEvidenceCodes_1.out.xml"
163: Test timeout computed to be: 3000
163/184 Test #163: test_java_addingEvidenceCodes_1 ........   Passed    0.24 sec
test 164
        Start 164: test_java_addingEvidenceCodes_2

164: Test command: "C:\Program Files\Java\jdk1.7.0_05\bin\java.exe" "-cp" ".;C:\Development\libsbml-64-packages\examples\java\..\..\src\bindings\java\libsbmlj.jar;" "-Djava.library.path=C:/Development/libsbml-64-packages/src/bindings/java/Release" "addingEvidenceCodes_2" "C:/Development/libsbml-with-packages/examples/sample-models/from-spec/level-3/enzymekinetics.xml" "addingEvidenceCodes_2.out.xml"
164: Test timeout computed to be: 3000
164/184 Test #164: test_java_addingEvidenceCodes_2 ........   Passed    0.41 sec
test 165
        Start 165: test_java_addModelHistory

165: Test command: "C:\Program Files\Java\jdk1.7.0_05\bin\java.exe" "-cp" ".;C:\Development\libsbml-64-packages\examples\java\..\..\src\bindings\java\libsbmlj.jar;" "-Djava.library.path=C:/Development/libsbml-64-packages/src/bindings/java/Release" "addModelHistory" "C:/Development/libsbml-with-packages/examples/sample-models/from-spec/level-3/enzymekinetics.xml" "addModelHistory.out.xml"
165: Test timeout computed to be: 3000
165/184 Test #165: test_java_addModelHistory ..............   Passed    0.33 sec
test 166
        Start 166: test_java_appendAnnotation

166: Test command: "C:\Program Files\Java\jdk1.7.0_05\bin\java.exe" "-cp" ".;C:\Development\libsbml-64-packages\examples\java\..\..\src\bindings\java\libsbmlj.jar;" "-Djava.library.path=C:/Development/libsbml-64-packages/src/bindings/java/Release" "appendAnnotation" "C:/Development/libsbml-with-packages/examples/sample-models/from-spec/level-3/enzymekinetics.xml" "appendAnnotation.out.xml"
166: Test timeout computed to be: 3000
166/184 Test #166: test_java_appendAnnotation .............   Passed    0.24 sec
test 167
        Start 167: test_java_createExampleSBML

167: Test command: "C:\Program Files\Java\jdk1.7.0_05\bin\java.exe" "-cp" ".;C:\Development\libsbml-64-packages\examples\java\..\..\src\bindings\java\libsbmlj.jar;" "-Djava.library.path=C:/Development/libsbml-64-packages/src/bindings/java/Release" "createExampleSBML" "C:/Development/libsbml-with-packages/examples/sample-models/from-spec/level-3/enzymekinetics.xml" "createExampleSBML.out.xml"
167: Test timeout computed to be: 3000
167: Wrote file "enzymaticreaction.xml"
167: Wrote file "units.xml"
167: 
167: 
167: Notice: encountered 1 validation warning in model 'functionExample'.
167: 
167: line 1: (99505 [Warning]) In situations where a mathematical expression contains literal numbers or parameters whose units have not been declared, it is not possible to verify accurately the consistency of the units in the expression. 
167:  The units of the <kineticLaw> <math> expression 'f(S1) * compartmentOne / t' cannot be fully checked. Unit consistency reported as either no errors or further unit errors related to this object may not be accurate.
167: 
167: 
167: Wrote file "functiondef.xml"
167/184 Test #167: test_java_createExampleSBML ............   Passed    0.35 sec
test 168
        Start 168: test_java_echoSBML

168: Test command: "C:\Program Files\Java\jdk1.7.0_05\bin\java.exe" "-cp" ".;C:\Development\libsbml-64-packages\examples\java\..\..\src\bindings\java\libsbmlj.jar;" "-Djava.library.path=C:/Development/libsbml-64-packages/src/bindings/java/Release" "echoSBML" "C:/Development/libsbml-with-packages/examples/sample-models/from-spec/level-3/enzymekinetics.xml" "echoSBML.out.xml"
168: Test timeout computed to be: 3000
168/184 Test #168: test_java_echoSBML .....................   Passed    0.24 sec
test 169
        Start 169: test_java_evaluateCustomMath

169: Test command: "C:\Program Files\Java\jdk1.7.0_05\bin\java.exe" "-cp" ".;C:\Development\libsbml-64-packages\examples\java\..\..\src\bindings\java\libsbmlj.jar;" "-Djava.library.path=C:/Development/libsbml-64-packages/src/bindings/java/Release" "evaluateCustomMath" "2*3+4" "C:/Development/libsbml-with-packages/examples/sample-models/from-spec/level-3/enzymekinetics.xml"
169: Test timeout computed to be: 3000
169: 2*3+4 = 10.0
169/184 Test #169: test_java_evaluateCustomMath ...........   Passed    0.24 sec
test 170
        Start 170: test_java_getAllElementsWithNotes

170: Test command: "C:\Program Files\Java\jdk1.7.0_05\bin\java.exe" "-cp" ".;C:\Development\libsbml-64-packages\examples\java\..\..\src\bindings\java\libsbmlj.jar;" "-Djava.library.path=C:/Development/libsbml-64-packages/src/bindings/java/Release" "getAllElementsWithNotes" "C:/Development/libsbml-with-packages/examples/sample-models/from-spec/level-3/enzymekinetics.xml"
170: Test timeout computed to be: 3000
170: Using libSBML : 5.17.1
170: 
170:             filename: C:/Development/libsbml-with-packages/examples/sample-models/from-spec/level-3/enzymekinetics.xml
170:       read time (ms): 0
170:     searching ......:
170:   seaching took (ms): 0
170:  elements with notes: 0
170/184 Test #170: test_java_getAllElementsWithNotes ......   Passed    0.27 sec
test 171
        Start 171: test_java_inlineInitialAssignments

171: Test command: "C:\Program Files\Java\jdk1.7.0_05\bin\java.exe" "-cp" ".;C:\Development\libsbml-64-packages\examples\java\..\..\src\bindings\java\libsbmlj.jar;" "-Djava.library.path=C:/Development/libsbml-64-packages/src/bindings/java/Release" "inlineInitialAssignments" "C:/Development/libsbml-with-packages/examples/sample-models/from-spec/level-3/enzymekinetics.xml" "inlineInitialAssignments.out.xml"
171: Test timeout computed to be: 3000
171/184 Test #171: test_java_inlineInitialAssignments .....   Passed    0.23 sec
test 172
        Start 172: test_java_printAnnotation

172: Test command: "C:\Program Files\Java\jdk1.7.0_05\bin\java.exe" "-cp" ".;C:\Development\libsbml-64-packages\examples\java\..\..\src\bindings\java\libsbmlj.jar;" "-Djava.library.path=C:/Development/libsbml-64-packages/src/bindings/java/Release" "printAnnotation" "C:/Development/libsbml-with-packages/examples/sample-models/from-spec/level-3/enzymekinetics.xml"
172: Test timeout computed to be: 3000
172: 
172: filename: C:/Development/libsbml-with-packages/examples/sample-models/from-spec/level-3/enzymekinetics.xml
172: 
172/184 Test #172: test_java_printAnnotation ..............   Passed    0.22 sec
test 173
        Start 173: test_java_printMath

173: Test command: "C:\Program Files\Java\jdk1.7.0_05\bin\java.exe" "-cp" ".;C:\Development\libsbml-64-packages\examples\java\..\..\src\bindings\java\libsbmlj.jar;" "-Djava.library.path=C:/Development/libsbml-64-packages/src/bindings/java/Release" "printMath" "C:/Development/libsbml-with-packages/examples/sample-models/from-spec/level-3/enzymekinetics.xml"
173: Test timeout computed to be: 3000
173: File: C:/Development/libsbml-with-packages/examples/sample-models/from-spec/level-3/enzymekinetics.xml (Level 3, version 1)
173: Reaction 1, formula: comp * (kon * E * S - koff * ES)
173: 
173: Reaction 2, formula: comp * kcat * ES
173: 
173/184 Test #173: test_java_printMath ....................   Passed    0.22 sec
test 174
        Start 174: test_java_printNotes

174: Test command: "C:\Program Files\Java\jdk1.7.0_05\bin\java.exe" "-cp" ".;C:\Development\libsbml-64-packages\examples\java\..\..\src\bindings\java\libsbmlj.jar;" "-Djava.library.path=C:/Development/libsbml-64-packages/src/bindings/java/Release" "printNotes" "C:/Development/libsbml-with-packages/examples/sample-models/from-spec/level-3/enzymekinetics.xml"
174: Test timeout computed to be: 3000
174: 
174: filename: C:/Development/libsbml-with-packages/examples/sample-models/from-spec/level-3/enzymekinetics.xml
174: 
174/184 Test #174: test_java_printNotes ...................   Passed    0.23 sec
test 175
        Start 175: test_java_printRegisteredPackages

175: Test command: "C:\Program Files\Java\jdk1.7.0_05\bin\java.exe" "-cp" ".;C:\Development\libsbml-64-packages\examples\java\..\..\src\bindings\java\libsbmlj.jar;" "-Djava.library.path=C:/Development/libsbml-64-packages/src/bindings/java/Release" "printRegisteredPackages"
175: Test timeout computed to be: 3000
175: This version of LibSBML: 5.17.1 includes: 
175: 	arrays
175: 	comp
175: 	distrib
175: 	dyn
175: 	fbc
175: 	groups
175: 	layout
175: 	render
175: 	multi
175: 	qual
175: 	req
175: 	spatial
175: 
175/184 Test #175: test_java_printRegisteredPackages ......   Passed    0.23 sec
test 176
        Start 176: test_java_printSBML

176: Test command: "C:\Program Files\Java\jdk1.7.0_05\bin\java.exe" "-cp" ".;C:\Development\libsbml-64-packages\examples\java\..\..\src\bindings\java\libsbmlj.jar;" "-Djava.library.path=C:/Development/libsbml-64-packages/src/bindings/java/Release" "printSBML" "C:/Development/libsbml-with-packages/examples/sample-models/from-spec/level-3/enzymekinetics.xml"
176: Test timeout computed to be: 3000
176: File: C:/Development/libsbml-with-packages/examples/sample-models/from-spec/level-3/enzymekinetics.xml (Level 3, version 1)
176: 
176:   model id: (empty)
176: functionDefinitions: 0
176:     unitDefinitions: 2
176:        compartments: 1
176:             species: 4
176:          parameters: 0
176:           reactions: 2
176:               rules: 0
176:              events: 0
176/184 Test #176: test_java_printSBML ....................   Passed    0.23 sec
test 177
        Start 177: test_java_printsupported

177: Test command: "C:\Program Files\Java\jdk1.7.0_05\bin\java.exe" "-cp" ".;C:\Development\libsbml-64-packages\examples\java\..\..\src\bindings\java\libsbmlj.jar;" "-Djava.library.path=C:/Development/libsbml-64-packages/src/bindings/java/Release" "printsupported"
177: Test timeout computed to be: 3000
177: Supported by LibSBML 5.17.1
177: 
177: 	SBML Level: 1 Version: 1
177: 	SBML Level: 1 Version: 2
177: 	SBML Level: 2 Version: 1
177: 	SBML Level: 2 Version: 2
177: 	SBML Level: 2 Version: 3
177: 	SBML Level: 2 Version: 4
177: 	SBML Level: 2 Version: 5
177: 	SBML Level: 3 Version: 1
177: 	SBML Level: 3 Version: 2
177: 
177/184 Test #177: test_java_printsupported ...............   Passed    0.22 sec
test 178
        Start 178: test_java_printUnits

178: Test command: "C:\Program Files\Java\jdk1.7.0_05\bin\java.exe" "-cp" ".;C:\Development\libsbml-64-packages\examples\java\..\..\src\bindings\java\libsbmlj.jar;" "-Djava.library.path=C:/Development/libsbml-64-packages/src/bindings/java/Release" "printUnits" "C:/Development/libsbml-with-packages/examples/sample-models/from-spec/level-3/enzymekinetics.xml"
178: Test timeout computed to be: 3000
178: Compartment #1 --
178:   id in model: comp
178: litre(exponent = 1)
178: 
178: Species #1 --
178:   id in model: E
178: mole(exponent = 1), litre(exponent = -1)
178: 
178: Species #2 --
178:   id in model: S
178: mole(exponent = 1), litre(exponent = -1)
178: 
178: Species #3 --
178:   id in model: P
178: mole(exponent = 1), litre(exponent = -1)
178: 
178: Species #4 --
178:   id in model: ES
178: mole(exponent = 1), litre(exponent = -1)
178: 
178: Reaction #1 --
178:   id in model: veq
178: second(exponent = -1), mole(exponent = 1)
178: 
178:  undeclared parameters?: no
178: 
178: Reaction #2 --
178:   id in model: vcat
178: second(exponent = -1), mole(exponent = 1)
178: 
178:  undeclared parameters?: no
178: 
178/184 Test #178: test_java_printUnits ...................   Passed    0.22 sec
test 179
        Start 179: test_java_promoteParameters

179: Test command: "C:\Program Files\Java\jdk1.7.0_05\bin\java.exe" "-cp" ".;C:\Development\libsbml-64-packages\examples\java\..\..\src\bindings\java\libsbmlj.jar;" "-Djava.library.path=C:/Development/libsbml-64-packages/src/bindings/java/Release" "promoteParameters" "C:/Development/libsbml-with-packages/examples/sample-models/from-spec/level-3/enzymekinetics.xml" "promoteParameters.out.xml"
179: Test timeout computed to be: 3000
179/184 Test #179: test_java_promoteParameters ............   Passed    0.23 sec
test 180
        Start 180: test_java_readSBML

180: Test command: "C:\Program Files\Java\jdk1.7.0_05\bin\java.exe" "-cp" ".;C:\Development\libsbml-64-packages\examples\java\..\..\src\bindings\java\libsbmlj.jar;" "-Djava.library.path=C:/Development/libsbml-64-packages/src/bindings/java/Release" "readSBML" "C:/Development/libsbml-with-packages/examples/sample-models/from-spec/level-3/enzymekinetics.xml"
180: Test timeout computed to be: 3000
180:         filename: C:/Development/libsbml-with-packages/examples/sample-models/from-spec/level-3/enzymekinetics.xml
180:        file size: 3930
180:   read time (ms): 0
180:         error(s): 0
180/184 Test #180: test_java_readSBML .....................   Passed    0.23 sec
test 181
        Start 181: test_java_replaceOneFD

181: Test command: "C:\Program Files\Java\jdk1.7.0_05\bin\java.exe" "-cp" ".;C:\Development\libsbml-64-packages\examples\java\..\..\src\bindings\java\libsbmlj.jar;" "-Djava.library.path=C:/Development/libsbml-64-packages/src/bindings/java/Release" "replaceOneFD" "C:/Development/libsbml-with-packages/examples/sample-models/from-spec/level-3/functiondef.xml" "f" "reaction_1" "replaceOneFD.out.xml"
181: Test timeout computed to be: 3000
181/184 Test #181: test_java_replaceOneFD .................   Passed    0.24 sec
test 182
        Start 182: test_java_setIdFromNames

182: Test command: "C:\Program Files\Java\jdk1.7.0_05\bin\java.exe" "-cp" ".;C:\Development\libsbml-64-packages\examples\java\..\..\src\bindings\java\libsbmlj.jar;" "-Djava.library.path=C:/Development/libsbml-64-packages/src/bindings/java/Release" "setIdFromNames" "C:/Development/libsbml-with-packages/examples/sample-models/from-spec/level-3/enzymekinetics.xml" "setIdFromNames.out.xml"
182: Test timeout computed to be: 3000
182: Using libSBML : 5.17.1
182: 
182:             filename: C:/Development/libsbml-with-packages/examples/sample-models/from-spec/level-3/enzymekinetics.xml
182:       read time (ms): 0
182:     rename time (ms): 0
182:      write time (ms): 15
182: 
182/184 Test #182: test_java_setIdFromNames ...............   Passed    0.23 sec
test 183
        Start 183: test_java_stripPackage

183: Test command: "C:\Program Files\Java\jdk1.7.0_05\bin\java.exe" "-cp" ".;C:\Development\libsbml-64-packages\examples\java\..\..\src\bindings\java\libsbmlj.jar;" "-Djava.library.path=C:/Development/libsbml-64-packages/src/bindings/java/Release" "stripPackage" "C:/Development/libsbml-with-packages/examples/sample-models/fbc/fbc_example1.xml" "fbc" "stripPackage.out.xml"
183: Test timeout computed to be: 3000
183/184 Test #183: test_java_stripPackage .................   Passed    0.27 sec
test 184
        Start 184: test_java_unsetAnnotation

184: Test command: "C:\Program Files\Java\jdk1.7.0_05\bin\java.exe" "-cp" ".;C:\Development\libsbml-64-packages\examples\java\..\..\src\bindings\java\libsbmlj.jar;" "-Djava.library.path=C:/Development/libsbml-64-packages/src/bindings/java/Release" "unsetAnnotation" "C:/Development/libsbml-with-packages/examples/sample-models/from-spec/level-3/enzymekinetics.xml" "unsetAnnotation.out.xml"
184: Test timeout computed to be: 3000
184/184 Test #184: test_java_unsetAnnotation ..............   Passed    0.25 sec

99% tests passed, 2 tests failed out of 184

Total Test time (real) = 165.11 sec

The following tests FAILED:
	 38 - test_csharp_bindings (Failed)
	 39 - test_csharp_bindings_full (Failed)
Finished Tests: Mon 09/03/2018  3:21:34.88 
